
<!DOCTYPE html>
<html>
	<head>
		<!--
			ExtentReports Library 2.41.0 | http://relevantcodes.com/extentreports-for-selenium/ | https://github.com/anshooarora/
			Copyright (c) 2015, Anshoo Arora (Relevant Codes) | Copyrights licensed under the New BSD License | http://opensource.org/licenses/BSD-3-Clause
			Documentation: http://extentreports.relevantcodes.com 
		-->

		<extent id='3ef45603-de9b-4a40-be31-5359645274e3' />
		
		<meta http-equiv='content-type' content='text/html; charset=UTF-8' /> 
		<meta name='description' content='ExtentReports (by Anshoo Arora) is a reporting library for automation testing for .NET and Java. It creates detailed and beautiful HTML reports for modern browsers. ExtentReports shows test and step summary along with dashboards, system and environment details for quick analysis of your tests.' />
		<meta name='robots' content='noodp, noydir' />
		<meta name='viewport' content='width=device-width, initial-scale=1' />
		<meta name='extentx' id='extentx' content='' />
		
		<title>
				ExtentReports 2.0
		</title>
		
		<link href='./extentreports/css/css.css' type='text/css' rel='stylesheet' />
		
		<style>
				
            
                
            
        
		</style>
	</head>
	
	
	<body class='extent standard hide-overflow'>
		<!-- nav -->
		<nav>
			<div class='logo-container'>
				<a class='logo-content' href='http://extentreports.relevantcodes.com'>
					<span>ExtentReports</span>
				</a>
				<a href='#' data-activates='slide-out' class='button-collapse'><i class='fa fa-bars'></i></a>
			</div>
			<ul id='slide-out' class='side-nav fixed hide-on-med-and-down'>
				<li class='analysis waves-effect active'><a href='#!' class='test-view' onclick="_updateCurrentStage(0)"><i class='fa fa-tasks'></i>Test Details</a></li>
				<li class='analysis waves-effect'><a href='#!' class='categories-view' onclick="_updateCurrentStage(1)"><i class='fa fa-tags'></i>Categories</a></li>
				<li class='analysis waves-effect'><a href='#!' class='exceptions-view' onclick="_updateCurrentStage(2)"><i class='fa fa-bug'></i>Exceptions</a></li>
				<li class='analysis waves-effect'><a href='#!' class='dashboard-view'><i class='fa fa-dashboard'></i></i>Analysis</a></li>				
				<li class='analysis waves-effect'><a href='#!' class='testrunner-logs-view'><i class='fa fa-file-text-o'></i>TestRunner Logs</a></li>
			</ul>
			<span class='report-name'>Automation Report</span> <span class='report-headline'></span>
			<ul class='right hide-on-med-and-down nav-right'>
				<li class='theme-selector' alt='Click to toggle dark theme. To enable by default, use js configuration $("body").addClass("dark");' title='Click to toggle dark theme. To enable by default, use js configuration $("body").addClass("dark");'>
					<i class='fa fa-desktop'></i>
				</li>
				<li>
					<span class='suite-started-time'>2017-05-10 15:52:59</span>
				</li>
				<li>
					<span>v2.41.0</span>
				</li>
			</ul>
		</nav>
		<!-- /nav -->
		
		<!-- container -->
		<div class='container'>
			
			<!-- dashboard -->
			<div id='dashboard-view' class='row'>
				<div class='time-totals'>
					<div class='col l2 m4 s6'>
						<div class='card suite-total-tests'> 
							<span class='panel-name'>Total Tests</span> 
							<span class='total-tests'> <span class='panel-lead'></span> </span> 
						</div> 
					</div>
					<div class='col l2 m4 s6'>
						<div class='card suite-total-steps'> 
							<span class='panel-name'>Total Steps</span> 
							<span class='total-steps'> <span class='panel-lead'></span> </span> 
						</div> 
					</div>
					<div class='col l2 m4 s12'>
						<div class='card suite-total-time-current'> 
							<span class='panel-name'>Total Time Taken (Current Run)</span> 
							<span class='suite-total-time-current-value panel-lead'>0h 40m 45s+294ms</span> 
						</div> 
					</div>
					<div class='col l2 m4 s12'>
						<div class='card suite-total-time-overall'> 
							<span class='panel-name'>Total Time Taken (Overall)</span> 
							<span class='suite-total-time-overall-value panel-lead'>0h 40m 45s+294ms</span> 
						</div> 
					</div>
					<div class='col l2 m4 s6 suite-start-time'>
						<div class='card green-accent'> 
							<span class='panel-name'>Start</span> 
							<span class='panel-lead suite-started-time'>2017-05-10 15:12:14</span> 
						</div> 
					</div>
					<div class='col l2 m4 s6 suite-end-time'>
						<div class='card pink-accent'> 
							<span class='panel-name'>End</span> 
							<span class='panel-lead suite-ended-time'>2017-05-10 15:52:59</span> 
						</div> 
					</div>
				</div>
				<div class='charts'>
					<div class='col s12 m6 l4 fh'> 
						<div class='card-panel'> 
							<div>
								<span class='panel-name'>Tests View</span>
							</div> 
							<div class='panel-setting modal-trigger test-count-setting right'>
								<a href='#test-count-setting'><i class='fa fa-ellipsis-v'></i></a>
							</div> 
							<div class='chart-box'>
								<canvas class='text-centered' id='test-analysis'></canvas>
							</div> 
							<div>
								<span class='weight-light'><span class='t-pass-count weight-normal'></span> test(s) passed</span>
							</div> 
							<div>
								<span class='weight-light'><span class='t-fail-count weight-normal'></span> test(s) failed, <span class='t-others-count weight-normal'></span> others</span>
							</div> 
						</div> 
					</div> 
					<div class='col s12 m6 l4 fh'> 
						<div class='card-panel'> 
							<div>
								<span class='panel-name'>Steps View</span>
							</div> 
							<div class='panel-setting modal-trigger step-status-filter right'>
								<a href='#step-status-filter'><i class='fa fa-ellipsis-v'></i></a>
							</div> 
							<div class='chart-box'>
								<canvas class='text-centered' id='step-analysis'></canvas>
							</div> 
							<div>
								<span class='weight-light'><span class='s-pass-count weight-normal'></span> step(s) passed </span>
							</div> 
							<div>
								<span class='weight-light'><span class='s-fail-count weight-normal'></span> step(s) failed, <span class='s-others-count weight-normal'></span> others</span>
							</div> 
						</div> 
					</div>
					<div class='col s12 m12 l4 fh'> 
						<div class='card-panel'> 
							<span class='panel-name'>Pass Percentage</span> 
							<span class='pass-percentage panel-lead'></span> 
							<div class='progress light-blue lighten-3'> 
								<div class='determinate light-blue'></div> 
							</div> 
						</div> 
					</div>
				</div>
				<div class='system-view'>
					<div class='col l4 m12 s12'>
						<div class='card-panel'>
							<span class='label info outline right'>Environment</span>
							<table>
								<thead>
									<tr>
										<th>Param</th>
										<th>Value</th>
									</tr>
								</thead>
								<tbody>
										<tr>
											<td>User Name</td>
											<td>automation2</td>
										</tr>
										<tr>
											<td>OS</td>
											<td>Windows 7</td>
										</tr>
										<tr>
											<td>Java Version</td>
											<td>1.8.0_45</td>
										</tr>
										<tr>
											<td>Host Name</td>
											<td>Automation-2</td>
										</tr>
										<tr>
											<td>Selenium Version</td>
											<td>2.46</td>
										</tr>
										<tr>
											<td>Environment</td>
											<td>Automation Server</td>
										</tr>
										<tr>
											<td>Application</td>
											<td>http://fleetautomation1.azuga.com/azuga/login.html</td>
										</tr>
										<tr>
											<td>Browser</td>
											<td>chrome</td>
										</tr>
										<tr>
											<td>Build</td>
											<td>AQ3.1-ReleaseCandidate.10-05-2017-10.144</td>
										</tr>
								</tbody>
							</table>
						</div>
					</div>
				</div>
					<div class='category-summary-view'>
						<div class='col l4 m6 s12'>
							<div class='card-panel'>
								<span class='label info outline right'>Categories</span>
								<table>
									<thead>
										<tr>
											<th>Name</th>
										</tr>
									</thead>
									<tbody>
											<tr>
												<td>
													AQ3.1-ReleaseCandidate.10-05-2017-10.144
												</td>
											</tr>
											<tr>
												<td>
													Breadcrumb-Report
												</td>
											</tr>
											<tr>
												<td>
													Idling-Report
												</td>
											</tr>
									</tbody>
								</table>
							</div>
						</div>
					</div>
			</div>
			<!-- /dashboard -->
			
			<!-- tests -->
			<div id='test-view' class='row _addedTable'>
				<div class='col _addedCell1'>
					<div class='contents'>
						<div class='card-panel heading'>
							<h5>Tests</h5>
						</div>
						<div class='card-panel filters'>
							<div>
								<a data-activates='tests-toggle' data-constrainwidth='true' data-beloworigin='true' data-hover='true' href='#' class='dropdown-button button tests-toggle'><i class='fa fa-list icon'></i></a>
								<ul id='tests-toggle' class='dropdown-content'>
									<li class='pass'><a href='#!'>Pass</a></li>
									<li class='fail'><a href='#!'>Fail</a></li>
									<li class='skip'><a href='#!'>Skip</a></li>
									<li class='divider'></li>
									<li class='clear'><a href='#!'>Clear Filters</a></li>
								</ul>
							</div>
								<div>
									<a data-activates='category-toggle' data-constrainwidth='false' data-beloworigin='true' data-hover='true' href='#' class='category-toggle dropdown-button button'><i class='fa fa-tag icon'></i></a>
									<ul id='category-toggle' class='dropdown-content'>
											<li class='AQ3.1-ReleaseCandidate.10-05-2017-10.144'><a href='#!'>AQ3.1-ReleaseCandidate.10-05-2017-10.144</a></li>
											<li class='Breadcrumb-Report'><a href='#!'>Breadcrumb-Report</a></li>
											<li class='Idling-Report'><a href='#!'>Idling-Report</a></li>
										<li class='divider'></li>
										<li class='clear'><a href='#!'>Clear Filters</a></li>
									</ul>
								</div>
							<div>
								<a id='clear-filters' alt='Clear Filters' title='Clear Filters'><i class='fa fa-close icon'></i></a>
							</div>
							<div>&nbsp;&middot;&nbsp;</div>
							<div>
								<a id='enableDashboard' alt='Enable Dashboard' title='Enable Dashboard'><i class='fa fa-pie-chart icon'></i></a>
							</div>
							<div>
								<a id='refreshCharts' alt='Refresh Charts on Filters' title='Refresh Charts on Filters' class='enabled'><i class='fa fa-refresh icon'></i></i></a>
							</div>
							<div>&nbsp;&middot;</div>
							<div class='search' alt='Search Tests' title='Search Tests'>
								<div class='input-field left'>
									<input id='searchTests' type='text' class='validate' placeholder='Search Tests...'>
								</div>
								<i class='fa fa-search icon'></i>
							</div>
						</div>
						<div class='card-panel no-padding-h no-padding-v no-margin-v'>
							<div class='wrapper'>
								<ul id='test-collection' class='test-collection'>
										<li class='collection-item test displayed active pass ' extentid='8cc8b11c-49b1-405f-830f-6f12ac97c437'>
											<div class='test-head'>
												<span class='test-name'>breadcrumbReport_verifyDownloadOfXls </span>
												<span class='test-status label right capitalize outline pass'>pass</span>
												<span class='category-assigned hide  idling-report aq31-releasecandidate10-05-2017-10144'></span>
											</div>
											<div class='test-body'>
												<div class='test-info'>
													<span title='Test started time' alt='Test started time' class='test-started-time label green lighten-2 text-white'>2017-05-10 15:50:54</span>
													<span title='Test ended time' alt='Test ended time' class='test-ended-time label red lighten-2 text-white'>2017-05-10 15:52:56</span>
													<span title='Time taken to finish' alt='Time taken to finish' class='test-time-taken label blue-grey lighten-3 text-white'>0h 2m 1s+405ms</span>
												</div>
												<div class='test-desc'>Varify if the xls is downloaded by clicking on it</div>
												<div class='test-attributes'>
														<div class='categories'>
																<span class='category text-white'>Idling-Report</span>
																<span class='category text-white'>AQ3.1-ReleaseCandidate.10-05-2017-10.144</span>
														</div>
												</div>
												<div class='test-steps'>
													<table class='bordered table-results'>
														<thead>
															<tr>
																<th>Status</th>
																<th>Timestamp</th>
																<th>Details</th>
															</tr>
														</thead>
														<tbody>
																<tr>
																	<td class='status info' title='info' alt='info'><i class='fa fa-fa fa-info-circle'></i></td>
																	<td class='timestamp'>15:50:54</td>
																	<td class='step-details'>Varify if the xls is downloaded by clicking on it</td>
																</tr>
																<tr>
																	<td class='status info' title='info' alt='info'><i class='fa fa-fa fa-info-circle'></i></td>
																	<td class='timestamp'>15:52:02</td>
																	<td class='step-details'>Navigating to Live Page <a href='https://azuga-automation.s3.amazonaws.com/main_Wed_May10_2017-15_51_50-IST.jpg' data-featherlight='image'><img class='report-img' src='https://azuga-automation.s3.amazonaws.com/main_Wed_May10_2017-15_51_50-IST.jpg' /></a></td>
																</tr>
																<tr>
																	<td class='status info' title='info' alt='info'><i class='fa fa-fa fa-info-circle'></i></td>
																	<td class='timestamp'>15:52:11</td>
																	<td class='step-details'>Navigating to Reports Page: <a href='https://azuga-automation.s3.amazonaws.com/widget-close_Wed_May10_2017-15_52_08-IST.jpg' data-featherlight='image'><img class='report-img' src='https://azuga-automation.s3.amazonaws.com/widget-close_Wed_May10_2017-15_52_08-IST.jpg' /></a></td>
																</tr>
																<tr>
																	<td class='status info' title='info' alt='info'><i class='fa fa-fa fa-info-circle'></i></td>
																	<td class='timestamp'>15:52:11</td>
																	<td class='step-details'>Navigating BC Report Page</td>
																</tr>
																<tr>
																	<td class='status pass' title='pass' alt='pass'><i class='fa fa-fa fa-check-circle-o'></i></td>
																	<td class='timestamp'>15:52:56</td>
																	<td class='step-details'>The excel is downloaded<a href='https://azuga-automation.s3.amazonaws.com/main_Wed_May10_2017-15_52_31-IST.jpg' data-featherlight='image'><img class='report-img' src='https://azuga-automation.s3.amazonaws.com/main_Wed_May10_2017-15_52_31-IST.jpg' /></a></td>
																</tr>
																<tr>
																	<td class='status pass' title='pass' alt='pass'><i class='fa fa-fa fa-check-circle-o'></i></td>
																	<td class='timestamp'>15:52:56</td>
																	<td class='step-details'>Test passed</td>
																</tr>
																<tr>
																	<td class='status pass' title='pass' alt='pass'><i class='fa fa-fa fa-check-circle-o'></i></td>
																	<td class='timestamp'>15:52:56</td>
																	<td class='step-details'>Test passed</td>
																</tr>
														</tbody>
													</table>
													<ul class='collapsible node-list' data-collapsible='accordion'>
													</ul>
												</div>
											</div>
										</li>
										<li class='collection-item test displayed active pass ' extentid='6d8da69f-28af-4069-9caa-e3dfefc6ca66'>
											<div class='test-head'>
												<span class='test-name'>breadcrumbReport_Support_FeedBackWizard </span>
												<span class='test-status label right capitalize outline pass'>pass</span>
												<span class='category-assigned hide  breadcrumb-report aq31-releasecandidate10-05-2017-10144'></span>
											</div>
											<div class='test-body'>
												<div class='test-info'>
													<span title='Test started time' alt='Test started time' class='test-started-time label green lighten-2 text-white'>2017-05-10 15:50:29</span>
													<span title='Test ended time' alt='Test ended time' class='test-ended-time label red lighten-2 text-white'>2017-05-10 15:50:54</span>
													<span title='Time taken to finish' alt='Time taken to finish' class='test-time-taken label blue-grey lighten-3 text-white'>0h 0m 24s+997ms</span>
												</div>
												<div class='test-desc'>Genertating BC Report and checking feedback wizard </div>
												<div class='test-attributes'>
														<div class='categories'>
																<span class='category text-white'>Breadcrumb-Report</span>
																<span class='category text-white'>AQ3.1-ReleaseCandidate.10-05-2017-10.144</span>
														</div>
												</div>
												<div class='test-steps'>
													<table class='bordered table-results'>
														<thead>
															<tr>
																<th>Status</th>
																<th>Timestamp</th>
																<th>Details</th>
															</tr>
														</thead>
														<tbody>
																<tr>
																	<td class='status info' title='info' alt='info'><i class='fa fa-fa fa-info-circle'></i></td>
																	<td class='timestamp'>15:50:29</td>
																	<td class='step-details'>Genertating BC Report and checking feedback wizard</td>
																</tr>
																<tr>
																	<td class='status info' title='info' alt='info'><i class='fa fa-fa fa-info-circle'></i></td>
																	<td class='timestamp'>15:50:35</td>
																	<td class='step-details'>Navigating to Reports Page: <a href='https://azuga-automation.s3.amazonaws.com/Breadcrumb%20Report_Wed_May10_2017-15_50_32-IST.jpg' data-featherlight='image'><img class='report-img' src='https://azuga-automation.s3.amazonaws.com/Breadcrumb%20Report_Wed_May10_2017-15_50_32-IST.jpg' /></a></td>
																</tr>
																<tr>
																	<td class='status pass' title='pass' alt='pass'><i class='fa fa-fa fa-check-circle-o'></i></td>
																	<td class='timestamp'>15:50:54</td>
																	<td class='step-details'>FeedBack wizard is displayed as expected:<a href='https://azuga-automation.s3.amazonaws.com/main_Wed_May10_2017-15_50_45-IST.jpg' data-featherlight='image'><img class='report-img' src='https://azuga-automation.s3.amazonaws.com/main_Wed_May10_2017-15_50_45-IST.jpg' /></a></td>
																</tr>
																<tr>
																	<td class='status pass' title='pass' alt='pass'><i class='fa fa-fa fa-check-circle-o'></i></td>
																	<td class='timestamp'>15:50:54</td>
																	<td class='step-details'>Test passed</td>
																</tr>
																<tr>
																	<td class='status pass' title='pass' alt='pass'><i class='fa fa-fa fa-check-circle-o'></i></td>
																	<td class='timestamp'>15:50:54</td>
																	<td class='step-details'>Test passed</td>
																</tr>
														</tbody>
													</table>
													<ul class='collapsible node-list' data-collapsible='accordion'>
													</ul>
												</div>
											</div>
										</li>
										<li class='collection-item test displayed active fail ' extentid='c6429a56-2b35-46f8-8367-3f67f336a1f2'>
											<div class='test-head'>
												<span class='test-name'>breadcrumbReport_AddtionalGroup_Preference_Disable </span>
												<span class='test-status label right capitalize outline fail'>fail</span>
												<span class='category-assigned hide  breadcrumb-report aq31-releasecandidate10-05-2017-10144'></span>
											</div>
											<div class='test-body'>
												<div class='test-info'>
													<span title='Test started time' alt='Test started time' class='test-started-time label green lighten-2 text-white'>2017-05-10 15:49:38</span>
													<span title='Test ended time' alt='Test ended time' class='test-ended-time label red lighten-2 text-white'>2017-05-10 15:50:29</span>
													<span title='Time taken to finish' alt='Time taken to finish' class='test-time-taken label blue-grey lighten-3 text-white'>0h 0m 51s+436ms</span>
												</div>
												<div class='test-desc'>Genertating BC Report when Additional Group Preference Disable </div>
												<div class='test-attributes'>
														<div class='categories'>
																<span class='category text-white'>Breadcrumb-Report</span>
																<span class='category text-white'>AQ3.1-ReleaseCandidate.10-05-2017-10.144</span>
														</div>
												</div>
												<div class='test-steps'>
													<table class='bordered table-results'>
														<thead>
															<tr>
																<th>Status</th>
																<th>Timestamp</th>
																<th>Details</th>
															</tr>
														</thead>
														<tbody>
																<tr>
																	<td class='status info' title='info' alt='info'><i class='fa fa-fa fa-info-circle'></i></td>
																	<td class='timestamp'>15:49:38</td>
																	<td class='step-details'>Genertating BC Report when Additional Group Preference Disabled</td>
																</tr>
																<tr>
																	<td class='status info' title='info' alt='info'><i class='fa fa-fa fa-info-circle'></i></td>
																	<td class='timestamp'>15:49:41</td>
																	<td class='step-details'>Navigating to Live Page</td>
																</tr>
																<tr>
																	<td class='status info' title='info' alt='info'><i class='fa fa-fa fa-info-circle'></i></td>
																	<td class='timestamp'>15:50:20</td>
																	<td class='step-details'>Navigating to Reports Page: <a href='https://azuga-automation.s3.amazonaws.com/Breadcrumb%20Report_Wed_May10_2017-15_50_15-IST.jpg' data-featherlight='image'><img class='report-img' src='https://azuga-automation.s3.amazonaws.com/Breadcrumb%20Report_Wed_May10_2017-15_50_15-IST.jpg' /></a></td>
																</tr>
																<tr>
																	<td class='status fail' title='fail' alt='fail'><i class='fa fa-fa fa-times-circle-o'></i></td>
																	<td class='timestamp'>15:50:29</td>
																	<td class='step-details'><pre>null: lists don't have the same size expected [8] but found [9]</pre></td>
																</tr>
																<tr>
																	<td class='status fail' title='fail' alt='fail'><i class='fa fa-fa fa-times-circle-o'></i></td>
																	<td class='timestamp'>15:50:29</td>
																	<td class='step-details'><pre>java.lang.AssertionError: null: lists don't have the same size expected [8] but found [9]
	at org.testng.Assert.fail(Assert.java:94)
	at org.testng.Assert.failNotEquals(Assert.java:494)
	at org.testng.Assert.assertEquals(Assert.java:123)
	at org.testng.Assert.assertEquals(Assert.java:370)
	at org.testng.Assert.assertEquals(Assert.java:537)
	at org.testng.Assert.assertEquals(Assert.java:514)
	at com.azuga.sanitytests.reports.Breadcrumb.breadcrumbReport_AddtionalGroup_Preference_Disable(Breadcrumb.java:2332)
	at sun.reflect.NativeMethodAccessorImpl.invoke0(Native Method)
	at sun.reflect.NativeMethodAccessorImpl.invoke(NativeMethodAccessorImpl.java:62)
	at sun.reflect.DelegatingMethodAccessorImpl.invoke(DelegatingMethodAccessorImpl.java:43)
	at java.lang.reflect.Method.invoke(Method.java:497)
	at org.testng.internal.MethodInvocationHelper.invokeMethod(MethodInvocationHelper.java:85)
	at org.testng.internal.Invoker.invokeMethod(Invoker.java:696)
	at org.testng.internal.Invoker.invokeTestMethod(Invoker.java:882)
	at org.testng.internal.Invoker.invokeTestMethods(Invoker.java:1189)
	at org.testng.internal.TestMethodWorker.invokeTestMethods(TestMethodWorker.java:124)
	at org.testng.internal.TestMethodWorker.run(TestMethodWorker.java:108)
	at org.testng.TestRunner.privateRun(TestRunner.java:767)
	at org.testng.TestRunner.run(TestRunner.java:617)
	at org.testng.SuiteRunner.runTest(SuiteRunner.java:348)
	at org.testng.SuiteRunner.runSequentially(SuiteRunner.java:343)
	at org.testng.SuiteRunner.privateRun(SuiteRunner.java:305)
	at org.testng.SuiteRunner.run(SuiteRunner.java:254)
	at org.testng.SuiteRunnerWorker.runSuite(SuiteRunnerWorker.java:52)
	at org.testng.SuiteRunnerWorker.run(SuiteRunnerWorker.java:86)
	at org.testng.TestNG.runSuitesSequentially(TestNG.java:1224)
	at org.testng.TestNG.runSuitesLocally(TestNG.java:1149)
	at org.testng.TestNG.run(TestNG.java:1057)
	at org.apache.maven.surefire.testng.TestNGExecutor.run(TestNGExecutor.java:295)
	at org.apache.maven.surefire.testng.TestNGXmlTestSuite.execute(TestNGXmlTestSuite.java:84)
	at org.apache.maven.surefire.testng.TestNGProvider.invoke(TestNGProvider.java:90)
	at org.apache.maven.surefire.booter.ForkedBooter.invokeProviderInSameClassLoader(ForkedBooter.java:203)
	at org.apache.maven.surefire.booter.ForkedBooter.runSuitesInProcess(ForkedBooter.java:155)
	at org.apache.maven.surefire.booter.ForkedBooter.main(ForkedBooter.java:103)
</pre></td>
																</tr>
														</tbody>
													</table>
													<ul class='collapsible node-list' data-collapsible='accordion'>
													</ul>
												</div>
											</div>
										</li>
										<li class='collection-item test displayed active fail ' extentid='d7a538ec-3f1b-4788-85c1-5fd072365e84'>
											<div class='test-head'>
												<span class='test-name'>breadcrumbReport_AddtionalGroup_Preference_Enabled </span>
												<span class='test-status label right capitalize outline fail'>fail</span>
												<span class='category-assigned hide  breadcrumb-report aq31-releasecandidate10-05-2017-10144'></span>
											</div>
											<div class='test-body'>
												<div class='test-info'>
													<span title='Test started time' alt='Test started time' class='test-started-time label green lighten-2 text-white'>2017-05-10 15:48:36</span>
													<span title='Test ended time' alt='Test ended time' class='test-ended-time label red lighten-2 text-white'>2017-05-10 15:49:38</span>
													<span title='Time taken to finish' alt='Time taken to finish' class='test-time-taken label blue-grey lighten-3 text-white'>0h 1m 1s+658ms</span>
												</div>
												<div class='test-desc'>Genertating BC Report when Additional Group Preference Enabled </div>
												<div class='test-attributes'>
														<div class='categories'>
																<span class='category text-white'>Breadcrumb-Report</span>
																<span class='category text-white'>AQ3.1-ReleaseCandidate.10-05-2017-10.144</span>
														</div>
												</div>
												<div class='test-steps'>
													<table class='bordered table-results'>
														<thead>
															<tr>
																<th>Status</th>
																<th>Timestamp</th>
																<th>Details</th>
															</tr>
														</thead>
														<tbody>
																<tr>
																	<td class='status info' title='info' alt='info'><i class='fa fa-fa fa-info-circle'></i></td>
																	<td class='timestamp'>15:48:36</td>
																	<td class='step-details'>Genertating BC Report when Additional Group Preference Disabled</td>
																</tr>
																<tr>
																	<td class='status info' title='info' alt='info'><i class='fa fa-fa fa-info-circle'></i></td>
																	<td class='timestamp'>15:48:41</td>
																	<td class='step-details'>Navigating to Live Page</td>
																</tr>
																<tr>
																	<td class='status info' title='info' alt='info'><i class='fa fa-fa fa-info-circle'></i></td>
																	<td class='timestamp'>15:49:29</td>
																	<td class='step-details'>Navigating to Reports Page: <a href='https://azuga-automation.s3.amazonaws.com/Breadcrumb%20Report_Wed_May10_2017-15_49_16-IST.jpg' data-featherlight='image'><img class='report-img' src='https://azuga-automation.s3.amazonaws.com/Breadcrumb%20Report_Wed_May10_2017-15_49_16-IST.jpg' /></a></td>
																</tr>
																<tr>
																	<td class='status fail' title='fail' alt='fail'><i class='fa fa-fa fa-times-circle-o'></i></td>
																	<td class='timestamp'>15:49:38</td>
																	<td class='step-details'><pre>null: lists don't have the same size expected [8] but found [9]</pre></td>
																</tr>
																<tr>
																	<td class='status fail' title='fail' alt='fail'><i class='fa fa-fa fa-times-circle-o'></i></td>
																	<td class='timestamp'>15:49:38</td>
																	<td class='step-details'><pre>java.lang.AssertionError: null: lists don't have the same size expected [8] but found [9]
	at org.testng.Assert.fail(Assert.java:94)
	at org.testng.Assert.failNotEquals(Assert.java:494)
	at org.testng.Assert.assertEquals(Assert.java:123)
	at org.testng.Assert.assertEquals(Assert.java:370)
	at org.testng.Assert.assertEquals(Assert.java:537)
	at org.testng.Assert.assertEquals(Assert.java:514)
	at com.azuga.sanitytests.reports.Breadcrumb.breadcrumbReport_AddtionalGroup_Preference_Enabled(Breadcrumb.java:2251)
	at sun.reflect.NativeMethodAccessorImpl.invoke0(Native Method)
	at sun.reflect.NativeMethodAccessorImpl.invoke(NativeMethodAccessorImpl.java:62)
	at sun.reflect.DelegatingMethodAccessorImpl.invoke(DelegatingMethodAccessorImpl.java:43)
	at java.lang.reflect.Method.invoke(Method.java:497)
	at org.testng.internal.MethodInvocationHelper.invokeMethod(MethodInvocationHelper.java:85)
	at org.testng.internal.Invoker.invokeMethod(Invoker.java:696)
	at org.testng.internal.Invoker.invokeTestMethod(Invoker.java:882)
	at org.testng.internal.Invoker.invokeTestMethods(Invoker.java:1189)
	at org.testng.internal.TestMethodWorker.invokeTestMethods(TestMethodWorker.java:124)
	at org.testng.internal.TestMethodWorker.run(TestMethodWorker.java:108)
	at org.testng.TestRunner.privateRun(TestRunner.java:767)
	at org.testng.TestRunner.run(TestRunner.java:617)
	at org.testng.SuiteRunner.runTest(SuiteRunner.java:348)
	at org.testng.SuiteRunner.runSequentially(SuiteRunner.java:343)
	at org.testng.SuiteRunner.privateRun(SuiteRunner.java:305)
	at org.testng.SuiteRunner.run(SuiteRunner.java:254)
	at org.testng.SuiteRunnerWorker.runSuite(SuiteRunnerWorker.java:52)
	at org.testng.SuiteRunnerWorker.run(SuiteRunnerWorker.java:86)
	at org.testng.TestNG.runSuitesSequentially(TestNG.java:1224)
	at org.testng.TestNG.runSuitesLocally(TestNG.java:1149)
	at org.testng.TestNG.run(TestNG.java:1057)
	at org.apache.maven.surefire.testng.TestNGExecutor.run(TestNGExecutor.java:295)
	at org.apache.maven.surefire.testng.TestNGXmlTestSuite.execute(TestNGXmlTestSuite.java:84)
	at org.apache.maven.surefire.testng.TestNGProvider.invoke(TestNGProvider.java:90)
	at org.apache.maven.surefire.booter.ForkedBooter.invokeProviderInSameClassLoader(ForkedBooter.java:203)
	at org.apache.maven.surefire.booter.ForkedBooter.runSuitesInProcess(ForkedBooter.java:155)
	at org.apache.maven.surefire.booter.ForkedBooter.main(ForkedBooter.java:103)
</pre></td>
																</tr>
														</tbody>
													</table>
													<ul class='collapsible node-list' data-collapsible='accordion'>
													</ul>
												</div>
											</div>
										</li>
										<li class='collection-item test displayed active fail ' extentid='20a25bce-592d-412f-bdba-fde33735d22e'>
											<div class='test-head'>
												<span class='test-name'>breadcrumbReport_Date_Format_Preferences_24Hours </span>
												<span class='test-status label right capitalize outline fail'>fail</span>
												<span class='category-assigned hide  breadcrumb-report aq31-releasecandidate10-05-2017-10144'></span>
											</div>
											<div class='test-body'>
												<div class='test-info'>
													<span title='Test started time' alt='Test started time' class='test-started-time label green lighten-2 text-white'>2017-05-10 15:45:36</span>
													<span title='Test ended time' alt='Test ended time' class='test-ended-time label red lighten-2 text-white'>2017-05-10 15:48:36</span>
													<span title='Time taken to finish' alt='Time taken to finish' class='test-time-taken label blue-grey lighten-3 text-white'>0h 3m 0s+166ms</span>
												</div>
												<div class='test-desc'>Genertating BC Report by changing date Units prefrences </div>
												<div class='test-attributes'>
														<div class='categories'>
																<span class='category text-white'>Breadcrumb-Report</span>
																<span class='category text-white'>AQ3.1-ReleaseCandidate.10-05-2017-10.144</span>
														</div>
												</div>
												<div class='test-steps'>
													<table class='bordered table-results'>
														<thead>
															<tr>
																<th>Status</th>
																<th>Timestamp</th>
																<th>Details</th>
															</tr>
														</thead>
														<tbody>
																<tr>
																	<td class='status info' title='info' alt='info'><i class='fa fa-fa fa-info-circle'></i></td>
																	<td class='timestamp'>15:45:36</td>
																	<td class='step-details'>Genertating BC Report by changing date Units preferences</td>
																</tr>
																<tr>
																	<td class='status fail' title='fail' alt='fail'><i class='fa fa-fa fa-times-circle-o'></i></td>
																	<td class='timestamp'>15:48:36</td>
																	<td class='step-details'><pre>no such element: Unable to locate element: {"method":"xpath","selector":"//*[@id='records-short']/tbody/tr[1]/td[1]/a"}
  (Session info: chrome=57.0.2987.133)
  (Driver info: chromedriver=2.29.461591 (62ebf098771772160f391d75e589dc567915b233),platform=Windows NT 6.1.7601 SP1 x86_64) (WARNING: The server did not provide any stacktrace information)
Command duration or timeout: 60.01 seconds
For documentation on this error, please visit: http://seleniumhq.org/exceptions/no_such_element.html
Build info: version: '2.44.0', revision: '76d78cf323ce037c5f92db6c1bba601c2ac43ad8', time: '2014-10-23 13:11:40'
System info: host: 'Automation-2', ip: '192.168.11.169', os.name: 'Windows 7', os.arch: 'amd64', os.version: '6.1', java.version: '1.8.0_45'
Driver info: org.openqa.selenium.chrome.ChromeDriver
Capabilities [{applicationCacheEnabled=false, rotatable=false, mobileEmulationEnabled=false, networkConnectionEnabled=false, chrome={chromedriverVersion=2.29.461591 (62ebf098771772160f391d75e589dc567915b233), userDataDir=C:\Users\Azuga\AppData\Local\Temp\scoped_dir2088_10383}, takesHeapSnapshot=true, pageLoadStrategy=normal, databaseEnabled=false, handlesAlerts=true, hasTouchScreen=false, version=57.0.2987.133, platform=XP, browserConnectionEnabled=false, nativeEvents=true, acceptSslCerts=true, locationContextEnabled=true, webStorageEnabled=true, browserName=chrome, takesScreenshot=true, javascriptEnabled=true, cssSelectorsEnabled=true, unexpectedAlertBehaviour=}]
Session ID: e9c42e6dd4d436ef5cb7daf19116e049
*** Element info: {Using=xpath, value=//*[@id='records-short']/tbody/tr[1]/td[1]/a}</pre></td>
																</tr>
																<tr>
																	<td class='status fail' title='fail' alt='fail'><i class='fa fa-fa fa-times-circle-o'></i></td>
																	<td class='timestamp'>15:48:36</td>
																	<td class='step-details'><pre>org.openqa.selenium.NoSuchElementException: no such element: Unable to locate element: {"method":"xpath","selector":"//*[@id='records-short']/tbody/tr[1]/td[1]/a"}
  (Session info: chrome=57.0.2987.133)
  (Driver info: chromedriver=2.29.461591 (62ebf098771772160f391d75e589dc567915b233),platform=Windows NT 6.1.7601 SP1 x86_64) (WARNING: The server did not provide any stacktrace information)
Command duration or timeout: 60.01 seconds
For documentation on this error, please visit: http://seleniumhq.org/exceptions/no_such_element.html
Build info: version: '2.44.0', revision: '76d78cf323ce037c5f92db6c1bba601c2ac43ad8', time: '2014-10-23 13:11:40'
System info: host: 'Automation-2', ip: '192.168.11.169', os.name: 'Windows 7', os.arch: 'amd64', os.version: '6.1', java.version: '1.8.0_45'
Driver info: org.openqa.selenium.chrome.ChromeDriver
Capabilities [{applicationCacheEnabled=false, rotatable=false, mobileEmulationEnabled=false, networkConnectionEnabled=false, chrome={chromedriverVersion=2.29.461591 (62ebf098771772160f391d75e589dc567915b233), userDataDir=C:\Users\Azuga\AppData\Local\Temp\scoped_dir2088_10383}, takesHeapSnapshot=true, pageLoadStrategy=normal, databaseEnabled=false, handlesAlerts=true, hasTouchScreen=false, version=57.0.2987.133, platform=XP, browserConnectionEnabled=false, nativeEvents=true, acceptSslCerts=true, locationContextEnabled=true, webStorageEnabled=true, browserName=chrome, takesScreenshot=true, javascriptEnabled=true, cssSelectorsEnabled=true, unexpectedAlertBehaviour=}]
Session ID: e9c42e6dd4d436ef5cb7daf19116e049
*** Element info: {Using=xpath, value=//*[@id='records-short']/tbody/tr[1]/td[1]/a}
	at sun.reflect.NativeConstructorAccessorImpl.newInstance0(Native Method)
	at sun.reflect.NativeConstructorAccessorImpl.newInstance(NativeConstructorAccessorImpl.java:62)
	at sun.reflect.DelegatingConstructorAccessorImpl.newInstance(DelegatingConstructorAccessorImpl.java:45)
	at java.lang.reflect.Constructor.newInstance(Constructor.java:422)
	at org.openqa.selenium.remote.ErrorHandler.createThrowable(ErrorHandler.java:204)
	at org.openqa.selenium.remote.ErrorHandler.throwIfResponseFailed(ErrorHandler.java:156)
	at org.openqa.selenium.remote.RemoteWebDriver.execute(RemoteWebDriver.java:599)
	at org.openqa.selenium.remote.RemoteWebDriver.findElement(RemoteWebDriver.java:352)
	at org.openqa.selenium.remote.RemoteWebDriver.findElementByXPath(RemoteWebDriver.java:449)
	at org.openqa.selenium.By$ByXPath.findElement(By.java:357)
	at org.openqa.selenium.remote.RemoteWebDriver.findElement(RemoteWebDriver.java:344)
	at org.openqa.selenium.support.pagefactory.DefaultElementLocator.findElement(DefaultElementLocator.java:59)
	at org.openqa.selenium.support.pagefactory.internal.LocatingElementHandler.invoke(LocatingElementHandler.java:37)
	at com.sun.proxy.$Proxy7.getText(Unknown Source)
	at com.azuga.source.live.LiveSource.getFirstVehicle(LiveSource.java:682)
	at com.azuga.sanitytests.reports.Breadcrumb.breadcrumbReport_Date_Format_Preferences_24Hours(Breadcrumb.java:2150)
	at sun.reflect.NativeMethodAccessorImpl.invoke0(Native Method)
	at sun.reflect.NativeMethodAccessorImpl.invoke(NativeMethodAccessorImpl.java:62)
	at sun.reflect.DelegatingMethodAccessorImpl.invoke(DelegatingMethodAccessorImpl.java:43)
	at java.lang.reflect.Method.invoke(Method.java:497)
	at org.testng.internal.MethodInvocationHelper.invokeMethod(MethodInvocationHelper.java:85)
	at org.testng.internal.Invoker.invokeMethod(Invoker.java:696)
	at org.testng.internal.Invoker.invokeTestMethod(Invoker.java:882)
	at org.testng.internal.Invoker.invokeTestMethods(Invoker.java:1189)
	at org.testng.internal.TestMethodWorker.invokeTestMethods(TestMethodWorker.java:124)
	at org.testng.internal.TestMethodWorker.run(TestMethodWorker.java:108)
	at org.testng.TestRunner.privateRun(TestRunner.java:767)
	at org.testng.TestRunner.run(TestRunner.java:617)
	at org.testng.SuiteRunner.runTest(SuiteRunner.java:348)
	at org.testng.SuiteRunner.runSequentially(SuiteRunner.java:343)
	at org.testng.SuiteRunner.privateRun(SuiteRunner.java:305)
	at org.testng.SuiteRunner.run(SuiteRunner.java:254)
	at org.testng.SuiteRunnerWorker.runSuite(SuiteRunnerWorker.java:52)
	at org.testng.SuiteRunnerWorker.run(SuiteRunnerWorker.java:86)
	at org.testng.TestNG.runSuitesSequentially(TestNG.java:1224)
	at org.testng.TestNG.runSuitesLocally(TestNG.java:1149)
	at org.testng.TestNG.run(TestNG.java:1057)
	at org.apache.maven.surefire.testng.TestNGExecutor.run(TestNGExecutor.java:295)
	at org.apache.maven.surefire.testng.TestNGXmlTestSuite.execute(TestNGXmlTestSuite.java:84)
	at org.apache.maven.surefire.testng.TestNGProvider.invoke(TestNGProvider.java:90)
	at org.apache.maven.surefire.booter.ForkedBooter.invokeProviderInSameClassLoader(ForkedBooter.java:203)
	at org.apache.maven.surefire.booter.ForkedBooter.runSuitesInProcess(ForkedBooter.java:155)
	at org.apache.maven.surefire.booter.ForkedBooter.main(ForkedBooter.java:103)
</pre></td>
																</tr>
														</tbody>
													</table>
													<ul class='collapsible node-list' data-collapsible='accordion'>
													</ul>
												</div>
											</div>
										</li>
										<li class='collection-item test displayed active fail ' extentid='28d4abfd-8b7b-4c32-8c15-b7afc96229b8'>
											<div class='test-head'>
												<span class='test-name'>breadcrumbReport_Date_Format_Preferences_12Hours </span>
												<span class='test-status label right capitalize outline fail'>fail</span>
												<span class='category-assigned hide  breadcrumb-report aq31-releasecandidate10-05-2017-10144'></span>
											</div>
											<div class='test-body'>
												<div class='test-info'>
													<span title='Test started time' alt='Test started time' class='test-started-time label green lighten-2 text-white'>2017-05-10 15:42:36</span>
													<span title='Test ended time' alt='Test ended time' class='test-ended-time label red lighten-2 text-white'>2017-05-10 15:45:36</span>
													<span title='Time taken to finish' alt='Time taken to finish' class='test-time-taken label blue-grey lighten-3 text-white'>0h 3m 0s+124ms</span>
												</div>
												<div class='test-desc'>Genertating BC Report by changing date Units prefrences </div>
												<div class='test-attributes'>
														<div class='categories'>
																<span class='category text-white'>Breadcrumb-Report</span>
																<span class='category text-white'>AQ3.1-ReleaseCandidate.10-05-2017-10.144</span>
														</div>
												</div>
												<div class='test-steps'>
													<table class='bordered table-results'>
														<thead>
															<tr>
																<th>Status</th>
																<th>Timestamp</th>
																<th>Details</th>
															</tr>
														</thead>
														<tbody>
																<tr>
																	<td class='status info' title='info' alt='info'><i class='fa fa-fa fa-info-circle'></i></td>
																	<td class='timestamp'>15:42:36</td>
																	<td class='step-details'>Genertating BC Report by changing date Units preferences</td>
																</tr>
																<tr>
																	<td class='status fail' title='fail' alt='fail'><i class='fa fa-fa fa-times-circle-o'></i></td>
																	<td class='timestamp'>15:45:36</td>
																	<td class='step-details'><pre>no such element: Unable to locate element: {"method":"xpath","selector":"//*[@id='records-short']/tbody/tr[1]/td[1]/a"}
  (Session info: chrome=57.0.2987.133)
  (Driver info: chromedriver=2.29.461591 (62ebf098771772160f391d75e589dc567915b233),platform=Windows NT 6.1.7601 SP1 x86_64) (WARNING: The server did not provide any stacktrace information)
Command duration or timeout: 60.02 seconds
For documentation on this error, please visit: http://seleniumhq.org/exceptions/no_such_element.html
Build info: version: '2.44.0', revision: '76d78cf323ce037c5f92db6c1bba601c2ac43ad8', time: '2014-10-23 13:11:40'
System info: host: 'Automation-2', ip: '192.168.11.169', os.name: 'Windows 7', os.arch: 'amd64', os.version: '6.1', java.version: '1.8.0_45'
Driver info: org.openqa.selenium.chrome.ChromeDriver
Capabilities [{applicationCacheEnabled=false, rotatable=false, mobileEmulationEnabled=false, networkConnectionEnabled=false, chrome={chromedriverVersion=2.29.461591 (62ebf098771772160f391d75e589dc567915b233), userDataDir=C:\Users\Azuga\AppData\Local\Temp\scoped_dir2088_10383}, takesHeapSnapshot=true, pageLoadStrategy=normal, databaseEnabled=false, handlesAlerts=true, hasTouchScreen=false, version=57.0.2987.133, platform=XP, browserConnectionEnabled=false, nativeEvents=true, acceptSslCerts=true, locationContextEnabled=true, webStorageEnabled=true, browserName=chrome, takesScreenshot=true, javascriptEnabled=true, cssSelectorsEnabled=true, unexpectedAlertBehaviour=}]
Session ID: e9c42e6dd4d436ef5cb7daf19116e049
*** Element info: {Using=xpath, value=//*[@id='records-short']/tbody/tr[1]/td[1]/a}</pre></td>
																</tr>
																<tr>
																	<td class='status fail' title='fail' alt='fail'><i class='fa fa-fa fa-times-circle-o'></i></td>
																	<td class='timestamp'>15:45:36</td>
																	<td class='step-details'><pre>org.openqa.selenium.NoSuchElementException: no such element: Unable to locate element: {"method":"xpath","selector":"//*[@id='records-short']/tbody/tr[1]/td[1]/a"}
  (Session info: chrome=57.0.2987.133)
  (Driver info: chromedriver=2.29.461591 (62ebf098771772160f391d75e589dc567915b233),platform=Windows NT 6.1.7601 SP1 x86_64) (WARNING: The server did not provide any stacktrace information)
Command duration or timeout: 60.02 seconds
For documentation on this error, please visit: http://seleniumhq.org/exceptions/no_such_element.html
Build info: version: '2.44.0', revision: '76d78cf323ce037c5f92db6c1bba601c2ac43ad8', time: '2014-10-23 13:11:40'
System info: host: 'Automation-2', ip: '192.168.11.169', os.name: 'Windows 7', os.arch: 'amd64', os.version: '6.1', java.version: '1.8.0_45'
Driver info: org.openqa.selenium.chrome.ChromeDriver
Capabilities [{applicationCacheEnabled=false, rotatable=false, mobileEmulationEnabled=false, networkConnectionEnabled=false, chrome={chromedriverVersion=2.29.461591 (62ebf098771772160f391d75e589dc567915b233), userDataDir=C:\Users\Azuga\AppData\Local\Temp\scoped_dir2088_10383}, takesHeapSnapshot=true, pageLoadStrategy=normal, databaseEnabled=false, handlesAlerts=true, hasTouchScreen=false, version=57.0.2987.133, platform=XP, browserConnectionEnabled=false, nativeEvents=true, acceptSslCerts=true, locationContextEnabled=true, webStorageEnabled=true, browserName=chrome, takesScreenshot=true, javascriptEnabled=true, cssSelectorsEnabled=true, unexpectedAlertBehaviour=}]
Session ID: e9c42e6dd4d436ef5cb7daf19116e049
*** Element info: {Using=xpath, value=//*[@id='records-short']/tbody/tr[1]/td[1]/a}
	at sun.reflect.NativeConstructorAccessorImpl.newInstance0(Native Method)
	at sun.reflect.NativeConstructorAccessorImpl.newInstance(NativeConstructorAccessorImpl.java:62)
	at sun.reflect.DelegatingConstructorAccessorImpl.newInstance(DelegatingConstructorAccessorImpl.java:45)
	at java.lang.reflect.Constructor.newInstance(Constructor.java:422)
	at org.openqa.selenium.remote.ErrorHandler.createThrowable(ErrorHandler.java:204)
	at org.openqa.selenium.remote.ErrorHandler.throwIfResponseFailed(ErrorHandler.java:156)
	at org.openqa.selenium.remote.RemoteWebDriver.execute(RemoteWebDriver.java:599)
	at org.openqa.selenium.remote.RemoteWebDriver.findElement(RemoteWebDriver.java:352)
	at org.openqa.selenium.remote.RemoteWebDriver.findElementByXPath(RemoteWebDriver.java:449)
	at org.openqa.selenium.By$ByXPath.findElement(By.java:357)
	at org.openqa.selenium.remote.RemoteWebDriver.findElement(RemoteWebDriver.java:344)
	at org.openqa.selenium.support.pagefactory.DefaultElementLocator.findElement(DefaultElementLocator.java:59)
	at org.openqa.selenium.support.pagefactory.internal.LocatingElementHandler.invoke(LocatingElementHandler.java:37)
	at com.sun.proxy.$Proxy7.getText(Unknown Source)
	at com.azuga.source.live.LiveSource.getFirstVehicle(LiveSource.java:682)
	at com.azuga.sanitytests.reports.Breadcrumb.breadcrumbReport_Date_Format_Preferences_12Hours(Breadcrumb.java:2079)
	at sun.reflect.NativeMethodAccessorImpl.invoke0(Native Method)
	at sun.reflect.NativeMethodAccessorImpl.invoke(NativeMethodAccessorImpl.java:62)
	at sun.reflect.DelegatingMethodAccessorImpl.invoke(DelegatingMethodAccessorImpl.java:43)
	at java.lang.reflect.Method.invoke(Method.java:497)
	at org.testng.internal.MethodInvocationHelper.invokeMethod(MethodInvocationHelper.java:85)
	at org.testng.internal.Invoker.invokeMethod(Invoker.java:696)
	at org.testng.internal.Invoker.invokeTestMethod(Invoker.java:882)
	at org.testng.internal.Invoker.invokeTestMethods(Invoker.java:1189)
	at org.testng.internal.TestMethodWorker.invokeTestMethods(TestMethodWorker.java:124)
	at org.testng.internal.TestMethodWorker.run(TestMethodWorker.java:108)
	at org.testng.TestRunner.privateRun(TestRunner.java:767)
	at org.testng.TestRunner.run(TestRunner.java:617)
	at org.testng.SuiteRunner.runTest(SuiteRunner.java:348)
	at org.testng.SuiteRunner.runSequentially(SuiteRunner.java:343)
	at org.testng.SuiteRunner.privateRun(SuiteRunner.java:305)
	at org.testng.SuiteRunner.run(SuiteRunner.java:254)
	at org.testng.SuiteRunnerWorker.runSuite(SuiteRunnerWorker.java:52)
	at org.testng.SuiteRunnerWorker.run(SuiteRunnerWorker.java:86)
	at org.testng.TestNG.runSuitesSequentially(TestNG.java:1224)
	at org.testng.TestNG.runSuitesLocally(TestNG.java:1149)
	at org.testng.TestNG.run(TestNG.java:1057)
	at org.apache.maven.surefire.testng.TestNGExecutor.run(TestNGExecutor.java:295)
	at org.apache.maven.surefire.testng.TestNGXmlTestSuite.execute(TestNGXmlTestSuite.java:84)
	at org.apache.maven.surefire.testng.TestNGProvider.invoke(TestNGProvider.java:90)
	at org.apache.maven.surefire.booter.ForkedBooter.invokeProviderInSameClassLoader(ForkedBooter.java:203)
	at org.apache.maven.surefire.booter.ForkedBooter.runSuitesInProcess(ForkedBooter.java:155)
	at org.apache.maven.surefire.booter.ForkedBooter.main(ForkedBooter.java:103)
</pre></td>
																</tr>
														</tbody>
													</table>
													<ul class='collapsible node-list' data-collapsible='accordion'>
													</ul>
												</div>
											</div>
										</li>
										<li class='collection-item test displayed active pass ' extentid='6d78325b-62e4-4293-88a0-720e71d1e68d'>
											<div class='test-head'>
												<span class='test-name'>breadcrumbReport_Speed_Units_Preferences </span>
												<span class='test-status label right capitalize outline pass'>pass</span>
												<span class='category-assigned hide  breadcrumb-report aq31-releasecandidate10-05-2017-10144'></span>
											</div>
											<div class='test-body'>
												<div class='test-info'>
													<span title='Test started time' alt='Test started time' class='test-started-time label green lighten-2 text-white'>2017-05-10 15:40:37</span>
													<span title='Test ended time' alt='Test ended time' class='test-ended-time label red lighten-2 text-white'>2017-05-10 15:42:36</span>
													<span title='Time taken to finish' alt='Time taken to finish' class='test-time-taken label blue-grey lighten-3 text-white'>0h 1m 58s+570ms</span>
												</div>
												<div class='test-desc'>Genertating BC Report by changing Speed Units prefrences </div>
												<div class='test-attributes'>
														<div class='categories'>
																<span class='category text-white'>Breadcrumb-Report</span>
																<span class='category text-white'>AQ3.1-ReleaseCandidate.10-05-2017-10.144</span>
														</div>
												</div>
												<div class='test-steps'>
													<table class='bordered table-results'>
														<thead>
															<tr>
																<th>Status</th>
																<th>Timestamp</th>
																<th>Details</th>
															</tr>
														</thead>
														<tbody>
																<tr>
																	<td class='status info' title='info' alt='info'><i class='fa fa-fa fa-info-circle'></i></td>
																	<td class='timestamp'>15:40:37</td>
																	<td class='step-details'>Genertating BC Report by changing Speed Units preferences</td>
																</tr>
																<tr>
																	<td class='status info' title='info' alt='info'><i class='fa fa-fa fa-info-circle'></i></td>
																	<td class='timestamp'>15:40:53</td>
																	<td class='step-details'>Navigating to Live Page <a href='https://azuga-automation.s3.amazonaws.com/main_Wed_May10_2017-15_40_41-IST.jpg' data-featherlight='image'><img class='report-img' src='https://azuga-automation.s3.amazonaws.com/main_Wed_May10_2017-15_40_41-IST.jpg' /></a></td>
																</tr>
																<tr>
																	<td class='status info' title='info' alt='info'><i class='fa fa-fa fa-info-circle'></i></td>
																	<td class='timestamp'>15:41:03</td>
																	<td class='step-details'>Navigating to Reports Page: <a href='https://azuga-automation.s3.amazonaws.com/Breadcrumb%20Report_Wed_May10_2017-15_41_00-IST.jpg' data-featherlight='image'><img class='report-img' src='https://azuga-automation.s3.amazonaws.com/Breadcrumb%20Report_Wed_May10_2017-15_41_00-IST.jpg' /></a></td>
																</tr>
																<tr>
																	<td class='status info' title='info' alt='info'><i class='fa fa-fa fa-info-circle'></i></td>
																	<td class='timestamp'>15:41:04</td>
																	<td class='step-details'>Navigating BC Report Page</td>
																</tr>
																<tr>
																	<td class='status info' title='info' alt='info'><i class='fa fa-fa fa-info-circle'></i></td>
																	<td class='timestamp'>15:41:17</td>
																	<td class='step-details'>Navigating to Admin Page: <a href='https://azuga-automation.s3.amazonaws.com/main_Wed_May10_2017-15_41_13-IST.jpg' data-featherlight='image'><img class='report-img' src='https://azuga-automation.s3.amazonaws.com/main_Wed_May10_2017-15_41_13-IST.jpg' /></a></td>
																</tr>
																<tr>
																	<td class='status info' title='info' alt='info'><i class='fa fa-fa fa-info-circle'></i></td>
																	<td class='timestamp'>15:41:21</td>
																	<td class='step-details'>Navigating to Config Page Device Tab: <a href='https://azuga-automation.s3.amazonaws.com/main_Wed_May10_2017-15_41_18-IST.jpg' data-featherlight='image'><img class='report-img' src='https://azuga-automation.s3.amazonaws.com/main_Wed_May10_2017-15_41_18-IST.jpg' /></a></td>
																</tr>
																<tr>
																	<td class='status info' title='info' alt='info'><i class='fa fa-fa fa-info-circle'></i></td>
																	<td class='timestamp'>15:41:26</td>
																	<td class='step-details'>Navigating to Config Page Web Tab: <a href='https://azuga-automation.s3.amazonaws.com/main_Wed_May10_2017-15_41_22-IST.jpg' data-featherlight='image'><img class='report-img' src='https://azuga-automation.s3.amazonaws.com/main_Wed_May10_2017-15_41_22-IST.jpg' /></a></td>
																</tr>
																<tr>
																	<td class='status info' title='info' alt='info'><i class='fa fa-fa fa-info-circle'></i></td>
																	<td class='timestamp'>15:42:22</td>
																	<td class='step-details'>Changing the speeding Unit <a href='https://azuga-automation.s3.amazonaws.com/main_Wed_May10_2017-15_41_55-IST.jpg' data-featherlight='image'><img class='report-img' src='https://azuga-automation.s3.amazonaws.com/main_Wed_May10_2017-15_41_55-IST.jpg' /></a></td>
																</tr>
																<tr>
																	<td class='status info' title='info' alt='info'><i class='fa fa-fa fa-info-circle'></i></td>
																	<td class='timestamp'>15:42:26</td>
																	<td class='step-details'>Navigating BC Report Page</td>
																</tr>
																<tr>
																	<td class='status pass' title='pass' alt='pass'><i class='fa fa-fa fa-check-circle-o'></i></td>
																	<td class='timestamp'>15:42:36</td>
																	<td class='step-details'>Speed units are changed in BC Report (Avg Speed) generated as expected:<a href='https://azuga-automation.s3.amazonaws.com/main_Wed_May10_2017-15_42_31-IST.jpg' data-featherlight='image'><img class='report-img' src='https://azuga-automation.s3.amazonaws.com/main_Wed_May10_2017-15_42_31-IST.jpg' /></a></td>
																</tr>
																<tr>
																	<td class='status pass' title='pass' alt='pass'><i class='fa fa-fa fa-check-circle-o'></i></td>
																	<td class='timestamp'>15:42:36</td>
																	<td class='step-details'>Test passed</td>
																</tr>
																<tr>
																	<td class='status pass' title='pass' alt='pass'><i class='fa fa-fa fa-check-circle-o'></i></td>
																	<td class='timestamp'>15:42:36</td>
																	<td class='step-details'>Test passed</td>
																</tr>
														</tbody>
													</table>
													<ul class='collapsible node-list' data-collapsible='accordion'>
													</ul>
												</div>
											</div>
										</li>
										<li class='collection-item test displayed active pass ' extentid='00a60e16-2660-4bcc-a6b9-06c856786fde'>
											<div class='test-head'>
												<span class='test-name'>breadcrumbReport_CustomColomns_SelectTag </span>
												<span class='test-status label right capitalize outline pass'>pass</span>
												<span class='category-assigned hide  breadcrumb-report aq31-releasecandidate10-05-2017-10144'></span>
											</div>
											<div class='test-body'>
												<div class='test-info'>
													<span title='Test started time' alt='Test started time' class='test-started-time label green lighten-2 text-white'>2017-05-10 15:39:26</span>
													<span title='Test ended time' alt='Test ended time' class='test-ended-time label red lighten-2 text-white'>2017-05-10 15:40:37</span>
													<span title='Time taken to finish' alt='Time taken to finish' class='test-time-taken label blue-grey lighten-3 text-white'>0h 1m 11s+68ms</span>
												</div>
												<div class='test-desc'>Colomn selection on  Tag</div>
												<div class='test-attributes'>
														<div class='categories'>
																<span class='category text-white'>Breadcrumb-Report</span>
																<span class='category text-white'>AQ3.1-ReleaseCandidate.10-05-2017-10.144</span>
														</div>
												</div>
												<div class='test-steps'>
													<table class='bordered table-results'>
														<thead>
															<tr>
																<th>Status</th>
																<th>Timestamp</th>
																<th>Details</th>
															</tr>
														</thead>
														<tbody>
																<tr>
																	<td class='status info' title='info' alt='info'><i class='fa fa-fa fa-info-circle'></i></td>
																	<td class='timestamp'>15:39:26</td>
																	<td class='step-details'>Colomn selection on Driver</td>
																</tr>
																<tr>
																	<td class='status info' title='info' alt='info'><i class='fa fa-fa fa-info-circle'></i></td>
																	<td class='timestamp'>15:39:54</td>
																	<td class='step-details'>Navigating to Live Page <a href='https://azuga-automation.s3.amazonaws.com/main_Wed_May10_2017-15_39_30-IST.jpg' data-featherlight='image'><img class='report-img' src='https://azuga-automation.s3.amazonaws.com/main_Wed_May10_2017-15_39_30-IST.jpg' /></a></td>
																</tr>
																<tr>
																	<td class='status info' title='info' alt='info'><i class='fa fa-fa fa-info-circle'></i></td>
																	<td class='timestamp'>15:40:05</td>
																	<td class='step-details'>Navigating to Reports Page: <a href='https://azuga-automation.s3.amazonaws.com/Breadcrumb%20Report_Wed_May10_2017-15_40_02-IST.jpg' data-featherlight='image'><img class='report-img' src='https://azuga-automation.s3.amazonaws.com/Breadcrumb%20Report_Wed_May10_2017-15_40_02-IST.jpg' /></a></td>
																</tr>
																<tr>
																	<td class='status info' title='info' alt='info'><i class='fa fa-fa fa-info-circle'></i></td>
																	<td class='timestamp'>15:40:05</td>
																	<td class='step-details'>Navigating BC Report Page</td>
																</tr>
																<tr>
																	<td class='status pass' title='pass' alt='pass'><i class='fa fa-fa fa-check-circle-o'></i></td>
																	<td class='timestamp'>15:40:23</td>
																	<td class='step-details'>Generated BC Report as expected:<a href='https://azuga-automation.s3.amazonaws.com/main_Wed_May10_2017-15_40_13-IST.jpg' data-featherlight='image'><img class='report-img' src='https://azuga-automation.s3.amazonaws.com/main_Wed_May10_2017-15_40_13-IST.jpg' /></a></td>
																</tr>
																<tr>
																	<td class='status pass' title='pass' alt='pass'><i class='fa fa-fa fa-check-circle-o'></i></td>
																	<td class='timestamp'>15:40:37</td>
																	<td class='step-details'>colomn selection on  Asset No is working as expected<a href='https://azuga-automation.s3.amazonaws.com/main_Wed_May10_2017-15_40_28-IST.jpg' data-featherlight='image'><img class='report-img' src='https://azuga-automation.s3.amazonaws.com/main_Wed_May10_2017-15_40_28-IST.jpg' /></a></td>
																</tr>
																<tr>
																	<td class='status pass' title='pass' alt='pass'><i class='fa fa-fa fa-check-circle-o'></i></td>
																	<td class='timestamp'>15:40:37</td>
																	<td class='step-details'>Test passed</td>
																</tr>
																<tr>
																	<td class='status pass' title='pass' alt='pass'><i class='fa fa-fa fa-check-circle-o'></i></td>
																	<td class='timestamp'>15:40:37</td>
																	<td class='step-details'>Test passed</td>
																</tr>
														</tbody>
													</table>
													<ul class='collapsible node-list' data-collapsible='accordion'>
													</ul>
												</div>
											</div>
										</li>
										<li class='collection-item test displayed active pass ' extentid='d031d012-7582-4951-8bc4-f28b86b2b1eb'>
											<div class='test-head'>
												<span class='test-name'>breadcrumbReport_CustomColomns_UnSelectTag </span>
												<span class='test-status label right capitalize outline pass'>pass</span>
												<span class='category-assigned hide  breadcrumb-report aq31-releasecandidate10-05-2017-10144'></span>
											</div>
											<div class='test-body'>
												<div class='test-info'>
													<span title='Test started time' alt='Test started time' class='test-started-time label green lighten-2 text-white'>2017-05-10 15:38:29</span>
													<span title='Test ended time' alt='Test ended time' class='test-ended-time label red lighten-2 text-white'>2017-05-10 15:39:26</span>
													<span title='Time taken to finish' alt='Time taken to finish' class='test-time-taken label blue-grey lighten-3 text-white'>0h 0m 57s+390ms</span>
												</div>
												<div class='test-desc'>Colomn selection on Tag</div>
												<div class='test-attributes'>
														<div class='categories'>
																<span class='category text-white'>Breadcrumb-Report</span>
																<span class='category text-white'>AQ3.1-ReleaseCandidate.10-05-2017-10.144</span>
														</div>
												</div>
												<div class='test-steps'>
													<table class='bordered table-results'>
														<thead>
															<tr>
																<th>Status</th>
																<th>Timestamp</th>
																<th>Details</th>
															</tr>
														</thead>
														<tbody>
																<tr>
																	<td class='status info' title='info' alt='info'><i class='fa fa-fa fa-info-circle'></i></td>
																	<td class='timestamp'>15:38:29</td>
																	<td class='step-details'>Colomn selection on  Tag</td>
																</tr>
																<tr>
																	<td class='status info' title='info' alt='info'><i class='fa fa-fa fa-info-circle'></i></td>
																	<td class='timestamp'>15:38:43</td>
																	<td class='step-details'>Navigating to Live Page <a href='https://azuga-automation.s3.amazonaws.com/main_Wed_May10_2017-15_38_33-IST.jpg' data-featherlight='image'><img class='report-img' src='https://azuga-automation.s3.amazonaws.com/main_Wed_May10_2017-15_38_33-IST.jpg' /></a></td>
																</tr>
																<tr>
																	<td class='status info' title='info' alt='info'><i class='fa fa-fa fa-info-circle'></i></td>
																	<td class='timestamp'>15:38:54</td>
																	<td class='step-details'>Navigating to Reports Page: <a href='https://azuga-automation.s3.amazonaws.com/Breadcrumb%20Report_Wed_May10_2017-15_38_51-IST.jpg' data-featherlight='image'><img class='report-img' src='https://azuga-automation.s3.amazonaws.com/Breadcrumb%20Report_Wed_May10_2017-15_38_51-IST.jpg' /></a></td>
																</tr>
																<tr>
																	<td class='status info' title='info' alt='info'><i class='fa fa-fa fa-info-circle'></i></td>
																	<td class='timestamp'>15:38:54</td>
																	<td class='step-details'>Navigating BC Report Page</td>
																</tr>
																<tr>
																	<td class='status pass' title='pass' alt='pass'><i class='fa fa-fa fa-check-circle-o'></i></td>
																	<td class='timestamp'>15:39:12</td>
																	<td class='step-details'>Generated BC Report as expected:<a href='https://azuga-automation.s3.amazonaws.com/main_Wed_May10_2017-15_39_02-IST.jpg' data-featherlight='image'><img class='report-img' src='https://azuga-automation.s3.amazonaws.com/main_Wed_May10_2017-15_39_02-IST.jpg' /></a></td>
																</tr>
																<tr>
																	<td class='status pass' title='pass' alt='pass'><i class='fa fa-fa fa-check-circle-o'></i></td>
																	<td class='timestamp'>15:39:26</td>
																	<td class='step-details'>colomn selection on Tag is working as expected<a href='https://azuga-automation.s3.amazonaws.com/main_Wed_May10_2017-15_39_16-IST.jpg' data-featherlight='image'><img class='report-img' src='https://azuga-automation.s3.amazonaws.com/main_Wed_May10_2017-15_39_16-IST.jpg' /></a></td>
																</tr>
																<tr>
																	<td class='status pass' title='pass' alt='pass'><i class='fa fa-fa fa-check-circle-o'></i></td>
																	<td class='timestamp'>15:39:26</td>
																	<td class='step-details'>Test passed</td>
																</tr>
																<tr>
																	<td class='status pass' title='pass' alt='pass'><i class='fa fa-fa fa-check-circle-o'></i></td>
																	<td class='timestamp'>15:39:26</td>
																	<td class='step-details'>Test passed</td>
																</tr>
														</tbody>
													</table>
													<ul class='collapsible node-list' data-collapsible='accordion'>
													</ul>
												</div>
											</div>
										</li>
										<li class='collection-item test displayed active pass ' extentid='cacbce7d-edb6-4a56-b70a-448037fe6415'>
											<div class='test-head'>
												<span class='test-name'>breadcrumbReport_CustomColomns_SelectAssetNo </span>
												<span class='test-status label right capitalize outline pass'>pass</span>
												<span class='category-assigned hide  breadcrumb-report aq31-releasecandidate10-05-2017-10144'></span>
											</div>
											<div class='test-body'>
												<div class='test-info'>
													<span title='Test started time' alt='Test started time' class='test-started-time label green lighten-2 text-white'>2017-05-10 15:37:26</span>
													<span title='Test ended time' alt='Test ended time' class='test-ended-time label red lighten-2 text-white'>2017-05-10 15:38:29</span>
													<span title='Time taken to finish' alt='Time taken to finish' class='test-time-taken label blue-grey lighten-3 text-white'>0h 1m 2s+488ms</span>
												</div>
												<div class='test-desc'>Colomn selection on  Asset No</div>
												<div class='test-attributes'>
														<div class='categories'>
																<span class='category text-white'>Breadcrumb-Report</span>
																<span class='category text-white'>AQ3.1-ReleaseCandidate.10-05-2017-10.144</span>
														</div>
												</div>
												<div class='test-steps'>
													<table class='bordered table-results'>
														<thead>
															<tr>
																<th>Status</th>
																<th>Timestamp</th>
																<th>Details</th>
															</tr>
														</thead>
														<tbody>
																<tr>
																	<td class='status info' title='info' alt='info'><i class='fa fa-fa fa-info-circle'></i></td>
																	<td class='timestamp'>15:37:26</td>
																	<td class='step-details'>Colomn selection on Driver</td>
																</tr>
																<tr>
																	<td class='status info' title='info' alt='info'><i class='fa fa-fa fa-info-circle'></i></td>
																	<td class='timestamp'>15:37:42</td>
																	<td class='step-details'>Navigating to Live Page <a href='https://azuga-automation.s3.amazonaws.com/main_Wed_May10_2017-15_37_31-IST.jpg' data-featherlight='image'><img class='report-img' src='https://azuga-automation.s3.amazonaws.com/main_Wed_May10_2017-15_37_31-IST.jpg' /></a></td>
																</tr>
																<tr>
																	<td class='status info' title='info' alt='info'><i class='fa fa-fa fa-info-circle'></i></td>
																	<td class='timestamp'>15:37:55</td>
																	<td class='step-details'>Navigating to Reports Page: <a href='https://azuga-automation.s3.amazonaws.com/Breadcrumb%20Report_Wed_May10_2017-15_37_49-IST.jpg' data-featherlight='image'><img class='report-img' src='https://azuga-automation.s3.amazonaws.com/Breadcrumb%20Report_Wed_May10_2017-15_37_49-IST.jpg' /></a></td>
																</tr>
																<tr>
																	<td class='status info' title='info' alt='info'><i class='fa fa-fa fa-info-circle'></i></td>
																	<td class='timestamp'>15:37:55</td>
																	<td class='step-details'>Navigating BC Report Page</td>
																</tr>
																<tr>
																	<td class='status pass' title='pass' alt='pass'><i class='fa fa-fa fa-check-circle-o'></i></td>
																	<td class='timestamp'>15:38:14</td>
																	<td class='step-details'>Generated BC Report as expected:<a href='https://azuga-automation.s3.amazonaws.com/main_Wed_May10_2017-15_38_03-IST.jpg' data-featherlight='image'><img class='report-img' src='https://azuga-automation.s3.amazonaws.com/main_Wed_May10_2017-15_38_03-IST.jpg' /></a></td>
																</tr>
																<tr>
																	<td class='status pass' title='pass' alt='pass'><i class='fa fa-fa fa-check-circle-o'></i></td>
																	<td class='timestamp'>15:38:29</td>
																	<td class='step-details'>colomn selection on  Asset No is working as expected<a href='https://azuga-automation.s3.amazonaws.com/main_Wed_May10_2017-15_38_19-IST.jpg' data-featherlight='image'><img class='report-img' src='https://azuga-automation.s3.amazonaws.com/main_Wed_May10_2017-15_38_19-IST.jpg' /></a></td>
																</tr>
																<tr>
																	<td class='status pass' title='pass' alt='pass'><i class='fa fa-fa fa-check-circle-o'></i></td>
																	<td class='timestamp'>15:38:29</td>
																	<td class='step-details'>Test passed</td>
																</tr>
																<tr>
																	<td class='status pass' title='pass' alt='pass'><i class='fa fa-fa fa-check-circle-o'></i></td>
																	<td class='timestamp'>15:38:29</td>
																	<td class='step-details'>Test passed</td>
																</tr>
														</tbody>
													</table>
													<ul class='collapsible node-list' data-collapsible='accordion'>
													</ul>
												</div>
											</div>
										</li>
										<li class='collection-item test displayed active pass ' extentid='f6754f7e-90e8-4796-b550-e1ec7d211e3d'>
											<div class='test-head'>
												<span class='test-name'>breadcrumbReport_CustomColomns_UnSelectAssetNo </span>
												<span class='test-status label right capitalize outline pass'>pass</span>
												<span class='category-assigned hide  breadcrumb-report aq31-releasecandidate10-05-2017-10144'></span>
											</div>
											<div class='test-body'>
												<div class='test-info'>
													<span title='Test started time' alt='Test started time' class='test-started-time label green lighten-2 text-white'>2017-05-10 15:36:12</span>
													<span title='Test ended time' alt='Test ended time' class='test-ended-time label red lighten-2 text-white'>2017-05-10 15:37:26</span>
													<span title='Time taken to finish' alt='Time taken to finish' class='test-time-taken label blue-grey lighten-3 text-white'>0h 1m 14s+639ms</span>
												</div>
												<div class='test-desc'>Colomn selection on Asset No</div>
												<div class='test-attributes'>
														<div class='categories'>
																<span class='category text-white'>Breadcrumb-Report</span>
																<span class='category text-white'>AQ3.1-ReleaseCandidate.10-05-2017-10.144</span>
														</div>
												</div>
												<div class='test-steps'>
													<table class='bordered table-results'>
														<thead>
															<tr>
																<th>Status</th>
																<th>Timestamp</th>
																<th>Details</th>
															</tr>
														</thead>
														<tbody>
																<tr>
																	<td class='status info' title='info' alt='info'><i class='fa fa-fa fa-info-circle'></i></td>
																	<td class='timestamp'>15:36:12</td>
																	<td class='step-details'>Colomn selection on  Asset No</td>
																</tr>
																<tr>
																	<td class='status info' title='info' alt='info'><i class='fa fa-fa fa-info-circle'></i></td>
																	<td class='timestamp'>15:36:28</td>
																	<td class='step-details'>Navigating to Live Page <a href='https://azuga-automation.s3.amazonaws.com/main_Wed_May10_2017-15_36_16-IST.jpg' data-featherlight='image'><img class='report-img' src='https://azuga-automation.s3.amazonaws.com/main_Wed_May10_2017-15_36_16-IST.jpg' /></a></td>
																</tr>
																<tr>
																	<td class='status info' title='info' alt='info'><i class='fa fa-fa fa-info-circle'></i></td>
																	<td class='timestamp'>15:36:38</td>
																	<td class='step-details'>Navigating to Reports Page: <a href='https://azuga-automation.s3.amazonaws.com/Breadcrumb%20Report_Wed_May10_2017-15_36_35-IST.jpg' data-featherlight='image'><img class='report-img' src='https://azuga-automation.s3.amazonaws.com/Breadcrumb%20Report_Wed_May10_2017-15_36_35-IST.jpg' /></a></td>
																</tr>
																<tr>
																	<td class='status info' title='info' alt='info'><i class='fa fa-fa fa-info-circle'></i></td>
																	<td class='timestamp'>15:36:38</td>
																	<td class='step-details'>Navigating BC Report Page</td>
																</tr>
																<tr>
																	<td class='status pass' title='pass' alt='pass'><i class='fa fa-fa fa-check-circle-o'></i></td>
																	<td class='timestamp'>15:37:11</td>
																	<td class='step-details'>Generated BC Report as expected:<a href='https://azuga-automation.s3.amazonaws.com/main_Wed_May10_2017-15_36_46-IST.jpg' data-featherlight='image'><img class='report-img' src='https://azuga-automation.s3.amazonaws.com/main_Wed_May10_2017-15_36_46-IST.jpg' /></a></td>
																</tr>
																<tr>
																	<td class='status pass' title='pass' alt='pass'><i class='fa fa-fa fa-check-circle-o'></i></td>
																	<td class='timestamp'>15:37:26</td>
																	<td class='step-details'>colomn selection on  Asset No is working as expected<a href='https://azuga-automation.s3.amazonaws.com/main_Wed_May10_2017-15_37_16-IST.jpg' data-featherlight='image'><img class='report-img' src='https://azuga-automation.s3.amazonaws.com/main_Wed_May10_2017-15_37_16-IST.jpg' /></a></td>
																</tr>
																<tr>
																	<td class='status pass' title='pass' alt='pass'><i class='fa fa-fa fa-check-circle-o'></i></td>
																	<td class='timestamp'>15:37:26</td>
																	<td class='step-details'>Test passed</td>
																</tr>
																<tr>
																	<td class='status pass' title='pass' alt='pass'><i class='fa fa-fa fa-check-circle-o'></i></td>
																	<td class='timestamp'>15:37:26</td>
																	<td class='step-details'>Test passed</td>
																</tr>
														</tbody>
													</table>
													<ul class='collapsible node-list' data-collapsible='accordion'>
													</ul>
												</div>
											</div>
										</li>
										<li class='collection-item test displayed active pass ' extentid='881294a5-949e-46a0-992b-29a576b9b0d5'>
											<div class='test-head'>
												<span class='test-name'>breadcrumbReport_CustomColomns_SelectSpeed </span>
												<span class='test-status label right capitalize outline pass'>pass</span>
												<span class='category-assigned hide  breadcrumb-report aq31-releasecandidate10-05-2017-10144'></span>
											</div>
											<div class='test-body'>
												<div class='test-info'>
													<span title='Test started time' alt='Test started time' class='test-started-time label green lighten-2 text-white'>2017-05-10 15:34:50</span>
													<span title='Test ended time' alt='Test ended time' class='test-ended-time label red lighten-2 text-white'>2017-05-10 15:36:12</span>
													<span title='Time taken to finish' alt='Time taken to finish' class='test-time-taken label blue-grey lighten-3 text-white'>0h 1m 21s+317ms</span>
												</div>
												<div class='test-desc'>Colomn selection on Speed</div>
												<div class='test-attributes'>
														<div class='categories'>
																<span class='category text-white'>Breadcrumb-Report</span>
																<span class='category text-white'>AQ3.1-ReleaseCandidate.10-05-2017-10.144</span>
														</div>
												</div>
												<div class='test-steps'>
													<table class='bordered table-results'>
														<thead>
															<tr>
																<th>Status</th>
																<th>Timestamp</th>
																<th>Details</th>
															</tr>
														</thead>
														<tbody>
																<tr>
																	<td class='status info' title='info' alt='info'><i class='fa fa-fa fa-info-circle'></i></td>
																	<td class='timestamp'>15:34:50</td>
																	<td class='step-details'>Colomn selection on Driver</td>
																</tr>
																<tr>
																	<td class='status info' title='info' alt='info'><i class='fa fa-fa fa-info-circle'></i></td>
																	<td class='timestamp'>15:35:07</td>
																	<td class='step-details'>Navigating to Live Page <a href='https://azuga-automation.s3.amazonaws.com/main_Wed_May10_2017-15_34_54-IST.jpg' data-featherlight='image'><img class='report-img' src='https://azuga-automation.s3.amazonaws.com/main_Wed_May10_2017-15_34_54-IST.jpg' /></a></td>
																</tr>
																<tr>
																	<td class='status info' title='info' alt='info'><i class='fa fa-fa fa-info-circle'></i></td>
																	<td class='timestamp'>15:35:22</td>
																	<td class='step-details'>Navigating to Reports Page: <a href='https://azuga-automation.s3.amazonaws.com/Breadcrumb%20Report_Wed_May10_2017-15_35_14-IST.jpg' data-featherlight='image'><img class='report-img' src='https://azuga-automation.s3.amazonaws.com/Breadcrumb%20Report_Wed_May10_2017-15_35_14-IST.jpg' /></a></td>
																</tr>
																<tr>
																	<td class='status info' title='info' alt='info'><i class='fa fa-fa fa-info-circle'></i></td>
																	<td class='timestamp'>15:35:22</td>
																	<td class='step-details'>Navigating BC Report Page</td>
																</tr>
																<tr>
																	<td class='status pass' title='pass' alt='pass'><i class='fa fa-fa fa-check-circle-o'></i></td>
																	<td class='timestamp'>15:35:41</td>
																	<td class='step-details'>Generated BC Report as expected:<a href='https://azuga-automation.s3.amazonaws.com/main_Wed_May10_2017-15_35_30-IST.jpg' data-featherlight='image'><img class='report-img' src='https://azuga-automation.s3.amazonaws.com/main_Wed_May10_2017-15_35_30-IST.jpg' /></a></td>
																</tr>
																<tr>
																	<td class='status pass' title='pass' alt='pass'><i class='fa fa-fa fa-check-circle-o'></i></td>
																	<td class='timestamp'>15:36:12</td>
																	<td class='step-details'>colomn selection on Speed is working as expected<a href='https://azuga-automation.s3.amazonaws.com/main_Wed_May10_2017-15_35_46-IST.jpg' data-featherlight='image'><img class='report-img' src='https://azuga-automation.s3.amazonaws.com/main_Wed_May10_2017-15_35_46-IST.jpg' /></a></td>
																</tr>
																<tr>
																	<td class='status pass' title='pass' alt='pass'><i class='fa fa-fa fa-check-circle-o'></i></td>
																	<td class='timestamp'>15:36:12</td>
																	<td class='step-details'>Test passed</td>
																</tr>
																<tr>
																	<td class='status pass' title='pass' alt='pass'><i class='fa fa-fa fa-check-circle-o'></i></td>
																	<td class='timestamp'>15:36:12</td>
																	<td class='step-details'>Test passed</td>
																</tr>
														</tbody>
													</table>
													<ul class='collapsible node-list' data-collapsible='accordion'>
													</ul>
												</div>
											</div>
										</li>
										<li class='collection-item test displayed active pass ' extentid='9083a967-71b3-4281-a05d-e77e9da97ac7'>
											<div class='test-head'>
												<span class='test-name'>breadcrumbReport_CustomColomns_UnSelectSpeed </span>
												<span class='test-status label right capitalize outline pass'>pass</span>
												<span class='category-assigned hide  breadcrumb-report aq31-releasecandidate10-05-2017-10144'></span>
											</div>
											<div class='test-body'>
												<div class='test-info'>
													<span title='Test started time' alt='Test started time' class='test-started-time label green lighten-2 text-white'>2017-05-10 15:33:48</span>
													<span title='Test ended time' alt='Test ended time' class='test-ended-time label red lighten-2 text-white'>2017-05-10 15:34:50</span>
													<span title='Time taken to finish' alt='Time taken to finish' class='test-time-taken label blue-grey lighten-3 text-white'>0h 1m 2s+863ms</span>
												</div>
												<div class='test-desc'>Colomn selection on Speed</div>
												<div class='test-attributes'>
														<div class='categories'>
																<span class='category text-white'>Breadcrumb-Report</span>
																<span class='category text-white'>AQ3.1-ReleaseCandidate.10-05-2017-10.144</span>
														</div>
												</div>
												<div class='test-steps'>
													<table class='bordered table-results'>
														<thead>
															<tr>
																<th>Status</th>
																<th>Timestamp</th>
																<th>Details</th>
															</tr>
														</thead>
														<tbody>
																<tr>
																	<td class='status info' title='info' alt='info'><i class='fa fa-fa fa-info-circle'></i></td>
																	<td class='timestamp'>15:33:48</td>
																	<td class='step-details'>Colomn selection on Speed</td>
																</tr>
																<tr>
																	<td class='status info' title='info' alt='info'><i class='fa fa-fa fa-info-circle'></i></td>
																	<td class='timestamp'>15:34:04</td>
																	<td class='step-details'>Navigating to Live Page <a href='https://azuga-automation.s3.amazonaws.com/main_Wed_May10_2017-15_33_52-IST.jpg' data-featherlight='image'><img class='report-img' src='https://azuga-automation.s3.amazonaws.com/main_Wed_May10_2017-15_33_52-IST.jpg' /></a></td>
																</tr>
																<tr>
																	<td class='status info' title='info' alt='info'><i class='fa fa-fa fa-info-circle'></i></td>
																	<td class='timestamp'>15:34:13</td>
																	<td class='step-details'>Navigating to Reports Page: <a href='https://azuga-automation.s3.amazonaws.com/Breadcrumb%20Report_Wed_May10_2017-15_34_10-IST.jpg' data-featherlight='image'><img class='report-img' src='https://azuga-automation.s3.amazonaws.com/Breadcrumb%20Report_Wed_May10_2017-15_34_10-IST.jpg' /></a></td>
																</tr>
																<tr>
																	<td class='status info' title='info' alt='info'><i class='fa fa-fa fa-info-circle'></i></td>
																	<td class='timestamp'>15:34:13</td>
																	<td class='step-details'>Navigating BC Report Page</td>
																</tr>
																<tr>
																	<td class='status pass' title='pass' alt='pass'><i class='fa fa-fa fa-check-circle-o'></i></td>
																	<td class='timestamp'>15:34:35</td>
																	<td class='step-details'>Generated BC Report as expected:<a href='https://azuga-automation.s3.amazonaws.com/main_Wed_May10_2017-15_34_23-IST.jpg' data-featherlight='image'><img class='report-img' src='https://azuga-automation.s3.amazonaws.com/main_Wed_May10_2017-15_34_23-IST.jpg' /></a></td>
																</tr>
																<tr>
																	<td class='status pass' title='pass' alt='pass'><i class='fa fa-fa fa-check-circle-o'></i></td>
																	<td class='timestamp'>15:34:50</td>
																	<td class='step-details'>colomn selection on Driver is working as expected<a href='https://azuga-automation.s3.amazonaws.com/main_Wed_May10_2017-15_34_39-IST.jpg' data-featherlight='image'><img class='report-img' src='https://azuga-automation.s3.amazonaws.com/main_Wed_May10_2017-15_34_39-IST.jpg' /></a></td>
																</tr>
																<tr>
																	<td class='status pass' title='pass' alt='pass'><i class='fa fa-fa fa-check-circle-o'></i></td>
																	<td class='timestamp'>15:34:50</td>
																	<td class='step-details'>Test passed</td>
																</tr>
																<tr>
																	<td class='status pass' title='pass' alt='pass'><i class='fa fa-fa fa-check-circle-o'></i></td>
																	<td class='timestamp'>15:34:50</td>
																	<td class='step-details'>Test passed</td>
																</tr>
														</tbody>
													</table>
													<ul class='collapsible node-list' data-collapsible='accordion'>
													</ul>
												</div>
											</div>
										</li>
										<li class='collection-item test displayed active pass ' extentid='ecfe998c-7248-426d-95af-6fc7b9245214'>
											<div class='test-head'>
												<span class='test-name'>breadcrumbReport_CustomColomns_SelectDriver </span>
												<span class='test-status label right capitalize outline pass'>pass</span>
												<span class='category-assigned hide  breadcrumb-report aq31-releasecandidate10-05-2017-10144'></span>
											</div>
											<div class='test-body'>
												<div class='test-info'>
													<span title='Test started time' alt='Test started time' class='test-started-time label green lighten-2 text-white'>2017-05-10 15:32:31</span>
													<span title='Test ended time' alt='Test ended time' class='test-ended-time label red lighten-2 text-white'>2017-05-10 15:33:48</span>
													<span title='Time taken to finish' alt='Time taken to finish' class='test-time-taken label blue-grey lighten-3 text-white'>0h 1m 16s+649ms</span>
												</div>
												<div class='test-desc'>Colomn selection on Driver</div>
												<div class='test-attributes'>
														<div class='categories'>
																<span class='category text-white'>Breadcrumb-Report</span>
																<span class='category text-white'>AQ3.1-ReleaseCandidate.10-05-2017-10.144</span>
														</div>
												</div>
												<div class='test-steps'>
													<table class='bordered table-results'>
														<thead>
															<tr>
																<th>Status</th>
																<th>Timestamp</th>
																<th>Details</th>
															</tr>
														</thead>
														<tbody>
																<tr>
																	<td class='status info' title='info' alt='info'><i class='fa fa-fa fa-info-circle'></i></td>
																	<td class='timestamp'>15:32:31</td>
																	<td class='step-details'>Colomn selection on Driver</td>
																</tr>
																<tr>
																	<td class='status info' title='info' alt='info'><i class='fa fa-fa fa-info-circle'></i></td>
																	<td class='timestamp'>15:32:45</td>
																	<td class='step-details'>Navigating to Live Page <a href='https://azuga-automation.s3.amazonaws.com/main_Wed_May10_2017-15_32_35-IST.jpg' data-featherlight='image'><img class='report-img' src='https://azuga-automation.s3.amazonaws.com/main_Wed_May10_2017-15_32_35-IST.jpg' /></a></td>
																</tr>
																<tr>
																	<td class='status info' title='info' alt='info'><i class='fa fa-fa fa-info-circle'></i></td>
																	<td class='timestamp'>15:32:57</td>
																	<td class='step-details'>Navigating to Reports Page: <a href='https://azuga-automation.s3.amazonaws.com/Breadcrumb%20Report_Wed_May10_2017-15_32_51-IST.jpg' data-featherlight='image'><img class='report-img' src='https://azuga-automation.s3.amazonaws.com/Breadcrumb%20Report_Wed_May10_2017-15_32_51-IST.jpg' /></a></td>
																</tr>
																<tr>
																	<td class='status info' title='info' alt='info'><i class='fa fa-fa fa-info-circle'></i></td>
																	<td class='timestamp'>15:32:57</td>
																	<td class='step-details'>Navigating BC Report Page</td>
																</tr>
																<tr>
																	<td class='status pass' title='pass' alt='pass'><i class='fa fa-fa fa-check-circle-o'></i></td>
																	<td class='timestamp'>15:33:31</td>
																	<td class='step-details'>Generated BC Report as expected:<a href='https://azuga-automation.s3.amazonaws.com/main_Wed_May10_2017-15_33_05-IST.jpg' data-featherlight='image'><img class='report-img' src='https://azuga-automation.s3.amazonaws.com/main_Wed_May10_2017-15_33_05-IST.jpg' /></a></td>
																</tr>
																<tr>
																	<td class='status pass' title='pass' alt='pass'><i class='fa fa-fa fa-check-circle-o'></i></td>
																	<td class='timestamp'>15:33:48</td>
																	<td class='step-details'>colomn selection on Driver is working as expected<a href='https://azuga-automation.s3.amazonaws.com/main_Wed_May10_2017-15_33_36-IST.jpg' data-featherlight='image'><img class='report-img' src='https://azuga-automation.s3.amazonaws.com/main_Wed_May10_2017-15_33_36-IST.jpg' /></a></td>
																</tr>
																<tr>
																	<td class='status pass' title='pass' alt='pass'><i class='fa fa-fa fa-check-circle-o'></i></td>
																	<td class='timestamp'>15:33:48</td>
																	<td class='step-details'>Test passed</td>
																</tr>
																<tr>
																	<td class='status pass' title='pass' alt='pass'><i class='fa fa-fa fa-check-circle-o'></i></td>
																	<td class='timestamp'>15:33:48</td>
																	<td class='step-details'>Test passed</td>
																</tr>
														</tbody>
													</table>
													<ul class='collapsible node-list' data-collapsible='accordion'>
													</ul>
												</div>
											</div>
										</li>
										<li class='collection-item test displayed active pass ' extentid='6a5efb99-7ec4-474c-b4c5-64b04096ae6b'>
											<div class='test-head'>
												<span class='test-name'>breadcrumbReport_CustomColomns_UnSelectDriver </span>
												<span class='test-status label right capitalize outline pass'>pass</span>
												<span class='category-assigned hide  breadcrumb-report aq31-releasecandidate10-05-2017-10144'></span>
											</div>
											<div class='test-body'>
												<div class='test-info'>
													<span title='Test started time' alt='Test started time' class='test-started-time label green lighten-2 text-white'>2017-05-10 15:30:10</span>
													<span title='Test ended time' alt='Test ended time' class='test-ended-time label red lighten-2 text-white'>2017-05-10 15:32:31</span>
													<span title='Time taken to finish' alt='Time taken to finish' class='test-time-taken label blue-grey lighten-3 text-white'>0h 2m 20s+697ms</span>
												</div>
												<div class='test-desc'>Colomn selection on Driver</div>
												<div class='test-attributes'>
														<div class='categories'>
																<span class='category text-white'>Breadcrumb-Report</span>
																<span class='category text-white'>AQ3.1-ReleaseCandidate.10-05-2017-10.144</span>
														</div>
												</div>
												<div class='test-steps'>
													<table class='bordered table-results'>
														<thead>
															<tr>
																<th>Status</th>
																<th>Timestamp</th>
																<th>Details</th>
															</tr>
														</thead>
														<tbody>
																<tr>
																	<td class='status info' title='info' alt='info'><i class='fa fa-fa fa-info-circle'></i></td>
																	<td class='timestamp'>15:30:10</td>
																	<td class='step-details'>Colomn selection on Driver</td>
																</tr>
																<tr>
																	<td class='status info' title='info' alt='info'><i class='fa fa-fa fa-info-circle'></i></td>
																	<td class='timestamp'>15:31:34</td>
																	<td class='step-details'>Navigating to Live Page <a href='https://azuga-automation.s3.amazonaws.com/main_Wed_May10_2017-15_31_05-IST.jpg' data-featherlight='image'><img class='report-img' src='https://azuga-automation.s3.amazonaws.com/main_Wed_May10_2017-15_31_05-IST.jpg' /></a></td>
																</tr>
																<tr>
																	<td class='status info' title='info' alt='info'><i class='fa fa-fa fa-info-circle'></i></td>
																	<td class='timestamp'>15:31:44</td>
																	<td class='step-details'>Navigating to Reports Page: <a href='https://azuga-automation.s3.amazonaws.com/Breadcrumb%20Report_Wed_May10_2017-15_31_41-IST.jpg' data-featherlight='image'><img class='report-img' src='https://azuga-automation.s3.amazonaws.com/Breadcrumb%20Report_Wed_May10_2017-15_31_41-IST.jpg' /></a></td>
																</tr>
																<tr>
																	<td class='status info' title='info' alt='info'><i class='fa fa-fa fa-info-circle'></i></td>
																	<td class='timestamp'>15:31:44</td>
																	<td class='step-details'>Navigating BC Report Page</td>
																</tr>
																<tr>
																	<td class='status pass' title='pass' alt='pass'><i class='fa fa-fa fa-check-circle-o'></i></td>
																	<td class='timestamp'>15:32:02</td>
																	<td class='step-details'>Generated BC Report as expected:<a href='https://azuga-automation.s3.amazonaws.com/main_Wed_May10_2017-15_31_52-IST.jpg' data-featherlight='image'><img class='report-img' src='https://azuga-automation.s3.amazonaws.com/main_Wed_May10_2017-15_31_52-IST.jpg' /></a></td>
																</tr>
																<tr>
																	<td class='status pass' title='pass' alt='pass'><i class='fa fa-fa fa-check-circle-o'></i></td>
																	<td class='timestamp'>15:32:31</td>
																	<td class='step-details'>colomn selection on Driver is working as expected<a href='https://azuga-automation.s3.amazonaws.com/main_Wed_May10_2017-15_32_06-IST.jpg' data-featherlight='image'><img class='report-img' src='https://azuga-automation.s3.amazonaws.com/main_Wed_May10_2017-15_32_06-IST.jpg' /></a></td>
																</tr>
																<tr>
																	<td class='status pass' title='pass' alt='pass'><i class='fa fa-fa fa-check-circle-o'></i></td>
																	<td class='timestamp'>15:32:31</td>
																	<td class='step-details'>Test passed</td>
																</tr>
																<tr>
																	<td class='status pass' title='pass' alt='pass'><i class='fa fa-fa fa-check-circle-o'></i></td>
																	<td class='timestamp'>15:32:31</td>
																	<td class='step-details'>Test passed</td>
																</tr>
														</tbody>
													</table>
													<ul class='collapsible node-list' data-collapsible='accordion'>
													</ul>
												</div>
											</div>
										</li>
										<li class='collection-item test displayed active fail ' extentid='3b09d13a-4464-46af-9061-50c8d14d356d'>
											<div class='test-head'>
												<span class='test-name'>breadcrumb_and_wwwReport </span>
												<span class='test-status label right capitalize outline fail'>fail</span>
												<span class='category-assigned hide  breadcrumb-report aq31-releasecandidate10-05-2017-10144'></span>
											</div>
											<div class='test-body'>
												<div class='test-info'>
													<span title='Test started time' alt='Test started time' class='test-started-time label green lighten-2 text-white'>2017-05-10 15:29:14</span>
													<span title='Test ended time' alt='Test ended time' class='test-ended-time label red lighten-2 text-white'>2017-05-10 15:30:10</span>
													<span title='Time taken to finish' alt='Time taken to finish' class='test-time-taken label blue-grey lighten-3 text-white'>0h 0m 56s+263ms</span>
												</div>
												<div class='test-desc'>Cross verifying All Events in Report Breadcrumb & WWW</div>
												<div class='test-attributes'>
														<div class='categories'>
																<span class='category text-white'>Breadcrumb-Report</span>
																<span class='category text-white'>AQ3.1-ReleaseCandidate.10-05-2017-10.144</span>
														</div>
												</div>
												<div class='test-steps'>
													<table class='bordered table-results'>
														<thead>
															<tr>
																<th>Status</th>
																<th>Timestamp</th>
																<th>Details</th>
															</tr>
														</thead>
														<tbody>
																<tr>
																	<td class='status info' title='info' alt='info'><i class='fa fa-fa fa-info-circle'></i></td>
																	<td class='timestamp'>15:29:14</td>
																	<td class='step-details'>Cross verifying Breadcrumb Report All Events in Live Page and Report Breadcrumb</td>
																</tr>
																<tr>
																	<td class='status info' title='info' alt='info'><i class='fa fa-fa fa-info-circle'></i></td>
																	<td class='timestamp'>15:29:29</td>
																	<td class='step-details'>Navigating to Live Page <a href='https://azuga-automation.s3.amazonaws.com/main_Wed_May10_2017-15_29_18-IST.jpg' data-featherlight='image'><img class='report-img' src='https://azuga-automation.s3.amazonaws.com/main_Wed_May10_2017-15_29_18-IST.jpg' /></a></td>
																</tr>
																<tr>
																	<td class='status info' title='info' alt='info'><i class='fa fa-fa fa-info-circle'></i></td>
																	<td class='timestamp'>15:29:32</td>
																	<td class='step-details'>Navigating Reports Page</td>
																</tr>
																<tr>
																	<td class='status info' title='info' alt='info'><i class='fa fa-fa fa-info-circle'></i></td>
																	<td class='timestamp'>15:29:33</td>
																	<td class='step-details'>Navigating Breadcrumb Report Tab</td>
																</tr>
																<tr>
																	<td class='status info' title='info' alt='info'><i class='fa fa-fa fa-info-circle'></i></td>
																	<td class='timestamp'>15:29:48</td>
																	<td class='step-details'>Navigating WWW Report Page</td>
																</tr>
																<tr>
																	<td class='status fail' title='fail' alt='fail'><i class='fa fa-fa fa-times-circle-o'></i></td>
																	<td class='timestamp'>15:30:10</td>
																	<td class='step-details'><pre>no such element: Unable to locate element: {"method":"xpath","selector":".//*[@id='waldoVehicleId_chosen']/a"}
  (Session info: chrome=57.0.2987.133)
  (Driver info: chromedriver=2.29.461591 (62ebf098771772160f391d75e589dc567915b233),platform=Windows NT 6.1.7601 SP1 x86_64) (WARNING: The server did not provide any stacktrace information)
Command duration or timeout: 20.04 seconds
For documentation on this error, please visit: http://seleniumhq.org/exceptions/no_such_element.html
Build info: version: '2.44.0', revision: '76d78cf323ce037c5f92db6c1bba601c2ac43ad8', time: '2014-10-23 13:11:40'
System info: host: 'Automation-2', ip: '192.168.11.169', os.name: 'Windows 7', os.arch: 'amd64', os.version: '6.1', java.version: '1.8.0_45'
Driver info: org.openqa.selenium.chrome.ChromeDriver
Capabilities [{applicationCacheEnabled=false, rotatable=false, mobileEmulationEnabled=false, networkConnectionEnabled=false, chrome={chromedriverVersion=2.29.461591 (62ebf098771772160f391d75e589dc567915b233), userDataDir=C:\Users\Azuga\AppData\Local\Temp\scoped_dir2088_10383}, takesHeapSnapshot=true, pageLoadStrategy=normal, databaseEnabled=false, handlesAlerts=true, hasTouchScreen=false, version=57.0.2987.133, platform=XP, browserConnectionEnabled=false, nativeEvents=true, acceptSslCerts=true, locationContextEnabled=true, webStorageEnabled=true, browserName=chrome, takesScreenshot=true, javascriptEnabled=true, cssSelectorsEnabled=true, unexpectedAlertBehaviour=}]
Session ID: e9c42e6dd4d436ef5cb7daf19116e049
*** Element info: {Using=xpath, value=.//*[@id='waldoVehicleId_chosen']/a}</pre></td>
																</tr>
																<tr>
																	<td class='status fail' title='fail' alt='fail'><i class='fa fa-fa fa-times-circle-o'></i></td>
																	<td class='timestamp'>15:30:10</td>
																	<td class='step-details'><pre>org.openqa.selenium.NoSuchElementException: no such element: Unable to locate element: {"method":"xpath","selector":".//*[@id='waldoVehicleId_chosen']/a"}
  (Session info: chrome=57.0.2987.133)
  (Driver info: chromedriver=2.29.461591 (62ebf098771772160f391d75e589dc567915b233),platform=Windows NT 6.1.7601 SP1 x86_64) (WARNING: The server did not provide any stacktrace information)
Command duration or timeout: 20.04 seconds
For documentation on this error, please visit: http://seleniumhq.org/exceptions/no_such_element.html
Build info: version: '2.44.0', revision: '76d78cf323ce037c5f92db6c1bba601c2ac43ad8', time: '2014-10-23 13:11:40'
System info: host: 'Automation-2', ip: '192.168.11.169', os.name: 'Windows 7', os.arch: 'amd64', os.version: '6.1', java.version: '1.8.0_45'
Driver info: org.openqa.selenium.chrome.ChromeDriver
Capabilities [{applicationCacheEnabled=false, rotatable=false, mobileEmulationEnabled=false, networkConnectionEnabled=false, chrome={chromedriverVersion=2.29.461591 (62ebf098771772160f391d75e589dc567915b233), userDataDir=C:\Users\Azuga\AppData\Local\Temp\scoped_dir2088_10383}, takesHeapSnapshot=true, pageLoadStrategy=normal, databaseEnabled=false, handlesAlerts=true, hasTouchScreen=false, version=57.0.2987.133, platform=XP, browserConnectionEnabled=false, nativeEvents=true, acceptSslCerts=true, locationContextEnabled=true, webStorageEnabled=true, browserName=chrome, takesScreenshot=true, javascriptEnabled=true, cssSelectorsEnabled=true, unexpectedAlertBehaviour=}]
Session ID: e9c42e6dd4d436ef5cb7daf19116e049
*** Element info: {Using=xpath, value=.//*[@id='waldoVehicleId_chosen']/a}
	at sun.reflect.NativeConstructorAccessorImpl.newInstance0(Native Method)
	at sun.reflect.NativeConstructorAccessorImpl.newInstance(NativeConstructorAccessorImpl.java:62)
	at sun.reflect.DelegatingConstructorAccessorImpl.newInstance(DelegatingConstructorAccessorImpl.java:45)
	at java.lang.reflect.Constructor.newInstance(Constructor.java:422)
	at org.openqa.selenium.remote.ErrorHandler.createThrowable(ErrorHandler.java:204)
	at org.openqa.selenium.remote.ErrorHandler.throwIfResponseFailed(ErrorHandler.java:156)
	at org.openqa.selenium.remote.RemoteWebDriver.execute(RemoteWebDriver.java:599)
	at org.openqa.selenium.remote.RemoteWebDriver.findElement(RemoteWebDriver.java:352)
	at org.openqa.selenium.remote.RemoteWebDriver.findElementByXPath(RemoteWebDriver.java:449)
	at org.openqa.selenium.By$ByXPath.findElement(By.java:357)
	at org.openqa.selenium.remote.RemoteWebDriver.findElement(RemoteWebDriver.java:344)
	at org.openqa.selenium.support.pagefactory.DefaultElementLocator.findElement(DefaultElementLocator.java:59)
	at org.openqa.selenium.support.pagefactory.internal.LocatingElementHandler.invoke(LocatingElementHandler.java:37)
	at com.sun.proxy.$Proxy7.click(Unknown Source)
	at com.azuga.source.reports.WWWSource.clickOnVehicle(WWWSource.java:135)
	at com.azuga.sanitytests.reports.Breadcrumb.breadcrumb_and_wwwReport(Breadcrumb.java:1042)
	at sun.reflect.NativeMethodAccessorImpl.invoke0(Native Method)
	at sun.reflect.NativeMethodAccessorImpl.invoke(NativeMethodAccessorImpl.java:62)
	at sun.reflect.DelegatingMethodAccessorImpl.invoke(DelegatingMethodAccessorImpl.java:43)
	at java.lang.reflect.Method.invoke(Method.java:497)
	at org.testng.internal.MethodInvocationHelper.invokeMethod(MethodInvocationHelper.java:85)
	at org.testng.internal.Invoker.invokeMethod(Invoker.java:696)
	at org.testng.internal.Invoker.invokeTestMethod(Invoker.java:882)
	at org.testng.internal.Invoker.invokeTestMethods(Invoker.java:1189)
	at org.testng.internal.TestMethodWorker.invokeTestMethods(TestMethodWorker.java:124)
	at org.testng.internal.TestMethodWorker.run(TestMethodWorker.java:108)
	at org.testng.TestRunner.privateRun(TestRunner.java:767)
	at org.testng.TestRunner.run(TestRunner.java:617)
	at org.testng.SuiteRunner.runTest(SuiteRunner.java:348)
	at org.testng.SuiteRunner.runSequentially(SuiteRunner.java:343)
	at org.testng.SuiteRunner.privateRun(SuiteRunner.java:305)
	at org.testng.SuiteRunner.run(SuiteRunner.java:254)
	at org.testng.SuiteRunnerWorker.runSuite(SuiteRunnerWorker.java:52)
	at org.testng.SuiteRunnerWorker.run(SuiteRunnerWorker.java:86)
	at org.testng.TestNG.runSuitesSequentially(TestNG.java:1224)
	at org.testng.TestNG.runSuitesLocally(TestNG.java:1149)
	at org.testng.TestNG.run(TestNG.java:1057)
	at org.apache.maven.surefire.testng.TestNGExecutor.run(TestNGExecutor.java:295)
	at org.apache.maven.surefire.testng.TestNGXmlTestSuite.execute(TestNGXmlTestSuite.java:84)
	at org.apache.maven.surefire.testng.TestNGProvider.invoke(TestNGProvider.java:90)
	at org.apache.maven.surefire.booter.ForkedBooter.invokeProviderInSameClassLoader(ForkedBooter.java:203)
	at org.apache.maven.surefire.booter.ForkedBooter.runSuitesInProcess(ForkedBooter.java:155)
	at org.apache.maven.surefire.booter.ForkedBooter.main(ForkedBooter.java:103)
</pre></td>
																</tr>
														</tbody>
													</table>
													<ul class='collapsible node-list' data-collapsible='accordion'>
													</ul>
												</div>
											</div>
										</li>
										<li class='collection-item test displayed active pass ' extentid='01ecbad7-c80f-4132-b5c4-f584c70e10cd'>
											<div class='test-head'>
												<span class='test-name'>breadcrumb_SearchOn_Event </span>
												<span class='test-status label right capitalize outline pass'>pass</span>
												<span class='category-assigned hide  breadcrumb-report aq31-releasecandidate10-05-2017-10144'></span>
											</div>
											<div class='test-body'>
												<div class='test-info'>
													<span title='Test started time' alt='Test started time' class='test-started-time label green lighten-2 text-white'>2017-05-10 15:28:30</span>
													<span title='Test ended time' alt='Test ended time' class='test-ended-time label red lighten-2 text-white'>2017-05-10 15:29:14</span>
													<span title='Time taken to finish' alt='Time taken to finish' class='test-time-taken label blue-grey lighten-3 text-white'>0h 0m 44s+219ms</span>
												</div>
												<div class='test-desc'>Checking Search functionality on Event</div>
												<div class='test-attributes'>
														<div class='categories'>
																<span class='category text-white'>Breadcrumb-Report</span>
																<span class='category text-white'>AQ3.1-ReleaseCandidate.10-05-2017-10.144</span>
														</div>
												</div>
												<div class='test-steps'>
													<table class='bordered table-results'>
														<thead>
															<tr>
																<th>Status</th>
																<th>Timestamp</th>
																<th>Details</th>
															</tr>
														</thead>
														<tbody>
																<tr>
																	<td class='status info' title='info' alt='info'><i class='fa fa-fa fa-info-circle'></i></td>
																	<td class='timestamp'>15:28:30</td>
																	<td class='step-details'>Checking Search functionality on Event</td>
																</tr>
																<tr>
																	<td class='status info' title='info' alt='info'><i class='fa fa-fa fa-info-circle'></i></td>
																	<td class='timestamp'>15:28:46</td>
																	<td class='step-details'>Navigating to Live Page <a href='https://azuga-automation.s3.amazonaws.com/main_Wed_May10_2017-15_28_34-IST.jpg' data-featherlight='image'><img class='report-img' src='https://azuga-automation.s3.amazonaws.com/main_Wed_May10_2017-15_28_34-IST.jpg' /></a></td>
																</tr>
																<tr>
																	<td class='status info' title='info' alt='info'><i class='fa fa-fa fa-info-circle'></i></td>
																	<td class='timestamp'>15:28:49</td>
																	<td class='step-details'>Navigating Reports Page</td>
																</tr>
																<tr>
																	<td class='status info' title='info' alt='info'><i class='fa fa-fa fa-info-circle'></i></td>
																	<td class='timestamp'>15:28:51</td>
																	<td class='step-details'>Navigating Breadcrumb Report Tab</td>
																</tr>
																<tr>
																	<td class='status pass' title='pass' alt='pass'><i class='fa fa-fa fa-check-circle-o'></i></td>
																	<td class='timestamp'>15:29:14</td>
																	<td class='step-details'>Searching functionality on event coloumn is working as epected:<a href='https://azuga-automation.s3.amazonaws.com/main_Wed_May10_2017-15_29_06-IST.jpg' data-featherlight='image'><img class='report-img' src='https://azuga-automation.s3.amazonaws.com/main_Wed_May10_2017-15_29_06-IST.jpg' /></a></td>
																</tr>
																<tr>
																	<td class='status pass' title='pass' alt='pass'><i class='fa fa-fa fa-check-circle-o'></i></td>
																	<td class='timestamp'>15:29:14</td>
																	<td class='step-details'>Test passed</td>
																</tr>
																<tr>
																	<td class='status pass' title='pass' alt='pass'><i class='fa fa-fa fa-check-circle-o'></i></td>
																	<td class='timestamp'>15:29:14</td>
																	<td class='step-details'>Test passed</td>
																</tr>
														</tbody>
													</table>
													<ul class='collapsible node-list' data-collapsible='accordion'>
													</ul>
												</div>
											</div>
										</li>
										<li class='collection-item test displayed active pass ' extentid='b73c4966-6376-4518-8473-67ccbe949862'>
											<div class='test-head'>
												<span class='test-name'>breadcrumb_SearchOn_Driver </span>
												<span class='test-status label right capitalize outline pass'>pass</span>
												<span class='category-assigned hide  breadcrumb-report aq31-releasecandidate10-05-2017-10144'></span>
											</div>
											<div class='test-body'>
												<div class='test-info'>
													<span title='Test started time' alt='Test started time' class='test-started-time label green lighten-2 text-white'>2017-05-10 15:27:39</span>
													<span title='Test ended time' alt='Test ended time' class='test-ended-time label red lighten-2 text-white'>2017-05-10 15:28:30</span>
													<span title='Time taken to finish' alt='Time taken to finish' class='test-time-taken label blue-grey lighten-3 text-white'>0h 0m 50s+355ms</span>
												</div>
												<div class='test-desc'>Checking Search functionality on Driver</div>
												<div class='test-attributes'>
														<div class='categories'>
																<span class='category text-white'>Breadcrumb-Report</span>
																<span class='category text-white'>AQ3.1-ReleaseCandidate.10-05-2017-10.144</span>
														</div>
												</div>
												<div class='test-steps'>
													<table class='bordered table-results'>
														<thead>
															<tr>
																<th>Status</th>
																<th>Timestamp</th>
																<th>Details</th>
															</tr>
														</thead>
														<tbody>
																<tr>
																	<td class='status info' title='info' alt='info'><i class='fa fa-fa fa-info-circle'></i></td>
																	<td class='timestamp'>15:27:39</td>
																	<td class='step-details'>Checking Search functionality on Driver</td>
																</tr>
																<tr>
																	<td class='status info' title='info' alt='info'><i class='fa fa-fa fa-info-circle'></i></td>
																	<td class='timestamp'>15:27:56</td>
																	<td class='step-details'>Navigating to Live Page <a href='https://azuga-automation.s3.amazonaws.com/main_Wed_May10_2017-15_27_43-IST.jpg' data-featherlight='image'><img class='report-img' src='https://azuga-automation.s3.amazonaws.com/main_Wed_May10_2017-15_27_43-IST.jpg' /></a></td>
																</tr>
																<tr>
																	<td class='status info' title='info' alt='info'><i class='fa fa-fa fa-info-circle'></i></td>
																	<td class='timestamp'>15:28:00</td>
																	<td class='step-details'>Navigating Reports Page</td>
																</tr>
																<tr>
																	<td class='status info' title='info' alt='info'><i class='fa fa-fa fa-info-circle'></i></td>
																	<td class='timestamp'>15:28:00</td>
																	<td class='step-details'>Navigating Breadcrumb Report Tab</td>
																</tr>
																<tr>
																	<td class='status pass' title='pass' alt='pass'><i class='fa fa-fa fa-check-circle-o'></i></td>
																	<td class='timestamp'>15:28:30</td>
																	<td class='step-details'>Searching functionality on driver coloumn is working as epected:<a href='https://azuga-automation.s3.amazonaws.com/main_Wed_May10_2017-15_28_17-IST.jpg' data-featherlight='image'><img class='report-img' src='https://azuga-automation.s3.amazonaws.com/main_Wed_May10_2017-15_28_17-IST.jpg' /></a></td>
																</tr>
																<tr>
																	<td class='status pass' title='pass' alt='pass'><i class='fa fa-fa fa-check-circle-o'></i></td>
																	<td class='timestamp'>15:28:30</td>
																	<td class='step-details'>Test passed</td>
																</tr>
																<tr>
																	<td class='status pass' title='pass' alt='pass'><i class='fa fa-fa fa-check-circle-o'></i></td>
																	<td class='timestamp'>15:28:30</td>
																	<td class='step-details'>Test passed</td>
																</tr>
														</tbody>
													</table>
													<ul class='collapsible node-list' data-collapsible='accordion'>
													</ul>
												</div>
											</div>
										</li>
										<li class='collection-item test displayed active pass ' extentid='46c36106-f8e0-4224-8305-d3bf5b1a1671'>
											<div class='test-head'>
												<span class='test-name'>breadcrumb_SearchOn_Date </span>
												<span class='test-status label right capitalize outline pass'>pass</span>
												<span class='category-assigned hide  breadcrumb-report aq31-releasecandidate10-05-2017-10144'></span>
											</div>
											<div class='test-body'>
												<div class='test-info'>
													<span title='Test started time' alt='Test started time' class='test-started-time label green lighten-2 text-white'>2017-05-10 15:26:54</span>
													<span title='Test ended time' alt='Test ended time' class='test-ended-time label red lighten-2 text-white'>2017-05-10 15:27:39</span>
													<span title='Time taken to finish' alt='Time taken to finish' class='test-time-taken label blue-grey lighten-3 text-white'>0h 0m 45s+826ms</span>
												</div>
												<div class='test-desc'>Checking Search functionality on Date colom</div>
												<div class='test-attributes'>
														<div class='categories'>
																<span class='category text-white'>Breadcrumb-Report</span>
																<span class='category text-white'>AQ3.1-ReleaseCandidate.10-05-2017-10.144</span>
														</div>
												</div>
												<div class='test-steps'>
													<table class='bordered table-results'>
														<thead>
															<tr>
																<th>Status</th>
																<th>Timestamp</th>
																<th>Details</th>
															</tr>
														</thead>
														<tbody>
																<tr>
																	<td class='status info' title='info' alt='info'><i class='fa fa-fa fa-info-circle'></i></td>
																	<td class='timestamp'>15:26:54</td>
																	<td class='step-details'>Checking Search functionality on Date colom</td>
																</tr>
																<tr>
																	<td class='status info' title='info' alt='info'><i class='fa fa-fa fa-info-circle'></i></td>
																	<td class='timestamp'>15:27:08</td>
																	<td class='step-details'>Navigating to Live Page <a href='https://azuga-automation.s3.amazonaws.com/main_Wed_May10_2017-15_26_58-IST.jpg' data-featherlight='image'><img class='report-img' src='https://azuga-automation.s3.amazonaws.com/main_Wed_May10_2017-15_26_58-IST.jpg' /></a></td>
																</tr>
																<tr>
																	<td class='status info' title='info' alt='info'><i class='fa fa-fa fa-info-circle'></i></td>
																	<td class='timestamp'>15:27:12</td>
																	<td class='step-details'>Navigating Reports Page</td>
																</tr>
																<tr>
																	<td class='status info' title='info' alt='info'><i class='fa fa-fa fa-info-circle'></i></td>
																	<td class='timestamp'>15:27:12</td>
																	<td class='step-details'>Navigating Breadcrumb Report Tab</td>
																</tr>
																<tr>
																	<td class='status pass' title='pass' alt='pass'><i class='fa fa-fa fa-check-circle-o'></i></td>
																	<td class='timestamp'>15:27:39</td>
																	<td class='step-details'>Searching functionality on date coloumn is working as epected:<a href='https://azuga-automation.s3.amazonaws.com/main_Wed_May10_2017-15_27_31-IST.jpg' data-featherlight='image'><img class='report-img' src='https://azuga-automation.s3.amazonaws.com/main_Wed_May10_2017-15_27_31-IST.jpg' /></a></td>
																</tr>
																<tr>
																	<td class='status pass' title='pass' alt='pass'><i class='fa fa-fa fa-check-circle-o'></i></td>
																	<td class='timestamp'>15:27:39</td>
																	<td class='step-details'>Test passed</td>
																</tr>
																<tr>
																	<td class='status pass' title='pass' alt='pass'><i class='fa fa-fa fa-check-circle-o'></i></td>
																	<td class='timestamp'>15:27:39</td>
																	<td class='step-details'>Test passed</td>
																</tr>
														</tbody>
													</table>
													<ul class='collapsible node-list' data-collapsible='accordion'>
													</ul>
												</div>
											</div>
										</li>
										<li class='collection-item test displayed active pass ' extentid='66859822-6190-414d-837d-b762e0f558fd'>
											<div class='test-head'>
												<span class='test-name'>breadcrumb_SearchOn_Address </span>
												<span class='test-status label right capitalize outline pass'>pass</span>
												<span class='category-assigned hide  breadcrumb-report aq31-releasecandidate10-05-2017-10144'></span>
											</div>
											<div class='test-body'>
												<div class='test-info'>
													<span title='Test started time' alt='Test started time' class='test-started-time label green lighten-2 text-white'>2017-05-10 15:26:09</span>
													<span title='Test ended time' alt='Test ended time' class='test-ended-time label red lighten-2 text-white'>2017-05-10 15:26:54</span>
													<span title='Time taken to finish' alt='Time taken to finish' class='test-time-taken label blue-grey lighten-3 text-white'>0h 0m 44s+812ms</span>
												</div>
												<div class='test-desc'>Checking Search functionality on Address</div>
												<div class='test-attributes'>
														<div class='categories'>
																<span class='category text-white'>Breadcrumb-Report</span>
																<span class='category text-white'>AQ3.1-ReleaseCandidate.10-05-2017-10.144</span>
														</div>
												</div>
												<div class='test-steps'>
													<table class='bordered table-results'>
														<thead>
															<tr>
																<th>Status</th>
																<th>Timestamp</th>
																<th>Details</th>
															</tr>
														</thead>
														<tbody>
																<tr>
																	<td class='status info' title='info' alt='info'><i class='fa fa-fa fa-info-circle'></i></td>
																	<td class='timestamp'>15:26:09</td>
																	<td class='step-details'>Checking Search functionality on Address</td>
																</tr>
																<tr>
																	<td class='status info' title='info' alt='info'><i class='fa fa-fa fa-info-circle'></i></td>
																	<td class='timestamp'>15:26:25</td>
																	<td class='step-details'>Navigating to Live Page <a href='https://azuga-automation.s3.amazonaws.com/main_Wed_May10_2017-15_26_12-IST.jpg' data-featherlight='image'><img class='report-img' src='https://azuga-automation.s3.amazonaws.com/main_Wed_May10_2017-15_26_12-IST.jpg' /></a></td>
																</tr>
																<tr>
																	<td class='status info' title='info' alt='info'><i class='fa fa-fa fa-info-circle'></i></td>
																	<td class='timestamp'>15:26:28</td>
																	<td class='step-details'>Navigating Reports Page</td>
																</tr>
																<tr>
																	<td class='status info' title='info' alt='info'><i class='fa fa-fa fa-info-circle'></i></td>
																	<td class='timestamp'>15:26:29</td>
																	<td class='step-details'>Navigating Breadcrumb Report Tab</td>
																</tr>
																<tr>
																	<td class='status pass' title='pass' alt='pass'><i class='fa fa-fa fa-check-circle-o'></i></td>
																	<td class='timestamp'>15:26:54</td>
																	<td class='step-details'>Searching functionality on Address coloumn is working as epected:<a href='https://azuga-automation.s3.amazonaws.com/main_Wed_May10_2017-15_26_46-IST.jpg' data-featherlight='image'><img class='report-img' src='https://azuga-automation.s3.amazonaws.com/main_Wed_May10_2017-15_26_46-IST.jpg' /></a></td>
																</tr>
																<tr>
																	<td class='status pass' title='pass' alt='pass'><i class='fa fa-fa fa-check-circle-o'></i></td>
																	<td class='timestamp'>15:26:54</td>
																	<td class='step-details'>Test passed</td>
																</tr>
																<tr>
																	<td class='status pass' title='pass' alt='pass'><i class='fa fa-fa fa-check-circle-o'></i></td>
																	<td class='timestamp'>15:26:54</td>
																	<td class='step-details'>Test passed</td>
																</tr>
														</tbody>
													</table>
													<ul class='collapsible node-list' data-collapsible='accordion'>
													</ul>
												</div>
											</div>
										</li>
										<li class='collection-item test displayed active pass ' extentid='1a815743-ebf4-447c-a07f-37bf6d381720'>
											<div class='test-head'>
												<span class='test-name'>reportBreadcrumb_oneyear_Back </span>
												<span class='test-status label right capitalize outline pass'>pass</span>
												<span class='category-assigned hide  breadcrumb-report aq31-releasecandidate10-05-2017-10144'></span>
											</div>
											<div class='test-body'>
												<div class='test-info'>
													<span title='Test started time' alt='Test started time' class='test-started-time label green lighten-2 text-white'>2017-05-10 15:25:29</span>
													<span title='Test ended time' alt='Test ended time' class='test-ended-time label red lighten-2 text-white'>2017-05-10 15:26:09</span>
													<span title='Time taken to finish' alt='Time taken to finish' class='test-time-taken label blue-grey lighten-3 text-white'>0h 0m 39s+491ms</span>
												</div>
												<div class='test-desc'>Generating BC Report one year Back</div>
												<div class='test-attributes'>
														<div class='categories'>
																<span class='category text-white'>Breadcrumb-Report</span>
																<span class='category text-white'>AQ3.1-ReleaseCandidate.10-05-2017-10.144</span>
														</div>
												</div>
												<div class='test-steps'>
													<table class='bordered table-results'>
														<thead>
															<tr>
																<th>Status</th>
																<th>Timestamp</th>
																<th>Details</th>
															</tr>
														</thead>
														<tbody>
																<tr>
																	<td class='status info' title='info' alt='info'><i class='fa fa-fa fa-info-circle'></i></td>
																	<td class='timestamp'>15:25:29</td>
																	<td class='step-details'>Generating BC Report one year Back</td>
																</tr>
																<tr>
																	<td class='status info' title='info' alt='info'><i class='fa fa-fa fa-info-circle'></i></td>
																	<td class='timestamp'>15:25:46</td>
																	<td class='step-details'>Navigating to Live Page <a href='https://azuga-automation.s3.amazonaws.com/main_Wed_May10_2017-15_25_33-IST.jpg' data-featherlight='image'><img class='report-img' src='https://azuga-automation.s3.amazonaws.com/main_Wed_May10_2017-15_25_33-IST.jpg' /></a></td>
																</tr>
																<tr>
																	<td class='status info' title='info' alt='info'><i class='fa fa-fa fa-info-circle'></i></td>
																	<td class='timestamp'>15:25:52</td>
																	<td class='step-details'>Navigating Reports Page</td>
																</tr>
																<tr>
																	<td class='status info' title='info' alt='info'><i class='fa fa-fa fa-info-circle'></i></td>
																	<td class='timestamp'>15:25:52</td>
																	<td class='step-details'>Navigating Breadcrumb Report Tab</td>
																</tr>
																<tr>
																	<td class='status pass' title='pass' alt='pass'><i class='fa fa-fa fa-check-circle-o'></i></td>
																	<td class='timestamp'>15:26:09</td>
																	<td class='step-details'>Generated BC Report  for one year Back as expected:<a href='https://azuga-automation.s3.amazonaws.com/main_Wed_May10_2017-15_25_59-IST.jpg' data-featherlight='image'><img class='report-img' src='https://azuga-automation.s3.amazonaws.com/main_Wed_May10_2017-15_25_59-IST.jpg' /></a></td>
																</tr>
																<tr>
																	<td class='status pass' title='pass' alt='pass'><i class='fa fa-fa fa-check-circle-o'></i></td>
																	<td class='timestamp'>15:26:09</td>
																	<td class='step-details'>Test passed</td>
																</tr>
																<tr>
																	<td class='status pass' title='pass' alt='pass'><i class='fa fa-fa fa-check-circle-o'></i></td>
																	<td class='timestamp'>15:26:09</td>
																	<td class='step-details'>Test passed</td>
																</tr>
														</tbody>
													</table>
													<ul class='collapsible node-list' data-collapsible='accordion'>
													</ul>
												</div>
											</div>
										</li>
										<li class='collection-item test displayed active fail ' extentid='2d8657ed-d013-4935-a5b8-4d0f9e129ccd'>
											<div class='test-head'>
												<span class='test-name'>breadcrumbReport_NewReport_Button </span>
												<span class='test-status label right capitalize outline fail'>fail</span>
												<span class='category-assigned hide  breadcrumb-report aq31-releasecandidate10-05-2017-10144'></span>
											</div>
											<div class='test-body'>
												<div class='test-info'>
													<span title='Test started time' alt='Test started time' class='test-started-time label green lighten-2 text-white'>2017-05-10 15:24:05</span>
													<span title='Test ended time' alt='Test ended time' class='test-ended-time label red lighten-2 text-white'>2017-05-10 15:25:29</span>
													<span title='Time taken to finish' alt='Time taken to finish' class='test-time-taken label blue-grey lighten-3 text-white'>0h 1m 24s+507ms</span>
												</div>
												<div class='test-desc'>Verifying  New Button after generating BC Report</div>
												<div class='test-attributes'>
														<div class='categories'>
																<span class='category text-white'>Breadcrumb-Report</span>
																<span class='category text-white'>AQ3.1-ReleaseCandidate.10-05-2017-10.144</span>
														</div>
												</div>
												<div class='test-steps'>
													<table class='bordered table-results'>
														<thead>
															<tr>
																<th>Status</th>
																<th>Timestamp</th>
																<th>Details</th>
															</tr>
														</thead>
														<tbody>
																<tr>
																	<td class='status info' title='info' alt='info'><i class='fa fa-fa fa-info-circle'></i></td>
																	<td class='timestamp'>15:24:05</td>
																	<td class='step-details'>Verifying New  Report after generating BC Report</td>
																</tr>
																<tr>
																	<td class='status info' title='info' alt='info'><i class='fa fa-fa fa-info-circle'></i></td>
																	<td class='timestamp'>15:25:12</td>
																	<td class='step-details'>Navigating to Reports Page: <a href='https://azuga-automation.s3.amazonaws.com/main_Wed_May10_2017-15_25_07-IST.jpg' data-featherlight='image'><img class='report-img' src='https://azuga-automation.s3.amazonaws.com/main_Wed_May10_2017-15_25_07-IST.jpg' /></a></td>
																</tr>
																<tr>
																	<td class='status info' title='info' alt='info'><i class='fa fa-fa fa-info-circle'></i></td>
																	<td class='timestamp'>15:25:12</td>
																	<td class='step-details'>Navigating to BC Report Page:</td>
																</tr>
																<tr>
																	<td class='status info' title='info' alt='info'><i class='fa fa-fa fa-info-circle'></i></td>
																	<td class='timestamp'>15:25:21</td>
																	<td class='step-details'>Clicking on New Report Button <a href='https://azuga-automation.s3.amazonaws.com/main_Wed_May10_2017-15_25_18-IST.jpg' data-featherlight='image'><img class='report-img' src='https://azuga-automation.s3.amazonaws.com/main_Wed_May10_2017-15_25_18-IST.jpg' /></a></td>
																</tr>
																<tr>
																	<td class='status info' title='info' alt='info'><i class='fa fa-fa fa-info-circle'></i></td>
																	<td class='timestamp'>15:25:29</td>
																	<td class='step-details'>Vehicle Tag <a href='https://azuga-automation.s3.amazonaws.com/main_Wed_May10_2017-15_25_26-IST.jpg' data-featherlight='image'><img class='report-img' src='https://azuga-automation.s3.amazonaws.com/main_Wed_May10_2017-15_25_26-IST.jpg' /></a></td>
																</tr>
																<tr>
																	<td class='status fail' title='fail' alt='fail'><i class='fa fa-fa fa-times-circle-o'></i></td>
																	<td class='timestamp'>15:25:29</td>
																	<td class='step-details'><pre>unknown error: Element <input class="report-generate hide-elem" id="generate-button" name="show" type="button" value="Generate Report" style="overflow: hidden; display: inline-block;"> is not clickable at point (93, 402). Other element would receive the click: <li class="no-results">...</li>
  (Session info: chrome=57.0.2987.133)
  (Driver info: chromedriver=2.29.461591 (62ebf098771772160f391d75e589dc567915b233),platform=Windows NT 6.1.7601 SP1 x86_64) (WARNING: The server did not provide any stacktrace information)
Command duration or timeout: 32 milliseconds
Build info: version: '2.44.0', revision: '76d78cf323ce037c5f92db6c1bba601c2ac43ad8', time: '2014-10-23 13:11:40'
System info: host: 'Automation-2', ip: '192.168.11.169', os.name: 'Windows 7', os.arch: 'amd64', os.version: '6.1', java.version: '1.8.0_45'
Driver info: org.openqa.selenium.chrome.ChromeDriver
Capabilities [{applicationCacheEnabled=false, rotatable=false, mobileEmulationEnabled=false, networkConnectionEnabled=false, chrome={chromedriverVersion=2.29.461591 (62ebf098771772160f391d75e589dc567915b233), userDataDir=C:\Users\Azuga\AppData\Local\Temp\scoped_dir2088_10383}, takesHeapSnapshot=true, pageLoadStrategy=normal, databaseEnabled=false, handlesAlerts=true, hasTouchScreen=false, version=57.0.2987.133, platform=XP, browserConnectionEnabled=false, nativeEvents=true, acceptSslCerts=true, locationContextEnabled=true, webStorageEnabled=true, browserName=chrome, takesScreenshot=true, javascriptEnabled=true, cssSelectorsEnabled=true, unexpectedAlertBehaviour=}]
Session ID: e9c42e6dd4d436ef5cb7daf19116e049</pre></td>
																</tr>
																<tr>
																	<td class='status fail' title='fail' alt='fail'><i class='fa fa-fa fa-times-circle-o'></i></td>
																	<td class='timestamp'>15:25:29</td>
																	<td class='step-details'><textarea>org.openqa.selenium.WebDriverException: unknown error: Element <input class="report-generate hide-elem" id="generate-button" name="show" type="button" value="Generate Report" style="overflow: hidden; display: inline-block;"> is not clickable at point (93, 402). Other element would receive the click: <li class="no-results">...</li>
  (Session info: chrome=57.0.2987.133)
  (Driver info: chromedriver=2.29.461591 (62ebf098771772160f391d75e589dc567915b233),platform=Windows NT 6.1.7601 SP1 x86_64) (WARNING: The server did not provide any stacktrace information)
Command duration or timeout: 32 milliseconds
Build info: version: '2.44.0', revision: '76d78cf323ce037c5f92db6c1bba601c2ac43ad8', time: '2014-10-23 13:11:40'
System info: host: 'Automation-2', ip: '192.168.11.169', os.name: 'Windows 7', os.arch: 'amd64', os.version: '6.1', java.version: '1.8.0_45'
Driver info: org.openqa.selenium.chrome.ChromeDriver
Capabilities [{applicationCacheEnabled=false, rotatable=false, mobileEmulationEnabled=false, networkConnectionEnabled=false, chrome={chromedriverVersion=2.29.461591 (62ebf098771772160f391d75e589dc567915b233), userDataDir=C:\Users\Azuga\AppData\Local\Temp\scoped_dir2088_10383}, takesHeapSnapshot=true, pageLoadStrategy=normal, databaseEnabled=false, handlesAlerts=true, hasTouchScreen=false, version=57.0.2987.133, platform=XP, browserConnectionEnabled=false, nativeEvents=true, acceptSslCerts=true, locationContextEnabled=true, webStorageEnabled=true, browserName=chrome, takesScreenshot=true, javascriptEnabled=true, cssSelectorsEnabled=true, unexpectedAlertBehaviour=}]
Session ID: e9c42e6dd4d436ef5cb7daf19116e049
	at sun.reflect.NativeConstructorAccessorImpl.newInstance0(Native Method)
	at sun.reflect.NativeConstructorAccessorImpl.newInstance(NativeConstructorAccessorImpl.java:62)
	at sun.reflect.DelegatingConstructorAccessorImpl.newInstance(DelegatingConstructorAccessorImpl.java:45)
	at java.lang.reflect.Constructor.newInstance(Constructor.java:422)
	at org.openqa.selenium.remote.ErrorHandler.createThrowable(ErrorHandler.java:204)
	at org.openqa.selenium.remote.ErrorHandler.throwIfResponseFailed(ErrorHandler.java:156)
	at org.openqa.selenium.remote.RemoteWebDriver.execute(RemoteWebDriver.java:599)
	at org.openqa.selenium.remote.RemoteWebElement.execute(RemoteWebElement.java:268)
	at org.openqa.selenium.remote.RemoteWebElement.click(RemoteWebElement.java:79)
	at sun.reflect.GeneratedMethodAccessor5.invoke(Unknown Source)
	at sun.reflect.DelegatingMethodAccessorImpl.invoke(DelegatingMethodAccessorImpl.java:43)
	at java.lang.reflect.Method.invoke(Method.java:497)
	at org.openqa.selenium.support.pagefactory.internal.LocatingElementHandler.invoke(LocatingElementHandler.java:50)
	at com.sun.proxy.$Proxy7.click(Unknown Source)
	at com.azuga.source.reports.BreadcrumbReportSource.clickgenerateBtn(BreadcrumbReportSource.java:45)
	at com.azuga.sanitytests.reports.Breadcrumb.breadcrumbReport_NewReport_Button(Breadcrumb.java:932)
	at sun.reflect.NativeMethodAccessorImpl.invoke0(Native Method)
	at sun.reflect.NativeMethodAccessorImpl.invoke(NativeMethodAccessorImpl.java:62)
	at sun.reflect.DelegatingMethodAccessorImpl.invoke(DelegatingMethodAccessorImpl.java:43)
	at java.lang.reflect.Method.invoke(Method.java:497)
	at org.testng.internal.MethodInvocationHelper.invokeMethod(MethodInvocationHelper.java:85)
	at org.testng.internal.Invoker.invokeMethod(Invoker.java:696)
	at org.testng.internal.Invoker.invokeTestMethod(Invoker.java:882)
	at org.testng.internal.Invoker.invokeTestMethods(Invoker.java:1189)
	at org.testng.internal.TestMethodWorker.invokeTestMethods(TestMethodWorker.java:124)
	at org.testng.internal.TestMethodWorker.run(TestMethodWorker.java:108)
	at org.testng.TestRunner.privateRun(TestRunner.java:767)
	at org.testng.TestRunner.run(TestRunner.java:617)
	at org.testng.SuiteRunner.runTest(SuiteRunner.java:348)
	at org.testng.SuiteRunner.runSequentially(SuiteRunner.java:343)
	at org.testng.SuiteRunner.privateRun(SuiteRunner.java:305)
	at org.testng.SuiteRunner.run(SuiteRunner.java:254)
	at org.testng.SuiteRunnerWorker.runSuite(SuiteRunnerWorker.java:52)
	at org.testng.SuiteRunnerWorker.run(SuiteRunnerWorker.java:86)
	at org.testng.TestNG.runSuitesSequentially(TestNG.java:1224)
	at org.testng.TestNG.runSuitesLocally(TestNG.java:1149)
	at org.testng.TestNG.run(TestNG.java:1057)
	at org.apache.maven.surefire.testng.TestNGExecutor.run(TestNGExecutor.java:295)
	at org.apache.maven.surefire.testng.TestNGXmlTestSuite.execute(TestNGXmlTestSuite.java:84)
	at org.apache.maven.surefire.testng.TestNGProvider.invoke(TestNGProvider.java:90)
	at org.apache.maven.surefire.booter.ForkedBooter.invokeProviderInSameClassLoader(ForkedBooter.java:203)
	at org.apache.maven.surefire.booter.ForkedBooter.runSuitesInProcess(ForkedBooter.java:155)
	at org.apache.maven.surefire.booter.ForkedBooter.main(ForkedBooter.java:103)
</textarea></td>
																</tr>
														</tbody>
													</table>
													<ul class='collapsible node-list' data-collapsible='accordion'>
													</ul>
												</div>
											</div>
										</li>
										<li class='collection-item test displayed active fail ' extentid='c79659ef-6a2d-4299-834d-d5ebb6e93f43'>
											<div class='test-head'>
												<span class='test-name'>breadcrumbReport_Back_Button </span>
												<span class='test-status label right capitalize outline fail'>fail</span>
												<span class='category-assigned hide  breadcrumb-report aq31-releasecandidate10-05-2017-10144'></span>
											</div>
											<div class='test-body'>
												<div class='test-info'>
													<span title='Test started time' alt='Test started time' class='test-started-time label green lighten-2 text-white'>2017-05-10 15:22:52</span>
													<span title='Test ended time' alt='Test ended time' class='test-ended-time label red lighten-2 text-white'>2017-05-10 15:24:05</span>
													<span title='Time taken to finish' alt='Time taken to finish' class='test-time-taken label blue-grey lighten-3 text-white'>0h 1m 12s+904ms</span>
												</div>
												<div class='test-desc'>Verifying  Back Button after generating BC Report</div>
												<div class='test-attributes'>
														<div class='categories'>
																<span class='category text-white'>Breadcrumb-Report</span>
																<span class='category text-white'>AQ3.1-ReleaseCandidate.10-05-2017-10.144</span>
														</div>
												</div>
												<div class='test-steps'>
													<table class='bordered table-results'>
														<thead>
															<tr>
																<th>Status</th>
																<th>Timestamp</th>
																<th>Details</th>
															</tr>
														</thead>
														<tbody>
																<tr>
																	<td class='status info' title='info' alt='info'><i class='fa fa-fa fa-info-circle'></i></td>
																	<td class='timestamp'>15:22:52</td>
																	<td class='step-details'>Verifying New  Report after generating BC Report</td>
																</tr>
																<tr>
																	<td class='status info' title='info' alt='info'><i class='fa fa-fa fa-info-circle'></i></td>
																	<td class='timestamp'>15:23:46</td>
																	<td class='step-details'>Navigating to Reports Page: <a href='https://azuga-automation.s3.amazonaws.com/main_Wed_May10_2017-15_23_43-IST.jpg' data-featherlight='image'><img class='report-img' src='https://azuga-automation.s3.amazonaws.com/main_Wed_May10_2017-15_23_43-IST.jpg' /></a></td>
																</tr>
																<tr>
																	<td class='status info' title='info' alt='info'><i class='fa fa-fa fa-info-circle'></i></td>
																	<td class='timestamp'>15:23:46</td>
																	<td class='step-details'>Navigating to BC Report  Page:</td>
																</tr>
																<tr>
																	<td class='status fail' title='fail' alt='fail'><i class='fa fa-fa fa-times-circle-o'></i></td>
																	<td class='timestamp'>15:24:05</td>
																	<td class='step-details'><pre>unknown error: Element <input class="report-generate hide-elem" id="generate-button" name="show" type="button" value="Generate Report" style="overflow: hidden; display: inline-block;"> is not clickable at point (93, 402). Other element would receive the click: <li class="no-results">...</li>
  (Session info: chrome=57.0.2987.133)
  (Driver info: chromedriver=2.29.461591 (62ebf098771772160f391d75e589dc567915b233),platform=Windows NT 6.1.7601 SP1 x86_64) (WARNING: The server did not provide any stacktrace information)
Command duration or timeout: 37 milliseconds
Build info: version: '2.44.0', revision: '76d78cf323ce037c5f92db6c1bba601c2ac43ad8', time: '2014-10-23 13:11:40'
System info: host: 'Automation-2', ip: '192.168.11.169', os.name: 'Windows 7', os.arch: 'amd64', os.version: '6.1', java.version: '1.8.0_45'
Driver info: org.openqa.selenium.chrome.ChromeDriver
Capabilities [{applicationCacheEnabled=false, rotatable=false, mobileEmulationEnabled=false, networkConnectionEnabled=false, chrome={chromedriverVersion=2.29.461591 (62ebf098771772160f391d75e589dc567915b233), userDataDir=C:\Users\Azuga\AppData\Local\Temp\scoped_dir2088_10383}, takesHeapSnapshot=true, pageLoadStrategy=normal, databaseEnabled=false, handlesAlerts=true, hasTouchScreen=false, version=57.0.2987.133, platform=XP, browserConnectionEnabled=false, nativeEvents=true, acceptSslCerts=true, locationContextEnabled=true, webStorageEnabled=true, browserName=chrome, takesScreenshot=true, javascriptEnabled=true, cssSelectorsEnabled=true, unexpectedAlertBehaviour=}]
Session ID: e9c42e6dd4d436ef5cb7daf19116e049</pre></td>
																</tr>
																<tr>
																	<td class='status fail' title='fail' alt='fail'><i class='fa fa-fa fa-times-circle-o'></i></td>
																	<td class='timestamp'>15:24:05</td>
																	<td class='step-details'><textarea>org.openqa.selenium.WebDriverException: unknown error: Element <input class="report-generate hide-elem" id="generate-button" name="show" type="button" value="Generate Report" style="overflow: hidden; display: inline-block;"> is not clickable at point (93, 402). Other element would receive the click: <li class="no-results">...</li>
  (Session info: chrome=57.0.2987.133)
  (Driver info: chromedriver=2.29.461591 (62ebf098771772160f391d75e589dc567915b233),platform=Windows NT 6.1.7601 SP1 x86_64) (WARNING: The server did not provide any stacktrace information)
Command duration or timeout: 37 milliseconds
Build info: version: '2.44.0', revision: '76d78cf323ce037c5f92db6c1bba601c2ac43ad8', time: '2014-10-23 13:11:40'
System info: host: 'Automation-2', ip: '192.168.11.169', os.name: 'Windows 7', os.arch: 'amd64', os.version: '6.1', java.version: '1.8.0_45'
Driver info: org.openqa.selenium.chrome.ChromeDriver
Capabilities [{applicationCacheEnabled=false, rotatable=false, mobileEmulationEnabled=false, networkConnectionEnabled=false, chrome={chromedriverVersion=2.29.461591 (62ebf098771772160f391d75e589dc567915b233), userDataDir=C:\Users\Azuga\AppData\Local\Temp\scoped_dir2088_10383}, takesHeapSnapshot=true, pageLoadStrategy=normal, databaseEnabled=false, handlesAlerts=true, hasTouchScreen=false, version=57.0.2987.133, platform=XP, browserConnectionEnabled=false, nativeEvents=true, acceptSslCerts=true, locationContextEnabled=true, webStorageEnabled=true, browserName=chrome, takesScreenshot=true, javascriptEnabled=true, cssSelectorsEnabled=true, unexpectedAlertBehaviour=}]
Session ID: e9c42e6dd4d436ef5cb7daf19116e049
	at sun.reflect.NativeConstructorAccessorImpl.newInstance0(Native Method)
	at sun.reflect.NativeConstructorAccessorImpl.newInstance(NativeConstructorAccessorImpl.java:62)
	at sun.reflect.DelegatingConstructorAccessorImpl.newInstance(DelegatingConstructorAccessorImpl.java:45)
	at java.lang.reflect.Constructor.newInstance(Constructor.java:422)
	at org.openqa.selenium.remote.ErrorHandler.createThrowable(ErrorHandler.java:204)
	at org.openqa.selenium.remote.ErrorHandler.throwIfResponseFailed(ErrorHandler.java:156)
	at org.openqa.selenium.remote.RemoteWebDriver.execute(RemoteWebDriver.java:599)
	at org.openqa.selenium.remote.RemoteWebElement.execute(RemoteWebElement.java:268)
	at org.openqa.selenium.remote.RemoteWebElement.click(RemoteWebElement.java:79)
	at sun.reflect.GeneratedMethodAccessor5.invoke(Unknown Source)
	at sun.reflect.DelegatingMethodAccessorImpl.invoke(DelegatingMethodAccessorImpl.java:43)
	at java.lang.reflect.Method.invoke(Method.java:497)
	at org.openqa.selenium.support.pagefactory.internal.LocatingElementHandler.invoke(LocatingElementHandler.java:50)
	at com.sun.proxy.$Proxy7.click(Unknown Source)
	at com.azuga.source.reports.BreadcrumbReportSource.clickgenerateBtn(BreadcrumbReportSource.java:45)
	at com.azuga.sanitytests.reports.Breadcrumb.breadcrumbReport_Back_Button(Breadcrumb.java:858)
	at sun.reflect.NativeMethodAccessorImpl.invoke0(Native Method)
	at sun.reflect.NativeMethodAccessorImpl.invoke(NativeMethodAccessorImpl.java:62)
	at sun.reflect.DelegatingMethodAccessorImpl.invoke(DelegatingMethodAccessorImpl.java:43)
	at java.lang.reflect.Method.invoke(Method.java:497)
	at org.testng.internal.MethodInvocationHelper.invokeMethod(MethodInvocationHelper.java:85)
	at org.testng.internal.Invoker.invokeMethod(Invoker.java:696)
	at org.testng.internal.Invoker.invokeTestMethod(Invoker.java:882)
	at org.testng.internal.Invoker.invokeTestMethods(Invoker.java:1189)
	at org.testng.internal.TestMethodWorker.invokeTestMethods(TestMethodWorker.java:124)
	at org.testng.internal.TestMethodWorker.run(TestMethodWorker.java:108)
	at org.testng.TestRunner.privateRun(TestRunner.java:767)
	at org.testng.TestRunner.run(TestRunner.java:617)
	at org.testng.SuiteRunner.runTest(SuiteRunner.java:348)
	at org.testng.SuiteRunner.runSequentially(SuiteRunner.java:343)
	at org.testng.SuiteRunner.privateRun(SuiteRunner.java:305)
	at org.testng.SuiteRunner.run(SuiteRunner.java:254)
	at org.testng.SuiteRunnerWorker.runSuite(SuiteRunnerWorker.java:52)
	at org.testng.SuiteRunnerWorker.run(SuiteRunnerWorker.java:86)
	at org.testng.TestNG.runSuitesSequentially(TestNG.java:1224)
	at org.testng.TestNG.runSuitesLocally(TestNG.java:1149)
	at org.testng.TestNG.run(TestNG.java:1057)
	at org.apache.maven.surefire.testng.TestNGExecutor.run(TestNGExecutor.java:295)
	at org.apache.maven.surefire.testng.TestNGXmlTestSuite.execute(TestNGXmlTestSuite.java:84)
	at org.apache.maven.surefire.testng.TestNGProvider.invoke(TestNGProvider.java:90)
	at org.apache.maven.surefire.booter.ForkedBooter.invokeProviderInSameClassLoader(ForkedBooter.java:203)
	at org.apache.maven.surefire.booter.ForkedBooter.runSuitesInProcess(ForkedBooter.java:155)
	at org.apache.maven.surefire.booter.ForkedBooter.main(ForkedBooter.java:103)
</textarea></td>
																</tr>
														</tbody>
													</table>
													<ul class='collapsible node-list' data-collapsible='accordion'>
													</ul>
												</div>
											</div>
										</li>
										<li class='collection-item test displayed active fail ' extentid='e88cd880-08d9-47f9-afa2-08d7410ce2de'>
											<div class='test-head'>
												<span class='test-name'>breadcrumbReport_To_ActivityReport </span>
												<span class='test-status label right capitalize outline fail'>fail</span>
												<span class='category-assigned hide  breadcrumb-report aq31-releasecandidate10-05-2017-10144'></span>
											</div>
											<div class='test-body'>
												<div class='test-info'>
													<span title='Test started time' alt='Test started time' class='test-started-time label green lighten-2 text-white'>2017-05-10 15:22:21</span>
													<span title='Test ended time' alt='Test ended time' class='test-ended-time label red lighten-2 text-white'>2017-05-10 15:22:52</span>
													<span title='Time taken to finish' alt='Time taken to finish' class='test-time-taken label blue-grey lighten-3 text-white'>0h 0m 31s+70ms</span>
												</div>
												<div class='test-desc'>Checking Navigate BC Report To Activity Report</div>
												<div class='test-attributes'>
														<div class='categories'>
																<span class='category text-white'>Breadcrumb-Report</span>
																<span class='category text-white'>AQ3.1-ReleaseCandidate.10-05-2017-10.144</span>
														</div>
												</div>
												<div class='test-steps'>
													<table class='bordered table-results'>
														<thead>
															<tr>
																<th>Status</th>
																<th>Timestamp</th>
																<th>Details</th>
															</tr>
														</thead>
														<tbody>
																<tr>
																	<td class='status info' title='info' alt='info'><i class='fa fa-fa fa-info-circle'></i></td>
																	<td class='timestamp'>15:22:21</td>
																	<td class='step-details'>Checking Navigate BC Report To Activity Report</td>
																</tr>
																<tr>
																	<td class='status info' title='info' alt='info'><i class='fa fa-fa fa-info-circle'></i></td>
																	<td class='timestamp'>15:22:25</td>
																	<td class='step-details'>Navigating to Live Page to get vehicle details</td>
																</tr>
																<tr>
																	<td class='status info' title='info' alt='info'><i class='fa fa-fa fa-info-circle'></i></td>
																	<td class='timestamp'>15:22:32</td>
																	<td class='step-details'>Navigating Reports >BC Tab and generate Report</td>
																</tr>
																<tr>
																	<td class='status pass' title='pass' alt='pass'><i class='fa fa-fa fa-check-circle-o'></i></td>
																	<td class='timestamp'>15:22:52</td>
																	<td class='step-details'>Navigated From BC Report to Trips Report as expected:<a href='https://azuga-automation.s3.amazonaws.com/main_Wed_May10_2017-15_22_47-IST.jpg' data-featherlight='image'><img class='report-img' src='https://azuga-automation.s3.amazonaws.com/main_Wed_May10_2017-15_22_47-IST.jpg' /></a></td>
																</tr>
																<tr>
																	<td class='status fail' title='fail' alt='fail'><i class='fa fa-fa fa-times-circle-o'></i></td>
																	<td class='timestamp'>15:22:52</td>
																	<td class='step-details'><pre>expected [true] but found [false]</pre></td>
																</tr>
																<tr>
																	<td class='status fail' title='fail' alt='fail'><i class='fa fa-fa fa-times-circle-o'></i></td>
																	<td class='timestamp'>15:22:52</td>
																	<td class='step-details'><pre>java.lang.AssertionError: expected [true] but found [false]
	at org.testng.Assert.fail(Assert.java:94)
	at org.testng.Assert.failNotEquals(Assert.java:494)
	at org.testng.Assert.assertTrue(Assert.java:42)
	at org.testng.Assert.assertTrue(Assert.java:52)
	at com.azuga.sanitytests.reports.Breadcrumb.breadcrumbReport_To_ActivityReport(Breadcrumb.java:792)
	at sun.reflect.NativeMethodAccessorImpl.invoke0(Native Method)
	at sun.reflect.NativeMethodAccessorImpl.invoke(NativeMethodAccessorImpl.java:62)
	at sun.reflect.DelegatingMethodAccessorImpl.invoke(DelegatingMethodAccessorImpl.java:43)
	at java.lang.reflect.Method.invoke(Method.java:497)
	at org.testng.internal.MethodInvocationHelper.invokeMethod(MethodInvocationHelper.java:85)
	at org.testng.internal.Invoker.invokeMethod(Invoker.java:696)
	at org.testng.internal.Invoker.invokeTestMethod(Invoker.java:882)
	at org.testng.internal.Invoker.invokeTestMethods(Invoker.java:1189)
	at org.testng.internal.TestMethodWorker.invokeTestMethods(TestMethodWorker.java:124)
	at org.testng.internal.TestMethodWorker.run(TestMethodWorker.java:108)
	at org.testng.TestRunner.privateRun(TestRunner.java:767)
	at org.testng.TestRunner.run(TestRunner.java:617)
	at org.testng.SuiteRunner.runTest(SuiteRunner.java:348)
	at org.testng.SuiteRunner.runSequentially(SuiteRunner.java:343)
	at org.testng.SuiteRunner.privateRun(SuiteRunner.java:305)
	at org.testng.SuiteRunner.run(SuiteRunner.java:254)
	at org.testng.SuiteRunnerWorker.runSuite(SuiteRunnerWorker.java:52)
	at org.testng.SuiteRunnerWorker.run(SuiteRunnerWorker.java:86)
	at org.testng.TestNG.runSuitesSequentially(TestNG.java:1224)
	at org.testng.TestNG.runSuitesLocally(TestNG.java:1149)
	at org.testng.TestNG.run(TestNG.java:1057)
	at org.apache.maven.surefire.testng.TestNGExecutor.run(TestNGExecutor.java:295)
	at org.apache.maven.surefire.testng.TestNGXmlTestSuite.execute(TestNGXmlTestSuite.java:84)
	at org.apache.maven.surefire.testng.TestNGProvider.invoke(TestNGProvider.java:90)
	at org.apache.maven.surefire.booter.ForkedBooter.invokeProviderInSameClassLoader(ForkedBooter.java:203)
	at org.apache.maven.surefire.booter.ForkedBooter.runSuitesInProcess(ForkedBooter.java:155)
	at org.apache.maven.surefire.booter.ForkedBooter.main(ForkedBooter.java:103)
</pre></td>
																</tr>
														</tbody>
													</table>
													<ul class='collapsible node-list' data-collapsible='accordion'>
													</ul>
												</div>
											</div>
										</li>
										<li class='collection-item test displayed active pass ' extentid='4f75ea30-0d5f-4efd-bb1a-1ac529b9fcb5'>
											<div class='test-head'>
												<span class='test-name'>breadcrumbReport_Play_Preference_disable </span>
												<span class='test-status label right capitalize outline pass'>pass</span>
												<span class='category-assigned hide  breadcrumb-report aq31-releasecandidate10-05-2017-10144'></span>
											</div>
											<div class='test-body'>
												<div class='test-info'>
													<span title='Test started time' alt='Test started time' class='test-started-time label green lighten-2 text-white'>2017-05-10 15:21:27</span>
													<span title='Test ended time' alt='Test ended time' class='test-ended-time label red lighten-2 text-white'>2017-05-10 15:22:21</span>
													<span title='Time taken to finish' alt='Time taken to finish' class='test-time-taken label blue-grey lighten-3 text-white'>0h 0m 54s+69ms</span>
												</div>
												<div class='test-desc'>Checking BC_Play prefrences is disabled in  Breadcrumb Report</div>
												<div class='test-attributes'>
														<div class='categories'>
																<span class='category text-white'>Breadcrumb-Report</span>
																<span class='category text-white'>AQ3.1-ReleaseCandidate.10-05-2017-10.144</span>
														</div>
												</div>
												<div class='test-steps'>
													<table class='bordered table-results'>
														<thead>
															<tr>
																<th>Status</th>
																<th>Timestamp</th>
																<th>Details</th>
															</tr>
														</thead>
														<tbody>
																<tr>
																	<td class='status info' title='info' alt='info'><i class='fa fa-fa fa-info-circle'></i></td>
																	<td class='timestamp'>15:21:27</td>
																	<td class='step-details'>Checking BC_Play prefrences is disabled in  Breadcrumb Report</td>
																</tr>
																<tr>
																	<td class='status info' title='info' alt='info'><i class='fa fa-fa fa-info-circle'></i></td>
																	<td class='timestamp'>15:21:56</td>
																	<td class='step-details'>Navigating to Live Page to get vehicle details</td>
																</tr>
																<tr>
																	<td class='status info' title='info' alt='info'><i class='fa fa-fa fa-info-circle'></i></td>
																	<td class='timestamp'>15:22:03</td>
																	<td class='step-details'>Navigating Reports >BC Tab and generate Report</td>
																</tr>
																<tr>
																	<td class='status pass' title='pass' alt='pass'><i class='fa fa-fa fa-check-circle-o'></i></td>
																	<td class='timestamp'>15:22:21</td>
																	<td class='step-details'>BC Play Prefrence disabled as expected and the status is:False<a href='https://azuga-automation.s3.amazonaws.com/main_Wed_May10_2017-15_22_11-IST.jpg' data-featherlight='image'><img class='report-img' src='https://azuga-automation.s3.amazonaws.com/main_Wed_May10_2017-15_22_11-IST.jpg' /></a></td>
																</tr>
																<tr>
																	<td class='status pass' title='pass' alt='pass'><i class='fa fa-fa fa-check-circle-o'></i></td>
																	<td class='timestamp'>15:22:21</td>
																	<td class='step-details'>Test passed</td>
																</tr>
																<tr>
																	<td class='status pass' title='pass' alt='pass'><i class='fa fa-fa fa-check-circle-o'></i></td>
																	<td class='timestamp'>15:22:21</td>
																	<td class='step-details'>Test passed</td>
																</tr>
														</tbody>
													</table>
													<ul class='collapsible node-list' data-collapsible='accordion'>
													</ul>
												</div>
											</div>
										</li>
										<li class='collection-item test displayed active pass ' extentid='c98b01f4-a0b5-4868-aa64-7feb75bdad1b'>
											<div class='test-head'>
												<span class='test-name'>breadcrumbReport_Play_Preference_Enable </span>
												<span class='test-status label right capitalize outline pass'>pass</span>
												<span class='category-assigned hide  breadcrumb-report aq31-releasecandidate10-05-2017-10144'></span>
											</div>
											<div class='test-body'>
												<div class='test-info'>
													<span title='Test started time' alt='Test started time' class='test-started-time label green lighten-2 text-white'>2017-05-10 15:20:33</span>
													<span title='Test ended time' alt='Test ended time' class='test-ended-time label red lighten-2 text-white'>2017-05-10 15:21:27</span>
													<span title='Time taken to finish' alt='Time taken to finish' class='test-time-taken label blue-grey lighten-3 text-white'>0h 0m 53s+762ms</span>
												</div>
												<div class='test-desc'>Checking BC_Play prefrences is enable in  Breadcrumb Report</div>
												<div class='test-attributes'>
														<div class='categories'>
																<span class='category text-white'>Breadcrumb-Report</span>
																<span class='category text-white'>AQ3.1-ReleaseCandidate.10-05-2017-10.144</span>
														</div>
												</div>
												<div class='test-steps'>
													<table class='bordered table-results'>
														<thead>
															<tr>
																<th>Status</th>
																<th>Timestamp</th>
																<th>Details</th>
															</tr>
														</thead>
														<tbody>
																<tr>
																	<td class='status info' title='info' alt='info'><i class='fa fa-fa fa-info-circle'></i></td>
																	<td class='timestamp'>15:20:33</td>
																	<td class='step-details'>Checking BC_Play prefrences is enable in  Breadcrumb Report</td>
																</tr>
																<tr>
																	<td class='status info' title='info' alt='info'><i class='fa fa-fa fa-info-circle'></i></td>
																	<td class='timestamp'>15:21:00</td>
																	<td class='step-details'>Navigating to Live Page to get vehicle details</td>
																</tr>
																<tr>
																	<td class='status info' title='info' alt='info'><i class='fa fa-fa fa-info-circle'></i></td>
																	<td class='timestamp'>15:21:07</td>
																	<td class='step-details'>Navigating Reports >BC Tab and generate Report</td>
																</tr>
																<tr>
																	<td class='status pass' title='pass' alt='pass'><i class='fa fa-fa fa-check-circle-o'></i></td>
																	<td class='timestamp'>15:21:27</td>
																	<td class='step-details'>BC Play Prefrence enabled as expected and the status is:True<a href='https://azuga-automation.s3.amazonaws.com/main_Wed_May10_2017-15_21_15-IST.jpg' data-featherlight='image'><img class='report-img' src='https://azuga-automation.s3.amazonaws.com/main_Wed_May10_2017-15_21_15-IST.jpg' /></a></td>
																</tr>
																<tr>
																	<td class='status pass' title='pass' alt='pass'><i class='fa fa-fa fa-check-circle-o'></i></td>
																	<td class='timestamp'>15:21:27</td>
																	<td class='step-details'>Test passed</td>
																</tr>
																<tr>
																	<td class='status pass' title='pass' alt='pass'><i class='fa fa-fa fa-check-circle-o'></i></td>
																	<td class='timestamp'>15:21:27</td>
																	<td class='step-details'>Test passed</td>
																</tr>
														</tbody>
													</table>
													<ul class='collapsible node-list' data-collapsible='accordion'>
													</ul>
												</div>
											</div>
										</li>
										<li class='collection-item test displayed active fail ' extentid='7fdf8ccb-7985-48c1-8788-3abca55fffa7'>
											<div class='test-head'>
												<span class='test-name'>breadcrumbReport_VehicleTagPackage_Disable </span>
												<span class='test-status label right capitalize outline fail'>fail</span>
												<span class='category-assigned hide  breadcrumb-report aq31-releasecandidate10-05-2017-10144'></span>
											</div>
											<div class='test-body'>
												<div class='test-info'>
													<span title='Test started time' alt='Test started time' class='test-started-time label green lighten-2 text-white'>2017-05-10 15:19:32</span>
													<span title='Test ended time' alt='Test ended time' class='test-ended-time label red lighten-2 text-white'>2017-05-10 15:20:33</span>
													<span title='Time taken to finish' alt='Time taken to finish' class='test-time-taken label blue-grey lighten-3 text-white'>0h 1m 1s+64ms</span>
												</div>
												<div class='test-desc'>Checking BC Report Headers when Tag(Vehicle Tag Package) package is disabled</div>
												<div class='test-attributes'>
														<div class='categories'>
																<span class='category text-white'>Breadcrumb-Report</span>
																<span class='category text-white'>AQ3.1-ReleaseCandidate.10-05-2017-10.144</span>
														</div>
												</div>
												<div class='test-steps'>
													<table class='bordered table-results'>
														<thead>
															<tr>
																<th>Status</th>
																<th>Timestamp</th>
																<th>Details</th>
															</tr>
														</thead>
														<tbody>
																<tr>
																	<td class='status info' title='info' alt='info'><i class='fa fa-fa fa-info-circle'></i></td>
																	<td class='timestamp'>15:19:32</td>
																	<td class='step-details'>Checking BC Report Headers when Tag(Vehicle Tag Package) package is disabled</td>
																</tr>
																<tr>
																	<td class='status info' title='info' alt='info'><i class='fa fa-fa fa-info-circle'></i></td>
																	<td class='timestamp'>15:20:22</td>
																	<td class='step-details'>Navigating Reports >BC Tab and generate Report</td>
																</tr>
																<tr>
																	<td class='status pass' title='pass' alt='pass'><i class='fa fa-fa fa-check-circle-o'></i></td>
																	<td class='timestamp'>15:20:27</td>
																	<td class='step-details'>Vehicle Tag option is displayed in UI:<a href='https://azuga-automation.s3.amazonaws.com/main_Wed_May10_2017-15_20_24-IST.jpg' data-featherlight='image'><img class='report-img' src='https://azuga-automation.s3.amazonaws.com/main_Wed_May10_2017-15_20_24-IST.jpg' /></a></td>
																</tr>
																<tr>
																	<td class='status fail' title='fail' alt='fail'><i class='fa fa-fa fa-times-circle-o'></i></td>
																	<td class='timestamp'>15:20:33</td>
																	<td class='step-details'><pre>null: lists don't have the same size expected [6] but found [7]</pre></td>
																</tr>
																<tr>
																	<td class='status fail' title='fail' alt='fail'><i class='fa fa-fa fa-times-circle-o'></i></td>
																	<td class='timestamp'>15:20:33</td>
																	<td class='step-details'><pre>java.lang.AssertionError: null: lists don't have the same size expected [6] but found [7]
	at org.testng.Assert.fail(Assert.java:94)
	at org.testng.Assert.failNotEquals(Assert.java:494)
	at org.testng.Assert.assertEquals(Assert.java:123)
	at org.testng.Assert.assertEquals(Assert.java:370)
	at org.testng.Assert.assertEquals(Assert.java:537)
	at org.testng.Assert.assertEquals(Assert.java:514)
	at com.azuga.sanitytests.reports.Breadcrumb.breadcrumbReport_VehicleTagPackage_Disable(Breadcrumb.java:596)
	at sun.reflect.NativeMethodAccessorImpl.invoke0(Native Method)
	at sun.reflect.NativeMethodAccessorImpl.invoke(NativeMethodAccessorImpl.java:62)
	at sun.reflect.DelegatingMethodAccessorImpl.invoke(DelegatingMethodAccessorImpl.java:43)
	at java.lang.reflect.Method.invoke(Method.java:497)
	at org.testng.internal.MethodInvocationHelper.invokeMethod(MethodInvocationHelper.java:85)
	at org.testng.internal.Invoker.invokeMethod(Invoker.java:696)
	at org.testng.internal.Invoker.invokeTestMethod(Invoker.java:882)
	at org.testng.internal.Invoker.invokeTestMethods(Invoker.java:1189)
	at org.testng.internal.TestMethodWorker.invokeTestMethods(TestMethodWorker.java:124)
	at org.testng.internal.TestMethodWorker.run(TestMethodWorker.java:108)
	at org.testng.TestRunner.privateRun(TestRunner.java:767)
	at org.testng.TestRunner.run(TestRunner.java:617)
	at org.testng.SuiteRunner.runTest(SuiteRunner.java:348)
	at org.testng.SuiteRunner.runSequentially(SuiteRunner.java:343)
	at org.testng.SuiteRunner.privateRun(SuiteRunner.java:305)
	at org.testng.SuiteRunner.run(SuiteRunner.java:254)
	at org.testng.SuiteRunnerWorker.runSuite(SuiteRunnerWorker.java:52)
	at org.testng.SuiteRunnerWorker.run(SuiteRunnerWorker.java:86)
	at org.testng.TestNG.runSuitesSequentially(TestNG.java:1224)
	at org.testng.TestNG.runSuitesLocally(TestNG.java:1149)
	at org.testng.TestNG.run(TestNG.java:1057)
	at org.apache.maven.surefire.testng.TestNGExecutor.run(TestNGExecutor.java:295)
	at org.apache.maven.surefire.testng.TestNGXmlTestSuite.execute(TestNGXmlTestSuite.java:84)
	at org.apache.maven.surefire.testng.TestNGProvider.invoke(TestNGProvider.java:90)
	at org.apache.maven.surefire.booter.ForkedBooter.invokeProviderInSameClassLoader(ForkedBooter.java:203)
	at org.apache.maven.surefire.booter.ForkedBooter.runSuitesInProcess(ForkedBooter.java:155)
	at org.apache.maven.surefire.booter.ForkedBooter.main(ForkedBooter.java:103)
</pre></td>
																</tr>
														</tbody>
													</table>
													<ul class='collapsible node-list' data-collapsible='accordion'>
													</ul>
												</div>
											</div>
										</li>
										<li class='collection-item test displayed active fail ' extentid='9c9fc56a-7ed3-452f-bc2e-6c2775320bd1'>
											<div class='test-head'>
												<span class='test-name'>breadcrumbReport_VehicleTagPackage_Enable </span>
												<span class='test-status label right capitalize outline fail'>fail</span>
												<span class='category-assigned hide  breadcrumb-report aq31-releasecandidate10-05-2017-10144'></span>
											</div>
											<div class='test-body'>
												<div class='test-info'>
													<span title='Test started time' alt='Test started time' class='test-started-time label green lighten-2 text-white'>2017-05-10 15:18:24</span>
													<span title='Test ended time' alt='Test ended time' class='test-ended-time label red lighten-2 text-white'>2017-05-10 15:19:32</span>
													<span title='Time taken to finish' alt='Time taken to finish' class='test-time-taken label blue-grey lighten-3 text-white'>0h 1m 8s+91ms</span>
												</div>
												<div class='test-desc'>Checking BC Report Headers when Tag(Vehicle Tag Package) package is disableded</div>
												<div class='test-attributes'>
														<div class='categories'>
																<span class='category text-white'>Breadcrumb-Report</span>
																<span class='category text-white'>AQ3.1-ReleaseCandidate.10-05-2017-10.144</span>
														</div>
												</div>
												<div class='test-steps'>
													<table class='bordered table-results'>
														<thead>
															<tr>
																<th>Status</th>
																<th>Timestamp</th>
																<th>Details</th>
															</tr>
														</thead>
														<tbody>
																<tr>
																	<td class='status info' title='info' alt='info'><i class='fa fa-fa fa-info-circle'></i></td>
																	<td class='timestamp'>15:18:24</td>
																	<td class='step-details'>Checking BC Report Headers when Tag(Vehicle Tag Package) package is disableded</td>
																</tr>
																<tr>
																	<td class='status info' title='info' alt='info'><i class='fa fa-fa fa-info-circle'></i></td>
																	<td class='timestamp'>15:19:20</td>
																	<td class='step-details'>Navigating Reports >BC Tab and generate Report</td>
																</tr>
																<tr>
																	<td class='status pass' title='pass' alt='pass'><i class='fa fa-fa fa-check-circle-o'></i></td>
																	<td class='timestamp'>15:19:26</td>
																	<td class='step-details'>Vehicle Tag option is displayed in UI:<a href='https://azuga-automation.s3.amazonaws.com/main_Wed_May10_2017-15_19_23-IST.jpg' data-featherlight='image'><img class='report-img' src='https://azuga-automation.s3.amazonaws.com/main_Wed_May10_2017-15_19_23-IST.jpg' /></a></td>
																</tr>
																<tr>
																	<td class='status fail' title='fail' alt='fail'><i class='fa fa-fa fa-times-circle-o'></i></td>
																	<td class='timestamp'>15:19:32</td>
																	<td class='step-details'><pre>null: lists don't have the same size expected [7] but found [8]</pre></td>
																</tr>
																<tr>
																	<td class='status fail' title='fail' alt='fail'><i class='fa fa-fa fa-times-circle-o'></i></td>
																	<td class='timestamp'>15:19:32</td>
																	<td class='step-details'><pre>java.lang.AssertionError: null: lists don't have the same size expected [7] but found [8]
	at org.testng.Assert.fail(Assert.java:94)
	at org.testng.Assert.failNotEquals(Assert.java:494)
	at org.testng.Assert.assertEquals(Assert.java:123)
	at org.testng.Assert.assertEquals(Assert.java:370)
	at org.testng.Assert.assertEquals(Assert.java:537)
	at org.testng.Assert.assertEquals(Assert.java:514)
	at com.azuga.sanitytests.reports.Breadcrumb.breadcrumbReport_VehicleTagPackage_Enable(Breadcrumb.java:521)
	at sun.reflect.NativeMethodAccessorImpl.invoke0(Native Method)
	at sun.reflect.NativeMethodAccessorImpl.invoke(NativeMethodAccessorImpl.java:62)
	at sun.reflect.DelegatingMethodAccessorImpl.invoke(DelegatingMethodAccessorImpl.java:43)
	at java.lang.reflect.Method.invoke(Method.java:497)
	at org.testng.internal.MethodInvocationHelper.invokeMethod(MethodInvocationHelper.java:85)
	at org.testng.internal.Invoker.invokeMethod(Invoker.java:696)
	at org.testng.internal.Invoker.invokeTestMethod(Invoker.java:882)
	at org.testng.internal.Invoker.invokeTestMethods(Invoker.java:1189)
	at org.testng.internal.TestMethodWorker.invokeTestMethods(TestMethodWorker.java:124)
	at org.testng.internal.TestMethodWorker.run(TestMethodWorker.java:108)
	at org.testng.TestRunner.privateRun(TestRunner.java:767)
	at org.testng.TestRunner.run(TestRunner.java:617)
	at org.testng.SuiteRunner.runTest(SuiteRunner.java:348)
	at org.testng.SuiteRunner.runSequentially(SuiteRunner.java:343)
	at org.testng.SuiteRunner.privateRun(SuiteRunner.java:305)
	at org.testng.SuiteRunner.run(SuiteRunner.java:254)
	at org.testng.SuiteRunnerWorker.runSuite(SuiteRunnerWorker.java:52)
	at org.testng.SuiteRunnerWorker.run(SuiteRunnerWorker.java:86)
	at org.testng.TestNG.runSuitesSequentially(TestNG.java:1224)
	at org.testng.TestNG.runSuitesLocally(TestNG.java:1149)
	at org.testng.TestNG.run(TestNG.java:1057)
	at org.apache.maven.surefire.testng.TestNGExecutor.run(TestNGExecutor.java:295)
	at org.apache.maven.surefire.testng.TestNGXmlTestSuite.execute(TestNGXmlTestSuite.java:84)
	at org.apache.maven.surefire.testng.TestNGProvider.invoke(TestNGProvider.java:90)
	at org.apache.maven.surefire.booter.ForkedBooter.invokeProviderInSameClassLoader(ForkedBooter.java:203)
	at org.apache.maven.surefire.booter.ForkedBooter.runSuitesInProcess(ForkedBooter.java:155)
	at org.apache.maven.surefire.booter.ForkedBooter.main(ForkedBooter.java:103)
</pre></td>
																</tr>
														</tbody>
													</table>
													<ul class='collapsible node-list' data-collapsible='accordion'>
													</ul>
												</div>
											</div>
										</li>
										<li class='collection-item test displayed active fail ' extentid='1d306905-90a8-46ef-8bd1-1c4f6555b04e'>
											<div class='test-head'>
												<span class='test-name'>breadcrumbReport_Driver_Asset_Preference_Enabled </span>
												<span class='test-status label right capitalize outline fail'>fail</span>
												<span class='category-assigned hide  breadcrumb-report aq31-releasecandidate10-05-2017-10144'></span>
											</div>
											<div class='test-body'>
												<div class='test-info'>
													<span title='Test started time' alt='Test started time' class='test-started-time label green lighten-2 text-white'>2017-05-10 15:17:05</span>
													<span title='Test ended time' alt='Test ended time' class='test-ended-time label red lighten-2 text-white'>2017-05-10 15:18:24</span>
													<span title='Time taken to finish' alt='Time taken to finish' class='test-time-taken label blue-grey lighten-3 text-white'>0h 1m 18s+263ms</span>
												</div>
												<div class='test-desc'>Genertating BC Report when Driver ans Asset Preference Enabled </div>
												<div class='test-attributes'>
														<div class='categories'>
																<span class='category text-white'>Breadcrumb-Report</span>
																<span class='category text-white'>AQ3.1-ReleaseCandidate.10-05-2017-10.144</span>
														</div>
												</div>
												<div class='test-steps'>
													<table class='bordered table-results'>
														<thead>
															<tr>
																<th>Status</th>
																<th>Timestamp</th>
																<th>Details</th>
															</tr>
														</thead>
														<tbody>
																<tr>
																	<td class='status info' title='info' alt='info'><i class='fa fa-fa fa-info-circle'></i></td>
																	<td class='timestamp'>15:17:05</td>
																	<td class='step-details'>Genertating BC Report when Driver ans Asset Preference Disabled</td>
																</tr>
																<tr>
																	<td class='status info' title='info' alt='info'><i class='fa fa-fa fa-info-circle'></i></td>
																	<td class='timestamp'>15:17:09</td>
																	<td class='step-details'>Navigating to Live Page</td>
																</tr>
																<tr>
																	<td class='status info' title='info' alt='info'><i class='fa fa-fa fa-info-circle'></i></td>
																	<td class='timestamp'>15:18:14</td>
																	<td class='step-details'>Navigating to Reports Page: <a href='https://azuga-automation.s3.amazonaws.com/Breadcrumb%20Report_Wed_May10_2017-15_18_11-IST.jpg' data-featherlight='image'><img class='report-img' src='https://azuga-automation.s3.amazonaws.com/Breadcrumb%20Report_Wed_May10_2017-15_18_11-IST.jpg' /></a></td>
																</tr>
																<tr>
																	<td class='status fail' title='fail' alt='fail'><i class='fa fa-fa fa-times-circle-o'></i></td>
																	<td class='timestamp'>15:18:24</td>
																	<td class='step-details'><pre>null: lists don't have the same size expected [8] but found [9]</pre></td>
																</tr>
																<tr>
																	<td class='status fail' title='fail' alt='fail'><i class='fa fa-fa fa-times-circle-o'></i></td>
																	<td class='timestamp'>15:18:24</td>
																	<td class='step-details'><pre>java.lang.AssertionError: null: lists don't have the same size expected [8] but found [9]
	at org.testng.Assert.fail(Assert.java:94)
	at org.testng.Assert.failNotEquals(Assert.java:494)
	at org.testng.Assert.assertEquals(Assert.java:123)
	at org.testng.Assert.assertEquals(Assert.java:370)
	at org.testng.Assert.assertEquals(Assert.java:537)
	at org.testng.Assert.assertEquals(Assert.java:514)
	at com.azuga.sanitytests.reports.Breadcrumb.breadcrumbReport_Driver_Asset_Preference_Enabled(Breadcrumb.java:337)
	at sun.reflect.NativeMethodAccessorImpl.invoke0(Native Method)
	at sun.reflect.NativeMethodAccessorImpl.invoke(NativeMethodAccessorImpl.java:62)
	at sun.reflect.DelegatingMethodAccessorImpl.invoke(DelegatingMethodAccessorImpl.java:43)
	at java.lang.reflect.Method.invoke(Method.java:497)
	at org.testng.internal.MethodInvocationHelper.invokeMethod(MethodInvocationHelper.java:85)
	at org.testng.internal.Invoker.invokeMethod(Invoker.java:696)
	at org.testng.internal.Invoker.invokeTestMethod(Invoker.java:882)
	at org.testng.internal.Invoker.invokeTestMethods(Invoker.java:1189)
	at org.testng.internal.TestMethodWorker.invokeTestMethods(TestMethodWorker.java:124)
	at org.testng.internal.TestMethodWorker.run(TestMethodWorker.java:108)
	at org.testng.TestRunner.privateRun(TestRunner.java:767)
	at org.testng.TestRunner.run(TestRunner.java:617)
	at org.testng.SuiteRunner.runTest(SuiteRunner.java:348)
	at org.testng.SuiteRunner.runSequentially(SuiteRunner.java:343)
	at org.testng.SuiteRunner.privateRun(SuiteRunner.java:305)
	at org.testng.SuiteRunner.run(SuiteRunner.java:254)
	at org.testng.SuiteRunnerWorker.runSuite(SuiteRunnerWorker.java:52)
	at org.testng.SuiteRunnerWorker.run(SuiteRunnerWorker.java:86)
	at org.testng.TestNG.runSuitesSequentially(TestNG.java:1224)
	at org.testng.TestNG.runSuitesLocally(TestNG.java:1149)
	at org.testng.TestNG.run(TestNG.java:1057)
	at org.apache.maven.surefire.testng.TestNGExecutor.run(TestNGExecutor.java:295)
	at org.apache.maven.surefire.testng.TestNGXmlTestSuite.execute(TestNGXmlTestSuite.java:84)
	at org.apache.maven.surefire.testng.TestNGProvider.invoke(TestNGProvider.java:90)
	at org.apache.maven.surefire.booter.ForkedBooter.invokeProviderInSameClassLoader(ForkedBooter.java:203)
	at org.apache.maven.surefire.booter.ForkedBooter.runSuitesInProcess(ForkedBooter.java:155)
	at org.apache.maven.surefire.booter.ForkedBooter.main(ForkedBooter.java:103)
</pre></td>
																</tr>
														</tbody>
													</table>
													<ul class='collapsible node-list' data-collapsible='accordion'>
													</ul>
												</div>
											</div>
										</li>
										<li class='collection-item test displayed active fail ' extentid='1ab4003d-c407-436d-b290-6bec5d1f92c4'>
											<div class='test-head'>
												<span class='test-name'>breadcrumbReport_Driver_Asset_Preference_Disabled </span>
												<span class='test-status label right capitalize outline fail'>fail</span>
												<span class='category-assigned hide  breadcrumb-report aq31-releasecandidate10-05-2017-10144'></span>
											</div>
											<div class='test-body'>
												<div class='test-info'>
													<span title='Test started time' alt='Test started time' class='test-started-time label green lighten-2 text-white'>2017-05-10 15:15:18</span>
													<span title='Test ended time' alt='Test ended time' class='test-ended-time label red lighten-2 text-white'>2017-05-10 15:17:05</span>
													<span title='Time taken to finish' alt='Time taken to finish' class='test-time-taken label blue-grey lighten-3 text-white'>0h 1m 47s+558ms</span>
												</div>
												<div class='test-desc'>Genertating BC Report when Driver and Asset Preference Disabled </div>
												<div class='test-attributes'>
														<div class='categories'>
																<span class='category text-white'>Breadcrumb-Report</span>
																<span class='category text-white'>AQ3.1-ReleaseCandidate.10-05-2017-10.144</span>
														</div>
												</div>
												<div class='test-steps'>
													<table class='bordered table-results'>
														<thead>
															<tr>
																<th>Status</th>
																<th>Timestamp</th>
																<th>Details</th>
															</tr>
														</thead>
														<tbody>
																<tr>
																	<td class='status info' title='info' alt='info'><i class='fa fa-fa fa-info-circle'></i></td>
																	<td class='timestamp'>15:15:18</td>
																	<td class='step-details'>Genertating BC Report when Driver ans Asset Preference Disabled</td>
																</tr>
																<tr>
																	<td class='status info' title='info' alt='info'><i class='fa fa-fa fa-info-circle'></i></td>
																	<td class='timestamp'>15:15:21</td>
																	<td class='step-details'>Navigating to Live Page</td>
																</tr>
																<tr>
																	<td class='status info' title='info' alt='info'><i class='fa fa-fa fa-info-circle'></i></td>
																	<td class='timestamp'>15:16:56</td>
																	<td class='step-details'>Navigating to Reports Page: <a href='https://azuga-automation.s3.amazonaws.com/Breadcrumb%20Report_Wed_May10_2017-15_16_50-IST.jpg' data-featherlight='image'><img class='report-img' src='https://azuga-automation.s3.amazonaws.com/Breadcrumb%20Report_Wed_May10_2017-15_16_50-IST.jpg' /></a></td>
																</tr>
																<tr>
																	<td class='status fail' title='fail' alt='fail'><i class='fa fa-fa fa-times-circle-o'></i></td>
																	<td class='timestamp'>15:17:05</td>
																	<td class='step-details'><pre>null: lists don't have the same size expected [6] but found [7]</pre></td>
																</tr>
																<tr>
																	<td class='status fail' title='fail' alt='fail'><i class='fa fa-fa fa-times-circle-o'></i></td>
																	<td class='timestamp'>15:17:05</td>
																	<td class='step-details'><pre>java.lang.AssertionError: null: lists don't have the same size expected [6] but found [7]
	at org.testng.Assert.fail(Assert.java:94)
	at org.testng.Assert.failNotEquals(Assert.java:494)
	at org.testng.Assert.assertEquals(Assert.java:123)
	at org.testng.Assert.assertEquals(Assert.java:370)
	at org.testng.Assert.assertEquals(Assert.java:537)
	at org.testng.Assert.assertEquals(Assert.java:514)
	at com.azuga.sanitytests.reports.Breadcrumb.breadcrumbReport_Driver_Asset_Preference_Disabled(Breadcrumb.java:429)
	at sun.reflect.NativeMethodAccessorImpl.invoke0(Native Method)
	at sun.reflect.NativeMethodAccessorImpl.invoke(NativeMethodAccessorImpl.java:62)
	at sun.reflect.DelegatingMethodAccessorImpl.invoke(DelegatingMethodAccessorImpl.java:43)
	at java.lang.reflect.Method.invoke(Method.java:497)
	at org.testng.internal.MethodInvocationHelper.invokeMethod(MethodInvocationHelper.java:85)
	at org.testng.internal.Invoker.invokeMethod(Invoker.java:696)
	at org.testng.internal.Invoker.invokeTestMethod(Invoker.java:882)
	at org.testng.internal.Invoker.invokeTestMethods(Invoker.java:1189)
	at org.testng.internal.TestMethodWorker.invokeTestMethods(TestMethodWorker.java:124)
	at org.testng.internal.TestMethodWorker.run(TestMethodWorker.java:108)
	at org.testng.TestRunner.privateRun(TestRunner.java:767)
	at org.testng.TestRunner.run(TestRunner.java:617)
	at org.testng.SuiteRunner.runTest(SuiteRunner.java:348)
	at org.testng.SuiteRunner.runSequentially(SuiteRunner.java:343)
	at org.testng.SuiteRunner.privateRun(SuiteRunner.java:305)
	at org.testng.SuiteRunner.run(SuiteRunner.java:254)
	at org.testng.SuiteRunnerWorker.runSuite(SuiteRunnerWorker.java:52)
	at org.testng.SuiteRunnerWorker.run(SuiteRunnerWorker.java:86)
	at org.testng.TestNG.runSuitesSequentially(TestNG.java:1224)
	at org.testng.TestNG.runSuitesLocally(TestNG.java:1149)
	at org.testng.TestNG.run(TestNG.java:1057)
	at org.apache.maven.surefire.testng.TestNGExecutor.run(TestNGExecutor.java:295)
	at org.apache.maven.surefire.testng.TestNGXmlTestSuite.execute(TestNGXmlTestSuite.java:84)
	at org.apache.maven.surefire.testng.TestNGProvider.invoke(TestNGProvider.java:90)
	at org.apache.maven.surefire.booter.ForkedBooter.invokeProviderInSameClassLoader(ForkedBooter.java:203)
	at org.apache.maven.surefire.booter.ForkedBooter.runSuitesInProcess(ForkedBooter.java:155)
	at org.apache.maven.surefire.booter.ForkedBooter.main(ForkedBooter.java:103)
</pre></td>
																</tr>
														</tbody>
													</table>
													<ul class='collapsible node-list' data-collapsible='accordion'>
													</ul>
												</div>
											</div>
										</li>
										<li class='collection-item test displayed active pass ' extentid='04d4d8ea-57ce-4d65-b822-c7eac8f7087e'>
											<div class='test-head'>
												<span class='test-name'>liveBreadcrumb_and_ReportBreadcrumb </span>
												<span class='test-status label right capitalize outline pass'>pass</span>
												<span class='category-assigned hide  breadcrumb-report aq31-releasecandidate10-05-2017-10144'></span>
											</div>
											<div class='test-body'>
												<div class='test-info'>
													<span title='Test started time' alt='Test started time' class='test-started-time label green lighten-2 text-white'>2017-05-10 15:14:24</span>
													<span title='Test ended time' alt='Test ended time' class='test-ended-time label red lighten-2 text-white'>2017-05-10 15:15:18</span>
													<span title='Time taken to finish' alt='Time taken to finish' class='test-time-taken label blue-grey lighten-3 text-white'>0h 0m 53s+965ms</span>
												</div>
												<div class='test-desc'>Cross verifying All Events in Live Page and Report Breadcrumb</div>
												<div class='test-attributes'>
														<div class='categories'>
																<span class='category text-white'>Breadcrumb-Report</span>
																<span class='category text-white'>AQ3.1-ReleaseCandidate.10-05-2017-10.144</span>
														</div>
												</div>
												<div class='test-steps'>
													<table class='bordered table-results'>
														<thead>
															<tr>
																<th>Status</th>
																<th>Timestamp</th>
																<th>Details</th>
															</tr>
														</thead>
														<tbody>
																<tr>
																	<td class='status info' title='info' alt='info'><i class='fa fa-fa fa-info-circle'></i></td>
																	<td class='timestamp'>15:14:24</td>
																	<td class='step-details'>Cross verifying Breadcrumb Report All Events in Live Page and Report Breadcrumb</td>
																</tr>
																<tr>
																	<td class='status info' title='info' alt='info'><i class='fa fa-fa fa-info-circle'></i></td>
																	<td class='timestamp'>15:14:40</td>
																	<td class='step-details'>Navigating to Live Page <a href='https://azuga-automation.s3.amazonaws.com/main_Wed_May10_2017-15_14_28-IST.jpg' data-featherlight='image'><img class='report-img' src='https://azuga-automation.s3.amazonaws.com/main_Wed_May10_2017-15_14_28-IST.jpg' /></a></td>
																</tr>
																<tr>
																	<td class='status info' title='info' alt='info'><i class='fa fa-fa fa-info-circle'></i></td>
																	<td class='timestamp'>15:14:53</td>
																	<td class='step-details'>Navigating to BreadCrumb View Page: <a href='https://azuga-automation.s3.amazonaws.com/main_Wed_May10_2017-15_14_41-IST.jpg' data-featherlight='image'><img class='report-img' src='https://azuga-automation.s3.amazonaws.com/main_Wed_May10_2017-15_14_41-IST.jpg' /></a></td>
																</tr>
																<tr>
																	<td class='status info' title='info' alt='info'><i class='fa fa-fa fa-info-circle'></i></td>
																	<td class='timestamp'>15:14:54</td>
																	<td class='step-details'>Capturing all Events in Breadcrumb from Live Page</td>
																</tr>
																<tr>
																	<td class='status info' title='info' alt='info'><i class='fa fa-fa fa-info-circle'></i></td>
																	<td class='timestamp'>15:14:57</td>
																	<td class='step-details'>Navigating Reports Page</td>
																</tr>
																<tr>
																	<td class='status info' title='info' alt='info'><i class='fa fa-fa fa-info-circle'></i></td>
																	<td class='timestamp'>15:14:59</td>
																	<td class='step-details'>Navigating Breadcrumb Report Tab</td>
																</tr>
																<tr>
																	<td class='status pass' title='pass' alt='pass'><i class='fa fa-fa fa-check-circle-o'></i></td>
																	<td class='timestamp'>15:15:18</td>
																	<td class='step-details'>Live Page Breadcrumb Reports & Report>Breadcrumb Reports generated as expected:<a href='https://azuga-automation.s3.amazonaws.com/main_Wed_May10_2017-15_15_07-IST.jpg' data-featherlight='image'><img class='report-img' src='https://azuga-automation.s3.amazonaws.com/main_Wed_May10_2017-15_15_07-IST.jpg' /></a></td>
																</tr>
																<tr>
																	<td class='status pass' title='pass' alt='pass'><i class='fa fa-fa fa-check-circle-o'></i></td>
																	<td class='timestamp'>15:15:18</td>
																	<td class='step-details'>Test passed</td>
																</tr>
																<tr>
																	<td class='status pass' title='pass' alt='pass'><i class='fa fa-fa fa-check-circle-o'></i></td>
																	<td class='timestamp'>15:15:18</td>
																	<td class='step-details'>Test passed</td>
																</tr>
														</tbody>
													</table>
													<ul class='collapsible node-list' data-collapsible='accordion'>
													</ul>
												</div>
											</div>
										</li>
										<li class='collection-item test displayed active fail ' extentid='d15f03e1-f8d7-47a8-934b-7d1050a50509'>
											<div class='test-head'>
												<span class='test-name'>breadcrumbReport_VehicleTag </span>
												<span class='test-status label right capitalize outline fail'>fail</span>
												<span class='category-assigned hide  breadcrumb-report aq31-releasecandidate10-05-2017-10144'></span>
											</div>
											<div class='test-body'>
												<div class='test-info'>
													<span title='Test started time' alt='Test started time' class='test-started-time label green lighten-2 text-white'>2017-05-10 15:14:07</span>
													<span title='Test ended time' alt='Test ended time' class='test-ended-time label red lighten-2 text-white'>2017-05-10 15:14:24</span>
													<span title='Time taken to finish' alt='Time taken to finish' class='test-time-taken label blue-grey lighten-3 text-white'>0h 0m 17s+219ms</span>
												</div>
												<div class='test-desc'>Genertating BC Report by providing Tag Name</div>
												<div class='test-attributes'>
														<div class='categories'>
																<span class='category text-white'>Breadcrumb-Report</span>
																<span class='category text-white'>AQ3.1-ReleaseCandidate.10-05-2017-10.144</span>
														</div>
												</div>
												<div class='test-steps'>
													<table class='bordered table-results'>
														<thead>
															<tr>
																<th>Status</th>
																<th>Timestamp</th>
																<th>Details</th>
															</tr>
														</thead>
														<tbody>
																<tr>
																	<td class='status info' title='info' alt='info'><i class='fa fa-fa fa-info-circle'></i></td>
																	<td class='timestamp'>15:14:07</td>
																	<td class='step-details'>Genertating BC Report by providing Tag Name</td>
																</tr>
																<tr>
																	<td class='status info' title='info' alt='info'><i class='fa fa-fa fa-info-circle'></i></td>
																	<td class='timestamp'>15:14:11</td>
																	<td class='step-details'>Navigating to Live Page to get vehicle details</td>
																</tr>
																<tr>
																	<td class='status info' title='info' alt='info'><i class='fa fa-fa fa-info-circle'></i></td>
																	<td class='timestamp'>15:14:18</td>
																	<td class='step-details'>Navigating Reports >BC Tab and generate Report</td>
																</tr>
																<tr>
																	<td class='status fail' title='fail' alt='fail'><i class='fa fa-fa fa-times-circle-o'></i></td>
																	<td class='timestamp'>15:14:24</td>
																	<td class='step-details'><pre>unknown error: Element <input class="report-generate hide-elem" id="generate-button" name="show" type="button" value="Generate Report" style="overflow: hidden; display: inline-block;"> is not clickable at point (93, 402). Other element would receive the click: <li class="no-results">...</li>
  (Session info: chrome=57.0.2987.133)
  (Driver info: chromedriver=2.29.461591 (62ebf098771772160f391d75e589dc567915b233),platform=Windows NT 6.1.7601 SP1 x86_64) (WARNING: The server did not provide any stacktrace information)
Command duration or timeout: 37 milliseconds
Build info: version: '2.44.0', revision: '76d78cf323ce037c5f92db6c1bba601c2ac43ad8', time: '2014-10-23 13:11:40'
System info: host: 'Automation-2', ip: '192.168.11.169', os.name: 'Windows 7', os.arch: 'amd64', os.version: '6.1', java.version: '1.8.0_45'
Driver info: org.openqa.selenium.chrome.ChromeDriver
Capabilities [{applicationCacheEnabled=false, rotatable=false, mobileEmulationEnabled=false, networkConnectionEnabled=false, chrome={chromedriverVersion=2.29.461591 (62ebf098771772160f391d75e589dc567915b233), userDataDir=C:\Users\Azuga\AppData\Local\Temp\scoped_dir2088_10383}, takesHeapSnapshot=true, pageLoadStrategy=normal, databaseEnabled=false, handlesAlerts=true, hasTouchScreen=false, version=57.0.2987.133, platform=XP, browserConnectionEnabled=false, nativeEvents=true, acceptSslCerts=true, locationContextEnabled=true, webStorageEnabled=true, browserName=chrome, takesScreenshot=true, javascriptEnabled=true, cssSelectorsEnabled=true, unexpectedAlertBehaviour=}]
Session ID: e9c42e6dd4d436ef5cb7daf19116e049</pre></td>
																</tr>
																<tr>
																	<td class='status fail' title='fail' alt='fail'><i class='fa fa-fa fa-times-circle-o'></i></td>
																	<td class='timestamp'>15:14:24</td>
																	<td class='step-details'><textarea>org.openqa.selenium.WebDriverException: unknown error: Element <input class="report-generate hide-elem" id="generate-button" name="show" type="button" value="Generate Report" style="overflow: hidden; display: inline-block;"> is not clickable at point (93, 402). Other element would receive the click: <li class="no-results">...</li>
  (Session info: chrome=57.0.2987.133)
  (Driver info: chromedriver=2.29.461591 (62ebf098771772160f391d75e589dc567915b233),platform=Windows NT 6.1.7601 SP1 x86_64) (WARNING: The server did not provide any stacktrace information)
Command duration or timeout: 37 milliseconds
Build info: version: '2.44.0', revision: '76d78cf323ce037c5f92db6c1bba601c2ac43ad8', time: '2014-10-23 13:11:40'
System info: host: 'Automation-2', ip: '192.168.11.169', os.name: 'Windows 7', os.arch: 'amd64', os.version: '6.1', java.version: '1.8.0_45'
Driver info: org.openqa.selenium.chrome.ChromeDriver
Capabilities [{applicationCacheEnabled=false, rotatable=false, mobileEmulationEnabled=false, networkConnectionEnabled=false, chrome={chromedriverVersion=2.29.461591 (62ebf098771772160f391d75e589dc567915b233), userDataDir=C:\Users\Azuga\AppData\Local\Temp\scoped_dir2088_10383}, takesHeapSnapshot=true, pageLoadStrategy=normal, databaseEnabled=false, handlesAlerts=true, hasTouchScreen=false, version=57.0.2987.133, platform=XP, browserConnectionEnabled=false, nativeEvents=true, acceptSslCerts=true, locationContextEnabled=true, webStorageEnabled=true, browserName=chrome, takesScreenshot=true, javascriptEnabled=true, cssSelectorsEnabled=true, unexpectedAlertBehaviour=}]
Session ID: e9c42e6dd4d436ef5cb7daf19116e049
	at sun.reflect.NativeConstructorAccessorImpl.newInstance0(Native Method)
	at sun.reflect.NativeConstructorAccessorImpl.newInstance(NativeConstructorAccessorImpl.java:62)
	at sun.reflect.DelegatingConstructorAccessorImpl.newInstance(DelegatingConstructorAccessorImpl.java:45)
	at java.lang.reflect.Constructor.newInstance(Constructor.java:422)
	at org.openqa.selenium.remote.ErrorHandler.createThrowable(ErrorHandler.java:204)
	at org.openqa.selenium.remote.ErrorHandler.throwIfResponseFailed(ErrorHandler.java:156)
	at org.openqa.selenium.remote.RemoteWebDriver.execute(RemoteWebDriver.java:599)
	at org.openqa.selenium.remote.RemoteWebElement.execute(RemoteWebElement.java:268)
	at org.openqa.selenium.remote.RemoteWebElement.click(RemoteWebElement.java:79)
	at sun.reflect.GeneratedMethodAccessor5.invoke(Unknown Source)
	at sun.reflect.DelegatingMethodAccessorImpl.invoke(DelegatingMethodAccessorImpl.java:43)
	at java.lang.reflect.Method.invoke(Method.java:497)
	at org.openqa.selenium.support.pagefactory.internal.LocatingElementHandler.invoke(LocatingElementHandler.java:50)
	at com.sun.proxy.$Proxy7.click(Unknown Source)
	at com.azuga.source.reports.BreadcrumbReportSource.clickgenerateBtn(BreadcrumbReportSource.java:45)
	at com.azuga.sanitytests.reports.Breadcrumb.breadcrumbReport_VehicleTag(Breadcrumb.java:183)
	at sun.reflect.NativeMethodAccessorImpl.invoke0(Native Method)
	at sun.reflect.NativeMethodAccessorImpl.invoke(NativeMethodAccessorImpl.java:62)
	at sun.reflect.DelegatingMethodAccessorImpl.invoke(DelegatingMethodAccessorImpl.java:43)
	at java.lang.reflect.Method.invoke(Method.java:497)
	at org.testng.internal.MethodInvocationHelper.invokeMethod(MethodInvocationHelper.java:85)
	at org.testng.internal.Invoker.invokeMethod(Invoker.java:696)
	at org.testng.internal.Invoker.invokeTestMethod(Invoker.java:882)
	at org.testng.internal.Invoker.invokeTestMethods(Invoker.java:1189)
	at org.testng.internal.TestMethodWorker.invokeTestMethods(TestMethodWorker.java:124)
	at org.testng.internal.TestMethodWorker.run(TestMethodWorker.java:108)
	at org.testng.TestRunner.privateRun(TestRunner.java:767)
	at org.testng.TestRunner.run(TestRunner.java:617)
	at org.testng.SuiteRunner.runTest(SuiteRunner.java:348)
	at org.testng.SuiteRunner.runSequentially(SuiteRunner.java:343)
	at org.testng.SuiteRunner.privateRun(SuiteRunner.java:305)
	at org.testng.SuiteRunner.run(SuiteRunner.java:254)
	at org.testng.SuiteRunnerWorker.runSuite(SuiteRunnerWorker.java:52)
	at org.testng.SuiteRunnerWorker.run(SuiteRunnerWorker.java:86)
	at org.testng.TestNG.runSuitesSequentially(TestNG.java:1224)
	at org.testng.TestNG.runSuitesLocally(TestNG.java:1149)
	at org.testng.TestNG.run(TestNG.java:1057)
	at org.apache.maven.surefire.testng.TestNGExecutor.run(TestNGExecutor.java:295)
	at org.apache.maven.surefire.testng.TestNGXmlTestSuite.execute(TestNGXmlTestSuite.java:84)
	at org.apache.maven.surefire.testng.TestNGProvider.invoke(TestNGProvider.java:90)
	at org.apache.maven.surefire.booter.ForkedBooter.invokeProviderInSameClassLoader(ForkedBooter.java:203)
	at org.apache.maven.surefire.booter.ForkedBooter.runSuitesInProcess(ForkedBooter.java:155)
	at org.apache.maven.surefire.booter.ForkedBooter.main(ForkedBooter.java:103)
</textarea></td>
																</tr>
														</tbody>
													</table>
													<ul class='collapsible node-list' data-collapsible='accordion'>
													</ul>
												</div>
											</div>
										</li>
										<li class='collection-item test displayed active pass ' extentid='a13cba43-14d3-4795-8b0d-02cc728c5a27'>
											<div class='test-head'>
												<span class='test-name'>breadcrumbReport_Default_BC_Generation </span>
												<span class='test-status label right capitalize outline pass'>pass</span>
												<span class='category-assigned hide  breadcrumb-report aq31-releasecandidate10-05-2017-10144'></span>
											</div>
											<div class='test-body'>
												<div class='test-info'>
													<span title='Test started time' alt='Test started time' class='test-started-time label green lighten-2 text-white'>2017-05-10 15:12:14</span>
													<span title='Test ended time' alt='Test ended time' class='test-ended-time label red lighten-2 text-white'>2017-05-10 15:14:07</span>
													<span title='Time taken to finish' alt='Time taken to finish' class='test-time-taken label blue-grey lighten-3 text-white'>0h 1m 52s+273ms</span>
												</div>
												<div class='test-desc'>Genertating BC Report</div>
												<div class='test-attributes'>
														<div class='categories'>
																<span class='category text-white'>Breadcrumb-Report</span>
																<span class='category text-white'>AQ3.1-ReleaseCandidate.10-05-2017-10.144</span>
														</div>
												</div>
												<div class='test-steps'>
													<table class='bordered table-results'>
														<thead>
															<tr>
																<th>Status</th>
																<th>Timestamp</th>
																<th>Details</th>
															</tr>
														</thead>
														<tbody>
																<tr>
																	<td class='status info' title='info' alt='info'><i class='fa fa-fa fa-info-circle'></i></td>
																	<td class='timestamp'>15:12:14</td>
																	<td class='step-details'>Genertating BC Report</td>
																</tr>
																<tr>
																	<td class='status info' title='info' alt='info'><i class='fa fa-fa fa-info-circle'></i></td>
																	<td class='timestamp'>15:13:24</td>
																	<td class='step-details'>Navigating to Live Page <a href='https://azuga-automation.s3.amazonaws.com/main_Wed_May10_2017-15_13_12-IST.jpg' data-featherlight='image'><img class='report-img' src='https://azuga-automation.s3.amazonaws.com/main_Wed_May10_2017-15_13_12-IST.jpg' /></a></td>
																</tr>
																<tr>
																	<td class='status info' title='info' alt='info'><i class='fa fa-fa fa-info-circle'></i></td>
																	<td class='timestamp'>15:13:39</td>
																	<td class='step-details'>Navigating to Reports Page: <a href='https://azuga-automation.s3.amazonaws.com/null_Wed_May10_2017-15_13_34-IST.jpg' data-featherlight='image'><img class='report-img' src='https://azuga-automation.s3.amazonaws.com/null_Wed_May10_2017-15_13_34-IST.jpg' /></a></td>
																</tr>
																<tr>
																	<td class='status info' title='info' alt='info'><i class='fa fa-fa fa-info-circle'></i></td>
																	<td class='timestamp'>15:13:39</td>
																	<td class='step-details'>Navigating BC Report Page</td>
																</tr>
																<tr>
																	<td class='status pass' title='pass' alt='pass'><i class='fa fa-fa fa-check-circle-o'></i></td>
																	<td class='timestamp'>15:13:55</td>
																	<td class='step-details'>Generated BC Report as expected:<a href='https://azuga-automation.s3.amazonaws.com/main_Wed_May10_2017-15_13_47-IST.jpg' data-featherlight='image'><img class='report-img' src='https://azuga-automation.s3.amazonaws.com/main_Wed_May10_2017-15_13_47-IST.jpg' /></a></td>
																</tr>
																<tr>
																	<td class='status pass' title='pass' alt='pass'><i class='fa fa-fa fa-check-circle-o'></i></td>
																	<td class='timestamp'>15:14:07</td>
																	<td class='step-details'>Generated Activity Report with one vehicle and with associated Tag as expected:<a href='https://azuga-automation.s3.amazonaws.com/main_Wed_May10_2017-15_13_56-IST.jpg' data-featherlight='image'><img class='report-img' src='https://azuga-automation.s3.amazonaws.com/main_Wed_May10_2017-15_13_56-IST.jpg' /></a></td>
																</tr>
																<tr>
																	<td class='status pass' title='pass' alt='pass'><i class='fa fa-fa fa-check-circle-o'></i></td>
																	<td class='timestamp'>15:14:07</td>
																	<td class='step-details'>Test passed</td>
																</tr>
																<tr>
																	<td class='status pass' title='pass' alt='pass'><i class='fa fa-fa fa-check-circle-o'></i></td>
																	<td class='timestamp'>15:14:07</td>
																	<td class='step-details'>Test passed</td>
																</tr>
														</tbody>
													</table>
													<ul class='collapsible node-list' data-collapsible='accordion'>
													</ul>
												</div>
											</div>
										</li>
								</ul>
							</div>
						</div>
					</div>
				</div>
				<div id='test-details-wrapper' class='col _addedCell2'>
					<div class='contents'>
						<div class='card-panel details-view'>
							<h5 class='details-name'></h5>
							<div class='step-filters right'>
								<span class='info' alt='info' title='info'><i class='fa fa-info-circle'></i></span>
								<span class='pass' alt='pass' title='pass'><i class='fa fa-check-circle-o'></i></span>
								<span class='fail' alt='fail' title='fail'><i class='fa fa-times-circle-o'></i></span>
								<span class='fatal' alt='fatal' title='fatal'><i class='fa fa-times-circle-o'></i></span>
								<span class='error' alt='error' title='error'><i class='fa fa-exclamation-circle'></i></span>
								<span class='warning' alt='warning' title='warning'><i class='fa fa-warning'></i></span>
								<span class='skip' alt='skip' title='skip'><i class='fa fa-chevron-circle-right'></i></span>
								<span class='clear-step-filter' alt='Clear filters' title='Clear filters'><i class='fa fa-times'></i></span>
							</div>
							<div class='details-container'>
							</div>
						</div>
					</div>
				</div>
			</div>
			<!-- /tests -->
			
			<!-- categories -->
				<div id='categories-view' class='row _addedTable hide'>
					<div class='col _addedCell1'>
						<div class='contents'>
							<div class='card-panel heading'>
								<h5>Categories</h5>
							</div>
							<div class='card-panel filters'>
								<div class='search' alt='Search tests' title='Search tests'>
									<div class='input-field left'>
										<input id='searchTests' type='text' class='validate' placeholder='Search tests...'>
									</div>
									<i class='fa fa-search icon'></i>
								</div>
							</div>
							<div class='card-panel no-padding-h no-padding-v'>
								<div class='wrapper'>
									<ul id='cat-collection' class='cat-collection'>
											<li class='category-item displayed'>
												<div class='cat-head'>
													<span class='category-name'>AQ3.1-ReleaseCandidate.10-05-2017-10.144</span>
												</div>
												<div class='category-status-counts'>
														<span class='pass label dot'>Pass: 20</span>
														<span class='fail label dot'>Fail: 13</span>
												</div>
												<div class='cat-body'>
													<div class='category-status-counts'>
														<div class='button-group'>
															<a href='#!' class='pass label filter'>Pass <span class='icon'>20</span></a>
															<a href='#!' class='fail label filter'>Fail <span class='icon'>13</span></a>
															<a href='#!' class='other label filter'>Others <span class='icon'>0</span></a>
														</div>
													</div>
													<div class='cat-tests'>
														<table class='bordered'>
															<thead>
																<tr>
																	<th>RunDate</th>
																	<th>Test Name</th>
																	<th>Status</th>
																</tr>
															</thead>
															<tbody>
																	<tr class='pass'>
																		<td>2017-05-10 15:12:14</td>
																		<td><span class='category-link linked' extentid='a13cba43-14d3-4795-8b0d-02cc728c5a27'>breadcrumbReport_Default_BC_Generation</span></td>
																		<td><div class='status label capitalize pass'>pass</div></td>
																	</tr>
																	<tr class='fail'>
																		<td>2017-05-10 15:14:07</td>
																		<td><span class='category-link linked' extentid='d15f03e1-f8d7-47a8-934b-7d1050a50509'>breadcrumbReport_VehicleTag</span></td>
																		<td><div class='status label capitalize fail'>fail</div></td>
																	</tr>
																	<tr class='pass'>
																		<td>2017-05-10 15:14:24</td>
																		<td><span class='category-link linked' extentid='04d4d8ea-57ce-4d65-b822-c7eac8f7087e'>liveBreadcrumb_and_ReportBreadcrumb</span></td>
																		<td><div class='status label capitalize pass'>pass</div></td>
																	</tr>
																	<tr class='fail'>
																		<td>2017-05-10 15:15:18</td>
																		<td><span class='category-link linked' extentid='1ab4003d-c407-436d-b290-6bec5d1f92c4'>breadcrumbReport_Driver_Asset_Preference_Disabled</span></td>
																		<td><div class='status label capitalize fail'>fail</div></td>
																	</tr>
																	<tr class='fail'>
																		<td>2017-05-10 15:17:05</td>
																		<td><span class='category-link linked' extentid='1d306905-90a8-46ef-8bd1-1c4f6555b04e'>breadcrumbReport_Driver_Asset_Preference_Enabled</span></td>
																		<td><div class='status label capitalize fail'>fail</div></td>
																	</tr>
																	<tr class='fail'>
																		<td>2017-05-10 15:18:24</td>
																		<td><span class='category-link linked' extentid='9c9fc56a-7ed3-452f-bc2e-6c2775320bd1'>breadcrumbReport_VehicleTagPackage_Enable</span></td>
																		<td><div class='status label capitalize fail'>fail</div></td>
																	</tr>
																	<tr class='fail'>
																		<td>2017-05-10 15:19:32</td>
																		<td><span class='category-link linked' extentid='7fdf8ccb-7985-48c1-8788-3abca55fffa7'>breadcrumbReport_VehicleTagPackage_Disable</span></td>
																		<td><div class='status label capitalize fail'>fail</div></td>
																	</tr>
																	<tr class='pass'>
																		<td>2017-05-10 15:20:33</td>
																		<td><span class='category-link linked' extentid='c98b01f4-a0b5-4868-aa64-7feb75bdad1b'>breadcrumbReport_Play_Preference_Enable</span></td>
																		<td><div class='status label capitalize pass'>pass</div></td>
																	</tr>
																	<tr class='pass'>
																		<td>2017-05-10 15:21:27</td>
																		<td><span class='category-link linked' extentid='4f75ea30-0d5f-4efd-bb1a-1ac529b9fcb5'>breadcrumbReport_Play_Preference_disable</span></td>
																		<td><div class='status label capitalize pass'>pass</div></td>
																	</tr>
																	<tr class='fail'>
																		<td>2017-05-10 15:22:21</td>
																		<td><span class='category-link linked' extentid='e88cd880-08d9-47f9-afa2-08d7410ce2de'>breadcrumbReport_To_ActivityReport</span></td>
																		<td><div class='status label capitalize fail'>fail</div></td>
																	</tr>
																	<tr class='fail'>
																		<td>2017-05-10 15:22:52</td>
																		<td><span class='category-link linked' extentid='c79659ef-6a2d-4299-834d-d5ebb6e93f43'>breadcrumbReport_Back_Button</span></td>
																		<td><div class='status label capitalize fail'>fail</div></td>
																	</tr>
																	<tr class='fail'>
																		<td>2017-05-10 15:24:05</td>
																		<td><span class='category-link linked' extentid='2d8657ed-d013-4935-a5b8-4d0f9e129ccd'>breadcrumbReport_NewReport_Button</span></td>
																		<td><div class='status label capitalize fail'>fail</div></td>
																	</tr>
																	<tr class='pass'>
																		<td>2017-05-10 15:25:29</td>
																		<td><span class='category-link linked' extentid='1a815743-ebf4-447c-a07f-37bf6d381720'>reportBreadcrumb_oneyear_Back</span></td>
																		<td><div class='status label capitalize pass'>pass</div></td>
																	</tr>
																	<tr class='pass'>
																		<td>2017-05-10 15:26:09</td>
																		<td><span class='category-link linked' extentid='66859822-6190-414d-837d-b762e0f558fd'>breadcrumb_SearchOn_Address</span></td>
																		<td><div class='status label capitalize pass'>pass</div></td>
																	</tr>
																	<tr class='pass'>
																		<td>2017-05-10 15:26:54</td>
																		<td><span class='category-link linked' extentid='46c36106-f8e0-4224-8305-d3bf5b1a1671'>breadcrumb_SearchOn_Date</span></td>
																		<td><div class='status label capitalize pass'>pass</div></td>
																	</tr>
																	<tr class='pass'>
																		<td>2017-05-10 15:27:39</td>
																		<td><span class='category-link linked' extentid='b73c4966-6376-4518-8473-67ccbe949862'>breadcrumb_SearchOn_Driver</span></td>
																		<td><div class='status label capitalize pass'>pass</div></td>
																	</tr>
																	<tr class='pass'>
																		<td>2017-05-10 15:28:30</td>
																		<td><span class='category-link linked' extentid='01ecbad7-c80f-4132-b5c4-f584c70e10cd'>breadcrumb_SearchOn_Event</span></td>
																		<td><div class='status label capitalize pass'>pass</div></td>
																	</tr>
																	<tr class='fail'>
																		<td>2017-05-10 15:29:14</td>
																		<td><span class='category-link linked' extentid='3b09d13a-4464-46af-9061-50c8d14d356d'>breadcrumb_and_wwwReport</span></td>
																		<td><div class='status label capitalize fail'>fail</div></td>
																	</tr>
																	<tr class='pass'>
																		<td>2017-05-10 15:30:10</td>
																		<td><span class='category-link linked' extentid='6a5efb99-7ec4-474c-b4c5-64b04096ae6b'>breadcrumbReport_CustomColomns_UnSelectDriver</span></td>
																		<td><div class='status label capitalize pass'>pass</div></td>
																	</tr>
																	<tr class='pass'>
																		<td>2017-05-10 15:32:31</td>
																		<td><span class='category-link linked' extentid='ecfe998c-7248-426d-95af-6fc7b9245214'>breadcrumbReport_CustomColomns_SelectDriver</span></td>
																		<td><div class='status label capitalize pass'>pass</div></td>
																	</tr>
																	<tr class='pass'>
																		<td>2017-05-10 15:33:48</td>
																		<td><span class='category-link linked' extentid='9083a967-71b3-4281-a05d-e77e9da97ac7'>breadcrumbReport_CustomColomns_UnSelectSpeed</span></td>
																		<td><div class='status label capitalize pass'>pass</div></td>
																	</tr>
																	<tr class='pass'>
																		<td>2017-05-10 15:34:50</td>
																		<td><span class='category-link linked' extentid='881294a5-949e-46a0-992b-29a576b9b0d5'>breadcrumbReport_CustomColomns_SelectSpeed</span></td>
																		<td><div class='status label capitalize pass'>pass</div></td>
																	</tr>
																	<tr class='pass'>
																		<td>2017-05-10 15:36:12</td>
																		<td><span class='category-link linked' extentid='f6754f7e-90e8-4796-b550-e1ec7d211e3d'>breadcrumbReport_CustomColomns_UnSelectAssetNo</span></td>
																		<td><div class='status label capitalize pass'>pass</div></td>
																	</tr>
																	<tr class='pass'>
																		<td>2017-05-10 15:37:26</td>
																		<td><span class='category-link linked' extentid='cacbce7d-edb6-4a56-b70a-448037fe6415'>breadcrumbReport_CustomColomns_SelectAssetNo</span></td>
																		<td><div class='status label capitalize pass'>pass</div></td>
																	</tr>
																	<tr class='pass'>
																		<td>2017-05-10 15:38:29</td>
																		<td><span class='category-link linked' extentid='d031d012-7582-4951-8bc4-f28b86b2b1eb'>breadcrumbReport_CustomColomns_UnSelectTag</span></td>
																		<td><div class='status label capitalize pass'>pass</div></td>
																	</tr>
																	<tr class='pass'>
																		<td>2017-05-10 15:39:26</td>
																		<td><span class='category-link linked' extentid='00a60e16-2660-4bcc-a6b9-06c856786fde'>breadcrumbReport_CustomColomns_SelectTag</span></td>
																		<td><div class='status label capitalize pass'>pass</div></td>
																	</tr>
																	<tr class='pass'>
																		<td>2017-05-10 15:40:37</td>
																		<td><span class='category-link linked' extentid='6d78325b-62e4-4293-88a0-720e71d1e68d'>breadcrumbReport_Speed_Units_Preferences</span></td>
																		<td><div class='status label capitalize pass'>pass</div></td>
																	</tr>
																	<tr class='fail'>
																		<td>2017-05-10 15:42:36</td>
																		<td><span class='category-link linked' extentid='28d4abfd-8b7b-4c32-8c15-b7afc96229b8'>breadcrumbReport_Date_Format_Preferences_12Hours</span></td>
																		<td><div class='status label capitalize fail'>fail</div></td>
																	</tr>
																	<tr class='fail'>
																		<td>2017-05-10 15:45:36</td>
																		<td><span class='category-link linked' extentid='20a25bce-592d-412f-bdba-fde33735d22e'>breadcrumbReport_Date_Format_Preferences_24Hours</span></td>
																		<td><div class='status label capitalize fail'>fail</div></td>
																	</tr>
																	<tr class='fail'>
																		<td>2017-05-10 15:48:36</td>
																		<td><span class='category-link linked' extentid='d7a538ec-3f1b-4788-85c1-5fd072365e84'>breadcrumbReport_AddtionalGroup_Preference_Enabled</span></td>
																		<td><div class='status label capitalize fail'>fail</div></td>
																	</tr>
																	<tr class='fail'>
																		<td>2017-05-10 15:49:38</td>
																		<td><span class='category-link linked' extentid='c6429a56-2b35-46f8-8367-3f67f336a1f2'>breadcrumbReport_AddtionalGroup_Preference_Disable</span></td>
																		<td><div class='status label capitalize fail'>fail</div></td>
																	</tr>
																	<tr class='pass'>
																		<td>2017-05-10 15:50:29</td>
																		<td><span class='category-link linked' extentid='6d8da69f-28af-4069-9caa-e3dfefc6ca66'>breadcrumbReport_Support_FeedBackWizard</span></td>
																		<td><div class='status label capitalize pass'>pass</div></td>
																	</tr>
																	<tr class='pass'>
																		<td>2017-05-10 15:50:54</td>
																		<td><span class='category-link linked' extentid='8cc8b11c-49b1-405f-830f-6f12ac97c437'>breadcrumbReport_verifyDownloadOfXls</span></td>
																		<td><div class='status label capitalize pass'>pass</div></td>
																	</tr>
															<tbody>
														</table>
													</div>
												</div> 
											</li>
											<li class='category-item displayed'>
												<div class='cat-head'>
													<span class='category-name'>Breadcrumb-Report</span>
												</div>
												<div class='category-status-counts'>
														<span class='pass label dot'>Pass: 19</span>
														<span class='fail label dot'>Fail: 13</span>
												</div>
												<div class='cat-body'>
													<div class='category-status-counts'>
														<div class='button-group'>
															<a href='#!' class='pass label filter'>Pass <span class='icon'>19</span></a>
															<a href='#!' class='fail label filter'>Fail <span class='icon'>13</span></a>
															<a href='#!' class='other label filter'>Others <span class='icon'>0</span></a>
														</div>
													</div>
													<div class='cat-tests'>
														<table class='bordered'>
															<thead>
																<tr>
																	<th>RunDate</th>
																	<th>Test Name</th>
																	<th>Status</th>
																</tr>
															</thead>
															<tbody>
																	<tr class='pass'>
																		<td>2017-05-10 15:12:14</td>
																		<td><span class='category-link linked' extentid='a13cba43-14d3-4795-8b0d-02cc728c5a27'>breadcrumbReport_Default_BC_Generation</span></td>
																		<td><div class='status label capitalize pass'>pass</div></td>
																	</tr>
																	<tr class='fail'>
																		<td>2017-05-10 15:14:07</td>
																		<td><span class='category-link linked' extentid='d15f03e1-f8d7-47a8-934b-7d1050a50509'>breadcrumbReport_VehicleTag</span></td>
																		<td><div class='status label capitalize fail'>fail</div></td>
																	</tr>
																	<tr class='pass'>
																		<td>2017-05-10 15:14:24</td>
																		<td><span class='category-link linked' extentid='04d4d8ea-57ce-4d65-b822-c7eac8f7087e'>liveBreadcrumb_and_ReportBreadcrumb</span></td>
																		<td><div class='status label capitalize pass'>pass</div></td>
																	</tr>
																	<tr class='fail'>
																		<td>2017-05-10 15:15:18</td>
																		<td><span class='category-link linked' extentid='1ab4003d-c407-436d-b290-6bec5d1f92c4'>breadcrumbReport_Driver_Asset_Preference_Disabled</span></td>
																		<td><div class='status label capitalize fail'>fail</div></td>
																	</tr>
																	<tr class='fail'>
																		<td>2017-05-10 15:17:05</td>
																		<td><span class='category-link linked' extentid='1d306905-90a8-46ef-8bd1-1c4f6555b04e'>breadcrumbReport_Driver_Asset_Preference_Enabled</span></td>
																		<td><div class='status label capitalize fail'>fail</div></td>
																	</tr>
																	<tr class='fail'>
																		<td>2017-05-10 15:18:24</td>
																		<td><span class='category-link linked' extentid='9c9fc56a-7ed3-452f-bc2e-6c2775320bd1'>breadcrumbReport_VehicleTagPackage_Enable</span></td>
																		<td><div class='status label capitalize fail'>fail</div></td>
																	</tr>
																	<tr class='fail'>
																		<td>2017-05-10 15:19:32</td>
																		<td><span class='category-link linked' extentid='7fdf8ccb-7985-48c1-8788-3abca55fffa7'>breadcrumbReport_VehicleTagPackage_Disable</span></td>
																		<td><div class='status label capitalize fail'>fail</div></td>
																	</tr>
																	<tr class='pass'>
																		<td>2017-05-10 15:20:33</td>
																		<td><span class='category-link linked' extentid='c98b01f4-a0b5-4868-aa64-7feb75bdad1b'>breadcrumbReport_Play_Preference_Enable</span></td>
																		<td><div class='status label capitalize pass'>pass</div></td>
																	</tr>
																	<tr class='pass'>
																		<td>2017-05-10 15:21:27</td>
																		<td><span class='category-link linked' extentid='4f75ea30-0d5f-4efd-bb1a-1ac529b9fcb5'>breadcrumbReport_Play_Preference_disable</span></td>
																		<td><div class='status label capitalize pass'>pass</div></td>
																	</tr>
																	<tr class='fail'>
																		<td>2017-05-10 15:22:21</td>
																		<td><span class='category-link linked' extentid='e88cd880-08d9-47f9-afa2-08d7410ce2de'>breadcrumbReport_To_ActivityReport</span></td>
																		<td><div class='status label capitalize fail'>fail</div></td>
																	</tr>
																	<tr class='fail'>
																		<td>2017-05-10 15:22:52</td>
																		<td><span class='category-link linked' extentid='c79659ef-6a2d-4299-834d-d5ebb6e93f43'>breadcrumbReport_Back_Button</span></td>
																		<td><div class='status label capitalize fail'>fail</div></td>
																	</tr>
																	<tr class='fail'>
																		<td>2017-05-10 15:24:05</td>
																		<td><span class='category-link linked' extentid='2d8657ed-d013-4935-a5b8-4d0f9e129ccd'>breadcrumbReport_NewReport_Button</span></td>
																		<td><div class='status label capitalize fail'>fail</div></td>
																	</tr>
																	<tr class='pass'>
																		<td>2017-05-10 15:25:29</td>
																		<td><span class='category-link linked' extentid='1a815743-ebf4-447c-a07f-37bf6d381720'>reportBreadcrumb_oneyear_Back</span></td>
																		<td><div class='status label capitalize pass'>pass</div></td>
																	</tr>
																	<tr class='pass'>
																		<td>2017-05-10 15:26:09</td>
																		<td><span class='category-link linked' extentid='66859822-6190-414d-837d-b762e0f558fd'>breadcrumb_SearchOn_Address</span></td>
																		<td><div class='status label capitalize pass'>pass</div></td>
																	</tr>
																	<tr class='pass'>
																		<td>2017-05-10 15:26:54</td>
																		<td><span class='category-link linked' extentid='46c36106-f8e0-4224-8305-d3bf5b1a1671'>breadcrumb_SearchOn_Date</span></td>
																		<td><div class='status label capitalize pass'>pass</div></td>
																	</tr>
																	<tr class='pass'>
																		<td>2017-05-10 15:27:39</td>
																		<td><span class='category-link linked' extentid='b73c4966-6376-4518-8473-67ccbe949862'>breadcrumb_SearchOn_Driver</span></td>
																		<td><div class='status label capitalize pass'>pass</div></td>
																	</tr>
																	<tr class='pass'>
																		<td>2017-05-10 15:28:30</td>
																		<td><span class='category-link linked' extentid='01ecbad7-c80f-4132-b5c4-f584c70e10cd'>breadcrumb_SearchOn_Event</span></td>
																		<td><div class='status label capitalize pass'>pass</div></td>
																	</tr>
																	<tr class='fail'>
																		<td>2017-05-10 15:29:14</td>
																		<td><span class='category-link linked' extentid='3b09d13a-4464-46af-9061-50c8d14d356d'>breadcrumb_and_wwwReport</span></td>
																		<td><div class='status label capitalize fail'>fail</div></td>
																	</tr>
																	<tr class='pass'>
																		<td>2017-05-10 15:30:10</td>
																		<td><span class='category-link linked' extentid='6a5efb99-7ec4-474c-b4c5-64b04096ae6b'>breadcrumbReport_CustomColomns_UnSelectDriver</span></td>
																		<td><div class='status label capitalize pass'>pass</div></td>
																	</tr>
																	<tr class='pass'>
																		<td>2017-05-10 15:32:31</td>
																		<td><span class='category-link linked' extentid='ecfe998c-7248-426d-95af-6fc7b9245214'>breadcrumbReport_CustomColomns_SelectDriver</span></td>
																		<td><div class='status label capitalize pass'>pass</div></td>
																	</tr>
																	<tr class='pass'>
																		<td>2017-05-10 15:33:48</td>
																		<td><span class='category-link linked' extentid='9083a967-71b3-4281-a05d-e77e9da97ac7'>breadcrumbReport_CustomColomns_UnSelectSpeed</span></td>
																		<td><div class='status label capitalize pass'>pass</div></td>
																	</tr>
																	<tr class='pass'>
																		<td>2017-05-10 15:34:50</td>
																		<td><span class='category-link linked' extentid='881294a5-949e-46a0-992b-29a576b9b0d5'>breadcrumbReport_CustomColomns_SelectSpeed</span></td>
																		<td><div class='status label capitalize pass'>pass</div></td>
																	</tr>
																	<tr class='pass'>
																		<td>2017-05-10 15:36:12</td>
																		<td><span class='category-link linked' extentid='f6754f7e-90e8-4796-b550-e1ec7d211e3d'>breadcrumbReport_CustomColomns_UnSelectAssetNo</span></td>
																		<td><div class='status label capitalize pass'>pass</div></td>
																	</tr>
																	<tr class='pass'>
																		<td>2017-05-10 15:37:26</td>
																		<td><span class='category-link linked' extentid='cacbce7d-edb6-4a56-b70a-448037fe6415'>breadcrumbReport_CustomColomns_SelectAssetNo</span></td>
																		<td><div class='status label capitalize pass'>pass</div></td>
																	</tr>
																	<tr class='pass'>
																		<td>2017-05-10 15:38:29</td>
																		<td><span class='category-link linked' extentid='d031d012-7582-4951-8bc4-f28b86b2b1eb'>breadcrumbReport_CustomColomns_UnSelectTag</span></td>
																		<td><div class='status label capitalize pass'>pass</div></td>
																	</tr>
																	<tr class='pass'>
																		<td>2017-05-10 15:39:26</td>
																		<td><span class='category-link linked' extentid='00a60e16-2660-4bcc-a6b9-06c856786fde'>breadcrumbReport_CustomColomns_SelectTag</span></td>
																		<td><div class='status label capitalize pass'>pass</div></td>
																	</tr>
																	<tr class='pass'>
																		<td>2017-05-10 15:40:37</td>
																		<td><span class='category-link linked' extentid='6d78325b-62e4-4293-88a0-720e71d1e68d'>breadcrumbReport_Speed_Units_Preferences</span></td>
																		<td><div class='status label capitalize pass'>pass</div></td>
																	</tr>
																	<tr class='fail'>
																		<td>2017-05-10 15:42:36</td>
																		<td><span class='category-link linked' extentid='28d4abfd-8b7b-4c32-8c15-b7afc96229b8'>breadcrumbReport_Date_Format_Preferences_12Hours</span></td>
																		<td><div class='status label capitalize fail'>fail</div></td>
																	</tr>
																	<tr class='fail'>
																		<td>2017-05-10 15:45:36</td>
																		<td><span class='category-link linked' extentid='20a25bce-592d-412f-bdba-fde33735d22e'>breadcrumbReport_Date_Format_Preferences_24Hours</span></td>
																		<td><div class='status label capitalize fail'>fail</div></td>
																	</tr>
																	<tr class='fail'>
																		<td>2017-05-10 15:48:36</td>
																		<td><span class='category-link linked' extentid='d7a538ec-3f1b-4788-85c1-5fd072365e84'>breadcrumbReport_AddtionalGroup_Preference_Enabled</span></td>
																		<td><div class='status label capitalize fail'>fail</div></td>
																	</tr>
																	<tr class='fail'>
																		<td>2017-05-10 15:49:38</td>
																		<td><span class='category-link linked' extentid='c6429a56-2b35-46f8-8367-3f67f336a1f2'>breadcrumbReport_AddtionalGroup_Preference_Disable</span></td>
																		<td><div class='status label capitalize fail'>fail</div></td>
																	</tr>
																	<tr class='pass'>
																		<td>2017-05-10 15:50:29</td>
																		<td><span class='category-link linked' extentid='6d8da69f-28af-4069-9caa-e3dfefc6ca66'>breadcrumbReport_Support_FeedBackWizard</span></td>
																		<td><div class='status label capitalize pass'>pass</div></td>
																	</tr>
															<tbody>
														</table>
													</div>
												</div> 
											</li>
											<li class='category-item displayed'>
												<div class='cat-head'>
													<span class='category-name'>Idling-Report</span>
												</div>
												<div class='category-status-counts'>
														<span class='pass label dot'>Pass: 1</span>
												</div>
												<div class='cat-body'>
													<div class='category-status-counts'>
														<div class='button-group'>
															<a href='#!' class='pass label filter'>Pass <span class='icon'>1</span></a>
															<a href='#!' class='fail label filter'>Fail <span class='icon'>0</span></a>
															<a href='#!' class='other label filter'>Others <span class='icon'>0</span></a>
														</div>
													</div>
													<div class='cat-tests'>
														<table class='bordered'>
															<thead>
																<tr>
																	<th>RunDate</th>
																	<th>Test Name</th>
																	<th>Status</th>
																</tr>
															</thead>
															<tbody>
																	<tr class='pass'>
																		<td>2017-05-10 15:50:54</td>
																		<td><span class='category-link linked' extentid='8cc8b11c-49b1-405f-830f-6f12ac97c437'>breadcrumbReport_verifyDownloadOfXls</span></td>
																		<td><div class='status label capitalize pass'>pass</div></td>
																	</tr>
															<tbody>
														</table>
													</div>
												</div> 
											</li>
									</ul>
								</div>
							</div>
						</div>
					</div>
					<div id='cat-details-wrapper' class='col _addedCell2'>
						<div class='contents'>
							<div class='card-panel details-view'>
								<h5 class='cat-name'></h5>
								<div class='cat-container'>
								</div>
							</div>
						</div>
					</div>
				</div>
			<!-- /categories -->
			
			<!-- exceptions -->
			<!-- /exceptions -->
			
			<!-- testrunner logs -->
				<div id='testrunner-logs-view' class='row hide'>
					<div class='col s12'>
						<div class='card-panel'>
							<h5>TestRunner Logs</h5>
								<p>Parent Window:CDwindow-b1363c46-bd4e-4f42-b21d-67d6a125ab31</p>
								<p>Parent Window:CDwindow-b1363c46-bd4e-4f42-b21d-67d6a125ab31</p>
								<p>Parent Window:CDwindow-b1363c46-bd4e-4f42-b21d-67d6a125ab31</p>
						</div>
					</div>
				</div>
			<!-- /testrunner logs -->
			
		</div>
		<!-- /container -->
		
		<!-- test dashboard counts setting -->
		<div id='test-count-setting' class='modal bottom-sheet'> 
			<div class='modal-content'> 
				<h5>Configure Tests Count Setting</h5> 
				<input name='test-count-setting' type='radio' id='parentWithoutNodes' class='with-gap'> 
				<label for='parentWithoutNodes'>Parent Tests Only (Does not include child nodes in counts)</label> 
				<br> 
				<input name='test-count-setting' type='radio' id='parentWithoutNodesAndNodes' class='with-gap'> 
				<label for='parentWithoutNodesAndNodes'>Parent Tests Without Child Tests + Child Tests</label> 
				<br> 
				<input name='test-count-setting' type='radio' id='childNodes' class='with-gap'> 
				<label for='childNodes'>Child Tests Only</label> 
			</div> 
			<div class='modal-footer'> 
				<a href='#!' class='modal-action modal-close waves-effect waves-green btn'>Save</a> 
			</div> 
		</div>
		<!-- /test dashboard counts setting -->
		
		<!-- filter for step status -->
		<div id='step-status-filter' class='modal bottom-sheet'> 
			<div class='modal-content'> 
				<h5>Select status</h5> 
				<input checked class='filled-in' type='checkbox' id='step-dashboard-filter-pass'> 
				<label for='step-dashboard-filter-pass'>Pass</label> 
				<br> 
				<input checked class='filled-in' type='checkbox' id='step-dashboard-filter-fail'> 
				<label for='step-dashboard-filter-fail'>Fail</label> 
				<br> 
				<input checked class='filled-in' type='checkbox' id='step-dashboard-filter-fatal'> 
				<label for='step-dashboard-filter-fatal'>Fatal</label> 
				<br> 
				<input checked class='filled-in' type='checkbox' id='step-dashboard-filter-error'> 
				<label for='step-dashboard-filter-error'>Error</label> 
				<br> 
				<input checked class='filled-in' type='checkbox' id='step-dashboard-filter-warning'> 
				<label for='step-dashboard-filter-warning'>Warning</label> 
				<br> 
				<input checked class='filled-in' type='checkbox' id='step-dashboard-filter-skip'> 
				<label for='step-dashboard-filter-skip'>Skipped</label> 
				<br> 
				<input checked class='filled-in' type='checkbox' id='step-dashboard-filter-info'> 
				<label for='step-dashboard-filter-info'>Info</label> 
				<br> 
				<input checked class='filled-in' type='checkbox' id='step-dashboard-filter-unknown'> 
				<label for='step-dashboard-filter-unknown'>Unknown</label> 
			</div>
			<div class='modal-footer'> 
				<a href='#!' class='modal-action modal-close waves-effect waves-green btn'>Save</a> 
			</div> 
		</div>
		<!-- /filter for step status -->
		
		<script type='text/javascript' src='./extentreports/js/scripts.js'></script>		
		<script>jQuery(document).ready(function() { jQuery('.logo span').html('ExtentReports'); });</script>
		<script>
				
            
                $(document).ready(function() {
                    
                });
            
        
		</script>
	</body>
</html>