
<!DOCTYPE html>
<html>
	<head>
		<!--
			ExtentReports Library 2.41.0 | http://relevantcodes.com/extentreports-for-selenium/ | https://github.com/anshooarora/
			Copyright (c) 2015, Anshoo Arora (Relevant Codes) | Copyrights licensed under the New BSD License | http://opensource.org/licenses/BSD-3-Clause
			Documentation: http://extentreports.relevantcodes.com 
		-->

		<extent id='d860c8b3-f0ae-4b55-84b2-1ca33e483212' />
		
		<meta http-equiv='content-type' content='text/html; charset=UTF-8' /> 
		<meta name='description' content='ExtentReports (by Anshoo Arora) is a reporting library for automation testing for .NET and Java. It creates detailed and beautiful HTML reports for modern browsers. ExtentReports shows test and step summary along with dashboards, system and environment details for quick analysis of your tests.' />
		<meta name='robots' content='noodp, noydir' />
		<meta name='viewport' content='width=device-width, initial-scale=1' />
		<meta name='extentx' id='extentx' content='' />
		
		<title>
				ExtentReports 2.0
		</title>
		
		<link href='./extentreports/css/css.css' type='text/css' rel='stylesheet' />
		
		<style>
				
            
                
            
        
		</style>
	</head>
	
	
	<body class='extent standard hide-overflow'>
		<!-- nav -->
		<nav>
			<div class='logo-container'>
				<a class='logo-content' href='http://extentreports.relevantcodes.com'>
					<span>ExtentReports</span>
				</a>
				<a href='#' data-activates='slide-out' class='button-collapse'><i class='fa fa-bars'></i></a>
			</div>
			<ul id='slide-out' class='side-nav fixed hide-on-med-and-down'>
				<li class='analysis waves-effect active'><a href='#!' class='test-view' onclick="_updateCurrentStage(0)"><i class='fa fa-tasks'></i>Test Details</a></li>
				<li class='analysis waves-effect'><a href='#!' class='categories-view' onclick="_updateCurrentStage(1)"><i class='fa fa-tags'></i>Categories</a></li>
				<li class='analysis waves-effect'><a href='#!' class='exceptions-view' onclick="_updateCurrentStage(2)"><i class='fa fa-bug'></i>Exceptions</a></li>
				<li class='analysis waves-effect'><a href='#!' class='dashboard-view'><i class='fa fa-dashboard'></i></i>Analysis</a></li>				
				<li class='analysis waves-effect'><a href='#!' class='testrunner-logs-view'><i class='fa fa-file-text-o'></i>TestRunner Logs</a></li>
			</ul>
			<span class='report-name'>Automation Report</span> <span class='report-headline'></span>
			<ul class='right hide-on-med-and-down nav-right'>
				<li class='theme-selector' alt='Click to toggle dark theme. To enable by default, use js configuration $("body").addClass("dark");' title='Click to toggle dark theme. To enable by default, use js configuration $("body").addClass("dark");'>
					<i class='fa fa-desktop'></i>
				</li>
				<li>
					<span class='suite-started-time'>2017-05-11 11:46:47</span>
				</li>
				<li>
					<span>v2.41.0</span>
				</li>
			</ul>
		</nav>
		<!-- /nav -->
		
		<!-- container -->
		<div class='container'>
			
			<!-- dashboard -->
			<div id='dashboard-view' class='row'>
				<div class='time-totals'>
					<div class='col l2 m4 s6'>
						<div class='card suite-total-tests'> 
							<span class='panel-name'>Total Tests</span> 
							<span class='total-tests'> <span class='panel-lead'></span> </span> 
						</div> 
					</div>
					<div class='col l2 m4 s6'>
						<div class='card suite-total-steps'> 
							<span class='panel-name'>Total Steps</span> 
							<span class='total-steps'> <span class='panel-lead'></span> </span> 
						</div> 
					</div>
					<div class='col l2 m4 s12'>
						<div class='card suite-total-time-current'> 
							<span class='panel-name'>Total Time Taken (Current Run)</span> 
							<span class='suite-total-time-current-value panel-lead'>0h 7m 57s+649ms</span> 
						</div> 
					</div>
					<div class='col l2 m4 s12'>
						<div class='card suite-total-time-overall'> 
							<span class='panel-name'>Total Time Taken (Overall)</span> 
							<span class='suite-total-time-overall-value panel-lead'>0h 7m 57s+649ms</span> 
						</div> 
					</div>
					<div class='col l2 m4 s6 suite-start-time'>
						<div class='card green-accent'> 
							<span class='panel-name'>Start</span> 
							<span class='panel-lead suite-started-time'>2017-05-11 11:38:49</span> 
						</div> 
					</div>
					<div class='col l2 m4 s6 suite-end-time'>
						<div class='card pink-accent'> 
							<span class='panel-name'>End</span> 
							<span class='panel-lead suite-ended-time'>2017-05-11 11:46:47</span> 
						</div> 
					</div>
				</div>
				<div class='charts'>
					<div class='col s12 m6 l4 fh'> 
						<div class='card-panel'> 
							<div>
								<span class='panel-name'>Tests View</span>
							</div> 
							<div class='panel-setting modal-trigger test-count-setting right'>
								<a href='#test-count-setting'><i class='fa fa-ellipsis-v'></i></a>
							</div> 
							<div class='chart-box'>
								<canvas class='text-centered' id='test-analysis'></canvas>
							</div> 
							<div>
								<span class='weight-light'><span class='t-pass-count weight-normal'></span> test(s) passed</span>
							</div> 
							<div>
								<span class='weight-light'><span class='t-fail-count weight-normal'></span> test(s) failed, <span class='t-others-count weight-normal'></span> others</span>
							</div> 
						</div> 
					</div> 
					<div class='col s12 m6 l4 fh'> 
						<div class='card-panel'> 
							<div>
								<span class='panel-name'>Steps View</span>
							</div> 
							<div class='panel-setting modal-trigger step-status-filter right'>
								<a href='#step-status-filter'><i class='fa fa-ellipsis-v'></i></a>
							</div> 
							<div class='chart-box'>
								<canvas class='text-centered' id='step-analysis'></canvas>
							</div> 
							<div>
								<span class='weight-light'><span class='s-pass-count weight-normal'></span> step(s) passed </span>
							</div> 
							<div>
								<span class='weight-light'><span class='s-fail-count weight-normal'></span> step(s) failed, <span class='s-others-count weight-normal'></span> others</span>
							</div> 
						</div> 
					</div>
					<div class='col s12 m12 l4 fh'> 
						<div class='card-panel'> 
							<span class='panel-name'>Pass Percentage</span> 
							<span class='pass-percentage panel-lead'></span> 
							<div class='progress light-blue lighten-3'> 
								<div class='determinate light-blue'></div> 
							</div> 
						</div> 
					</div>
				</div>
				<div class='system-view'>
					<div class='col l4 m12 s12'>
						<div class='card-panel'>
							<span class='label info outline right'>Environment</span>
							<table>
								<thead>
									<tr>
										<th>Param</th>
										<th>Value</th>
									</tr>
								</thead>
								<tbody>
										<tr>
											<td>User Name</td>
											<td>User</td>
										</tr>
										<tr>
											<td>OS</td>
											<td>Windows 8.1</td>
										</tr>
										<tr>
											<td>Java Version</td>
											<td>1.8.0_45</td>
										</tr>
										<tr>
											<td>Host Name</td>
											<td>Azuga</td>
										</tr>
										<tr>
											<td>Selenium Version</td>
											<td>2.46</td>
										</tr>
										<tr>
											<td>Environment</td>
											<td>Automation Server</td>
										</tr>
										<tr>
											<td>Application</td>
											<td>http://fleetautomation1.azuga.com/azuga/login.html</td>
										</tr>
										<tr>
											<td>Browser</td>
											<td>chrome</td>
										</tr>
										<tr>
											<td>Build</td>
											<td>AQ3.1-ReleaseCandidate.10-05-2017-10.144</td>
										</tr>
								</tbody>
							</table>
						</div>
					</div>
				</div>
					<div class='category-summary-view'>
						<div class='col l4 m6 s12'>
							<div class='card-panel'>
								<span class='label info outline right'>Categories</span>
								<table>
									<thead>
										<tr>
											<th>Name</th>
										</tr>
									</thead>
									<tbody>
											<tr>
												<td>
													AQ3.1-ReleaseCandidate.10-05-2017-10.144
												</td>
											</tr>
											<tr>
												<td>
													Fuel-Report
												</td>
											</tr>
											<tr>
												<td>
													endtoend
												</td>
											</tr>
									</tbody>
								</table>
							</div>
						</div>
					</div>
			</div>
			<!-- /dashboard -->
			
			<!-- tests -->
			<div id='test-view' class='row _addedTable'>
				<div class='col _addedCell1'>
					<div class='contents'>
						<div class='card-panel heading'>
							<h5>Tests</h5>
						</div>
						<div class='card-panel filters'>
							<div>
								<a data-activates='tests-toggle' data-constrainwidth='true' data-beloworigin='true' data-hover='true' href='#' class='dropdown-button button tests-toggle'><i class='fa fa-list icon'></i></a>
								<ul id='tests-toggle' class='dropdown-content'>
									<li class='pass'><a href='#!'>Pass</a></li>
									<li class='fail'><a href='#!'>Fail</a></li>
									<li class='skip'><a href='#!'>Skip</a></li>
									<li class='divider'></li>
									<li class='clear'><a href='#!'>Clear Filters</a></li>
								</ul>
							</div>
								<div>
									<a data-activates='category-toggle' data-constrainwidth='false' data-beloworigin='true' data-hover='true' href='#' class='category-toggle dropdown-button button'><i class='fa fa-tag icon'></i></a>
									<ul id='category-toggle' class='dropdown-content'>
											<li class='AQ3.1-ReleaseCandidate.10-05-2017-10.144'><a href='#!'>AQ3.1-ReleaseCandidate.10-05-2017-10.144</a></li>
											<li class='Fuel-Report'><a href='#!'>Fuel-Report</a></li>
											<li class='endtoend'><a href='#!'>endtoend</a></li>
										<li class='divider'></li>
										<li class='clear'><a href='#!'>Clear Filters</a></li>
									</ul>
								</div>
							<div>
								<a id='clear-filters' alt='Clear Filters' title='Clear Filters'><i class='fa fa-close icon'></i></a>
							</div>
							<div>&nbsp;&middot;&nbsp;</div>
							<div>
								<a id='enableDashboard' alt='Enable Dashboard' title='Enable Dashboard'><i class='fa fa-pie-chart icon'></i></a>
							</div>
							<div>
								<a id='refreshCharts' alt='Refresh Charts on Filters' title='Refresh Charts on Filters' class='enabled'><i class='fa fa-refresh icon'></i></i></a>
							</div>
							<div>&nbsp;&middot;</div>
							<div class='search' alt='Search Tests' title='Search Tests'>
								<div class='input-field left'>
									<input id='searchTests' type='text' class='validate' placeholder='Search Tests...'>
								</div>
								<i class='fa fa-search icon'></i>
							</div>
						</div>
						<div class='card-panel no-padding-h no-padding-v no-margin-v'>
							<div class='wrapper'>
								<ul id='test-collection' class='test-collection'>
										<li class='collection-item test displayed active fail ' extentid='26d08233-3d54-4f3f-81f0-724d5982dfd9'>
											<div class='test-head'>
												<span class='test-name'>FuelReport_verifyDownloadOfXls </span>
												<span class='test-status label right capitalize outline fail'>fail</span>
												<span class='category-assigned hide  fuel-report aq31-releasecandidate10-05-2017-10144'></span>
											</div>
											<div class='test-body'>
												<div class='test-info'>
													<span title='Test started time' alt='Test started time' class='test-started-time label green lighten-2 text-white'>2017-05-11 11:43:45</span>
													<span title='Test ended time' alt='Test ended time' class='test-ended-time label red lighten-2 text-white'>2017-05-11 11:46:45</span>
													<span title='Time taken to finish' alt='Time taken to finish' class='test-time-taken label blue-grey lighten-3 text-white'>0h 3m 0s+121ms</span>
												</div>
												<div class='test-desc'>Varify iff the xls is downloaded by clicking on it</div>
												<div class='test-attributes'>
														<div class='categories'>
																<span class='category text-white'>Fuel-Report</span>
																<span class='category text-white'>AQ3.1-ReleaseCandidate.10-05-2017-10.144</span>
														</div>
												</div>
												<div class='test-steps'>
													<table class='bordered table-results'>
														<thead>
															<tr>
																<th>Status</th>
																<th>Timestamp</th>
																<th>Details</th>
															</tr>
														</thead>
														<tbody>
																<tr>
																	<td class='status info' title='info' alt='info'><i class='fa fa-fa fa-info-circle'></i></td>
																	<td class='timestamp'>11:43:45</td>
																	<td class='step-details'>Varify iff the xls is downloaded by clicking on it</td>
																</tr>
																<tr>
																	<td class='status fail' title='fail' alt='fail'><i class='fa fa-fa fa-times-circle-o'></i></td>
																	<td class='timestamp'>11:46:45</td>
																	<td class='step-details'><pre>no such element: Unable to locate element: {"method":"xpath","selector":"//li[@class='map-reset']/a"}
  (Session info: chrome=57.0.2987.133)
  (Driver info: chromedriver=2.29.461591 (62ebf098771772160f391d75e589dc567915b233),platform=Windows NT 10.0.14393 x86_64) (WARNING: The server did not provide any stacktrace information)
Command duration or timeout: 60.05 seconds
For documentation on this error, please visit: http://seleniumhq.org/exceptions/no_such_element.html
Build info: version: '2.44.0', revision: '76d78cf323ce037c5f92db6c1bba601c2ac43ad8', time: '2014-10-23 13:11:40'
System info: host: 'Azuga', ip: '192.168.11.138', os.name: 'Windows 8.1', os.arch: 'amd64', os.version: '6.3', java.version: '1.8.0_45'
Driver info: org.openqa.selenium.chrome.ChromeDriver
Capabilities [{applicationCacheEnabled=false, rotatable=false, mobileEmulationEnabled=false, networkConnectionEnabled=false, chrome={chromedriverVersion=2.29.461591 (62ebf098771772160f391d75e589dc567915b233), userDataDir=C:\Users\User\AppData\Local\Temp\scoped_dir3388_23923}, takesHeapSnapshot=true, pageLoadStrategy=normal, databaseEnabled=false, handlesAlerts=true, hasTouchScreen=false, version=57.0.2987.133, platform=WIN8_1, browserConnectionEnabled=false, nativeEvents=true, acceptSslCerts=true, locationContextEnabled=true, webStorageEnabled=true, browserName=chrome, takesScreenshot=true, javascriptEnabled=true, cssSelectorsEnabled=true, unexpectedAlertBehaviour=}]
Session ID: 77b84b00e3542e2aa51ad4f6f1abe432
*** Element info: {Using=xpath, value=//li[@class='map-reset']/a}</pre></td>
																</tr>
																<tr>
																	<td class='status fail' title='fail' alt='fail'><i class='fa fa-fa fa-times-circle-o'></i></td>
																	<td class='timestamp'>11:46:45</td>
																	<td class='step-details'><pre>org.openqa.selenium.NoSuchElementException: no such element: Unable to locate element: {"method":"xpath","selector":"//li[@class='map-reset']/a"}
  (Session info: chrome=57.0.2987.133)
  (Driver info: chromedriver=2.29.461591 (62ebf098771772160f391d75e589dc567915b233),platform=Windows NT 10.0.14393 x86_64) (WARNING: The server did not provide any stacktrace information)
Command duration or timeout: 60.05 seconds
For documentation on this error, please visit: http://seleniumhq.org/exceptions/no_such_element.html
Build info: version: '2.44.0', revision: '76d78cf323ce037c5f92db6c1bba601c2ac43ad8', time: '2014-10-23 13:11:40'
System info: host: 'Azuga', ip: '192.168.11.138', os.name: 'Windows 8.1', os.arch: 'amd64', os.version: '6.3', java.version: '1.8.0_45'
Driver info: org.openqa.selenium.chrome.ChromeDriver
Capabilities [{applicationCacheEnabled=false, rotatable=false, mobileEmulationEnabled=false, networkConnectionEnabled=false, chrome={chromedriverVersion=2.29.461591 (62ebf098771772160f391d75e589dc567915b233), userDataDir=C:\Users\User\AppData\Local\Temp\scoped_dir3388_23923}, takesHeapSnapshot=true, pageLoadStrategy=normal, databaseEnabled=false, handlesAlerts=true, hasTouchScreen=false, version=57.0.2987.133, platform=WIN8_1, browserConnectionEnabled=false, nativeEvents=true, acceptSslCerts=true, locationContextEnabled=true, webStorageEnabled=true, browserName=chrome, takesScreenshot=true, javascriptEnabled=true, cssSelectorsEnabled=true, unexpectedAlertBehaviour=}]
Session ID: 77b84b00e3542e2aa51ad4f6f1abe432
*** Element info: {Using=xpath, value=//li[@class='map-reset']/a}
	at sun.reflect.NativeConstructorAccessorImpl.newInstance0(Native Method)
	at sun.reflect.NativeConstructorAccessorImpl.newInstance(NativeConstructorAccessorImpl.java:62)
	at sun.reflect.DelegatingConstructorAccessorImpl.newInstance(DelegatingConstructorAccessorImpl.java:45)
	at java.lang.reflect.Constructor.newInstance(Constructor.java:422)
	at org.openqa.selenium.remote.ErrorHandler.createThrowable(ErrorHandler.java:204)
	at org.openqa.selenium.remote.ErrorHandler.throwIfResponseFailed(ErrorHandler.java:156)
	at org.openqa.selenium.remote.RemoteWebDriver.execute(RemoteWebDriver.java:599)
	at org.openqa.selenium.remote.RemoteWebDriver.findElement(RemoteWebDriver.java:352)
	at org.openqa.selenium.remote.RemoteWebDriver.findElementByXPath(RemoteWebDriver.java:449)
	at org.openqa.selenium.By$ByXPath.findElement(By.java:357)
	at org.openqa.selenium.remote.RemoteWebDriver.findElement(RemoteWebDriver.java:344)
	at org.openqa.selenium.support.pagefactory.DefaultElementLocator.findElement(DefaultElementLocator.java:59)
	at org.openqa.selenium.support.pagefactory.internal.LocatingElementHandler.invoke(LocatingElementHandler.java:37)
	at com.sun.proxy.$Proxy10.click(Unknown Source)
	at com.azuga.source.live.LiveSource.clickRefresh(LiveSource.java:292)
	at com.azuga.sanitytests.reports.fuel.FuelReport_verifyDownloadOfXls(fuel.java:322)
	at sun.reflect.NativeMethodAccessorImpl.invoke0(Native Method)
	at sun.reflect.NativeMethodAccessorImpl.invoke(NativeMethodAccessorImpl.java:62)
	at sun.reflect.DelegatingMethodAccessorImpl.invoke(DelegatingMethodAccessorImpl.java:43)
	at java.lang.reflect.Method.invoke(Method.java:497)
	at org.testng.internal.MethodInvocationHelper.invokeMethod(MethodInvocationHelper.java:85)
	at org.testng.internal.Invoker.invokeMethod(Invoker.java:696)
	at org.testng.internal.Invoker.invokeTestMethod(Invoker.java:882)
	at org.testng.internal.Invoker.invokeTestMethods(Invoker.java:1189)
	at org.testng.internal.TestMethodWorker.invokeTestMethods(TestMethodWorker.java:124)
	at org.testng.internal.TestMethodWorker.run(TestMethodWorker.java:108)
	at org.testng.TestRunner.privateRun(TestRunner.java:767)
	at org.testng.TestRunner.run(TestRunner.java:617)
	at org.testng.SuiteRunner.runTest(SuiteRunner.java:348)
	at org.testng.SuiteRunner.runSequentially(SuiteRunner.java:343)
	at org.testng.SuiteRunner.privateRun(SuiteRunner.java:305)
	at org.testng.SuiteRunner.run(SuiteRunner.java:254)
	at org.testng.SuiteRunnerWorker.runSuite(SuiteRunnerWorker.java:52)
	at org.testng.SuiteRunnerWorker.run(SuiteRunnerWorker.java:86)
	at org.testng.TestNG.runSuitesSequentially(TestNG.java:1224)
	at org.testng.TestNG.runSuitesLocally(TestNG.java:1149)
	at org.testng.TestNG.run(TestNG.java:1057)
	at org.testng.remote.AbstractRemoteTestNG.run(AbstractRemoteTestNG.java:126)
	at org.testng.remote.RemoteTestNG.initAndRun(RemoteTestNG.java:137)
	at org.testng.remote.RemoteTestNG.main(RemoteTestNG.java:58)
</pre></td>
																</tr>
														</tbody>
													</table>
													<ul class='collapsible node-list' data-collapsible='accordion'>
													</ul>
												</div>
											</div>
										</li>
										<li class='collection-item test displayed active fail ' extentid='385b8bf7-f1f8-4171-b121-d2906d8484e1'>
											<div class='test-head'>
												<span class='test-name'>EditedVehInTheReportGroupTree </span>
												<span class='test-status label right capitalize outline fail'>fail</span>
												<span class='category-assigned hide  fuel-report aq31-releasecandidate10-05-2017-10144'></span>
											</div>
											<div class='test-body'>
												<div class='test-info'>
													<span title='Test started time' alt='Test started time' class='test-started-time label green lighten-2 text-white'>2017-05-11 11:43:08</span>
													<span title='Test ended time' alt='Test ended time' class='test-ended-time label red lighten-2 text-white'>2017-05-11 11:43:45</span>
													<span title='Time taken to finish' alt='Time taken to finish' class='test-time-taken label blue-grey lighten-3 text-white'>0h 0m 36s+411ms</span>
												</div>
												<div class='test-desc'>Verify the edited vehicles replicates in the Group Tree of the Report</div>
												<div class='test-attributes'>
														<div class='categories'>
																<span class='category text-white'>Fuel-Report</span>
																<span class='category text-white'>AQ3.1-ReleaseCandidate.10-05-2017-10.144</span>
														</div>
												</div>
												<div class='test-steps'>
													<table class='bordered table-results'>
														<thead>
															<tr>
																<th>Status</th>
																<th>Timestamp</th>
																<th>Details</th>
															</tr>
														</thead>
														<tbody>
																<tr>
																	<td class='status info' title='info' alt='info'><i class='fa fa-fa fa-info-circle'></i></td>
																	<td class='timestamp'>11:43:08</td>
																	<td class='step-details'>User Generate Fuel Report with default filter and click on Back Button</td>
																</tr>
																<tr>
																	<td class='status fail' title='fail' alt='fail'><i class='fa fa-fa fa-times-circle-o'></i></td>
																	<td class='timestamp'>11:43:45</td>
																	<td class='step-details'><pre>expected [true] but found [false]</pre></td>
																</tr>
																<tr>
																	<td class='status fail' title='fail' alt='fail'><i class='fa fa-fa fa-times-circle-o'></i></td>
																	<td class='timestamp'>11:43:45</td>
																	<td class='step-details'><pre>java.lang.AssertionError: expected [true] but found [false]
	at org.testng.Assert.fail(Assert.java:94)
	at org.testng.Assert.failNotEquals(Assert.java:494)
	at org.testng.Assert.assertTrue(Assert.java:42)
	at org.testng.Assert.assertTrue(Assert.java:52)
	at com.azuga.sanitytests.reports.fuel.EditedVehInTheReportGroupTree(fuel.java:302)
	at sun.reflect.NativeMethodAccessorImpl.invoke0(Native Method)
	at sun.reflect.NativeMethodAccessorImpl.invoke(NativeMethodAccessorImpl.java:62)
	at sun.reflect.DelegatingMethodAccessorImpl.invoke(DelegatingMethodAccessorImpl.java:43)
	at java.lang.reflect.Method.invoke(Method.java:497)
	at org.testng.internal.MethodInvocationHelper.invokeMethod(MethodInvocationHelper.java:85)
	at org.testng.internal.Invoker.invokeMethod(Invoker.java:696)
	at org.testng.internal.Invoker.invokeTestMethod(Invoker.java:882)
	at org.testng.internal.Invoker.invokeTestMethods(Invoker.java:1189)
	at org.testng.internal.TestMethodWorker.invokeTestMethods(TestMethodWorker.java:124)
	at org.testng.internal.TestMethodWorker.run(TestMethodWorker.java:108)
	at org.testng.TestRunner.privateRun(TestRunner.java:767)
	at org.testng.TestRunner.run(TestRunner.java:617)
	at org.testng.SuiteRunner.runTest(SuiteRunner.java:348)
	at org.testng.SuiteRunner.runSequentially(SuiteRunner.java:343)
	at org.testng.SuiteRunner.privateRun(SuiteRunner.java:305)
	at org.testng.SuiteRunner.run(SuiteRunner.java:254)
	at org.testng.SuiteRunnerWorker.runSuite(SuiteRunnerWorker.java:52)
	at org.testng.SuiteRunnerWorker.run(SuiteRunnerWorker.java:86)
	at org.testng.TestNG.runSuitesSequentially(TestNG.java:1224)
	at org.testng.TestNG.runSuitesLocally(TestNG.java:1149)
	at org.testng.TestNG.run(TestNG.java:1057)
	at org.testng.remote.AbstractRemoteTestNG.run(AbstractRemoteTestNG.java:126)
	at org.testng.remote.RemoteTestNG.initAndRun(RemoteTestNG.java:137)
	at org.testng.remote.RemoteTestNG.main(RemoteTestNG.java:58)
</pre></td>
																</tr>
														</tbody>
													</table>
													<ul class='collapsible node-list' data-collapsible='accordion'>
													</ul>
												</div>
											</div>
										</li>
										<li class='collection-item test displayed active pass ' extentid='7132697a-b08d-4d5f-89bd-5ca9cc7b2878'>
											<div class='test-head'>
												<span class='test-name'>ver_NewRprtBtnEnbld </span>
												<span class='test-status label right capitalize outline pass'>pass</span>
												<span class='category-assigned hide  aq31-releasecandidate10-05-2017-10144'></span>
											</div>
											<div class='test-body'>
												<div class='test-info'>
													<span title='Test started time' alt='Test started time' class='test-started-time label green lighten-2 text-white'>2017-05-11 11:42:11</span>
													<span title='Test ended time' alt='Test ended time' class='test-ended-time label red lighten-2 text-white'>2017-05-11 11:43:08</span>
													<span title='Time taken to finish' alt='Time taken to finish' class='test-time-taken label blue-grey lighten-3 text-white'>0h 0m 56s+737ms</span>
												</div>
												<div class='test-desc'>Verify the new Button enabled</div>
												<div class='test-attributes'>
														<div class='categories'>
																<span class='category text-white'>AQ3.1-ReleaseCandidate.10-05-2017-10.144</span>
														</div>
												</div>
												<div class='test-steps'>
													<table class='bordered table-results'>
														<thead>
															<tr>
																<th>Status</th>
																<th>Timestamp</th>
																<th>Details</th>
															</tr>
														</thead>
														<tbody>
																<tr>
																	<td class='status pass' title='pass' alt='pass'><i class='fa fa-fa fa-check-circle-o'></i></td>
																	<td class='timestamp'>11:43:08</td>
																	<td class='step-details'>Test passed</td>
																</tr>
																<tr>
																	<td class='status pass' title='pass' alt='pass'><i class='fa fa-fa fa-check-circle-o'></i></td>
																	<td class='timestamp'>11:43:08</td>
																	<td class='step-details'>Test passed</td>
																</tr>
														</tbody>
													</table>
													<ul class='collapsible node-list' data-collapsible='accordion'>
													</ul>
												</div>
											</div>
										</li>
										<li class='collection-item test displayed active pass ' extentid='16bda5d2-ea50-453f-8588-b3028c5d418f'>
											<div class='test-head'>
												<span class='test-name'>ver_BackBtnEnbld </span>
												<span class='test-status label right capitalize outline pass'>pass</span>
												<span class='category-assigned hide  aq31-releasecandidate10-05-2017-10144'></span>
											</div>
											<div class='test-body'>
												<div class='test-info'>
													<span title='Test started time' alt='Test started time' class='test-started-time label green lighten-2 text-white'>2017-05-11 11:41:15</span>
													<span title='Test ended time' alt='Test ended time' class='test-ended-time label red lighten-2 text-white'>2017-05-11 11:42:11</span>
													<span title='Time taken to finish' alt='Time taken to finish' class='test-time-taken label blue-grey lighten-3 text-white'>0h 0m 56s+749ms</span>
												</div>
												<div class='test-desc'>Verify the Back Button enabled</div>
												<div class='test-attributes'>
														<div class='categories'>
																<span class='category text-white'>AQ3.1-ReleaseCandidate.10-05-2017-10.144</span>
														</div>
												</div>
												<div class='test-steps'>
													<table class='bordered table-results'>
														<thead>
															<tr>
																<th>Status</th>
																<th>Timestamp</th>
																<th>Details</th>
															</tr>
														</thead>
														<tbody>
																<tr>
																	<td class='status pass' title='pass' alt='pass'><i class='fa fa-fa fa-check-circle-o'></i></td>
																	<td class='timestamp'>11:42:11</td>
																	<td class='step-details'>Test passed</td>
																</tr>
																<tr>
																	<td class='status pass' title='pass' alt='pass'><i class='fa fa-fa fa-check-circle-o'></i></td>
																	<td class='timestamp'>11:42:11</td>
																	<td class='step-details'>Test passed</td>
																</tr>
														</tbody>
													</table>
													<ul class='collapsible node-list' data-collapsible='accordion'>
													</ul>
												</div>
											</div>
										</li>
										<li class='collection-item test displayed active fail ' extentid='67a4a7a6-4ce7-48b8-b3ca-61e508019825'>
											<div class='test-head'>
												<span class='test-name'>ver_FromCalDefaultValue </span>
												<span class='test-status label right capitalize outline fail'>fail</span>
												<span class='category-assigned hide  aq31-releasecandidate10-05-2017-10144'></span>
											</div>
											<div class='test-body'>
												<div class='test-info'>
													<span title='Test started time' alt='Test started time' class='test-started-time label green lighten-2 text-white'>2017-05-11 11:41:10</span>
													<span title='Test ended time' alt='Test ended time' class='test-ended-time label red lighten-2 text-white'>2017-05-11 11:41:15</span>
													<span title='Time taken to finish' alt='Time taken to finish' class='test-time-taken label blue-grey lighten-3 text-white'>0h 0m 4s+266ms</span>
												</div>
												<div class='test-desc'>verifying the FromCalendar value is by default the current date</div>
												<div class='test-attributes'>
														<div class='categories'>
																<span class='category text-white'>AQ3.1-ReleaseCandidate.10-05-2017-10.144</span>
														</div>
												</div>
												<div class='test-steps'>
													<table class='bordered table-results'>
														<thead>
															<tr>
																<th>Status</th>
																<th>Timestamp</th>
																<th>Details</th>
															</tr>
														</thead>
														<tbody>
																<tr>
																	<td class='status fail' title='fail' alt='fail'><i class='fa fa-fa fa-times-circle-o'></i></td>
																	<td class='timestamp'>11:41:15</td>
																	<td class='step-details'><pre>The FromCalendar value is by default the current date expected [11/05/2017 12:00AM] but found [05/11/2017 00:00]</pre></td>
																</tr>
																<tr>
																	<td class='status fail' title='fail' alt='fail'><i class='fa fa-fa fa-times-circle-o'></i></td>
																	<td class='timestamp'>11:41:15</td>
																	<td class='step-details'><pre>java.lang.AssertionError: The FromCalendar value is by default the current date expected [11/05/2017 12:00AM] but found [05/11/2017 00:00]
	at org.testng.Assert.fail(Assert.java:94)
	at org.testng.Assert.failNotEquals(Assert.java:494)
	at org.testng.Assert.assertEquals(Assert.java:123)
	at org.testng.Assert.assertEquals(Assert.java:176)
	at com.azuga.sanitytests.reports.fuel.ver_FromCalDefaultValue(fuel.java:254)
	at sun.reflect.NativeMethodAccessorImpl.invoke0(Native Method)
	at sun.reflect.NativeMethodAccessorImpl.invoke(NativeMethodAccessorImpl.java:62)
	at sun.reflect.DelegatingMethodAccessorImpl.invoke(DelegatingMethodAccessorImpl.java:43)
	at java.lang.reflect.Method.invoke(Method.java:497)
	at org.testng.internal.MethodInvocationHelper.invokeMethod(MethodInvocationHelper.java:85)
	at org.testng.internal.Invoker.invokeMethod(Invoker.java:696)
	at org.testng.internal.Invoker.invokeTestMethod(Invoker.java:882)
	at org.testng.internal.Invoker.invokeTestMethods(Invoker.java:1189)
	at org.testng.internal.TestMethodWorker.invokeTestMethods(TestMethodWorker.java:124)
	at org.testng.internal.TestMethodWorker.run(TestMethodWorker.java:108)
	at org.testng.TestRunner.privateRun(TestRunner.java:767)
	at org.testng.TestRunner.run(TestRunner.java:617)
	at org.testng.SuiteRunner.runTest(SuiteRunner.java:348)
	at org.testng.SuiteRunner.runSequentially(SuiteRunner.java:343)
	at org.testng.SuiteRunner.privateRun(SuiteRunner.java:305)
	at org.testng.SuiteRunner.run(SuiteRunner.java:254)
	at org.testng.SuiteRunnerWorker.runSuite(SuiteRunnerWorker.java:52)
	at org.testng.SuiteRunnerWorker.run(SuiteRunnerWorker.java:86)
	at org.testng.TestNG.runSuitesSequentially(TestNG.java:1224)
	at org.testng.TestNG.runSuitesLocally(TestNG.java:1149)
	at org.testng.TestNG.run(TestNG.java:1057)
	at org.testng.remote.AbstractRemoteTestNG.run(AbstractRemoteTestNG.java:126)
	at org.testng.remote.RemoteTestNG.initAndRun(RemoteTestNG.java:137)
	at org.testng.remote.RemoteTestNG.main(RemoteTestNG.java:58)
</pre></td>
																</tr>
														</tbody>
													</table>
													<ul class='collapsible node-list' data-collapsible='accordion'>
													</ul>
												</div>
											</div>
										</li>
										<li class='collection-item test displayed active fail ' extentid='d14737d9-bbcd-40b2-a26d-404952204974'>
											<div class='test-head'>
												<span class='test-name'>ver_ToCalDefaultValue </span>
												<span class='test-status label right capitalize outline fail'>fail</span>
												<span class='category-assigned hide  aq31-releasecandidate10-05-2017-10144'></span>
											</div>
											<div class='test-body'>
												<div class='test-info'>
													<span title='Test started time' alt='Test started time' class='test-started-time label green lighten-2 text-white'>2017-05-11 11:41:06</span>
													<span title='Test ended time' alt='Test ended time' class='test-ended-time label red lighten-2 text-white'>2017-05-11 11:41:10</span>
													<span title='Time taken to finish' alt='Time taken to finish' class='test-time-taken label blue-grey lighten-3 text-white'>0h 0m 4s+516ms</span>
												</div>
												<div class='test-desc'>verifying the ToCalendar value is by default the current date</div>
												<div class='test-attributes'>
														<div class='categories'>
																<span class='category text-white'>AQ3.1-ReleaseCandidate.10-05-2017-10.144</span>
														</div>
												</div>
												<div class='test-steps'>
													<table class='bordered table-results'>
														<thead>
															<tr>
																<th>Status</th>
																<th>Timestamp</th>
																<th>Details</th>
															</tr>
														</thead>
														<tbody>
																<tr>
																	<td class='status fail' title='fail' alt='fail'><i class='fa fa-fa fa-times-circle-o'></i></td>
																	<td class='timestamp'>11:41:10</td>
																	<td class='step-details'><pre>The ToCalendar value is by default the current date expected [11/05/2017 23:59PM] but found [05/11/2017 23:59]</pre></td>
																</tr>
																<tr>
																	<td class='status fail' title='fail' alt='fail'><i class='fa fa-fa fa-times-circle-o'></i></td>
																	<td class='timestamp'>11:41:10</td>
																	<td class='step-details'><pre>java.lang.AssertionError: The ToCalendar value is by default the current date expected [11/05/2017 23:59PM] but found [05/11/2017 23:59]
	at org.testng.Assert.fail(Assert.java:94)
	at org.testng.Assert.failNotEquals(Assert.java:494)
	at org.testng.Assert.assertEquals(Assert.java:123)
	at org.testng.Assert.assertEquals(Assert.java:176)
	at com.azuga.sanitytests.reports.fuel.ver_ToCalDefaultValue(fuel.java:238)
	at sun.reflect.NativeMethodAccessorImpl.invoke0(Native Method)
	at sun.reflect.NativeMethodAccessorImpl.invoke(NativeMethodAccessorImpl.java:62)
	at sun.reflect.DelegatingMethodAccessorImpl.invoke(DelegatingMethodAccessorImpl.java:43)
	at java.lang.reflect.Method.invoke(Method.java:497)
	at org.testng.internal.MethodInvocationHelper.invokeMethod(MethodInvocationHelper.java:85)
	at org.testng.internal.Invoker.invokeMethod(Invoker.java:696)
	at org.testng.internal.Invoker.invokeTestMethod(Invoker.java:882)
	at org.testng.internal.Invoker.invokeTestMethods(Invoker.java:1189)
	at org.testng.internal.TestMethodWorker.invokeTestMethods(TestMethodWorker.java:124)
	at org.testng.internal.TestMethodWorker.run(TestMethodWorker.java:108)
	at org.testng.TestRunner.privateRun(TestRunner.java:767)
	at org.testng.TestRunner.run(TestRunner.java:617)
	at org.testng.SuiteRunner.runTest(SuiteRunner.java:348)
	at org.testng.SuiteRunner.runSequentially(SuiteRunner.java:343)
	at org.testng.SuiteRunner.privateRun(SuiteRunner.java:305)
	at org.testng.SuiteRunner.run(SuiteRunner.java:254)
	at org.testng.SuiteRunnerWorker.runSuite(SuiteRunnerWorker.java:52)
	at org.testng.SuiteRunnerWorker.run(SuiteRunnerWorker.java:86)
	at org.testng.TestNG.runSuitesSequentially(TestNG.java:1224)
	at org.testng.TestNG.runSuitesLocally(TestNG.java:1149)
	at org.testng.TestNG.run(TestNG.java:1057)
	at org.testng.remote.AbstractRemoteTestNG.run(AbstractRemoteTestNG.java:126)
	at org.testng.remote.RemoteTestNG.initAndRun(RemoteTestNG.java:137)
	at org.testng.remote.RemoteTestNG.main(RemoteTestNG.java:58)
</pre></td>
																</tr>
														</tbody>
													</table>
													<ul class='collapsible node-list' data-collapsible='accordion'>
													</ul>
												</div>
											</div>
										</li>
										<li class='collection-item test displayed active fail ' extentid='8749c92a-30ca-4dd7-9e63-0da9cee3d16e'>
											<div class='test-head'>
												<span class='test-name'>ver_validtionMsgForFrmDateMoreThanToDate </span>
												<span class='test-status label right capitalize outline fail'>fail</span>
												<span class='category-assigned hide  endtoend aq31-releasecandidate10-05-2017-10144'></span>
											</div>
											<div class='test-body'>
												<div class='test-info'>
													<span title='Test started time' alt='Test started time' class='test-started-time label green lighten-2 text-white'>2017-05-11 11:40:40</span>
													<span title='Test ended time' alt='Test ended time' class='test-ended-time label red lighten-2 text-white'>2017-05-11 11:41:06</span>
													<span title='Time taken to finish' alt='Time taken to finish' class='test-time-taken label blue-grey lighten-3 text-white'>0h 0m 26s+41ms</span>
												</div>
												<div class='test-desc'>verify the validation message when From Date is mre than To Date</div>
												<div class='test-attributes'>
														<div class='categories'>
																<span class='category text-white'>endtoend</span>
																<span class='category text-white'>AQ3.1-ReleaseCandidate.10-05-2017-10.144</span>
														</div>
												</div>
												<div class='test-steps'>
													<table class='bordered table-results'>
														<thead>
															<tr>
																<th>Status</th>
																<th>Timestamp</th>
																<th>Details</th>
															</tr>
														</thead>
														<tbody>
																<tr>
																	<td class='status fail' title='fail' alt='fail'><i class='fa fa-fa fa-times-circle-o'></i></td>
																	<td class='timestamp'>11:41:06</td>
																	<td class='step-details'><pre>expected [Sorry, From Date cannot be greater than To Date.] but found [Sorry, From Date cannot be greater than To Date.Please select a group or a vehicle.Please select either vehicle or tag.]</pre></td>
																</tr>
																<tr>
																	<td class='status fail' title='fail' alt='fail'><i class='fa fa-fa fa-times-circle-o'></i></td>
																	<td class='timestamp'>11:41:06</td>
																	<td class='step-details'><pre>java.lang.AssertionError: expected [Sorry, From Date cannot be greater than To Date.] but found [Sorry, From Date cannot be greater than To Date.Please select a group or a vehicle.Please select either vehicle or tag.]
	at org.testng.Assert.fail(Assert.java:94)
	at org.testng.Assert.failNotEquals(Assert.java:494)
	at org.testng.Assert.assertEquals(Assert.java:123)
	at org.testng.Assert.assertEquals(Assert.java:176)
	at org.testng.Assert.assertEquals(Assert.java:186)
	at com.azuga.sanitytests.reports.fuel.ver_validtionMsgForFrmDateMoreThanToDate(fuel.java:224)
	at sun.reflect.NativeMethodAccessorImpl.invoke0(Native Method)
	at sun.reflect.NativeMethodAccessorImpl.invoke(NativeMethodAccessorImpl.java:62)
	at sun.reflect.DelegatingMethodAccessorImpl.invoke(DelegatingMethodAccessorImpl.java:43)
	at java.lang.reflect.Method.invoke(Method.java:497)
	at org.testng.internal.MethodInvocationHelper.invokeMethod(MethodInvocationHelper.java:85)
	at org.testng.internal.Invoker.invokeMethod(Invoker.java:696)
	at org.testng.internal.Invoker.invokeTestMethod(Invoker.java:882)
	at org.testng.internal.Invoker.invokeTestMethods(Invoker.java:1189)
	at org.testng.internal.TestMethodWorker.invokeTestMethods(TestMethodWorker.java:124)
	at org.testng.internal.TestMethodWorker.run(TestMethodWorker.java:108)
	at org.testng.TestRunner.privateRun(TestRunner.java:767)
	at org.testng.TestRunner.run(TestRunner.java:617)
	at org.testng.SuiteRunner.runTest(SuiteRunner.java:348)
	at org.testng.SuiteRunner.runSequentially(SuiteRunner.java:343)
	at org.testng.SuiteRunner.privateRun(SuiteRunner.java:305)
	at org.testng.SuiteRunner.run(SuiteRunner.java:254)
	at org.testng.SuiteRunnerWorker.runSuite(SuiteRunnerWorker.java:52)
	at org.testng.SuiteRunnerWorker.run(SuiteRunnerWorker.java:86)
	at org.testng.TestNG.runSuitesSequentially(TestNG.java:1224)
	at org.testng.TestNG.runSuitesLocally(TestNG.java:1149)
	at org.testng.TestNG.run(TestNG.java:1057)
	at org.testng.remote.AbstractRemoteTestNG.run(AbstractRemoteTestNG.java:126)
	at org.testng.remote.RemoteTestNG.initAndRun(RemoteTestNG.java:137)
	at org.testng.remote.RemoteTestNG.main(RemoteTestNG.java:58)
</pre></td>
																</tr>
														</tbody>
													</table>
													<ul class='collapsible node-list' data-collapsible='accordion'>
													</ul>
												</div>
											</div>
										</li>
										<li class='collection-item test displayed active pass ' extentid='a0b06dab-0d4c-4d8b-9d21-52e91dd9f750'>
											<div class='test-head'>
												<span class='test-name'>ValidationMessage_DateRangeMoreThan31Days </span>
												<span class='test-status label right capitalize outline pass'>pass</span>
												<span class='category-assigned hide  fuel-report aq31-releasecandidate10-05-2017-10144'></span>
											</div>
											<div class='test-body'>
												<div class='test-info'>
													<span title='Test started time' alt='Test started time' class='test-started-time label green lighten-2 text-white'>2017-05-11 11:40:23</span>
													<span title='Test ended time' alt='Test ended time' class='test-ended-time label red lighten-2 text-white'>2017-05-11 11:40:40</span>
													<span title='Time taken to finish' alt='Time taken to finish' class='test-time-taken label blue-grey lighten-3 text-white'>0h 0m 16s+700ms</span>
												</div>
												<div class='test-desc'>verify the validation message when dateRange is more than 31 days</div>
												<div class='test-attributes'>
														<div class='categories'>
																<span class='category text-white'>Fuel-Report</span>
																<span class='category text-white'>AQ3.1-ReleaseCandidate.10-05-2017-10.144</span>
														</div>
												</div>
												<div class='test-steps'>
													<table class='bordered table-results'>
														<thead>
															<tr>
																<th>Status</th>
																<th>Timestamp</th>
																<th>Details</th>
															</tr>
														</thead>
														<tbody>
																<tr>
																	<td class='status info' title='info' alt='info'><i class='fa fa-fa fa-info-circle'></i></td>
																	<td class='timestamp'>11:40:23</td>
																	<td class='step-details'>VCheck the Default Checkbox is checked by default</td>
																</tr>
																<tr>
																	<td class='status pass' title='pass' alt='pass'><i class='fa fa-fa fa-check-circle-o'></i></td>
																	<td class='timestamp'>11:40:40</td>
																	<td class='step-details'>Validation Message for Date Range more than 31 days : <a href='https://azuga-automation.s3.amazonaws.com/main_Thu_May11_2017-11_40_36-IST.jpg' data-featherlight='image'><img class='report-img' src='https://azuga-automation.s3.amazonaws.com/main_Thu_May11_2017-11_40_36-IST.jpg' /></a></td>
																</tr>
																<tr>
																	<td class='status pass' title='pass' alt='pass'><i class='fa fa-fa fa-check-circle-o'></i></td>
																	<td class='timestamp'>11:40:40</td>
																	<td class='step-details'>Test passed</td>
																</tr>
																<tr>
																	<td class='status pass' title='pass' alt='pass'><i class='fa fa-fa fa-check-circle-o'></i></td>
																	<td class='timestamp'>11:40:40</td>
																	<td class='step-details'>Test passed</td>
																</tr>
														</tbody>
													</table>
													<ul class='collapsible node-list' data-collapsible='accordion'>
													</ul>
												</div>
											</div>
										</li>
										<li class='collection-item test displayed active pass ' extentid='4b396620-11c6-4289-9195-b2a901c6eecf'>
											<div class='test-head'>
												<span class='test-name'>FuelReport_DefaultCheckBox_VehicleTree </span>
												<span class='test-status label right capitalize outline pass'>pass</span>
												<span class='category-assigned hide  fuel-report aq31-releasecandidate10-05-2017-10144'></span>
											</div>
											<div class='test-body'>
												<div class='test-info'>
													<span title='Test started time' alt='Test started time' class='test-started-time label green lighten-2 text-white'>2017-05-11 11:40:10</span>
													<span title='Test ended time' alt='Test ended time' class='test-ended-time label red lighten-2 text-white'>2017-05-11 11:40:23</span>
													<span title='Time taken to finish' alt='Time taken to finish' class='test-time-taken label blue-grey lighten-3 text-white'>0h 0m 12s+838ms</span>
												</div>
												<div class='test-desc'>Verify the defaultCheckBox is checked by default</div>
												<div class='test-attributes'>
														<div class='categories'>
																<span class='category text-white'>Fuel-Report</span>
																<span class='category text-white'>AQ3.1-ReleaseCandidate.10-05-2017-10.144</span>
														</div>
												</div>
												<div class='test-steps'>
													<table class='bordered table-results'>
														<thead>
															<tr>
																<th>Status</th>
																<th>Timestamp</th>
																<th>Details</th>
															</tr>
														</thead>
														<tbody>
																<tr>
																	<td class='status info' title='info' alt='info'><i class='fa fa-fa fa-info-circle'></i></td>
																	<td class='timestamp'>11:40:10</td>
																	<td class='step-details'>Check the Default Checkbox is checked by default</td>
																</tr>
																<tr>
																	<td class='status pass' title='pass' alt='pass'><i class='fa fa-fa fa-check-circle-o'></i></td>
																	<td class='timestamp'>11:40:23</td>
																	<td class='step-details'>Fuel Report - Default CheckBox in Vehicle tree is checked or Not : <a href='https://azuga-automation.s3.amazonaws.com/main_Thu_May11_2017-11_40_20-IST.jpg' data-featherlight='image'><img class='report-img' src='https://azuga-automation.s3.amazonaws.com/main_Thu_May11_2017-11_40_20-IST.jpg' /></a></td>
																</tr>
																<tr>
																	<td class='status pass' title='pass' alt='pass'><i class='fa fa-fa fa-check-circle-o'></i></td>
																	<td class='timestamp'>11:40:23</td>
																	<td class='step-details'>Test passed</td>
																</tr>
																<tr>
																	<td class='status pass' title='pass' alt='pass'><i class='fa fa-fa fa-check-circle-o'></i></td>
																	<td class='timestamp'>11:40:23</td>
																	<td class='step-details'>Test passed</td>
																</tr>
														</tbody>
													</table>
													<ul class='collapsible node-list' data-collapsible='accordion'>
													</ul>
												</div>
											</div>
										</li>
										<li class='collection-item test displayed active pass ' extentid='7ad240c3-5253-4359-8e94-375a76550fae'>
											<div class='test-head'>
												<span class='test-name'>FuelReport_LandingText </span>
												<span class='test-status label right capitalize outline pass'>pass</span>
												<span class='category-assigned hide  fuel-report aq31-releasecandidate10-05-2017-10144'></span>
											</div>
											<div class='test-body'>
												<div class='test-info'>
													<span title='Test started time' alt='Test started time' class='test-started-time label green lighten-2 text-white'>2017-05-11 11:39:59</span>
													<span title='Test ended time' alt='Test ended time' class='test-ended-time label red lighten-2 text-white'>2017-05-11 11:40:10</span>
													<span title='Time taken to finish' alt='Time taken to finish' class='test-time-taken label blue-grey lighten-3 text-white'>0h 0m 11s+441ms</span>
												</div>
												<div class='test-desc'>Verify the landing Page text from FuelReport Page</div>
												<div class='test-attributes'>
														<div class='categories'>
																<span class='category text-white'>Fuel-Report</span>
																<span class='category text-white'>AQ3.1-ReleaseCandidate.10-05-2017-10.144</span>
														</div>
												</div>
												<div class='test-steps'>
													<table class='bordered table-results'>
														<thead>
															<tr>
																<th>Status</th>
																<th>Timestamp</th>
																<th>Details</th>
															</tr>
														</thead>
														<tbody>
																<tr>
																	<td class='status info' title='info' alt='info'><i class='fa fa-fa fa-info-circle'></i></td>
																	<td class='timestamp'>11:39:59</td>
																	<td class='step-details'>Check the landing Page text from FuelReport</td>
																</tr>
																<tr>
																	<td class='status pass' title='pass' alt='pass'><i class='fa fa-fa fa-check-circle-o'></i></td>
																	<td class='timestamp'>11:40:10</td>
																	<td class='step-details'>Fuel Report Landing Page text is working as expected: <a href='https://azuga-automation.s3.amazonaws.com/main_Thu_May11_2017-11_40_07-IST.jpg' data-featherlight='image'><img class='report-img' src='https://azuga-automation.s3.amazonaws.com/main_Thu_May11_2017-11_40_07-IST.jpg' /></a></td>
																</tr>
																<tr>
																	<td class='status pass' title='pass' alt='pass'><i class='fa fa-fa fa-check-circle-o'></i></td>
																	<td class='timestamp'>11:40:10</td>
																	<td class='step-details'>Test passed</td>
																</tr>
																<tr>
																	<td class='status pass' title='pass' alt='pass'><i class='fa fa-fa fa-check-circle-o'></i></td>
																	<td class='timestamp'>11:40:10</td>
																	<td class='step-details'>Test passed</td>
																</tr>
														</tbody>
													</table>
													<ul class='collapsible node-list' data-collapsible='accordion'>
													</ul>
												</div>
											</div>
										</li>
										<li class='collection-item test displayed active fail ' extentid='e7844dbe-bd97-43ac-8546-eb314192b6e9'>
											<div class='test-head'>
												<span class='test-name'>FuelReport_EventValidation </span>
												<span class='test-status label right capitalize outline fail'>fail</span>
												<span class='category-assigned hide  fuel-report aq31-releasecandidate10-05-2017-10144'></span>
											</div>
											<div class='test-body'>
												<div class='test-info'>
													<span title='Test started time' alt='Test started time' class='test-started-time label green lighten-2 text-white'>2017-05-11 11:39:48</span>
													<span title='Test ended time' alt='Test ended time' class='test-ended-time label red lighten-2 text-white'>2017-05-11 11:39:59</span>
													<span title='Time taken to finish' alt='Time taken to finish' class='test-time-taken label blue-grey lighten-3 text-white'>0h 0m 10s+564ms</span>
												</div>
												<div class='test-desc'>Validation message when no groups selected</div>
												<div class='test-attributes'>
														<div class='categories'>
																<span class='category text-white'>Fuel-Report</span>
																<span class='category text-white'>AQ3.1-ReleaseCandidate.10-05-2017-10.144</span>
														</div>
												</div>
												<div class='test-steps'>
													<table class='bordered table-results'>
														<thead>
															<tr>
																<th>Status</th>
																<th>Timestamp</th>
																<th>Details</th>
															</tr>
														</thead>
														<tbody>
																<tr>
																	<td class='status info' title='info' alt='info'><i class='fa fa-fa fa-info-circle'></i></td>
																	<td class='timestamp'>11:39:48</td>
																	<td class='step-details'>Validation message when no group or vehicle is selected</td>
																</tr>
																<tr>
																	<td class='status fail' title='fail' alt='fail'><i class='fa fa-fa fa-times-circle-o'></i></td>
																	<td class='timestamp'>11:39:59</td>
																	<td class='step-details'><pre>expected [automation driver] but found [6600 North Indian Canyon Drive, Palm Springs, CA 92262, USA]</pre></td>
																</tr>
																<tr>
																	<td class='status fail' title='fail' alt='fail'><i class='fa fa-fa fa-times-circle-o'></i></td>
																	<td class='timestamp'>11:39:59</td>
																	<td class='step-details'><pre>java.lang.AssertionError: expected [automation driver] but found [6600 North Indian Canyon Drive, Palm Springs, CA 92262, USA]
	at org.testng.Assert.fail(Assert.java:94)
	at org.testng.Assert.failNotEquals(Assert.java:494)
	at org.testng.Assert.assertEquals(Assert.java:123)
	at org.testng.Assert.assertEquals(Assert.java:176)
	at org.testng.Assert.assertEquals(Assert.java:186)
	at com.azuga.sanitytests.reports.fuel.FuelReport_EventValidation(fuel.java:130)
	at sun.reflect.NativeMethodAccessorImpl.invoke0(Native Method)
	at sun.reflect.NativeMethodAccessorImpl.invoke(NativeMethodAccessorImpl.java:62)
	at sun.reflect.DelegatingMethodAccessorImpl.invoke(DelegatingMethodAccessorImpl.java:43)
	at java.lang.reflect.Method.invoke(Method.java:497)
	at org.testng.internal.MethodInvocationHelper.invokeMethod(MethodInvocationHelper.java:85)
	at org.testng.internal.Invoker.invokeMethod(Invoker.java:696)
	at org.testng.internal.Invoker.invokeTestMethod(Invoker.java:882)
	at org.testng.internal.Invoker.invokeTestMethods(Invoker.java:1189)
	at org.testng.internal.TestMethodWorker.invokeTestMethods(TestMethodWorker.java:124)
	at org.testng.internal.TestMethodWorker.run(TestMethodWorker.java:108)
	at org.testng.TestRunner.privateRun(TestRunner.java:767)
	at org.testng.TestRunner.run(TestRunner.java:617)
	at org.testng.SuiteRunner.runTest(SuiteRunner.java:348)
	at org.testng.SuiteRunner.runSequentially(SuiteRunner.java:343)
	at org.testng.SuiteRunner.privateRun(SuiteRunner.java:305)
	at org.testng.SuiteRunner.run(SuiteRunner.java:254)
	at org.testng.SuiteRunnerWorker.runSuite(SuiteRunnerWorker.java:52)
	at org.testng.SuiteRunnerWorker.run(SuiteRunnerWorker.java:86)
	at org.testng.TestNG.runSuitesSequentially(TestNG.java:1224)
	at org.testng.TestNG.runSuitesLocally(TestNG.java:1149)
	at org.testng.TestNG.run(TestNG.java:1057)
	at org.testng.remote.AbstractRemoteTestNG.run(AbstractRemoteTestNG.java:126)
	at org.testng.remote.RemoteTestNG.initAndRun(RemoteTestNG.java:137)
	at org.testng.remote.RemoteTestNG.main(RemoteTestNG.java:58)
</pre></td>
																</tr>
														</tbody>
													</table>
													<ul class='collapsible node-list' data-collapsible='accordion'>
													</ul>
												</div>
											</div>
										</li>
										<li class='collection-item test displayed active pass ' extentid='7fcf585c-612e-49c0-96f9-d430e443bb84'>
											<div class='test-head'>
												<span class='test-name'>FuelReport_ValidationMessage_NoGroupsSelected </span>
												<span class='test-status label right capitalize outline pass'>pass</span>
												<span class='category-assigned hide  fuel-report aq31-releasecandidate10-05-2017-10144'></span>
											</div>
											<div class='test-body'>
												<div class='test-info'>
													<span title='Test started time' alt='Test started time' class='test-started-time label green lighten-2 text-white'>2017-05-11 11:39:34</span>
													<span title='Test ended time' alt='Test ended time' class='test-ended-time label red lighten-2 text-white'>2017-05-11 11:39:48</span>
													<span title='Time taken to finish' alt='Time taken to finish' class='test-time-taken label blue-grey lighten-3 text-white'>0h 0m 14s+168ms</span>
												</div>
												<div class='test-desc'>Validation message when no groups selected</div>
												<div class='test-attributes'>
														<div class='categories'>
																<span class='category text-white'>Fuel-Report</span>
																<span class='category text-white'>AQ3.1-ReleaseCandidate.10-05-2017-10.144</span>
														</div>
												</div>
												<div class='test-steps'>
													<table class='bordered table-results'>
														<thead>
															<tr>
																<th>Status</th>
																<th>Timestamp</th>
																<th>Details</th>
															</tr>
														</thead>
														<tbody>
																<tr>
																	<td class='status info' title='info' alt='info'><i class='fa fa-fa fa-info-circle'></i></td>
																	<td class='timestamp'>11:39:34</td>
																	<td class='step-details'>Validation message when no group or vehicle is selected</td>
																</tr>
																<tr>
																	<td class='status pass' title='pass' alt='pass'><i class='fa fa-fa fa-check-circle-o'></i></td>
																	<td class='timestamp'>11:39:48</td>
																	<td class='step-details'>Generated Fuel Report as expected:<a href='https://azuga-automation.s3.amazonaws.com/main_Thu_May11_2017-11_39_45-IST.jpg' data-featherlight='image'><img class='report-img' src='https://azuga-automation.s3.amazonaws.com/main_Thu_May11_2017-11_39_45-IST.jpg' /></a></td>
																</tr>
																<tr>
																	<td class='status pass' title='pass' alt='pass'><i class='fa fa-fa fa-check-circle-o'></i></td>
																	<td class='timestamp'>11:39:48</td>
																	<td class='step-details'>Test passed</td>
																</tr>
																<tr>
																	<td class='status pass' title='pass' alt='pass'><i class='fa fa-fa fa-check-circle-o'></i></td>
																	<td class='timestamp'>11:39:48</td>
																	<td class='step-details'>Test passed</td>
																</tr>
														</tbody>
													</table>
													<ul class='collapsible node-list' data-collapsible='accordion'>
													</ul>
												</div>
											</div>
										</li>
										<li class='collection-item test displayed active pass ' extentid='dfa30f95-973d-49de-9b9f-406d2ec25cf2'>
											<div class='test-head'>
												<span class='test-name'>FuelReport_DefaultFilter </span>
												<span class='test-status label right capitalize outline pass'>pass</span>
												<span class='category-assigned hide  fuel-report aq31-releasecandidate10-05-2017-10144'></span>
											</div>
											<div class='test-body'>
												<div class='test-info'>
													<span title='Test started time' alt='Test started time' class='test-started-time label green lighten-2 text-white'>2017-05-11 11:38:50</span>
													<span title='Test ended time' alt='Test ended time' class='test-ended-time label red lighten-2 text-white'>2017-05-11 11:39:34</span>
													<span title='Time taken to finish' alt='Time taken to finish' class='test-time-taken label blue-grey lighten-3 text-white'>0h 0m 44s+535ms</span>
												</div>
												<div class='test-desc'>Fuel Report Generation, Back & New Report Button Scenarios</div>
												<div class='test-attributes'>
														<div class='categories'>
																<span class='category text-white'>Fuel-Report</span>
																<span class='category text-white'>AQ3.1-ReleaseCandidate.10-05-2017-10.144</span>
														</div>
												</div>
												<div class='test-steps'>
													<table class='bordered table-results'>
														<thead>
															<tr>
																<th>Status</th>
																<th>Timestamp</th>
																<th>Details</th>
															</tr>
														</thead>
														<tbody>
																<tr>
																	<td class='status info' title='info' alt='info'><i class='fa fa-fa fa-info-circle'></i></td>
																	<td class='timestamp'>11:38:50</td>
																	<td class='step-details'>User Generate Fuel Report with default filter and click on Back Button</td>
																</tr>
																<tr>
																	<td class='status info' title='info' alt='info'><i class='fa fa-fa fa-info-circle'></i></td>
																	<td class='timestamp'>11:39:13</td>
																	<td class='step-details'>User Navigated to Fuel Report<a href='https://azuga-automation.s3.amazonaws.com/main_Thu_May11_2017-11_39_08-IST.jpg' data-featherlight='image'><img class='report-img' src='https://azuga-automation.s3.amazonaws.com/main_Thu_May11_2017-11_39_08-IST.jpg' /></a></td>
																</tr>
																<tr>
																	<td class='status info' title='info' alt='info'><i class='fa fa-fa fa-info-circle'></i></td>
																	<td class='timestamp'>11:39:19</td>
																	<td class='step-details'>User generates fuel report again<a href='https://azuga-automation.s3.amazonaws.com/main_Thu_May11_2017-11_39_16-IST.jpg' data-featherlight='image'><img class='report-img' src='https://azuga-automation.s3.amazonaws.com/main_Thu_May11_2017-11_39_16-IST.jpg' /></a></td>
																</tr>
																<tr>
																	<td class='status info' title='info' alt='info'><i class='fa fa-fa fa-info-circle'></i></td>
																	<td class='timestamp'>11:39:23</td>
																	<td class='step-details'>Fuel Report is generated sucessfully and user click on Back Button<a href='https://azuga-automation.s3.amazonaws.com/main_Thu_May11_2017-11_39_19-IST.jpg' data-featherlight='image'><img class='report-img' src='https://azuga-automation.s3.amazonaws.com/main_Thu_May11_2017-11_39_19-IST.jpg' /></a></td>
																</tr>
																<tr>
																	<td class='status info' title='info' alt='info'><i class='fa fa-fa fa-info-circle'></i></td>
																	<td class='timestamp'>11:39:28</td>
																	<td class='step-details'>User generates fuel report again<a href='https://azuga-automation.s3.amazonaws.com/main_Thu_May11_2017-11_39_25-IST.jpg' data-featherlight='image'><img class='report-img' src='https://azuga-automation.s3.amazonaws.com/main_Thu_May11_2017-11_39_25-IST.jpg' /></a></td>
																</tr>
																<tr>
																	<td class='status info' title='info' alt='info'><i class='fa fa-fa fa-info-circle'></i></td>
																	<td class='timestamp'>11:39:34</td>
																	<td class='step-details'>User click on New Report Button<a href='https://azuga-automation.s3.amazonaws.com/main_Thu_May11_2017-11_39_30-IST.jpg' data-featherlight='image'><img class='report-img' src='https://azuga-automation.s3.amazonaws.com/main_Thu_May11_2017-11_39_30-IST.jpg' /></a></td>
																</tr>
																<tr>
																	<td class='status pass' title='pass' alt='pass'><i class='fa fa-fa fa-check-circle-o'></i></td>
																	<td class='timestamp'>11:39:34</td>
																	<td class='step-details'>Test passed</td>
																</tr>
																<tr>
																	<td class='status pass' title='pass' alt='pass'><i class='fa fa-fa fa-check-circle-o'></i></td>
																	<td class='timestamp'>11:39:34</td>
																	<td class='step-details'>Test passed</td>
																</tr>
														</tbody>
													</table>
													<ul class='collapsible node-list' data-collapsible='accordion'>
													</ul>
												</div>
											</div>
										</li>
								</ul>
							</div>
						</div>
					</div>
				</div>
				<div id='test-details-wrapper' class='col _addedCell2'>
					<div class='contents'>
						<div class='card-panel details-view'>
							<h5 class='details-name'></h5>
							<div class='step-filters right'>
								<span class='info' alt='info' title='info'><i class='fa fa-info-circle'></i></span>
								<span class='pass' alt='pass' title='pass'><i class='fa fa-check-circle-o'></i></span>
								<span class='fail' alt='fail' title='fail'><i class='fa fa-times-circle-o'></i></span>
								<span class='fatal' alt='fatal' title='fatal'><i class='fa fa-times-circle-o'></i></span>
								<span class='error' alt='error' title='error'><i class='fa fa-exclamation-circle'></i></span>
								<span class='warning' alt='warning' title='warning'><i class='fa fa-warning'></i></span>
								<span class='skip' alt='skip' title='skip'><i class='fa fa-chevron-circle-right'></i></span>
								<span class='clear-step-filter' alt='Clear filters' title='Clear filters'><i class='fa fa-times'></i></span>
							</div>
							<div class='details-container'>
							</div>
						</div>
					</div>
				</div>
			</div>
			<!-- /tests -->
			
			<!-- categories -->
				<div id='categories-view' class='row _addedTable hide'>
					<div class='col _addedCell1'>
						<div class='contents'>
							<div class='card-panel heading'>
								<h5>Categories</h5>
							</div>
							<div class='card-panel filters'>
								<div class='search' alt='Search tests' title='Search tests'>
									<div class='input-field left'>
										<input id='searchTests' type='text' class='validate' placeholder='Search tests...'>
									</div>
									<i class='fa fa-search icon'></i>
								</div>
							</div>
							<div class='card-panel no-padding-h no-padding-v'>
								<div class='wrapper'>
									<ul id='cat-collection' class='cat-collection'>
											<li class='category-item displayed'>
												<div class='cat-head'>
													<span class='category-name'>AQ3.1-ReleaseCandidate.10-05-2017-10.144</span>
												</div>
												<div class='category-status-counts'>
														<span class='pass label dot'>Pass: 7</span>
														<span class='fail label dot'>Fail: 6</span>
												</div>
												<div class='cat-body'>
													<div class='category-status-counts'>
														<div class='button-group'>
															<a href='#!' class='pass label filter'>Pass <span class='icon'>7</span></a>
															<a href='#!' class='fail label filter'>Fail <span class='icon'>6</span></a>
															<a href='#!' class='other label filter'>Others <span class='icon'>0</span></a>
														</div>
													</div>
													<div class='cat-tests'>
														<table class='bordered'>
															<thead>
																<tr>
																	<th>RunDate</th>
																	<th>Test Name</th>
																	<th>Status</th>
																</tr>
															</thead>
															<tbody>
																	<tr class='pass'>
																		<td>2017-05-11 11:38:50</td>
																		<td><span class='category-link linked' extentid='dfa30f95-973d-49de-9b9f-406d2ec25cf2'>FuelReport_DefaultFilter</span></td>
																		<td><div class='status label capitalize pass'>pass</div></td>
																	</tr>
																	<tr class='pass'>
																		<td>2017-05-11 11:39:34</td>
																		<td><span class='category-link linked' extentid='7fcf585c-612e-49c0-96f9-d430e443bb84'>FuelReport_ValidationMessage_NoGroupsSelected</span></td>
																		<td><div class='status label capitalize pass'>pass</div></td>
																	</tr>
																	<tr class='fail'>
																		<td>2017-05-11 11:39:48</td>
																		<td><span class='category-link linked' extentid='e7844dbe-bd97-43ac-8546-eb314192b6e9'>FuelReport_EventValidation</span></td>
																		<td><div class='status label capitalize fail'>fail</div></td>
																	</tr>
																	<tr class='pass'>
																		<td>2017-05-11 11:39:59</td>
																		<td><span class='category-link linked' extentid='7ad240c3-5253-4359-8e94-375a76550fae'>FuelReport_LandingText</span></td>
																		<td><div class='status label capitalize pass'>pass</div></td>
																	</tr>
																	<tr class='pass'>
																		<td>2017-05-11 11:40:10</td>
																		<td><span class='category-link linked' extentid='4b396620-11c6-4289-9195-b2a901c6eecf'>FuelReport_DefaultCheckBox_VehicleTree</span></td>
																		<td><div class='status label capitalize pass'>pass</div></td>
																	</tr>
																	<tr class='pass'>
																		<td>2017-05-11 11:40:23</td>
																		<td><span class='category-link linked' extentid='a0b06dab-0d4c-4d8b-9d21-52e91dd9f750'>ValidationMessage_DateRangeMoreThan31Days</span></td>
																		<td><div class='status label capitalize pass'>pass</div></td>
																	</tr>
																	<tr class='fail'>
																		<td>2017-05-11 11:40:40</td>
																		<td><span class='category-link linked' extentid='8749c92a-30ca-4dd7-9e63-0da9cee3d16e'>ver_validtionMsgForFrmDateMoreThanToDate</span></td>
																		<td><div class='status label capitalize fail'>fail</div></td>
																	</tr>
																	<tr class='fail'>
																		<td>2017-05-11 11:41:06</td>
																		<td><span class='category-link linked' extentid='d14737d9-bbcd-40b2-a26d-404952204974'>ver_ToCalDefaultValue</span></td>
																		<td><div class='status label capitalize fail'>fail</div></td>
																	</tr>
																	<tr class='fail'>
																		<td>2017-05-11 11:41:10</td>
																		<td><span class='category-link linked' extentid='67a4a7a6-4ce7-48b8-b3ca-61e508019825'>ver_FromCalDefaultValue</span></td>
																		<td><div class='status label capitalize fail'>fail</div></td>
																	</tr>
																	<tr class='pass'>
																		<td>2017-05-11 11:41:15</td>
																		<td><span class='category-link linked' extentid='16bda5d2-ea50-453f-8588-b3028c5d418f'>ver_BackBtnEnbld</span></td>
																		<td><div class='status label capitalize pass'>pass</div></td>
																	</tr>
																	<tr class='pass'>
																		<td>2017-05-11 11:42:11</td>
																		<td><span class='category-link linked' extentid='7132697a-b08d-4d5f-89bd-5ca9cc7b2878'>ver_NewRprtBtnEnbld</span></td>
																		<td><div class='status label capitalize pass'>pass</div></td>
																	</tr>
																	<tr class='fail'>
																		<td>2017-05-11 11:43:08</td>
																		<td><span class='category-link linked' extentid='385b8bf7-f1f8-4171-b121-d2906d8484e1'>EditedVehInTheReportGroupTree</span></td>
																		<td><div class='status label capitalize fail'>fail</div></td>
																	</tr>
																	<tr class='fail'>
																		<td>2017-05-11 11:43:45</td>
																		<td><span class='category-link linked' extentid='26d08233-3d54-4f3f-81f0-724d5982dfd9'>FuelReport_verifyDownloadOfXls</span></td>
																		<td><div class='status label capitalize fail'>fail</div></td>
																	</tr>
															<tbody>
														</table>
													</div>
												</div> 
											</li>
											<li class='category-item displayed'>
												<div class='cat-head'>
													<span class='category-name'>Fuel-Report</span>
												</div>
												<div class='category-status-counts'>
														<span class='pass label dot'>Pass: 5</span>
														<span class='fail label dot'>Fail: 3</span>
												</div>
												<div class='cat-body'>
													<div class='category-status-counts'>
														<div class='button-group'>
															<a href='#!' class='pass label filter'>Pass <span class='icon'>5</span></a>
															<a href='#!' class='fail label filter'>Fail <span class='icon'>3</span></a>
															<a href='#!' class='other label filter'>Others <span class='icon'>0</span></a>
														</div>
													</div>
													<div class='cat-tests'>
														<table class='bordered'>
															<thead>
																<tr>
																	<th>RunDate</th>
																	<th>Test Name</th>
																	<th>Status</th>
																</tr>
															</thead>
															<tbody>
																	<tr class='pass'>
																		<td>2017-05-11 11:38:50</td>
																		<td><span class='category-link linked' extentid='dfa30f95-973d-49de-9b9f-406d2ec25cf2'>FuelReport_DefaultFilter</span></td>
																		<td><div class='status label capitalize pass'>pass</div></td>
																	</tr>
																	<tr class='pass'>
																		<td>2017-05-11 11:39:34</td>
																		<td><span class='category-link linked' extentid='7fcf585c-612e-49c0-96f9-d430e443bb84'>FuelReport_ValidationMessage_NoGroupsSelected</span></td>
																		<td><div class='status label capitalize pass'>pass</div></td>
																	</tr>
																	<tr class='fail'>
																		<td>2017-05-11 11:39:48</td>
																		<td><span class='category-link linked' extentid='e7844dbe-bd97-43ac-8546-eb314192b6e9'>FuelReport_EventValidation</span></td>
																		<td><div class='status label capitalize fail'>fail</div></td>
																	</tr>
																	<tr class='pass'>
																		<td>2017-05-11 11:39:59</td>
																		<td><span class='category-link linked' extentid='7ad240c3-5253-4359-8e94-375a76550fae'>FuelReport_LandingText</span></td>
																		<td><div class='status label capitalize pass'>pass</div></td>
																	</tr>
																	<tr class='pass'>
																		<td>2017-05-11 11:40:10</td>
																		<td><span class='category-link linked' extentid='4b396620-11c6-4289-9195-b2a901c6eecf'>FuelReport_DefaultCheckBox_VehicleTree</span></td>
																		<td><div class='status label capitalize pass'>pass</div></td>
																	</tr>
																	<tr class='pass'>
																		<td>2017-05-11 11:40:23</td>
																		<td><span class='category-link linked' extentid='a0b06dab-0d4c-4d8b-9d21-52e91dd9f750'>ValidationMessage_DateRangeMoreThan31Days</span></td>
																		<td><div class='status label capitalize pass'>pass</div></td>
																	</tr>
																	<tr class='fail'>
																		<td>2017-05-11 11:43:08</td>
																		<td><span class='category-link linked' extentid='385b8bf7-f1f8-4171-b121-d2906d8484e1'>EditedVehInTheReportGroupTree</span></td>
																		<td><div class='status label capitalize fail'>fail</div></td>
																	</tr>
																	<tr class='fail'>
																		<td>2017-05-11 11:43:45</td>
																		<td><span class='category-link linked' extentid='26d08233-3d54-4f3f-81f0-724d5982dfd9'>FuelReport_verifyDownloadOfXls</span></td>
																		<td><div class='status label capitalize fail'>fail</div></td>
																	</tr>
															<tbody>
														</table>
													</div>
												</div> 
											</li>
											<li class='category-item displayed'>
												<div class='cat-head'>
													<span class='category-name'>endtoend</span>
												</div>
												<div class='category-status-counts'>
														<span class='fail label dot'>Fail: 1</span>
												</div>
												<div class='cat-body'>
													<div class='category-status-counts'>
														<div class='button-group'>
															<a href='#!' class='pass label filter'>Pass <span class='icon'>0</span></a>
															<a href='#!' class='fail label filter'>Fail <span class='icon'>1</span></a>
															<a href='#!' class='other label filter'>Others <span class='icon'>0</span></a>
														</div>
													</div>
													<div class='cat-tests'>
														<table class='bordered'>
															<thead>
																<tr>
																	<th>RunDate</th>
																	<th>Test Name</th>
																	<th>Status</th>
																</tr>
															</thead>
															<tbody>
																	<tr class='fail'>
																		<td>2017-05-11 11:40:40</td>
																		<td><span class='category-link linked' extentid='8749c92a-30ca-4dd7-9e63-0da9cee3d16e'>ver_validtionMsgForFrmDateMoreThanToDate</span></td>
																		<td><div class='status label capitalize fail'>fail</div></td>
																	</tr>
															<tbody>
														</table>
													</div>
												</div> 
											</li>
									</ul>
								</div>
							</div>
						</div>
					</div>
					<div id='cat-details-wrapper' class='col _addedCell2'>
						<div class='contents'>
							<div class='card-panel details-view'>
								<h5 class='cat-name'></h5>
								<div class='cat-container'>
								</div>
							</div>
						</div>
					</div>
				</div>
			<!-- /categories -->
			
			<!-- exceptions -->
			<!-- /exceptions -->
			
			<!-- testrunner logs -->
			<!-- /testrunner logs -->
			
		</div>
		<!-- /container -->
		
		<!-- test dashboard counts setting -->
		<div id='test-count-setting' class='modal bottom-sheet'> 
			<div class='modal-content'> 
				<h5>Configure Tests Count Setting</h5> 
				<input name='test-count-setting' type='radio' id='parentWithoutNodes' class='with-gap'> 
				<label for='parentWithoutNodes'>Parent Tests Only (Does not include child nodes in counts)</label> 
				<br> 
				<input name='test-count-setting' type='radio' id='parentWithoutNodesAndNodes' class='with-gap'> 
				<label for='parentWithoutNodesAndNodes'>Parent Tests Without Child Tests + Child Tests</label> 
				<br> 
				<input name='test-count-setting' type='radio' id='childNodes' class='with-gap'> 
				<label for='childNodes'>Child Tests Only</label> 
			</div> 
			<div class='modal-footer'> 
				<a href='#!' class='modal-action modal-close waves-effect waves-green btn'>Save</a> 
			</div> 
		</div>
		<!-- /test dashboard counts setting -->
		
		<!-- filter for step status -->
		<div id='step-status-filter' class='modal bottom-sheet'> 
			<div class='modal-content'> 
				<h5>Select status</h5> 
				<input checked class='filled-in' type='checkbox' id='step-dashboard-filter-pass'> 
				<label for='step-dashboard-filter-pass'>Pass</label> 
				<br> 
				<input checked class='filled-in' type='checkbox' id='step-dashboard-filter-fail'> 
				<label for='step-dashboard-filter-fail'>Fail</label> 
				<br> 
				<input checked class='filled-in' type='checkbox' id='step-dashboard-filter-fatal'> 
				<label for='step-dashboard-filter-fatal'>Fatal</label> 
				<br> 
				<input checked class='filled-in' type='checkbox' id='step-dashboard-filter-error'> 
				<label for='step-dashboard-filter-error'>Error</label> 
				<br> 
				<input checked class='filled-in' type='checkbox' id='step-dashboard-filter-warning'> 
				<label for='step-dashboard-filter-warning'>Warning</label> 
				<br> 
				<input checked class='filled-in' type='checkbox' id='step-dashboard-filter-skip'> 
				<label for='step-dashboard-filter-skip'>Skipped</label> 
				<br> 
				<input checked class='filled-in' type='checkbox' id='step-dashboard-filter-info'> 
				<label for='step-dashboard-filter-info'>Info</label> 
				<br> 
				<input checked class='filled-in' type='checkbox' id='step-dashboard-filter-unknown'> 
				<label for='step-dashboard-filter-unknown'>Unknown</label> 
			</div>
			<div class='modal-footer'> 
				<a href='#!' class='modal-action modal-close waves-effect waves-green btn'>Save</a> 
			</div> 
		</div>
		<!-- /filter for step status -->
		
		<script type='text/javascript' src='./extentreports/js/scripts.js'></script>		
		<script>jQuery(document).ready(function() { jQuery('.logo span').html('ExtentReports'); });</script>
		<script>
				
            
                $(document).ready(function() {
                    
                });
            
        
		</script>
	</body>
</html>