
<!DOCTYPE html>
<html>
	<head>
		<!--
			ExtentReports Library 2.41.0 | http://relevantcodes.com/extentreports-for-selenium/ | https://github.com/anshooarora/
			Copyright (c) 2015, Anshoo Arora (Relevant Codes) | Copyrights licensed under the New BSD License | http://opensource.org/licenses/BSD-3-Clause
			Documentation: http://extentreports.relevantcodes.com 
		-->

		<extent id='4412b9d1-5fc4-487f-9d1a-8dcc717ec52e' />
		
		<meta http-equiv='content-type' content='text/html; charset=UTF-8' /> 
		<meta name='description' content='ExtentReports (by Anshoo Arora) is a reporting library for automation testing for .NET and Java. It creates detailed and beautiful HTML reports for modern browsers. ExtentReports shows test and step summary along with dashboards, system and environment details for quick analysis of your tests.' />
		<meta name='robots' content='noodp, noydir' />
		<meta name='viewport' content='width=device-width, initial-scale=1' />
		<meta name='extentx' id='extentx' content='' />
		
		<title>
				ExtentReports 2.0
		</title>
		
		<link href='./extentreports/css/css.css' type='text/css' rel='stylesheet' />
		
		<style>
				
            
                
            
        
		</style>
	</head>
	
	
	<body class='extent standard hide-overflow'>
		<!-- nav -->
		<nav>
			<div class='logo-container'>
				<a class='logo-content' href='http://extentreports.relevantcodes.com'>
					<span>ExtentReports</span>
				</a>
				<a href='#' data-activates='slide-out' class='button-collapse'><i class='fa fa-bars'></i></a>
			</div>
			<ul id='slide-out' class='side-nav fixed hide-on-med-and-down'>
				<li class='analysis waves-effect active'><a href='#!' class='test-view' onclick="_updateCurrentStage(0)"><i class='fa fa-tasks'></i>Test Details</a></li>
				<li class='analysis waves-effect'><a href='#!' class='categories-view' onclick="_updateCurrentStage(1)"><i class='fa fa-tags'></i>Categories</a></li>
				<li class='analysis waves-effect'><a href='#!' class='exceptions-view' onclick="_updateCurrentStage(2)"><i class='fa fa-bug'></i>Exceptions</a></li>
				<li class='analysis waves-effect'><a href='#!' class='dashboard-view'><i class='fa fa-dashboard'></i></i>Analysis</a></li>				
				<li class='analysis waves-effect'><a href='#!' class='testrunner-logs-view'><i class='fa fa-file-text-o'></i>TestRunner Logs</a></li>
			</ul>
			<span class='report-name'>Automation Report</span> <span class='report-headline'></span>
			<ul class='right hide-on-med-and-down nav-right'>
				<li class='theme-selector' alt='Click to toggle dark theme. To enable by default, use js configuration $("body").addClass("dark");' title='Click to toggle dark theme. To enable by default, use js configuration $("body").addClass("dark");'>
					<i class='fa fa-desktop'></i>
				</li>
				<li>
					<span class='suite-started-time'>2017-05-11 16:48:56</span>
				</li>
				<li>
					<span>v2.41.0</span>
				</li>
			</ul>
		</nav>
		<!-- /nav -->
		
		<!-- container -->
		<div class='container'>
			
			<!-- dashboard -->
			<div id='dashboard-view' class='row'>
				<div class='time-totals'>
					<div class='col l2 m4 s6'>
						<div class='card suite-total-tests'> 
							<span class='panel-name'>Total Tests</span> 
							<span class='total-tests'> <span class='panel-lead'></span> </span> 
						</div> 
					</div>
					<div class='col l2 m4 s6'>
						<div class='card suite-total-steps'> 
							<span class='panel-name'>Total Steps</span> 
							<span class='total-steps'> <span class='panel-lead'></span> </span> 
						</div> 
					</div>
					<div class='col l2 m4 s12'>
						<div class='card suite-total-time-current'> 
							<span class='panel-name'>Total Time Taken (Current Run)</span> 
							<span class='suite-total-time-current-value panel-lead'>0h 13m 25s+601ms</span> 
						</div> 
					</div>
					<div class='col l2 m4 s12'>
						<div class='card suite-total-time-overall'> 
							<span class='panel-name'>Total Time Taken (Overall)</span> 
							<span class='suite-total-time-overall-value panel-lead'>0h 13m 25s+601ms</span> 
						</div> 
					</div>
					<div class='col l2 m4 s6 suite-start-time'>
						<div class='card green-accent'> 
							<span class='panel-name'>Start</span> 
							<span class='panel-lead suite-started-time'>2017-05-11 16:35:30</span> 
						</div> 
					</div>
					<div class='col l2 m4 s6 suite-end-time'>
						<div class='card pink-accent'> 
							<span class='panel-name'>End</span> 
							<span class='panel-lead suite-ended-time'>2017-05-11 16:48:56</span> 
						</div> 
					</div>
				</div>
				<div class='charts'>
					<div class='col s12 m6 l4 fh'> 
						<div class='card-panel'> 
							<div>
								<span class='panel-name'>Tests View</span>
							</div> 
							<div class='panel-setting modal-trigger test-count-setting right'>
								<a href='#test-count-setting'><i class='fa fa-ellipsis-v'></i></a>
							</div> 
							<div class='chart-box'>
								<canvas class='text-centered' id='test-analysis'></canvas>
							</div> 
							<div>
								<span class='weight-light'><span class='t-pass-count weight-normal'></span> test(s) passed</span>
							</div> 
							<div>
								<span class='weight-light'><span class='t-fail-count weight-normal'></span> test(s) failed, <span class='t-others-count weight-normal'></span> others</span>
							</div> 
						</div> 
					</div> 
					<div class='col s12 m6 l4 fh'> 
						<div class='card-panel'> 
							<div>
								<span class='panel-name'>Steps View</span>
							</div> 
							<div class='panel-setting modal-trigger step-status-filter right'>
								<a href='#step-status-filter'><i class='fa fa-ellipsis-v'></i></a>
							</div> 
							<div class='chart-box'>
								<canvas class='text-centered' id='step-analysis'></canvas>
							</div> 
							<div>
								<span class='weight-light'><span class='s-pass-count weight-normal'></span> step(s) passed </span>
							</div> 
							<div>
								<span class='weight-light'><span class='s-fail-count weight-normal'></span> step(s) failed, <span class='s-others-count weight-normal'></span> others</span>
							</div> 
						</div> 
					</div>
					<div class='col s12 m12 l4 fh'> 
						<div class='card-panel'> 
							<span class='panel-name'>Pass Percentage</span> 
							<span class='pass-percentage panel-lead'></span> 
							<div class='progress light-blue lighten-3'> 
								<div class='determinate light-blue'></div> 
							</div> 
						</div> 
					</div>
				</div>
				<div class='system-view'>
					<div class='col l4 m12 s12'>
						<div class='card-panel'>
							<span class='label info outline right'>Environment</span>
							<table>
								<thead>
									<tr>
										<th>Param</th>
										<th>Value</th>
									</tr>
								</thead>
								<tbody>
										<tr>
											<td>User Name</td>
											<td>automation2</td>
										</tr>
										<tr>
											<td>OS</td>
											<td>Windows 7</td>
										</tr>
										<tr>
											<td>Java Version</td>
											<td>1.8.0_45</td>
										</tr>
										<tr>
											<td>Host Name</td>
											<td>Automation-2</td>
										</tr>
										<tr>
											<td>Selenium Version</td>
											<td>2.46</td>
										</tr>
										<tr>
											<td>Environment</td>
											<td>Automation Server</td>
										</tr>
										<tr>
											<td>Application</td>
											<td>http://fleetautomation1.azuga.com/azuga/login.html</td>
										</tr>
										<tr>
											<td>Browser</td>
											<td>chrome</td>
										</tr>
										<tr>
											<td>Build</td>
											<td>AQ3.1-ReleaseCandidate.10-05-2017-10.144</td>
										</tr>
								</tbody>
							</table>
						</div>
					</div>
				</div>
					<div class='category-summary-view'>
						<div class='col l4 m6 s12'>
							<div class='card-panel'>
								<span class='label info outline right'>Categories</span>
								<table>
									<thead>
										<tr>
											<th>Name</th>
										</tr>
									</thead>
									<tbody>
											<tr>
												<td>
													AQ3.1-ReleaseCandidate.10-05-2017-10.144
												</td>
											</tr>
											<tr>
												<td>
													Idling-Report
												</td>
											</tr>
											<tr>
												<td>
													StateMileage-Report
												</td>
											</tr>
									</tbody>
								</table>
							</div>
						</div>
					</div>
			</div>
			<!-- /dashboard -->
			
			<!-- tests -->
			<div id='test-view' class='row _addedTable'>
				<div class='col _addedCell1'>
					<div class='contents'>
						<div class='card-panel heading'>
							<h5>Tests</h5>
						</div>
						<div class='card-panel filters'>
							<div>
								<a data-activates='tests-toggle' data-constrainwidth='true' data-beloworigin='true' data-hover='true' href='#' class='dropdown-button button tests-toggle'><i class='fa fa-list icon'></i></a>
								<ul id='tests-toggle' class='dropdown-content'>
									<li class='pass'><a href='#!'>Pass</a></li>
									<li class='fail'><a href='#!'>Fail</a></li>
									<li class='skip'><a href='#!'>Skip</a></li>
									<li class='divider'></li>
									<li class='clear'><a href='#!'>Clear Filters</a></li>
								</ul>
							</div>
								<div>
									<a data-activates='category-toggle' data-constrainwidth='false' data-beloworigin='true' data-hover='true' href='#' class='category-toggle dropdown-button button'><i class='fa fa-tag icon'></i></a>
									<ul id='category-toggle' class='dropdown-content'>
											<li class='AQ3.1-ReleaseCandidate.10-05-2017-10.144'><a href='#!'>AQ3.1-ReleaseCandidate.10-05-2017-10.144</a></li>
											<li class='Idling-Report'><a href='#!'>Idling-Report</a></li>
											<li class='StateMileage-Report'><a href='#!'>StateMileage-Report</a></li>
										<li class='divider'></li>
										<li class='clear'><a href='#!'>Clear Filters</a></li>
									</ul>
								</div>
							<div>
								<a id='clear-filters' alt='Clear Filters' title='Clear Filters'><i class='fa fa-close icon'></i></a>
							</div>
							<div>&nbsp;&middot;&nbsp;</div>
							<div>
								<a id='enableDashboard' alt='Enable Dashboard' title='Enable Dashboard'><i class='fa fa-pie-chart icon'></i></a>
							</div>
							<div>
								<a id='refreshCharts' alt='Refresh Charts on Filters' title='Refresh Charts on Filters' class='enabled'><i class='fa fa-refresh icon'></i></i></a>
							</div>
							<div>&nbsp;&middot;</div>
							<div class='search' alt='Search Tests' title='Search Tests'>
								<div class='input-field left'>
									<input id='searchTests' type='text' class='validate' placeholder='Search Tests...'>
								</div>
								<i class='fa fa-search icon'></i>
							</div>
						</div>
						<div class='card-panel no-padding-h no-padding-v no-margin-v'>
							<div class='wrapper'>
								<ul id='test-collection' class='test-collection'>
										<li class='collection-item test displayed active fail ' extentid='e07fb96a-43e2-48f1-920e-968745c14c05'>
											<div class='test-head'>
												<span class='test-name'>assetStopReport_verifyDownloadOfXls </span>
												<span class='test-status label right capitalize outline fail'>fail</span>
												<span class='category-assigned hide  idling-report aq31-releasecandidate10-05-2017-10144'></span>
											</div>
											<div class='test-body'>
												<div class='test-info'>
													<span title='Test started time' alt='Test started time' class='test-started-time label green lighten-2 text-white'>2017-05-11 16:45:51</span>
													<span title='Test ended time' alt='Test ended time' class='test-ended-time label red lighten-2 text-white'>2017-05-11 16:48:52</span>
													<span title='Time taken to finish' alt='Time taken to finish' class='test-time-taken label blue-grey lighten-3 text-white'>0h 3m 1s+140ms</span>
												</div>
												<div class='test-desc'>Verify iff the xls is downloaded by clicking on it</div>
												<div class='test-attributes'>
														<div class='categories'>
																<span class='category text-white'>Idling-Report</span>
																<span class='category text-white'>AQ3.1-ReleaseCandidate.10-05-2017-10.144</span>
														</div>
												</div>
												<div class='test-steps'>
													<table class='bordered table-results'>
														<thead>
															<tr>
																<th>Status</th>
																<th>Timestamp</th>
																<th>Details</th>
															</tr>
														</thead>
														<tbody>
																<tr>
																	<td class='status info' title='info' alt='info'><i class='fa fa-fa fa-info-circle'></i></td>
																	<td class='timestamp'>16:45:51</td>
																	<td class='step-details'>Genertating StateMileage Report</td>
																</tr>
																<tr>
																	<td class='status fail' title='fail' alt='fail'><i class='fa fa-fa fa-times-circle-o'></i></td>
																	<td class='timestamp'>16:48:52</td>
																	<td class='step-details'><pre>no such element: Unable to locate element: {"method":"xpath","selector":"//li[@id='report']/a"}
  (Session info: chrome=57.0.2987.133)
  (Driver info: chromedriver=2.29.461591 (62ebf098771772160f391d75e589dc567915b233),platform=Windows NT 6.1.7601 SP1 x86_64) (WARNING: The server did not provide any stacktrace information)
Command duration or timeout: 60.05 seconds
For documentation on this error, please visit: http://seleniumhq.org/exceptions/no_such_element.html
Build info: version: '2.44.0', revision: '76d78cf323ce037c5f92db6c1bba601c2ac43ad8', time: '2014-10-23 13:11:40'
System info: host: 'Automation-2', ip: '192.168.11.169', os.name: 'Windows 7', os.arch: 'amd64', os.version: '6.1', java.version: '1.8.0_45'
Driver info: org.openqa.selenium.chrome.ChromeDriver
Capabilities [{applicationCacheEnabled=false, rotatable=false, mobileEmulationEnabled=false, networkConnectionEnabled=false, chrome={chromedriverVersion=2.29.461591 (62ebf098771772160f391d75e589dc567915b233), userDataDir=C:\Users\Azuga\AppData\Local\Temp\scoped_dir4208_19863}, takesHeapSnapshot=true, pageLoadStrategy=normal, databaseEnabled=false, handlesAlerts=true, hasTouchScreen=false, version=57.0.2987.133, platform=XP, browserConnectionEnabled=false, nativeEvents=true, acceptSslCerts=true, locationContextEnabled=true, webStorageEnabled=true, browserName=chrome, takesScreenshot=true, javascriptEnabled=true, cssSelectorsEnabled=true, unexpectedAlertBehaviour=}]
Session ID: 5f6daae64a21dde0601aa52bcb5275b4
*** Element info: {Using=xpath, value=//li[@id='report']/a}</pre></td>
																</tr>
																<tr>
																	<td class='status fail' title='fail' alt='fail'><i class='fa fa-fa fa-times-circle-o'></i></td>
																	<td class='timestamp'>16:48:52</td>
																	<td class='step-details'><pre>org.openqa.selenium.NoSuchElementException: no such element: Unable to locate element: {"method":"xpath","selector":"//li[@id='report']/a"}
  (Session info: chrome=57.0.2987.133)
  (Driver info: chromedriver=2.29.461591 (62ebf098771772160f391d75e589dc567915b233),platform=Windows NT 6.1.7601 SP1 x86_64) (WARNING: The server did not provide any stacktrace information)
Command duration or timeout: 60.05 seconds
For documentation on this error, please visit: http://seleniumhq.org/exceptions/no_such_element.html
Build info: version: '2.44.0', revision: '76d78cf323ce037c5f92db6c1bba601c2ac43ad8', time: '2014-10-23 13:11:40'
System info: host: 'Automation-2', ip: '192.168.11.169', os.name: 'Windows 7', os.arch: 'amd64', os.version: '6.1', java.version: '1.8.0_45'
Driver info: org.openqa.selenium.chrome.ChromeDriver
Capabilities [{applicationCacheEnabled=false, rotatable=false, mobileEmulationEnabled=false, networkConnectionEnabled=false, chrome={chromedriverVersion=2.29.461591 (62ebf098771772160f391d75e589dc567915b233), userDataDir=C:\Users\Azuga\AppData\Local\Temp\scoped_dir4208_19863}, takesHeapSnapshot=true, pageLoadStrategy=normal, databaseEnabled=false, handlesAlerts=true, hasTouchScreen=false, version=57.0.2987.133, platform=XP, browserConnectionEnabled=false, nativeEvents=true, acceptSslCerts=true, locationContextEnabled=true, webStorageEnabled=true, browserName=chrome, takesScreenshot=true, javascriptEnabled=true, cssSelectorsEnabled=true, unexpectedAlertBehaviour=}]
Session ID: 5f6daae64a21dde0601aa52bcb5275b4
*** Element info: {Using=xpath, value=//li[@id='report']/a}
	at sun.reflect.NativeConstructorAccessorImpl.newInstance0(Native Method)
	at sun.reflect.NativeConstructorAccessorImpl.newInstance(NativeConstructorAccessorImpl.java:62)
	at sun.reflect.DelegatingConstructorAccessorImpl.newInstance(DelegatingConstructorAccessorImpl.java:45)
	at java.lang.reflect.Constructor.newInstance(Constructor.java:422)
	at org.openqa.selenium.remote.ErrorHandler.createThrowable(ErrorHandler.java:204)
	at org.openqa.selenium.remote.ErrorHandler.throwIfResponseFailed(ErrorHandler.java:156)
	at org.openqa.selenium.remote.RemoteWebDriver.execute(RemoteWebDriver.java:599)
	at org.openqa.selenium.remote.RemoteWebDriver.findElement(RemoteWebDriver.java:352)
	at org.openqa.selenium.remote.RemoteWebDriver.findElementByXPath(RemoteWebDriver.java:449)
	at org.openqa.selenium.By$ByXPath.findElement(By.java:357)
	at org.openqa.selenium.remote.RemoteWebDriver.findElement(RemoteWebDriver.java:344)
	at org.openqa.selenium.support.pagefactory.DefaultElementLocator.findElement(DefaultElementLocator.java:59)
	at org.openqa.selenium.support.pagefactory.internal.LocatingElementHandler.invoke(LocatingElementHandler.java:37)
	at com.sun.proxy.$Proxy10.click(Unknown Source)
	at com.azuga.base.BasePage.navToReports(BasePage.java:386)
	at com.azuga.sanitytests.reports.Statemileage.assetStopReport_verifyDownloadOfXls(Statemileage.java:1139)
	at sun.reflect.NativeMethodAccessorImpl.invoke0(Native Method)
	at sun.reflect.NativeMethodAccessorImpl.invoke(NativeMethodAccessorImpl.java:62)
	at sun.reflect.DelegatingMethodAccessorImpl.invoke(DelegatingMethodAccessorImpl.java:43)
	at java.lang.reflect.Method.invoke(Method.java:497)
	at org.testng.internal.MethodInvocationHelper.invokeMethod(MethodInvocationHelper.java:85)
	at org.testng.internal.Invoker.invokeMethod(Invoker.java:696)
	at org.testng.internal.Invoker.invokeTestMethod(Invoker.java:882)
	at org.testng.internal.Invoker.invokeTestMethods(Invoker.java:1189)
	at org.testng.internal.TestMethodWorker.invokeTestMethods(TestMethodWorker.java:124)
	at org.testng.internal.TestMethodWorker.run(TestMethodWorker.java:108)
	at org.testng.TestRunner.privateRun(TestRunner.java:767)
	at org.testng.TestRunner.run(TestRunner.java:617)
	at org.testng.SuiteRunner.runTest(SuiteRunner.java:348)
	at org.testng.SuiteRunner.runSequentially(SuiteRunner.java:343)
	at org.testng.SuiteRunner.privateRun(SuiteRunner.java:305)
	at org.testng.SuiteRunner.run(SuiteRunner.java:254)
	at org.testng.SuiteRunnerWorker.runSuite(SuiteRunnerWorker.java:52)
	at org.testng.SuiteRunnerWorker.run(SuiteRunnerWorker.java:86)
	at org.testng.TestNG.runSuitesSequentially(TestNG.java:1224)
	at org.testng.TestNG.runSuitesLocally(TestNG.java:1149)
	at org.testng.TestNG.run(TestNG.java:1057)
	at org.testng.remote.AbstractRemoteTestNG.run(AbstractRemoteTestNG.java:126)
	at org.testng.remote.RemoteTestNG.initAndRun(RemoteTestNG.java:152)
	at org.testng.remote.RemoteTestNG.main(RemoteTestNG.java:57)
</pre></td>
																</tr>
														</tbody>
													</table>
													<ul class='collapsible node-list' data-collapsible='accordion'>
													</ul>
												</div>
											</div>
										</li>
										<li class='collection-item test displayed active fail ' extentid='7a7c8e69-cc88-4aa6-bcce-22fb170c00cc'>
											<div class='test-head'>
												<span class='test-name'>StateMileageReport_VehicleTagPackage_Enabled </span>
												<span class='test-status label right capitalize outline fail'>fail</span>
												<span class='category-assigned hide  statemileage-report aq31-releasecandidate10-05-2017-10144'></span>
											</div>
											<div class='test-body'>
												<div class='test-info'>
													<span title='Test started time' alt='Test started time' class='test-started-time label green lighten-2 text-white'>2017-05-11 16:44:10</span>
													<span title='Test ended time' alt='Test ended time' class='test-ended-time label red lighten-2 text-white'>2017-05-11 16:45:51</span>
													<span title='Time taken to finish' alt='Time taken to finish' class='test-time-taken label blue-grey lighten-3 text-white'>0h 1m 41s+206ms</span>
												</div>
												<div class='test-desc'>Checking State Mileage Report Headers when Tag(Vehicle Tag package is enabled</div>
												<div class='test-attributes'>
														<div class='categories'>
																<span class='category text-white'>StateMileage-Report</span>
																<span class='category text-white'>AQ3.1-ReleaseCandidate.10-05-2017-10.144</span>
														</div>
												</div>
												<div class='test-steps'>
													<table class='bordered table-results'>
														<thead>
															<tr>
																<th>Status</th>
																<th>Timestamp</th>
																<th>Details</th>
															</tr>
														</thead>
														<tbody>
																<tr>
																	<td class='status info' title='info' alt='info'><i class='fa fa-fa fa-info-circle'></i></td>
																	<td class='timestamp'>16:44:10</td>
																	<td class='step-details'>Checking State Mileage Report Headers when Tag(Vehicle Tag Package) package is enabled</td>
																</tr>
																<tr>
																	<td class='status fail' title='fail' alt='fail'><i class='fa fa-fa fa-times-circle-o'></i></td>
																	<td class='timestamp'>16:45:51</td>
																	<td class='step-details'><pre>no such element: Unable to locate element: {"method":"xpath","selector":"//li[@id='map']/a"}
  (Session info: chrome=57.0.2987.133)
  (Driver info: chromedriver=2.29.461591 (62ebf098771772160f391d75e589dc567915b233),platform=Windows NT 6.1.7601 SP1 x86_64) (WARNING: The server did not provide any stacktrace information)
Command duration or timeout: 20.06 seconds
For documentation on this error, please visit: http://seleniumhq.org/exceptions/no_such_element.html
Build info: version: '2.44.0', revision: '76d78cf323ce037c5f92db6c1bba601c2ac43ad8', time: '2014-10-23 13:11:40'
System info: host: 'Automation-2', ip: '192.168.11.169', os.name: 'Windows 7', os.arch: 'amd64', os.version: '6.1', java.version: '1.8.0_45'
Driver info: org.openqa.selenium.chrome.ChromeDriver
Capabilities [{applicationCacheEnabled=false, rotatable=false, mobileEmulationEnabled=false, networkConnectionEnabled=false, chrome={chromedriverVersion=2.29.461591 (62ebf098771772160f391d75e589dc567915b233), userDataDir=C:\Users\Azuga\AppData\Local\Temp\scoped_dir4208_19863}, takesHeapSnapshot=true, pageLoadStrategy=normal, databaseEnabled=false, handlesAlerts=true, hasTouchScreen=false, version=57.0.2987.133, platform=XP, browserConnectionEnabled=false, nativeEvents=true, acceptSslCerts=true, locationContextEnabled=true, webStorageEnabled=true, browserName=chrome, takesScreenshot=true, javascriptEnabled=true, cssSelectorsEnabled=true, unexpectedAlertBehaviour=}]
Session ID: 5f6daae64a21dde0601aa52bcb5275b4
*** Element info: {Using=xpath, value=//li[@id='map']/a}</pre></td>
																</tr>
																<tr>
																	<td class='status fail' title='fail' alt='fail'><i class='fa fa-fa fa-times-circle-o'></i></td>
																	<td class='timestamp'>16:45:51</td>
																	<td class='step-details'><pre>org.openqa.selenium.NoSuchElementException: no such element: Unable to locate element: {"method":"xpath","selector":"//li[@id='map']/a"}
  (Session info: chrome=57.0.2987.133)
  (Driver info: chromedriver=2.29.461591 (62ebf098771772160f391d75e589dc567915b233),platform=Windows NT 6.1.7601 SP1 x86_64) (WARNING: The server did not provide any stacktrace information)
Command duration or timeout: 20.06 seconds
For documentation on this error, please visit: http://seleniumhq.org/exceptions/no_such_element.html
Build info: version: '2.44.0', revision: '76d78cf323ce037c5f92db6c1bba601c2ac43ad8', time: '2014-10-23 13:11:40'
System info: host: 'Automation-2', ip: '192.168.11.169', os.name: 'Windows 7', os.arch: 'amd64', os.version: '6.1', java.version: '1.8.0_45'
Driver info: org.openqa.selenium.chrome.ChromeDriver
Capabilities [{applicationCacheEnabled=false, rotatable=false, mobileEmulationEnabled=false, networkConnectionEnabled=false, chrome={chromedriverVersion=2.29.461591 (62ebf098771772160f391d75e589dc567915b233), userDataDir=C:\Users\Azuga\AppData\Local\Temp\scoped_dir4208_19863}, takesHeapSnapshot=true, pageLoadStrategy=normal, databaseEnabled=false, handlesAlerts=true, hasTouchScreen=false, version=57.0.2987.133, platform=XP, browserConnectionEnabled=false, nativeEvents=true, acceptSslCerts=true, locationContextEnabled=true, webStorageEnabled=true, browserName=chrome, takesScreenshot=true, javascriptEnabled=true, cssSelectorsEnabled=true, unexpectedAlertBehaviour=}]
Session ID: 5f6daae64a21dde0601aa52bcb5275b4
*** Element info: {Using=xpath, value=//li[@id='map']/a}
	at sun.reflect.NativeConstructorAccessorImpl.newInstance0(Native Method)
	at sun.reflect.NativeConstructorAccessorImpl.newInstance(NativeConstructorAccessorImpl.java:62)
	at sun.reflect.DelegatingConstructorAccessorImpl.newInstance(DelegatingConstructorAccessorImpl.java:45)
	at java.lang.reflect.Constructor.newInstance(Constructor.java:422)
	at org.openqa.selenium.remote.ErrorHandler.createThrowable(ErrorHandler.java:204)
	at org.openqa.selenium.remote.ErrorHandler.throwIfResponseFailed(ErrorHandler.java:156)
	at org.openqa.selenium.remote.RemoteWebDriver.execute(RemoteWebDriver.java:599)
	at org.openqa.selenium.remote.RemoteWebDriver.findElement(RemoteWebDriver.java:352)
	at org.openqa.selenium.remote.RemoteWebDriver.findElementByXPath(RemoteWebDriver.java:449)
	at org.openqa.selenium.By$ByXPath.findElement(By.java:357)
	at org.openqa.selenium.remote.RemoteWebDriver.findElement(RemoteWebDriver.java:344)
	at org.openqa.selenium.support.pagefactory.DefaultElementLocator.findElement(DefaultElementLocator.java:59)
	at org.openqa.selenium.support.pagefactory.internal.LocatingElementHandler.invoke(LocatingElementHandler.java:37)
	at com.sun.proxy.$Proxy10.click(Unknown Source)
	at com.azuga.base.BasePage.navToLiveMaps(BasePage.java:368)
	at com.azuga.sanitytests.reports.Statemileage.StateMileageReport_VehicleTagPackage_Enabled(Statemileage.java:907)
	at sun.reflect.NativeMethodAccessorImpl.invoke0(Native Method)
	at sun.reflect.NativeMethodAccessorImpl.invoke(NativeMethodAccessorImpl.java:62)
	at sun.reflect.DelegatingMethodAccessorImpl.invoke(DelegatingMethodAccessorImpl.java:43)
	at java.lang.reflect.Method.invoke(Method.java:497)
	at org.testng.internal.MethodInvocationHelper.invokeMethod(MethodInvocationHelper.java:85)
	at org.testng.internal.Invoker.invokeMethod(Invoker.java:696)
	at org.testng.internal.Invoker.invokeTestMethod(Invoker.java:882)
	at org.testng.internal.Invoker.invokeTestMethods(Invoker.java:1189)
	at org.testng.internal.TestMethodWorker.invokeTestMethods(TestMethodWorker.java:124)
	at org.testng.internal.TestMethodWorker.run(TestMethodWorker.java:108)
	at org.testng.TestRunner.privateRun(TestRunner.java:767)
	at org.testng.TestRunner.run(TestRunner.java:617)
	at org.testng.SuiteRunner.runTest(SuiteRunner.java:348)
	at org.testng.SuiteRunner.runSequentially(SuiteRunner.java:343)
	at org.testng.SuiteRunner.privateRun(SuiteRunner.java:305)
	at org.testng.SuiteRunner.run(SuiteRunner.java:254)
	at org.testng.SuiteRunnerWorker.runSuite(SuiteRunnerWorker.java:52)
	at org.testng.SuiteRunnerWorker.run(SuiteRunnerWorker.java:86)
	at org.testng.TestNG.runSuitesSequentially(TestNG.java:1224)
	at org.testng.TestNG.runSuitesLocally(TestNG.java:1149)
	at org.testng.TestNG.run(TestNG.java:1057)
	at org.testng.remote.AbstractRemoteTestNG.run(AbstractRemoteTestNG.java:126)
	at org.testng.remote.RemoteTestNG.initAndRun(RemoteTestNG.java:152)
	at org.testng.remote.RemoteTestNG.main(RemoteTestNG.java:57)
</pre></td>
																</tr>
														</tbody>
													</table>
													<ul class='collapsible node-list' data-collapsible='accordion'>
													</ul>
												</div>
											</div>
										</li>
										<li class='collection-item test displayed active fail ' extentid='99062dd4-41d4-46ac-8875-e76c464016cc'>
											<div class='test-head'>
												<span class='test-name'>StateMileageReport_VehicleTagPackage_Disable </span>
												<span class='test-status label right capitalize outline fail'>fail</span>
												<span class='category-assigned hide  statemileage-report aq31-releasecandidate10-05-2017-10144'></span>
											</div>
											<div class='test-body'>
												<div class='test-info'>
													<span title='Test started time' alt='Test started time' class='test-started-time label green lighten-2 text-white'>2017-05-11 16:44:10</span>
													<span title='Test ended time' alt='Test ended time' class='test-ended-time label red lighten-2 text-white'>2017-05-11 16:44:10</span>
													<span title='Time taken to finish' alt='Time taken to finish' class='test-time-taken label blue-grey lighten-3 text-white'>0h 0m 0s+19ms</span>
												</div>
												<div class='test-desc'>Checking State Mileage Report Headers when Tag(Vehicle Tag package is disabled</div>
												<div class='test-attributes'>
														<div class='categories'>
																<span class='category text-white'>StateMileage-Report</span>
																<span class='category text-white'>AQ3.1-ReleaseCandidate.10-05-2017-10.144</span>
														</div>
												</div>
												<div class='test-steps'>
													<table class='bordered table-results'>
														<thead>
															<tr>
																<th>Status</th>
																<th>Timestamp</th>
																<th>Details</th>
															</tr>
														</thead>
														<tbody>
																<tr>
																	<td class='status info' title='info' alt='info'><i class='fa fa-fa fa-info-circle'></i></td>
																	<td class='timestamp'>16:44:10</td>
																	<td class='step-details'>Checking State Mileage Report Headers when Tag(Vehicle Tag Package) package is disabled</td>
																</tr>
																<tr>
																	<td class='status fail' title='fail' alt='fail'><i class='fa fa-fa fa-times-circle-o'></i></td>
																	<td class='timestamp'>16:44:10</td>
																	<td class='step-details'><pre>unknown error: Cannot read property '0' of null
  (Session info: chrome=57.0.2987.133)
  (Driver info: chromedriver=2.29.461591 (62ebf098771772160f391d75e589dc567915b233),platform=Windows NT 6.1.7601 SP1 x86_64) (WARNING: The server did not provide any stacktrace information)
Command duration or timeout: 12 milliseconds
Build info: version: '2.44.0', revision: '76d78cf323ce037c5f92db6c1bba601c2ac43ad8', time: '2014-10-23 13:11:40'
System info: host: 'Automation-2', ip: '192.168.11.169', os.name: 'Windows 7', os.arch: 'amd64', os.version: '6.1', java.version: '1.8.0_45'
Driver info: org.openqa.selenium.chrome.ChromeDriver
Capabilities [{applicationCacheEnabled=false, rotatable=false, mobileEmulationEnabled=false, networkConnectionEnabled=false, chrome={chromedriverVersion=2.29.461591 (62ebf098771772160f391d75e589dc567915b233), userDataDir=C:\Users\Azuga\AppData\Local\Temp\scoped_dir4208_19863}, takesHeapSnapshot=true, pageLoadStrategy=normal, databaseEnabled=false, handlesAlerts=true, hasTouchScreen=false, version=57.0.2987.133, platform=XP, browserConnectionEnabled=false, nativeEvents=true, acceptSslCerts=true, locationContextEnabled=true, webStorageEnabled=true, browserName=chrome, takesScreenshot=true, javascriptEnabled=true, cssSelectorsEnabled=true, unexpectedAlertBehaviour=}]
Session ID: 5f6daae64a21dde0601aa52bcb5275b4</pre></td>
																</tr>
																<tr>
																	<td class='status fail' title='fail' alt='fail'><i class='fa fa-fa fa-times-circle-o'></i></td>
																	<td class='timestamp'>16:44:10</td>
																	<td class='step-details'><pre>org.openqa.selenium.WebDriverException: unknown error: Cannot read property '0' of null
  (Session info: chrome=57.0.2987.133)
  (Driver info: chromedriver=2.29.461591 (62ebf098771772160f391d75e589dc567915b233),platform=Windows NT 6.1.7601 SP1 x86_64) (WARNING: The server did not provide any stacktrace information)
Command duration or timeout: 12 milliseconds
Build info: version: '2.44.0', revision: '76d78cf323ce037c5f92db6c1bba601c2ac43ad8', time: '2014-10-23 13:11:40'
System info: host: 'Automation-2', ip: '192.168.11.169', os.name: 'Windows 7', os.arch: 'amd64', os.version: '6.1', java.version: '1.8.0_45'
Driver info: org.openqa.selenium.chrome.ChromeDriver
Capabilities [{applicationCacheEnabled=false, rotatable=false, mobileEmulationEnabled=false, networkConnectionEnabled=false, chrome={chromedriverVersion=2.29.461591 (62ebf098771772160f391d75e589dc567915b233), userDataDir=C:\Users\Azuga\AppData\Local\Temp\scoped_dir4208_19863}, takesHeapSnapshot=true, pageLoadStrategy=normal, databaseEnabled=false, handlesAlerts=true, hasTouchScreen=false, version=57.0.2987.133, platform=XP, browserConnectionEnabled=false, nativeEvents=true, acceptSslCerts=true, locationContextEnabled=true, webStorageEnabled=true, browserName=chrome, takesScreenshot=true, javascriptEnabled=true, cssSelectorsEnabled=true, unexpectedAlertBehaviour=}]
Session ID: 5f6daae64a21dde0601aa52bcb5275b4
	at sun.reflect.NativeConstructorAccessorImpl.newInstance0(Native Method)
	at sun.reflect.NativeConstructorAccessorImpl.newInstance(NativeConstructorAccessorImpl.java:62)
	at sun.reflect.DelegatingConstructorAccessorImpl.newInstance(DelegatingConstructorAccessorImpl.java:45)
	at java.lang.reflect.Constructor.newInstance(Constructor.java:422)
	at org.openqa.selenium.remote.ErrorHandler.createThrowable(ErrorHandler.java:204)
	at org.openqa.selenium.remote.ErrorHandler.throwIfResponseFailed(ErrorHandler.java:156)
	at org.openqa.selenium.remote.RemoteWebDriver.execute(RemoteWebDriver.java:599)
	at org.openqa.selenium.remote.RemoteWebDriver.executeScript(RemoteWebDriver.java:508)
	at com.azuga.base.BasePage.getCustomerId(BasePage.java:919)
	at com.azuga.sanitytests.reports.Statemileage.StateMileageReport_VehicleTagPackage_Disable(Statemileage.java:846)
	at sun.reflect.NativeMethodAccessorImpl.invoke0(Native Method)
	at sun.reflect.NativeMethodAccessorImpl.invoke(NativeMethodAccessorImpl.java:62)
	at sun.reflect.DelegatingMethodAccessorImpl.invoke(DelegatingMethodAccessorImpl.java:43)
	at java.lang.reflect.Method.invoke(Method.java:497)
	at org.testng.internal.MethodInvocationHelper.invokeMethod(MethodInvocationHelper.java:85)
	at org.testng.internal.Invoker.invokeMethod(Invoker.java:696)
	at org.testng.internal.Invoker.invokeTestMethod(Invoker.java:882)
	at org.testng.internal.Invoker.invokeTestMethods(Invoker.java:1189)
	at org.testng.internal.TestMethodWorker.invokeTestMethods(TestMethodWorker.java:124)
	at org.testng.internal.TestMethodWorker.run(TestMethodWorker.java:108)
	at org.testng.TestRunner.privateRun(TestRunner.java:767)
	at org.testng.TestRunner.run(TestRunner.java:617)
	at org.testng.SuiteRunner.runTest(SuiteRunner.java:348)
	at org.testng.SuiteRunner.runSequentially(SuiteRunner.java:343)
	at org.testng.SuiteRunner.privateRun(SuiteRunner.java:305)
	at org.testng.SuiteRunner.run(SuiteRunner.java:254)
	at org.testng.SuiteRunnerWorker.runSuite(SuiteRunnerWorker.java:52)
	at org.testng.SuiteRunnerWorker.run(SuiteRunnerWorker.java:86)
	at org.testng.TestNG.runSuitesSequentially(TestNG.java:1224)
	at org.testng.TestNG.runSuitesLocally(TestNG.java:1149)
	at org.testng.TestNG.run(TestNG.java:1057)
	at org.testng.remote.AbstractRemoteTestNG.run(AbstractRemoteTestNG.java:126)
	at org.testng.remote.RemoteTestNG.initAndRun(RemoteTestNG.java:152)
	at org.testng.remote.RemoteTestNG.main(RemoteTestNG.java:57)
</pre></td>
																</tr>
														</tbody>
													</table>
													<ul class='collapsible node-list' data-collapsible='accordion'>
													</ul>
												</div>
											</div>
										</li>
										<li class='collection-item test displayed active fail ' extentid='d6dc0360-7642-490f-befb-bcc5ebbcbb58'>
											<div class='test-head'>
												<span class='test-name'>StateMileageReport_Asset_Preference_Enabled </span>
												<span class='test-status label right capitalize outline fail'>fail</span>
												<span class='category-assigned hide  statemileage-report aq31-releasecandidate10-05-2017-10144'></span>
											</div>
											<div class='test-body'>
												<div class='test-info'>
													<span title='Test started time' alt='Test started time' class='test-started-time label green lighten-2 text-white'>2017-05-11 16:42:29</span>
													<span title='Test ended time' alt='Test ended time' class='test-ended-time label red lighten-2 text-white'>2017-05-11 16:44:10</span>
													<span title='Time taken to finish' alt='Time taken to finish' class='test-time-taken label blue-grey lighten-3 text-white'>0h 1m 41s+274ms</span>
												</div>
												<div class='test-desc'>Genertating State Mileage Report when Asset Preference is Enabled </div>
												<div class='test-attributes'>
														<div class='categories'>
																<span class='category text-white'>StateMileage-Report</span>
																<span class='category text-white'>AQ3.1-ReleaseCandidate.10-05-2017-10.144</span>
														</div>
												</div>
												<div class='test-steps'>
													<table class='bordered table-results'>
														<thead>
															<tr>
																<th>Status</th>
																<th>Timestamp</th>
																<th>Details</th>
															</tr>
														</thead>
														<tbody>
																<tr>
																	<td class='status info' title='info' alt='info'><i class='fa fa-fa fa-info-circle'></i></td>
																	<td class='timestamp'>16:42:29</td>
																	<td class='step-details'>Genertate State Mileage Report when Driver ans Asset Preference Enabled</td>
																</tr>
																<tr>
																	<td class='status fail' title='fail' alt='fail'><i class='fa fa-fa fa-times-circle-o'></i></td>
																	<td class='timestamp'>16:44:10</td>
																	<td class='step-details'><pre>no such element: Unable to locate element: {"method":"xpath","selector":"//li[@id='map']/a"}
  (Session info: chrome=57.0.2987.133)
  (Driver info: chromedriver=2.29.461591 (62ebf098771772160f391d75e589dc567915b233),platform=Windows NT 6.1.7601 SP1 x86_64) (WARNING: The server did not provide any stacktrace information)
Command duration or timeout: 20.05 seconds
For documentation on this error, please visit: http://seleniumhq.org/exceptions/no_such_element.html
Build info: version: '2.44.0', revision: '76d78cf323ce037c5f92db6c1bba601c2ac43ad8', time: '2014-10-23 13:11:40'
System info: host: 'Automation-2', ip: '192.168.11.169', os.name: 'Windows 7', os.arch: 'amd64', os.version: '6.1', java.version: '1.8.0_45'
Driver info: org.openqa.selenium.chrome.ChromeDriver
Capabilities [{applicationCacheEnabled=false, rotatable=false, mobileEmulationEnabled=false, networkConnectionEnabled=false, chrome={chromedriverVersion=2.29.461591 (62ebf098771772160f391d75e589dc567915b233), userDataDir=C:\Users\Azuga\AppData\Local\Temp\scoped_dir4208_19863}, takesHeapSnapshot=true, pageLoadStrategy=normal, databaseEnabled=false, handlesAlerts=true, hasTouchScreen=false, version=57.0.2987.133, platform=XP, browserConnectionEnabled=false, nativeEvents=true, acceptSslCerts=true, locationContextEnabled=true, webStorageEnabled=true, browserName=chrome, takesScreenshot=true, javascriptEnabled=true, cssSelectorsEnabled=true, unexpectedAlertBehaviour=}]
Session ID: 5f6daae64a21dde0601aa52bcb5275b4
*** Element info: {Using=xpath, value=//li[@id='map']/a}</pre></td>
																</tr>
																<tr>
																	<td class='status fail' title='fail' alt='fail'><i class='fa fa-fa fa-times-circle-o'></i></td>
																	<td class='timestamp'>16:44:10</td>
																	<td class='step-details'><pre>org.openqa.selenium.NoSuchElementException: no such element: Unable to locate element: {"method":"xpath","selector":"//li[@id='map']/a"}
  (Session info: chrome=57.0.2987.133)
  (Driver info: chromedriver=2.29.461591 (62ebf098771772160f391d75e589dc567915b233),platform=Windows NT 6.1.7601 SP1 x86_64) (WARNING: The server did not provide any stacktrace information)
Command duration or timeout: 20.05 seconds
For documentation on this error, please visit: http://seleniumhq.org/exceptions/no_such_element.html
Build info: version: '2.44.0', revision: '76d78cf323ce037c5f92db6c1bba601c2ac43ad8', time: '2014-10-23 13:11:40'
System info: host: 'Automation-2', ip: '192.168.11.169', os.name: 'Windows 7', os.arch: 'amd64', os.version: '6.1', java.version: '1.8.0_45'
Driver info: org.openqa.selenium.chrome.ChromeDriver
Capabilities [{applicationCacheEnabled=false, rotatable=false, mobileEmulationEnabled=false, networkConnectionEnabled=false, chrome={chromedriverVersion=2.29.461591 (62ebf098771772160f391d75e589dc567915b233), userDataDir=C:\Users\Azuga\AppData\Local\Temp\scoped_dir4208_19863}, takesHeapSnapshot=true, pageLoadStrategy=normal, databaseEnabled=false, handlesAlerts=true, hasTouchScreen=false, version=57.0.2987.133, platform=XP, browserConnectionEnabled=false, nativeEvents=true, acceptSslCerts=true, locationContextEnabled=true, webStorageEnabled=true, browserName=chrome, takesScreenshot=true, javascriptEnabled=true, cssSelectorsEnabled=true, unexpectedAlertBehaviour=}]
Session ID: 5f6daae64a21dde0601aa52bcb5275b4
*** Element info: {Using=xpath, value=//li[@id='map']/a}
	at sun.reflect.NativeConstructorAccessorImpl.newInstance0(Native Method)
	at sun.reflect.NativeConstructorAccessorImpl.newInstance(NativeConstructorAccessorImpl.java:62)
	at sun.reflect.DelegatingConstructorAccessorImpl.newInstance(DelegatingConstructorAccessorImpl.java:45)
	at java.lang.reflect.Constructor.newInstance(Constructor.java:422)
	at org.openqa.selenium.remote.ErrorHandler.createThrowable(ErrorHandler.java:204)
	at org.openqa.selenium.remote.ErrorHandler.throwIfResponseFailed(ErrorHandler.java:156)
	at org.openqa.selenium.remote.RemoteWebDriver.execute(RemoteWebDriver.java:599)
	at org.openqa.selenium.remote.RemoteWebDriver.findElement(RemoteWebDriver.java:352)
	at org.openqa.selenium.remote.RemoteWebDriver.findElementByXPath(RemoteWebDriver.java:449)
	at org.openqa.selenium.By$ByXPath.findElement(By.java:357)
	at org.openqa.selenium.remote.RemoteWebDriver.findElement(RemoteWebDriver.java:344)
	at org.openqa.selenium.support.pagefactory.DefaultElementLocator.findElement(DefaultElementLocator.java:59)
	at org.openqa.selenium.support.pagefactory.internal.LocatingElementHandler.invoke(LocatingElementHandler.java:37)
	at com.sun.proxy.$Proxy10.click(Unknown Source)
	at com.azuga.base.BasePage.navToLiveMaps(BasePage.java:368)
	at com.azuga.sanitytests.reports.Statemileage.StateMileageReport_Asset_Preference_Enabled(Statemileage.java:727)
	at sun.reflect.NativeMethodAccessorImpl.invoke0(Native Method)
	at sun.reflect.NativeMethodAccessorImpl.invoke(NativeMethodAccessorImpl.java:62)
	at sun.reflect.DelegatingMethodAccessorImpl.invoke(DelegatingMethodAccessorImpl.java:43)
	at java.lang.reflect.Method.invoke(Method.java:497)
	at org.testng.internal.MethodInvocationHelper.invokeMethod(MethodInvocationHelper.java:85)
	at org.testng.internal.Invoker.invokeMethod(Invoker.java:696)
	at org.testng.internal.Invoker.invokeTestMethod(Invoker.java:882)
	at org.testng.internal.Invoker.invokeTestMethods(Invoker.java:1189)
	at org.testng.internal.TestMethodWorker.invokeTestMethods(TestMethodWorker.java:124)
	at org.testng.internal.TestMethodWorker.run(TestMethodWorker.java:108)
	at org.testng.TestRunner.privateRun(TestRunner.java:767)
	at org.testng.TestRunner.run(TestRunner.java:617)
	at org.testng.SuiteRunner.runTest(SuiteRunner.java:348)
	at org.testng.SuiteRunner.runSequentially(SuiteRunner.java:343)
	at org.testng.SuiteRunner.privateRun(SuiteRunner.java:305)
	at org.testng.SuiteRunner.run(SuiteRunner.java:254)
	at org.testng.SuiteRunnerWorker.runSuite(SuiteRunnerWorker.java:52)
	at org.testng.SuiteRunnerWorker.run(SuiteRunnerWorker.java:86)
	at org.testng.TestNG.runSuitesSequentially(TestNG.java:1224)
	at org.testng.TestNG.runSuitesLocally(TestNG.java:1149)
	at org.testng.TestNG.run(TestNG.java:1057)
	at org.testng.remote.AbstractRemoteTestNG.run(AbstractRemoteTestNG.java:126)
	at org.testng.remote.RemoteTestNG.initAndRun(RemoteTestNG.java:152)
	at org.testng.remote.RemoteTestNG.main(RemoteTestNG.java:57)
</pre></td>
																</tr>
														</tbody>
													</table>
													<ul class='collapsible node-list' data-collapsible='accordion'>
													</ul>
												</div>
											</div>
										</li>
										<li class='collection-item test displayed active fail ' extentid='972400c1-c7e9-4833-8e03-759cd51da1bc'>
											<div class='test-head'>
												<span class='test-name'>StateMileageReport_StateMileage_Enabled </span>
												<span class='test-status label right capitalize outline fail'>fail</span>
												<span class='category-assigned hide  statemileage-report aq31-releasecandidate10-05-2017-10144'></span>
											</div>
											<div class='test-body'>
												<div class='test-info'>
													<span title='Test started time' alt='Test started time' class='test-started-time label green lighten-2 text-white'>2017-05-11 16:42:08</span>
													<span title='Test ended time' alt='Test ended time' class='test-ended-time label red lighten-2 text-white'>2017-05-11 16:42:29</span>
													<span title='Time taken to finish' alt='Time taken to finish' class='test-time-taken label blue-grey lighten-3 text-white'>0h 0m 20s+582ms</span>
												</div>
												<div class='test-desc'>Generate State Mileage Report  when stateMileage package is enabled</div>
												<div class='test-attributes'>
														<div class='categories'>
																<span class='category text-white'>StateMileage-Report</span>
																<span class='category text-white'>AQ3.1-ReleaseCandidate.10-05-2017-10.144</span>
														</div>
												</div>
												<div class='test-steps'>
													<table class='bordered table-results'>
														<thead>
															<tr>
																<th>Status</th>
																<th>Timestamp</th>
																<th>Details</th>
															</tr>
														</thead>
														<tbody>
																<tr>
																	<td class='status info' title='info' alt='info'><i class='fa fa-fa fa-info-circle'></i></td>
																	<td class='timestamp'>16:42:08</td>
																	<td class='step-details'>Generating State Mileage Report  package when stateMileage package is enabled</td>
																</tr>
																<tr>
																	<td class='status fail' title='fail' alt='fail'><i class='fa fa-fa fa-times-circle-o'></i></td>
																	<td class='timestamp'>16:42:29</td>
																	<td class='step-details'><pre>unknown error: Element <input type="text" class="form-control digits required" name="customerId" maxlength="5" placeholder="Customer Id *" id="managePackageCustomerId" aria-required="true"> is not clickable at point (943, 195). Other element would receive the click: <div class="modal fade success" id="common-modal" tabindex="-1" aria-hidden="true" style="display: block;">...</div>
  (Session info: chrome=57.0.2987.133)
  (Driver info: chromedriver=2.29.461591 (62ebf098771772160f391d75e589dc567915b233),platform=Windows NT 6.1.7601 SP1 x86_64) (WARNING: The server did not provide any stacktrace information)
Command duration or timeout: 40 milliseconds
Build info: version: '2.44.0', revision: '76d78cf323ce037c5f92db6c1bba601c2ac43ad8', time: '2014-10-23 13:11:40'
System info: host: 'Automation-2', ip: '192.168.11.169', os.name: 'Windows 7', os.arch: 'amd64', os.version: '6.1', java.version: '1.8.0_45'
Driver info: org.openqa.selenium.chrome.ChromeDriver
Capabilities [{applicationCacheEnabled=false, rotatable=false, mobileEmulationEnabled=false, networkConnectionEnabled=false, chrome={chromedriverVersion=2.29.461591 (62ebf098771772160f391d75e589dc567915b233), userDataDir=C:\Users\Azuga\AppData\Local\Temp\scoped_dir4208_19863}, takesHeapSnapshot=true, pageLoadStrategy=normal, databaseEnabled=false, handlesAlerts=true, hasTouchScreen=false, version=57.0.2987.133, platform=XP, browserConnectionEnabled=false, nativeEvents=true, acceptSslCerts=true, locationContextEnabled=true, webStorageEnabled=true, browserName=chrome, takesScreenshot=true, javascriptEnabled=true, cssSelectorsEnabled=true, unexpectedAlertBehaviour=}]
Session ID: 5f6daae64a21dde0601aa52bcb5275b4</pre></td>
																</tr>
																<tr>
																	<td class='status fail' title='fail' alt='fail'><i class='fa fa-fa fa-times-circle-o'></i></td>
																	<td class='timestamp'>16:42:29</td>
																	<td class='step-details'><textarea>org.openqa.selenium.WebDriverException: unknown error: Element <input type="text" class="form-control digits required" name="customerId" maxlength="5" placeholder="Customer Id *" id="managePackageCustomerId" aria-required="true"> is not clickable at point (943, 195). Other element would receive the click: <div class="modal fade success" id="common-modal" tabindex="-1" aria-hidden="true" style="display: block;">...</div>
  (Session info: chrome=57.0.2987.133)
  (Driver info: chromedriver=2.29.461591 (62ebf098771772160f391d75e589dc567915b233),platform=Windows NT 6.1.7601 SP1 x86_64) (WARNING: The server did not provide any stacktrace information)
Command duration or timeout: 40 milliseconds
Build info: version: '2.44.0', revision: '76d78cf323ce037c5f92db6c1bba601c2ac43ad8', time: '2014-10-23 13:11:40'
System info: host: 'Automation-2', ip: '192.168.11.169', os.name: 'Windows 7', os.arch: 'amd64', os.version: '6.1', java.version: '1.8.0_45'
Driver info: org.openqa.selenium.chrome.ChromeDriver
Capabilities [{applicationCacheEnabled=false, rotatable=false, mobileEmulationEnabled=false, networkConnectionEnabled=false, chrome={chromedriverVersion=2.29.461591 (62ebf098771772160f391d75e589dc567915b233), userDataDir=C:\Users\Azuga\AppData\Local\Temp\scoped_dir4208_19863}, takesHeapSnapshot=true, pageLoadStrategy=normal, databaseEnabled=false, handlesAlerts=true, hasTouchScreen=false, version=57.0.2987.133, platform=XP, browserConnectionEnabled=false, nativeEvents=true, acceptSslCerts=true, locationContextEnabled=true, webStorageEnabled=true, browserName=chrome, takesScreenshot=true, javascriptEnabled=true, cssSelectorsEnabled=true, unexpectedAlertBehaviour=}]
Session ID: 5f6daae64a21dde0601aa52bcb5275b4
	at sun.reflect.NativeConstructorAccessorImpl.newInstance0(Native Method)
	at sun.reflect.NativeConstructorAccessorImpl.newInstance(NativeConstructorAccessorImpl.java:62)
	at sun.reflect.DelegatingConstructorAccessorImpl.newInstance(DelegatingConstructorAccessorImpl.java:45)
	at java.lang.reflect.Constructor.newInstance(Constructor.java:422)
	at org.openqa.selenium.remote.ErrorHandler.createThrowable(ErrorHandler.java:204)
	at org.openqa.selenium.remote.ErrorHandler.throwIfResponseFailed(ErrorHandler.java:156)
	at org.openqa.selenium.remote.RemoteWebDriver.execute(RemoteWebDriver.java:599)
	at org.openqa.selenium.remote.RemoteWebElement.execute(RemoteWebElement.java:268)
	at org.openqa.selenium.remote.RemoteWebElement.click(RemoteWebElement.java:79)
	at sun.reflect.GeneratedMethodAccessor13.invoke(Unknown Source)
	at sun.reflect.DelegatingMethodAccessorImpl.invoke(DelegatingMethodAccessorImpl.java:43)
	at java.lang.reflect.Method.invoke(Method.java:497)
	at org.openqa.selenium.support.pagefactory.internal.LocatingElementHandler.invoke(LocatingElementHandler.java:50)
	at com.sun.proxy.$Proxy10.click(Unknown Source)
	at com.azuga.pageobjects.supportportal.PreferencesPage.enableStateMileagePackage(PreferencesPage.java:788)
	at com.azuga.source.live.LivePreferenceSource.navToSupportPortalStateMileagePackage(LivePreferenceSource.java:1041)
	at com.azuga.sanitytests.reports.Statemileage.StateMileageReport_StateMileage_Enabled(Statemileage.java:977)
	at sun.reflect.NativeMethodAccessorImpl.invoke0(Native Method)
	at sun.reflect.NativeMethodAccessorImpl.invoke(NativeMethodAccessorImpl.java:62)
	at sun.reflect.DelegatingMethodAccessorImpl.invoke(DelegatingMethodAccessorImpl.java:43)
	at java.lang.reflect.Method.invoke(Method.java:497)
	at org.testng.internal.MethodInvocationHelper.invokeMethod(MethodInvocationHelper.java:85)
	at org.testng.internal.Invoker.invokeMethod(Invoker.java:696)
	at org.testng.internal.Invoker.invokeTestMethod(Invoker.java:882)
	at org.testng.internal.Invoker.invokeTestMethods(Invoker.java:1189)
	at org.testng.internal.TestMethodWorker.invokeTestMethods(TestMethodWorker.java:124)
	at org.testng.internal.TestMethodWorker.run(TestMethodWorker.java:108)
	at org.testng.TestRunner.privateRun(TestRunner.java:767)
	at org.testng.TestRunner.run(TestRunner.java:617)
	at org.testng.SuiteRunner.runTest(SuiteRunner.java:348)
	at org.testng.SuiteRunner.runSequentially(SuiteRunner.java:343)
	at org.testng.SuiteRunner.privateRun(SuiteRunner.java:305)
	at org.testng.SuiteRunner.run(SuiteRunner.java:254)
	at org.testng.SuiteRunnerWorker.runSuite(SuiteRunnerWorker.java:52)
	at org.testng.SuiteRunnerWorker.run(SuiteRunnerWorker.java:86)
	at org.testng.TestNG.runSuitesSequentially(TestNG.java:1224)
	at org.testng.TestNG.runSuitesLocally(TestNG.java:1149)
	at org.testng.TestNG.run(TestNG.java:1057)
	at org.testng.remote.AbstractRemoteTestNG.run(AbstractRemoteTestNG.java:126)
	at org.testng.remote.RemoteTestNG.initAndRun(RemoteTestNG.java:152)
	at org.testng.remote.RemoteTestNG.main(RemoteTestNG.java:57)
</textarea></td>
																</tr>
														</tbody>
													</table>
													<ul class='collapsible node-list' data-collapsible='accordion'>
													</ul>
												</div>
											</div>
										</li>
										<li class='collection-item test displayed active pass ' extentid='a5ad9c42-ae4e-46d5-a511-ead057d975c9'>
											<div class='test-head'>
												<span class='test-name'>StateMileageReport_Asset_Preference_Disabled </span>
												<span class='test-status label right capitalize outline pass'>pass</span>
												<span class='category-assigned hide  statemileage-report aq31-releasecandidate10-05-2017-10144'></span>
											</div>
											<div class='test-body'>
												<div class='test-info'>
													<span title='Test started time' alt='Test started time' class='test-started-time label green lighten-2 text-white'>2017-05-11 16:41:07</span>
													<span title='Test ended time' alt='Test ended time' class='test-ended-time label red lighten-2 text-white'>2017-05-11 16:42:08</span>
													<span title='Time taken to finish' alt='Time taken to finish' class='test-time-taken label blue-grey lighten-3 text-white'>0h 1m 1s+275ms</span>
												</div>
												<div class='test-desc'>Genertating State Mileage Report when Asset Preference is Disabled </div>
												<div class='test-attributes'>
														<div class='categories'>
																<span class='category text-white'>StateMileage-Report</span>
																<span class='category text-white'>AQ3.1-ReleaseCandidate.10-05-2017-10.144</span>
														</div>
												</div>
												<div class='test-steps'>
													<table class='bordered table-results'>
														<thead>
															<tr>
																<th>Status</th>
																<th>Timestamp</th>
																<th>Details</th>
															</tr>
														</thead>
														<tbody>
																<tr>
																	<td class='status info' title='info' alt='info'><i class='fa fa-fa fa-info-circle'></i></td>
																	<td class='timestamp'>16:41:07</td>
																	<td class='step-details'>Genertate State Mileage Report when Driver ans Asset Preference Disabled</td>
																</tr>
																<tr>
																	<td class='status info' title='info' alt='info'><i class='fa fa-fa fa-info-circle'></i></td>
																	<td class='timestamp'>16:41:10</td>
																	<td class='step-details'>Navigating to Live Page</td>
																</tr>
																<tr>
																	<td class='status info' title='info' alt='info'><i class='fa fa-fa fa-info-circle'></i></td>
																	<td class='timestamp'>16:41:51</td>
																	<td class='step-details'>Navigating to Reports Page: <a href='https://azuga-automation.s3.amazonaws.com/main_Thu_May11_2017-16_41_48-IST.jpg' data-featherlight='image'><img class='report-img' src='https://azuga-automation.s3.amazonaws.com/main_Thu_May11_2017-16_41_48-IST.jpg' /></a></td>
																</tr>
																<tr>
																	<td class='status info' title='info' alt='info'><i class='fa fa-fa fa-info-circle'></i></td>
																	<td class='timestamp'>16:42:00</td>
																	<td class='step-details'>Navigating to State Mileage Report<a href='https://azuga-automation.s3.amazonaws.com/main_Thu_May11_2017-16_41_57-IST.jpg' data-featherlight='image'><img class='report-img' src='https://azuga-automation.s3.amazonaws.com/main_Thu_May11_2017-16_41_57-IST.jpg' /></a></td>
																</tr>
																<tr>
																	<td class='status pass' title='pass' alt='pass'><i class='fa fa-fa fa-check-circle-o'></i></td>
																	<td class='timestamp'>16:42:08</td>
																	<td class='step-details'>State Mileage Report Headers are Generated as Expected:<a href='https://azuga-automation.s3.amazonaws.com/main_Thu_May11_2017-16_42_03-IST.jpg' data-featherlight='image'><img class='report-img' src='https://azuga-automation.s3.amazonaws.com/main_Thu_May11_2017-16_42_03-IST.jpg' /></a></td>
																</tr>
																<tr>
																	<td class='status pass' title='pass' alt='pass'><i class='fa fa-fa fa-check-circle-o'></i></td>
																	<td class='timestamp'>16:42:08</td>
																	<td class='step-details'>Test passed</td>
																</tr>
																<tr>
																	<td class='status pass' title='pass' alt='pass'><i class='fa fa-fa fa-check-circle-o'></i></td>
																	<td class='timestamp'>16:42:08</td>
																	<td class='step-details'>Test passed</td>
																</tr>
														</tbody>
													</table>
													<ul class='collapsible node-list' data-collapsible='accordion'>
													</ul>
												</div>
											</div>
										</li>
										<li class='collection-item test displayed active pass ' extentid='defacf9b-3649-4e96-a9f1-c0bab0284c2f'>
											<div class='test-head'>
												<span class='test-name'>StateMileage_Generation_Only_VehicleAndTagName </span>
												<span class='test-status label right capitalize outline pass'>pass</span>
												<span class='category-assigned hide  statemileage-report aq31-releasecandidate10-05-2017-10144'></span>
											</div>
											<div class='test-body'>
												<div class='test-info'>
													<span title='Test started time' alt='Test started time' class='test-started-time label green lighten-2 text-white'>2017-05-11 16:40:43</span>
													<span title='Test ended time' alt='Test ended time' class='test-ended-time label red lighten-2 text-white'>2017-05-11 16:41:07</span>
													<span title='Time taken to finish' alt='Time taken to finish' class='test-time-taken label blue-grey lighten-3 text-white'>0h 0m 24s+100ms</span>
												</div>
												<div class='test-desc'>Genertating StateMileage Report by providing vehicle and Tag Name</div>
												<div class='test-attributes'>
														<div class='categories'>
																<span class='category text-white'>StateMileage-Report</span>
																<span class='category text-white'>AQ3.1-ReleaseCandidate.10-05-2017-10.144</span>
														</div>
												</div>
												<div class='test-steps'>
													<table class='bordered table-results'>
														<thead>
															<tr>
																<th>Status</th>
																<th>Timestamp</th>
																<th>Details</th>
															</tr>
														</thead>
														<tbody>
																<tr>
																	<td class='status info' title='info' alt='info'><i class='fa fa-fa fa-info-circle'></i></td>
																	<td class='timestamp'>16:40:43</td>
																	<td class='step-details'>Genertating State Mileage Report by providing vehicle&Tag Name</td>
																</tr>
																<tr>
																	<td class='status info' title='info' alt='info'><i class='fa fa-fa fa-info-circle'></i></td>
																	<td class='timestamp'>16:40:46</td>
																	<td class='step-details'>Navigating to Live Page to get vehicle details</td>
																</tr>
																<tr>
																	<td class='status info' title='info' alt='info'><i class='fa fa-fa fa-info-circle'></i></td>
																	<td class='timestamp'>16:40:48</td>
																	<td class='step-details'>clicking on vehicle to view  BreadCrumb Report</td>
																</tr>
																<tr>
																	<td class='status pass' title='pass' alt='pass'><i class='fa fa-fa fa-check-circle-o'></i></td>
																	<td class='timestamp'>16:41:07</td>
																	<td class='step-details'>Generated State Mileage Report as expected:<a href='https://azuga-automation.s3.amazonaws.com/main_Thu_May11_2017-16_41_03-IST.jpg' data-featherlight='image'><img class='report-img' src='https://azuga-automation.s3.amazonaws.com/main_Thu_May11_2017-16_41_03-IST.jpg' /></a></td>
																</tr>
																<tr>
																	<td class='status pass' title='pass' alt='pass'><i class='fa fa-fa fa-check-circle-o'></i></td>
																	<td class='timestamp'>16:41:07</td>
																	<td class='step-details'>Test passed</td>
																</tr>
																<tr>
																	<td class='status pass' title='pass' alt='pass'><i class='fa fa-fa fa-check-circle-o'></i></td>
																	<td class='timestamp'>16:41:07</td>
																	<td class='step-details'>Test passed</td>
																</tr>
														</tbody>
													</table>
													<ul class='collapsible node-list' data-collapsible='accordion'>
													</ul>
												</div>
											</div>
										</li>
										<li class='collection-item test displayed active fail ' extentid='28b0f992-29d6-4023-b178-334316827bef'>
											<div class='test-head'>
												<span class='test-name'>StateMileageReport_7Days </span>
												<span class='test-status label right capitalize outline fail'>fail</span>
												<span class='category-assigned hide  statemileage-report aq31-releasecandidate10-05-2017-10144'></span>
											</div>
											<div class='test-body'>
												<div class='test-info'>
													<span title='Test started time' alt='Test started time' class='test-started-time label green lighten-2 text-white'>2017-05-11 16:40:24</span>
													<span title='Test ended time' alt='Test ended time' class='test-ended-time label red lighten-2 text-white'>2017-05-11 16:40:43</span>
													<span title='Time taken to finish' alt='Time taken to finish' class='test-time-taken label blue-grey lighten-3 text-white'>0h 0m 18s+334ms</span>
												</div>
												<div class='test-desc'>Generating State Mileage Report for 7 days</div>
												<div class='test-attributes'>
														<div class='categories'>
																<span class='category text-white'>StateMileage-Report</span>
																<span class='category text-white'>AQ3.1-ReleaseCandidate.10-05-2017-10.144</span>
														</div>
												</div>
												<div class='test-steps'>
													<table class='bordered table-results'>
														<thead>
															<tr>
																<th>Status</th>
																<th>Timestamp</th>
																<th>Details</th>
															</tr>
														</thead>
														<tbody>
																<tr>
																	<td class='status info' title='info' alt='info'><i class='fa fa-fa fa-info-circle'></i></td>
																	<td class='timestamp'>16:40:24</td>
																	<td class='step-details'>Generating State Mileage Report for 7 days</td>
																</tr>
																<tr>
																	<td class='status info' title='info' alt='info'><i class='fa fa-fa fa-info-circle'></i></td>
																	<td class='timestamp'>16:40:31</td>
																	<td class='step-details'>Navigating to Reports Page: <a href='https://azuga-automation.s3.amazonaws.com/From%20Apr-11-2017%2C%2000%3A00%20IST%20to%20May-11-2017%2C%2023%3A59%20IST_Thu_May11_2017-16_40_28-IST.jpg' data-featherlight='image'><img class='report-img' src='https://azuga-automation.s3.amazonaws.com/From%20Apr-11-2017%2C%2000%3A00%20IST%20to%20May-11-2017%2C%2023%3A59%20IST_Thu_May11_2017-16_40_28-IST.jpg' /></a></td>
																</tr>
																<tr>
																	<td class='status info' title='info' alt='info'><i class='fa fa-fa fa-info-circle'></i></td>
																	<td class='timestamp'>16:40:40</td>
																	<td class='step-details'>Navigating to State Mileage Report<a href='https://azuga-automation.s3.amazonaws.com/main_Thu_May11_2017-16_40_37-IST.jpg' data-featherlight='image'><img class='report-img' src='https://azuga-automation.s3.amazonaws.com/main_Thu_May11_2017-16_40_37-IST.jpg' /></a></td>
																</tr>
																<tr>
																	<td class='status fail' title='fail' alt='fail'><i class='fa fa-fa fa-times-circle-o'></i></td>
																	<td class='timestamp'>16:40:43</td>
																	<td class='step-details'><pre>expected [From Feb-13-2017, 00:00 IST to Mar-15-2017, 23:59 IST] but found [From Apr-11-2017, 00:00 IST to May-11-2017, 23:59 IST]</pre></td>
																</tr>
																<tr>
																	<td class='status fail' title='fail' alt='fail'><i class='fa fa-fa fa-times-circle-o'></i></td>
																	<td class='timestamp'>16:40:43</td>
																	<td class='step-details'><pre>java.lang.AssertionError: expected [From Feb-13-2017, 00:00 IST to Mar-15-2017, 23:59 IST] but found [From Apr-11-2017, 00:00 IST to May-11-2017, 23:59 IST]
	at org.testng.Assert.fail(Assert.java:94)
	at org.testng.Assert.failNotEquals(Assert.java:494)
	at org.testng.Assert.assertEquals(Assert.java:123)
	at org.testng.Assert.assertEquals(Assert.java:176)
	at org.testng.Assert.assertEquals(Assert.java:186)
	at com.azuga.sanitytests.reports.Statemileage.StateMileageReport_7Days(Statemileage.java:565)
	at sun.reflect.NativeMethodAccessorImpl.invoke0(Native Method)
	at sun.reflect.NativeMethodAccessorImpl.invoke(NativeMethodAccessorImpl.java:62)
	at sun.reflect.DelegatingMethodAccessorImpl.invoke(DelegatingMethodAccessorImpl.java:43)
	at java.lang.reflect.Method.invoke(Method.java:497)
	at org.testng.internal.MethodInvocationHelper.invokeMethod(MethodInvocationHelper.java:85)
	at org.testng.internal.Invoker.invokeMethod(Invoker.java:696)
	at org.testng.internal.Invoker.invokeTestMethod(Invoker.java:882)
	at org.testng.internal.Invoker.invokeTestMethods(Invoker.java:1189)
	at org.testng.internal.TestMethodWorker.invokeTestMethods(TestMethodWorker.java:124)
	at org.testng.internal.TestMethodWorker.run(TestMethodWorker.java:108)
	at org.testng.TestRunner.privateRun(TestRunner.java:767)
	at org.testng.TestRunner.run(TestRunner.java:617)
	at org.testng.SuiteRunner.runTest(SuiteRunner.java:348)
	at org.testng.SuiteRunner.runSequentially(SuiteRunner.java:343)
	at org.testng.SuiteRunner.privateRun(SuiteRunner.java:305)
	at org.testng.SuiteRunner.run(SuiteRunner.java:254)
	at org.testng.SuiteRunnerWorker.runSuite(SuiteRunnerWorker.java:52)
	at org.testng.SuiteRunnerWorker.run(SuiteRunnerWorker.java:86)
	at org.testng.TestNG.runSuitesSequentially(TestNG.java:1224)
	at org.testng.TestNG.runSuitesLocally(TestNG.java:1149)
	at org.testng.TestNG.run(TestNG.java:1057)
	at org.testng.remote.AbstractRemoteTestNG.run(AbstractRemoteTestNG.java:126)
	at org.testng.remote.RemoteTestNG.initAndRun(RemoteTestNG.java:152)
	at org.testng.remote.RemoteTestNG.main(RemoteTestNG.java:57)
</pre></td>
																</tr>
														</tbody>
													</table>
													<ul class='collapsible node-list' data-collapsible='accordion'>
													</ul>
												</div>
											</div>
										</li>
										<li class='collection-item test displayed active fail ' extentid='d4bd783b-4d18-436e-83fb-fd89bf496c21'>
											<div class='test-head'>
												<span class='test-name'>StateMileageReport_31Days </span>
												<span class='test-status label right capitalize outline fail'>fail</span>
												<span class='category-assigned hide  statemileage-report aq31-releasecandidate10-05-2017-10144'></span>
											</div>
											<div class='test-body'>
												<div class='test-info'>
													<span title='Test started time' alt='Test started time' class='test-started-time label green lighten-2 text-white'>2017-05-11 16:40:06</span>
													<span title='Test ended time' alt='Test ended time' class='test-ended-time label red lighten-2 text-white'>2017-05-11 16:40:24</span>
													<span title='Time taken to finish' alt='Time taken to finish' class='test-time-taken label blue-grey lighten-3 text-white'>0h 0m 18s+473ms</span>
												</div>
												<div class='test-desc'>Generating State Mileage Report for 31 days</div>
												<div class='test-attributes'>
														<div class='categories'>
																<span class='category text-white'>StateMileage-Report</span>
																<span class='category text-white'>AQ3.1-ReleaseCandidate.10-05-2017-10.144</span>
														</div>
												</div>
												<div class='test-steps'>
													<table class='bordered table-results'>
														<thead>
															<tr>
																<th>Status</th>
																<th>Timestamp</th>
																<th>Details</th>
															</tr>
														</thead>
														<tbody>
																<tr>
																	<td class='status info' title='info' alt='info'><i class='fa fa-fa fa-info-circle'></i></td>
																	<td class='timestamp'>16:40:06</td>
																	<td class='step-details'>Generating State Mileage Report for 31 days</td>
																</tr>
																<tr>
																	<td class='status info' title='info' alt='info'><i class='fa fa-fa fa-info-circle'></i></td>
																	<td class='timestamp'>16:40:13</td>
																	<td class='step-details'>Navigating to Reports Page: <a href='https://azuga-automation.s3.amazonaws.com/From%20Apr-11-2017%2C%2000%3A00%20IST%20to%20May-11-2017%2C%2023%3A59%20IST_Thu_May11_2017-16_40_09-IST.jpg' data-featherlight='image'><img class='report-img' src='https://azuga-automation.s3.amazonaws.com/From%20Apr-11-2017%2C%2000%3A00%20IST%20to%20May-11-2017%2C%2023%3A59%20IST_Thu_May11_2017-16_40_09-IST.jpg' /></a></td>
																</tr>
																<tr>
																	<td class='status info' title='info' alt='info'><i class='fa fa-fa fa-info-circle'></i></td>
																	<td class='timestamp'>16:40:22</td>
																	<td class='step-details'>Navigating to State Mileage Report<a href='https://azuga-automation.s3.amazonaws.com/main_Thu_May11_2017-16_40_18-IST.jpg' data-featherlight='image'><img class='report-img' src='https://azuga-automation.s3.amazonaws.com/main_Thu_May11_2017-16_40_18-IST.jpg' /></a></td>
																</tr>
																<tr>
																	<td class='status fail' title='fail' alt='fail'><i class='fa fa-fa fa-times-circle-o'></i></td>
																	<td class='timestamp'>16:40:24</td>
																	<td class='step-details'><pre>expected [From Feb-13-2017, 00:00 IST to Mar-15-2017, 23:59 IST] but found [From Apr-11-2017, 00:00 IST to May-11-2017, 23:59 IST]</pre></td>
																</tr>
																<tr>
																	<td class='status fail' title='fail' alt='fail'><i class='fa fa-fa fa-times-circle-o'></i></td>
																	<td class='timestamp'>16:40:24</td>
																	<td class='step-details'><pre>java.lang.AssertionError: expected [From Feb-13-2017, 00:00 IST to Mar-15-2017, 23:59 IST] but found [From Apr-11-2017, 00:00 IST to May-11-2017, 23:59 IST]
	at org.testng.Assert.fail(Assert.java:94)
	at org.testng.Assert.failNotEquals(Assert.java:494)
	at org.testng.Assert.assertEquals(Assert.java:123)
	at org.testng.Assert.assertEquals(Assert.java:176)
	at org.testng.Assert.assertEquals(Assert.java:186)
	at com.azuga.sanitytests.reports.Statemileage.StateMileageReport_31Days(Statemileage.java:518)
	at sun.reflect.NativeMethodAccessorImpl.invoke0(Native Method)
	at sun.reflect.NativeMethodAccessorImpl.invoke(NativeMethodAccessorImpl.java:62)
	at sun.reflect.DelegatingMethodAccessorImpl.invoke(DelegatingMethodAccessorImpl.java:43)
	at java.lang.reflect.Method.invoke(Method.java:497)
	at org.testng.internal.MethodInvocationHelper.invokeMethod(MethodInvocationHelper.java:85)
	at org.testng.internal.Invoker.invokeMethod(Invoker.java:696)
	at org.testng.internal.Invoker.invokeTestMethod(Invoker.java:882)
	at org.testng.internal.Invoker.invokeTestMethods(Invoker.java:1189)
	at org.testng.internal.TestMethodWorker.invokeTestMethods(TestMethodWorker.java:124)
	at org.testng.internal.TestMethodWorker.run(TestMethodWorker.java:108)
	at org.testng.TestRunner.privateRun(TestRunner.java:767)
	at org.testng.TestRunner.run(TestRunner.java:617)
	at org.testng.SuiteRunner.runTest(SuiteRunner.java:348)
	at org.testng.SuiteRunner.runSequentially(SuiteRunner.java:343)
	at org.testng.SuiteRunner.privateRun(SuiteRunner.java:305)
	at org.testng.SuiteRunner.run(SuiteRunner.java:254)
	at org.testng.SuiteRunnerWorker.runSuite(SuiteRunnerWorker.java:52)
	at org.testng.SuiteRunnerWorker.run(SuiteRunnerWorker.java:86)
	at org.testng.TestNG.runSuitesSequentially(TestNG.java:1224)
	at org.testng.TestNG.runSuitesLocally(TestNG.java:1149)
	at org.testng.TestNG.run(TestNG.java:1057)
	at org.testng.remote.AbstractRemoteTestNG.run(AbstractRemoteTestNG.java:126)
	at org.testng.remote.RemoteTestNG.initAndRun(RemoteTestNG.java:152)
	at org.testng.remote.RemoteTestNG.main(RemoteTestNG.java:57)
</pre></td>
																</tr>
														</tbody>
													</table>
													<ul class='collapsible node-list' data-collapsible='accordion'>
													</ul>
												</div>
											</div>
										</li>
										<li class='collection-item test displayed active fail ' extentid='96de749c-a1de-4ef5-bb3c-1bb1c3102e54'>
											<div class='test-head'>
												<span class='test-name'>DateRange_Validation_31Days </span>
												<span class='test-status label right capitalize outline fail'>fail</span>
												<span class='category-assigned hide  statemileage-report aq31-releasecandidate10-05-2017-10144'></span>
											</div>
											<div class='test-body'>
												<div class='test-info'>
													<span title='Test started time' alt='Test started time' class='test-started-time label green lighten-2 text-white'>2017-05-11 16:39:46</span>
													<span title='Test ended time' alt='Test ended time' class='test-ended-time label red lighten-2 text-white'>2017-05-11 16:40:06</span>
													<span title='Time taken to finish' alt='Time taken to finish' class='test-time-taken label blue-grey lighten-3 text-white'>0h 0m 19s+839ms</span>
												</div>
												<div class='test-desc'>Generating State Mileage Report for 31 days</div>
												<div class='test-attributes'>
														<div class='categories'>
																<span class='category text-white'>StateMileage-Report</span>
																<span class='category text-white'>AQ3.1-ReleaseCandidate.10-05-2017-10.144</span>
														</div>
												</div>
												<div class='test-steps'>
													<table class='bordered table-results'>
														<thead>
															<tr>
																<th>Status</th>
																<th>Timestamp</th>
																<th>Details</th>
															</tr>
														</thead>
														<tbody>
																<tr>
																	<td class='status info' title='info' alt='info'><i class='fa fa-fa fa-info-circle'></i></td>
																	<td class='timestamp'>16:39:46</td>
																	<td class='step-details'>Generating State Mileage Report for 31 days</td>
																</tr>
																<tr>
																	<td class='status info' title='info' alt='info'><i class='fa fa-fa fa-info-circle'></i></td>
																	<td class='timestamp'>16:39:53</td>
																	<td class='step-details'>Navigating to Reports Page: <a href='https://azuga-automation.s3.amazonaws.com/State%20Mileage%20Report_Thu_May11_2017-16_39_50-IST.jpg' data-featherlight='image'><img class='report-img' src='https://azuga-automation.s3.amazonaws.com/State%20Mileage%20Report_Thu_May11_2017-16_39_50-IST.jpg' /></a></td>
																</tr>
																<tr>
																	<td class='status info' title='info' alt='info'><i class='fa fa-fa fa-info-circle'></i></td>
																	<td class='timestamp'>16:40:02</td>
																	<td class='step-details'>Navigating to State Mileage Report<a href='https://azuga-automation.s3.amazonaws.com/main_Thu_May11_2017-16_39_59-IST.jpg' data-featherlight='image'><img class='report-img' src='https://azuga-automation.s3.amazonaws.com/main_Thu_May11_2017-16_39_59-IST.jpg' /></a></td>
																</tr>
																<tr>
																	<td class='status fail' title='fail' alt='fail'><i class='fa fa-fa fa-times-circle-o'></i></td>
																	<td class='timestamp'>16:40:06</td>
																	<td class='step-details'><pre>expected [From Feb-13-2017, 00:00 IST to Mar-15-2017, 23:59 IST] but found [From Apr-11-2017, 00:00 IST to May-11-2017, 23:59 IST]</pre></td>
																</tr>
																<tr>
																	<td class='status fail' title='fail' alt='fail'><i class='fa fa-fa fa-times-circle-o'></i></td>
																	<td class='timestamp'>16:40:06</td>
																	<td class='step-details'><pre>java.lang.AssertionError: expected [From Feb-13-2017, 00:00 IST to Mar-15-2017, 23:59 IST] but found [From Apr-11-2017, 00:00 IST to May-11-2017, 23:59 IST]
	at org.testng.Assert.fail(Assert.java:94)
	at org.testng.Assert.failNotEquals(Assert.java:494)
	at org.testng.Assert.assertEquals(Assert.java:123)
	at org.testng.Assert.assertEquals(Assert.java:176)
	at org.testng.Assert.assertEquals(Assert.java:186)
	at com.azuga.sanitytests.reports.Statemileage.DateRange_Validation_31Days(Statemileage.java:815)
	at sun.reflect.NativeMethodAccessorImpl.invoke0(Native Method)
	at sun.reflect.NativeMethodAccessorImpl.invoke(NativeMethodAccessorImpl.java:62)
	at sun.reflect.DelegatingMethodAccessorImpl.invoke(DelegatingMethodAccessorImpl.java:43)
	at java.lang.reflect.Method.invoke(Method.java:497)
	at org.testng.internal.MethodInvocationHelper.invokeMethod(MethodInvocationHelper.java:85)
	at org.testng.internal.Invoker.invokeMethod(Invoker.java:696)
	at org.testng.internal.Invoker.invokeTestMethod(Invoker.java:882)
	at org.testng.internal.Invoker.invokeTestMethods(Invoker.java:1189)
	at org.testng.internal.TestMethodWorker.invokeTestMethods(TestMethodWorker.java:124)
	at org.testng.internal.TestMethodWorker.run(TestMethodWorker.java:108)
	at org.testng.TestRunner.privateRun(TestRunner.java:767)
	at org.testng.TestRunner.run(TestRunner.java:617)
	at org.testng.SuiteRunner.runTest(SuiteRunner.java:348)
	at org.testng.SuiteRunner.runSequentially(SuiteRunner.java:343)
	at org.testng.SuiteRunner.privateRun(SuiteRunner.java:305)
	at org.testng.SuiteRunner.run(SuiteRunner.java:254)
	at org.testng.SuiteRunnerWorker.runSuite(SuiteRunnerWorker.java:52)
	at org.testng.SuiteRunnerWorker.run(SuiteRunnerWorker.java:86)
	at org.testng.TestNG.runSuitesSequentially(TestNG.java:1224)
	at org.testng.TestNG.runSuitesLocally(TestNG.java:1149)
	at org.testng.TestNG.run(TestNG.java:1057)
	at org.testng.remote.AbstractRemoteTestNG.run(AbstractRemoteTestNG.java:126)
	at org.testng.remote.RemoteTestNG.initAndRun(RemoteTestNG.java:152)
	at org.testng.remote.RemoteTestNG.main(RemoteTestNG.java:57)
</pre></td>
																</tr>
														</tbody>
													</table>
													<ul class='collapsible node-list' data-collapsible='accordion'>
													</ul>
												</div>
											</div>
										</li>
										<li class='collection-item test displayed active pass ' extentid='519a8b55-f861-4ff4-a45b-ee2b1cbcf7c2'>
											<div class='test-head'>
												<span class='test-name'>StateMileage_Generation_TagAndTagBox </span>
												<span class='test-status label right capitalize outline pass'>pass</span>
												<span class='category-assigned hide  statemileage-report aq31-releasecandidate10-05-2017-10144'></span>
											</div>
											<div class='test-body'>
												<div class='test-info'>
													<span title='Test started time' alt='Test started time' class='test-started-time label green lighten-2 text-white'>2017-05-11 16:39:23</span>
													<span title='Test ended time' alt='Test ended time' class='test-ended-time label red lighten-2 text-white'>2017-05-11 16:39:46</span>
													<span title='Time taken to finish' alt='Time taken to finish' class='test-time-taken label blue-grey lighten-3 text-white'>0h 0m 23s+206ms</span>
												</div>
												<div class='test-desc'>Genertating StateMileage Report by providing Tag Name</div>
												<div class='test-attributes'>
														<div class='categories'>
																<span class='category text-white'>StateMileage-Report</span>
																<span class='category text-white'>AQ3.1-ReleaseCandidate.10-05-2017-10.144</span>
														</div>
												</div>
												<div class='test-steps'>
													<table class='bordered table-results'>
														<thead>
															<tr>
																<th>Status</th>
																<th>Timestamp</th>
																<th>Details</th>
															</tr>
														</thead>
														<tbody>
																<tr>
																	<td class='status info' title='info' alt='info'><i class='fa fa-fa fa-info-circle'></i></td>
																	<td class='timestamp'>16:39:23</td>
																	<td class='step-details'>Genertating State Mileage Report by providing Tag Name</td>
																</tr>
																<tr>
																	<td class='status info' title='info' alt='info'><i class='fa fa-fa fa-info-circle'></i></td>
																	<td class='timestamp'>16:39:26</td>
																	<td class='step-details'>Navigating to Live Page to get vehicle details</td>
																</tr>
																<tr>
																	<td class='status info' title='info' alt='info'><i class='fa fa-fa fa-info-circle'></i></td>
																	<td class='timestamp'>16:39:28</td>
																	<td class='step-details'>clicking on vehicle to view  BreadCrumb Report</td>
																</tr>
																<tr>
																	<td class='status pass' title='pass' alt='pass'><i class='fa fa-fa fa-check-circle-o'></i></td>
																	<td class='timestamp'>16:39:46</td>
																	<td class='step-details'>Searching Functionality is working as expected:<a href='https://azuga-automation.s3.amazonaws.com/main_Thu_May11_2017-16_39_42-IST.jpg' data-featherlight='image'><img class='report-img' src='https://azuga-automation.s3.amazonaws.com/main_Thu_May11_2017-16_39_42-IST.jpg' /></a></td>
																</tr>
																<tr>
																	<td class='status pass' title='pass' alt='pass'><i class='fa fa-fa fa-check-circle-o'></i></td>
																	<td class='timestamp'>16:39:46</td>
																	<td class='step-details'>Test passed</td>
																</tr>
																<tr>
																	<td class='status pass' title='pass' alt='pass'><i class='fa fa-fa fa-check-circle-o'></i></td>
																	<td class='timestamp'>16:39:46</td>
																	<td class='step-details'>Test passed</td>
																</tr>
														</tbody>
													</table>
													<ul class='collapsible node-list' data-collapsible='accordion'>
													</ul>
												</div>
											</div>
										</li>
										<li class='collection-item test displayed active pass ' extentid='6986bea3-9c3d-475b-8568-158b69dc4160'>
											<div class='test-head'>
												<span class='test-name'>StateMileage_SelectingByTag_box </span>
												<span class='test-status label right capitalize outline pass'>pass</span>
												<span class='category-assigned hide  statemileage-report aq31-releasecandidate10-05-2017-10144'></span>
											</div>
											<div class='test-body'>
												<div class='test-info'>
													<span title='Test started time' alt='Test started time' class='test-started-time label green lighten-2 text-white'>2017-05-11 16:39:01</span>
													<span title='Test ended time' alt='Test ended time' class='test-ended-time label red lighten-2 text-white'>2017-05-11 16:39:23</span>
													<span title='Time taken to finish' alt='Time taken to finish' class='test-time-taken label blue-grey lighten-3 text-white'>0h 0m 21s+701ms</span>
												</div>
												<div class='test-desc'>Genertating State Mileage Report</div>
												<div class='test-attributes'>
														<div class='categories'>
																<span class='category text-white'>StateMileage-Report</span>
																<span class='category text-white'>AQ3.1-ReleaseCandidate.10-05-2017-10.144</span>
														</div>
												</div>
												<div class='test-steps'>
													<table class='bordered table-results'>
														<thead>
															<tr>
																<th>Status</th>
																<th>Timestamp</th>
																<th>Details</th>
															</tr>
														</thead>
														<tbody>
																<tr>
																	<td class='status info' title='info' alt='info'><i class='fa fa-fa fa-info-circle'></i></td>
																	<td class='timestamp'>16:39:01</td>
																	<td class='step-details'>Genertating StateMileage Report</td>
																</tr>
																<tr>
																	<td class='status info' title='info' alt='info'><i class='fa fa-fa fa-info-circle'></i></td>
																	<td class='timestamp'>16:39:08</td>
																	<td class='step-details'>Navigating to Reports Page: <a href='https://azuga-automation.s3.amazonaws.com/State%20Mileage%20Report_Thu_May11_2017-16_39_05-IST.jpg' data-featherlight='image'><img class='report-img' src='https://azuga-automation.s3.amazonaws.com/State%20Mileage%20Report_Thu_May11_2017-16_39_05-IST.jpg' /></a></td>
																</tr>
																<tr>
																	<td class='status info' title='info' alt='info'><i class='fa fa-fa fa-info-circle'></i></td>
																	<td class='timestamp'>16:39:17</td>
																	<td class='step-details'>Navigating to State Mileage Report<a href='https://azuga-automation.s3.amazonaws.com/main_Thu_May11_2017-16_39_13-IST.jpg' data-featherlight='image'><img class='report-img' src='https://azuga-automation.s3.amazonaws.com/main_Thu_May11_2017-16_39_13-IST.jpg' /></a></td>
																</tr>
																<tr>
																	<td class='status pass' title='pass' alt='pass'><i class='fa fa-fa fa-check-circle-o'></i></td>
																	<td class='timestamp'>16:39:23</td>
																	<td class='step-details'>Generated State Mileage Report as expected:<a href='https://azuga-automation.s3.amazonaws.com/main_Thu_May11_2017-16_39_19-IST.jpg' data-featherlight='image'><img class='report-img' src='https://azuga-automation.s3.amazonaws.com/main_Thu_May11_2017-16_39_19-IST.jpg' /></a></td>
																</tr>
																<tr>
																	<td class='status pass' title='pass' alt='pass'><i class='fa fa-fa fa-check-circle-o'></i></td>
																	<td class='timestamp'>16:39:23</td>
																	<td class='step-details'>Test passed</td>
																</tr>
																<tr>
																	<td class='status pass' title='pass' alt='pass'><i class='fa fa-fa fa-check-circle-o'></i></td>
																	<td class='timestamp'>16:39:23</td>
																	<td class='step-details'>Test passed</td>
																</tr>
														</tbody>
													</table>
													<ul class='collapsible node-list' data-collapsible='accordion'>
													</ul>
												</div>
											</div>
										</li>
										<li class='collection-item test displayed active pass ' extentid='bd674dc0-1291-4854-8fea-5f8e690dfe17'>
											<div class='test-head'>
												<span class='test-name'>StateMileage_Generation_Only_TagName </span>
												<span class='test-status label right capitalize outline pass'>pass</span>
												<span class='category-assigned hide  statemileage-report aq31-releasecandidate10-05-2017-10144'></span>
											</div>
											<div class='test-body'>
												<div class='test-info'>
													<span title='Test started time' alt='Test started time' class='test-started-time label green lighten-2 text-white'>2017-05-11 16:38:38</span>
													<span title='Test ended time' alt='Test ended time' class='test-ended-time label red lighten-2 text-white'>2017-05-11 16:39:01</span>
													<span title='Time taken to finish' alt='Time taken to finish' class='test-time-taken label blue-grey lighten-3 text-white'>0h 0m 23s+82ms</span>
												</div>
												<div class='test-desc'>Genertating StateMileage Report by providing Tag Name</div>
												<div class='test-attributes'>
														<div class='categories'>
																<span class='category text-white'>StateMileage-Report</span>
																<span class='category text-white'>AQ3.1-ReleaseCandidate.10-05-2017-10.144</span>
														</div>
												</div>
												<div class='test-steps'>
													<table class='bordered table-results'>
														<thead>
															<tr>
																<th>Status</th>
																<th>Timestamp</th>
																<th>Details</th>
															</tr>
														</thead>
														<tbody>
																<tr>
																	<td class='status info' title='info' alt='info'><i class='fa fa-fa fa-info-circle'></i></td>
																	<td class='timestamp'>16:38:38</td>
																	<td class='step-details'>Genertating State Mileage Report by providing Tag Name</td>
																</tr>
																<tr>
																	<td class='status info' title='info' alt='info'><i class='fa fa-fa fa-info-circle'></i></td>
																	<td class='timestamp'>16:38:46</td>
																	<td class='step-details'>Navigating Reports >Trips Tab and generate Report</td>
																</tr>
																<tr>
																	<td class='status pass' title='pass' alt='pass'><i class='fa fa-fa fa-check-circle-o'></i></td>
																	<td class='timestamp'>16:39:01</td>
																	<td class='step-details'>Generated Trips Report by using Tag Name and the Tag colomn cantain Reports as Expected<a href='https://azuga-automation.s3.amazonaws.com/main_Thu_May11_2017-16_38_57-IST.jpg' data-featherlight='image'><img class='report-img' src='https://azuga-automation.s3.amazonaws.com/main_Thu_May11_2017-16_38_57-IST.jpg' /></a></td>
																</tr>
																<tr>
																	<td class='status pass' title='pass' alt='pass'><i class='fa fa-fa fa-check-circle-o'></i></td>
																	<td class='timestamp'>16:39:01</td>
																	<td class='step-details'>Test passed</td>
																</tr>
																<tr>
																	<td class='status pass' title='pass' alt='pass'><i class='fa fa-fa fa-check-circle-o'></i></td>
																	<td class='timestamp'>16:39:01</td>
																	<td class='step-details'>Test passed</td>
																</tr>
														</tbody>
													</table>
													<ul class='collapsible node-list' data-collapsible='accordion'>
													</ul>
												</div>
											</div>
										</li>
										<li class='collection-item test displayed active pass ' extentid='8e90cf04-fcd2-4ba1-bf1b-b67e879ccb3c'>
											<div class='test-head'>
												<span class='test-name'>StateMileageReport_New_Button </span>
												<span class='test-status label right capitalize outline pass'>pass</span>
												<span class='category-assigned hide  statemileage-report aq31-releasecandidate10-05-2017-10144'></span>
											</div>
											<div class='test-body'>
												<div class='test-info'>
													<span title='Test started time' alt='Test started time' class='test-started-time label green lighten-2 text-white'>2017-05-11 16:37:55</span>
													<span title='Test ended time' alt='Test ended time' class='test-ended-time label red lighten-2 text-white'>2017-05-11 16:38:38</span>
													<span title='Time taken to finish' alt='Time taken to finish' class='test-time-taken label blue-grey lighten-3 text-white'>0h 0m 43s+328ms</span>
												</div>
												<div class='test-desc'>Verifying  New Button after generating StateMileage Report</div>
												<div class='test-attributes'>
														<div class='categories'>
																<span class='category text-white'>StateMileage-Report</span>
																<span class='category text-white'>AQ3.1-ReleaseCandidate.10-05-2017-10.144</span>
														</div>
												</div>
												<div class='test-steps'>
													<table class='bordered table-results'>
														<thead>
															<tr>
																<th>Status</th>
																<th>Timestamp</th>
																<th>Details</th>
															</tr>
														</thead>
														<tbody>
																<tr>
																	<td class='status info' title='info' alt='info'><i class='fa fa-fa fa-info-circle'></i></td>
																	<td class='timestamp'>16:37:55</td>
																	<td class='step-details'>Verifying New  Report after generating stateMileage Report</td>
																</tr>
																<tr>
																	<td class='status info' title='info' alt='info'><i class='fa fa-fa fa-info-circle'></i></td>
																	<td class='timestamp'>16:38:10</td>
																	<td class='step-details'>Navigating to Live Page <a href='https://azuga-automation.s3.amazonaws.com/main_Thu_May11_2017-16_37_58-IST.jpg' data-featherlight='image'><img class='report-img' src='https://azuga-automation.s3.amazonaws.com/main_Thu_May11_2017-16_37_58-IST.jpg' /></a></td>
																</tr>
																<tr>
																	<td class='status info' title='info' alt='info'><i class='fa fa-fa fa-info-circle'></i></td>
																	<td class='timestamp'>16:38:18</td>
																	<td class='step-details'>Navigating to Reports Page: <a href='https://azuga-automation.s3.amazonaws.com/main_Thu_May11_2017-16_38_15-IST.jpg' data-featherlight='image'><img class='report-img' src='https://azuga-automation.s3.amazonaws.com/main_Thu_May11_2017-16_38_15-IST.jpg' /></a></td>
																</tr>
																<tr>
																	<td class='status info' title='info' alt='info'><i class='fa fa-fa fa-info-circle'></i></td>
																	<td class='timestamp'>16:38:27</td>
																	<td class='step-details'>Navigating to StateMileage Report<a href='https://azuga-automation.s3.amazonaws.com/main_Thu_May11_2017-16_38_24-IST.jpg' data-featherlight='image'><img class='report-img' src='https://azuga-automation.s3.amazonaws.com/main_Thu_May11_2017-16_38_24-IST.jpg' /></a></td>
																</tr>
																<tr>
																	<td class='status pass' title='pass' alt='pass'><i class='fa fa-fa fa-check-circle-o'></i></td>
																	<td class='timestamp'>16:38:38</td>
																	<td class='step-details'>Generated State Mileage Report after clicking on back button as expected:<a href='https://azuga-automation.s3.amazonaws.com/main_Thu_May11_2017-16_38_34-IST.jpg' data-featherlight='image'><img class='report-img' src='https://azuga-automation.s3.amazonaws.com/main_Thu_May11_2017-16_38_34-IST.jpg' /></a></td>
																</tr>
																<tr>
																	<td class='status pass' title='pass' alt='pass'><i class='fa fa-fa fa-check-circle-o'></i></td>
																	<td class='timestamp'>16:38:38</td>
																	<td class='step-details'>Test passed</td>
																</tr>
																<tr>
																	<td class='status pass' title='pass' alt='pass'><i class='fa fa-fa fa-check-circle-o'></i></td>
																	<td class='timestamp'>16:38:38</td>
																	<td class='step-details'>Test passed</td>
																</tr>
														</tbody>
													</table>
													<ul class='collapsible node-list' data-collapsible='accordion'>
													</ul>
												</div>
											</div>
										</li>
										<li class='collection-item test displayed active pass ' extentid='e05a8ab8-fabc-4276-b213-3f4330d8624b'>
											<div class='test-head'>
												<span class='test-name'>StateMileageReport_oneyear_Back </span>
												<span class='test-status label right capitalize outline pass'>pass</span>
												<span class='category-assigned hide  statemileage-report aq31-releasecandidate10-05-2017-10144'></span>
											</div>
											<div class='test-body'>
												<div class='test-info'>
													<span title='Test started time' alt='Test started time' class='test-started-time label green lighten-2 text-white'>2017-05-11 16:37:17</span>
													<span title='Test ended time' alt='Test ended time' class='test-ended-time label red lighten-2 text-white'>2017-05-11 16:37:55</span>
													<span title='Time taken to finish' alt='Time taken to finish' class='test-time-taken label blue-grey lighten-3 text-white'>0h 0m 38s+158ms</span>
												</div>
												<div class='test-desc'>Generating State Mileage Report one year Back</div>
												<div class='test-attributes'>
														<div class='categories'>
																<span class='category text-white'>StateMileage-Report</span>
																<span class='category text-white'>AQ3.1-ReleaseCandidate.10-05-2017-10.144</span>
														</div>
												</div>
												<div class='test-steps'>
													<table class='bordered table-results'>
														<thead>
															<tr>
																<th>Status</th>
																<th>Timestamp</th>
																<th>Details</th>
															</tr>
														</thead>
														<tbody>
																<tr>
																	<td class='status info' title='info' alt='info'><i class='fa fa-fa fa-info-circle'></i></td>
																	<td class='timestamp'>16:37:17</td>
																	<td class='step-details'>Generating State Mileage Report one year Back</td>
																</tr>
																<tr>
																	<td class='status info' title='info' alt='info'><i class='fa fa-fa fa-info-circle'></i></td>
																	<td class='timestamp'>16:37:31</td>
																	<td class='step-details'>Navigating to Live Page <a href='https://azuga-automation.s3.amazonaws.com/main_Thu_May11_2017-16_37_20-IST.jpg' data-featherlight='image'><img class='report-img' src='https://azuga-automation.s3.amazonaws.com/main_Thu_May11_2017-16_37_20-IST.jpg' /></a></td>
																</tr>
																<tr>
																	<td class='status info' title='info' alt='info'><i class='fa fa-fa fa-info-circle'></i></td>
																	<td class='timestamp'>16:37:38</td>
																	<td class='step-details'>Navigating to Reports Page: <a href='https://azuga-automation.s3.amazonaws.com/State%20Mileage%20Report_Thu_May11_2017-16_37_35-IST.jpg' data-featherlight='image'><img class='report-img' src='https://azuga-automation.s3.amazonaws.com/State%20Mileage%20Report_Thu_May11_2017-16_37_35-IST.jpg' /></a></td>
																</tr>
																<tr>
																	<td class='status info' title='info' alt='info'><i class='fa fa-fa fa-info-circle'></i></td>
																	<td class='timestamp'>16:37:48</td>
																	<td class='step-details'>Navigating to State Mileage Report<a href='https://azuga-automation.s3.amazonaws.com/main_Thu_May11_2017-16_37_44-IST.jpg' data-featherlight='image'><img class='report-img' src='https://azuga-automation.s3.amazonaws.com/main_Thu_May11_2017-16_37_44-IST.jpg' /></a></td>
																</tr>
																<tr>
																	<td class='status pass' title='pass' alt='pass'><i class='fa fa-fa fa-check-circle-o'></i></td>
																	<td class='timestamp'>16:37:55</td>
																	<td class='step-details'>Generated State Mileage Report  for one year Back as expected:<a href='https://azuga-automation.s3.amazonaws.com/main_Thu_May11_2017-16_37_51-IST.jpg' data-featherlight='image'><img class='report-img' src='https://azuga-automation.s3.amazonaws.com/main_Thu_May11_2017-16_37_51-IST.jpg' /></a></td>
																</tr>
																<tr>
																	<td class='status pass' title='pass' alt='pass'><i class='fa fa-fa fa-check-circle-o'></i></td>
																	<td class='timestamp'>16:37:55</td>
																	<td class='step-details'>Test passed</td>
																</tr>
																<tr>
																	<td class='status pass' title='pass' alt='pass'><i class='fa fa-fa fa-check-circle-o'></i></td>
																	<td class='timestamp'>16:37:55</td>
																	<td class='step-details'>Test passed</td>
																</tr>
														</tbody>
													</table>
													<ul class='collapsible node-list' data-collapsible='accordion'>
													</ul>
												</div>
											</div>
										</li>
										<li class='collection-item test displayed active pass ' extentid='a8f7ffb2-1920-4ce1-95c5-24a92e4109bb'>
											<div class='test-head'>
												<span class='test-name'>StateMileageReport_Back_Button </span>
												<span class='test-status label right capitalize outline pass'>pass</span>
												<span class='category-assigned hide  statemileage-report aq31-releasecandidate10-05-2017-10144'></span>
											</div>
											<div class='test-body'>
												<div class='test-info'>
													<span title='Test started time' alt='Test started time' class='test-started-time label green lighten-2 text-white'>2017-05-11 16:36:35</span>
													<span title='Test ended time' alt='Test ended time' class='test-ended-time label red lighten-2 text-white'>2017-05-11 16:37:17</span>
													<span title='Time taken to finish' alt='Time taken to finish' class='test-time-taken label blue-grey lighten-3 text-white'>0h 0m 41s+990ms</span>
												</div>
												<div class='test-desc'>Verifying  Back Button after generating StateMileage Report</div>
												<div class='test-attributes'>
														<div class='categories'>
																<span class='category text-white'>StateMileage-Report</span>
																<span class='category text-white'>AQ3.1-ReleaseCandidate.10-05-2017-10.144</span>
														</div>
												</div>
												<div class='test-steps'>
													<table class='bordered table-results'>
														<thead>
															<tr>
																<th>Status</th>
																<th>Timestamp</th>
																<th>Details</th>
															</tr>
														</thead>
														<tbody>
																<tr>
																	<td class='status info' title='info' alt='info'><i class='fa fa-fa fa-info-circle'></i></td>
																	<td class='timestamp'>16:36:35</td>
																	<td class='step-details'>Verifying New  Report after generating stateMileage Report</td>
																</tr>
																<tr>
																	<td class='status info' title='info' alt='info'><i class='fa fa-fa fa-info-circle'></i></td>
																	<td class='timestamp'>16:36:50</td>
																	<td class='step-details'>Navigating to Live Page <a href='https://azuga-automation.s3.amazonaws.com/main_Thu_May11_2017-16_36_38-IST.jpg' data-featherlight='image'><img class='report-img' src='https://azuga-automation.s3.amazonaws.com/main_Thu_May11_2017-16_36_38-IST.jpg' /></a></td>
																</tr>
																<tr>
																	<td class='status info' title='info' alt='info'><i class='fa fa-fa fa-info-circle'></i></td>
																	<td class='timestamp'>16:36:58</td>
																	<td class='step-details'>Navigating to Reports Page: <a href='https://azuga-automation.s3.amazonaws.com/main_Thu_May11_2017-16_36_54-IST.jpg' data-featherlight='image'><img class='report-img' src='https://azuga-automation.s3.amazonaws.com/main_Thu_May11_2017-16_36_54-IST.jpg' /></a></td>
																</tr>
																<tr>
																	<td class='status info' title='info' alt='info'><i class='fa fa-fa fa-info-circle'></i></td>
																	<td class='timestamp'>16:37:07</td>
																	<td class='step-details'>Navigating to State Mileage Report<a href='https://azuga-automation.s3.amazonaws.com/main_Thu_May11_2017-16_37_04-IST.jpg' data-featherlight='image'><img class='report-img' src='https://azuga-automation.s3.amazonaws.com/main_Thu_May11_2017-16_37_04-IST.jpg' /></a></td>
																</tr>
																<tr>
																	<td class='status pass' title='pass' alt='pass'><i class='fa fa-fa fa-check-circle-o'></i></td>
																	<td class='timestamp'>16:37:17</td>
																	<td class='step-details'>Generated State Mileage Report after clicking on back button as expected:<a href='https://azuga-automation.s3.amazonaws.com/main_Thu_May11_2017-16_37_13-IST.jpg' data-featherlight='image'><img class='report-img' src='https://azuga-automation.s3.amazonaws.com/main_Thu_May11_2017-16_37_13-IST.jpg' /></a></td>
																</tr>
																<tr>
																	<td class='status pass' title='pass' alt='pass'><i class='fa fa-fa fa-check-circle-o'></i></td>
																	<td class='timestamp'>16:37:17</td>
																	<td class='step-details'>Test passed</td>
																</tr>
																<tr>
																	<td class='status pass' title='pass' alt='pass'><i class='fa fa-fa fa-check-circle-o'></i></td>
																	<td class='timestamp'>16:37:17</td>
																	<td class='step-details'>Test passed</td>
																</tr>
														</tbody>
													</table>
													<ul class='collapsible node-list' data-collapsible='accordion'>
													</ul>
												</div>
											</div>
										</li>
										<li class='collection-item test displayed active pass ' extentid='687db5df-15a5-4898-b846-65c3f36e4990'>
											<div class='test-head'>
												<span class='test-name'>stateMileageReport_Generation_ByOneVehicle </span>
												<span class='test-status label right capitalize outline pass'>pass</span>
												<span class='category-assigned hide  statemileage-report aq31-releasecandidate10-05-2017-10144'></span>
											</div>
											<div class='test-body'>
												<div class='test-info'>
													<span title='Test started time' alt='Test started time' class='test-started-time label green lighten-2 text-white'>2017-05-11 16:35:56</span>
													<span title='Test ended time' alt='Test ended time' class='test-ended-time label red lighten-2 text-white'>2017-05-11 16:36:35</span>
													<span title='Time taken to finish' alt='Time taken to finish' class='test-time-taken label blue-grey lighten-3 text-white'>0h 0m 38s+712ms</span>
												</div>
												<div class='test-desc'>Genertating State Mileage Report</div>
												<div class='test-attributes'>
														<div class='categories'>
																<span class='category text-white'>StateMileage-Report</span>
																<span class='category text-white'>AQ3.1-ReleaseCandidate.10-05-2017-10.144</span>
														</div>
												</div>
												<div class='test-steps'>
													<table class='bordered table-results'>
														<thead>
															<tr>
																<th>Status</th>
																<th>Timestamp</th>
																<th>Details</th>
															</tr>
														</thead>
														<tbody>
																<tr>
																	<td class='status info' title='info' alt='info'><i class='fa fa-fa fa-info-circle'></i></td>
																	<td class='timestamp'>16:35:56</td>
																	<td class='step-details'>Genertating State Mileage Report with one Vehicle</td>
																</tr>
																<tr>
																	<td class='status info' title='info' alt='info'><i class='fa fa-fa fa-info-circle'></i></td>
																	<td class='timestamp'>16:36:11</td>
																	<td class='step-details'>Navigating to Live Page <a href='https://azuga-automation.s3.amazonaws.com/main_Thu_May11_2017-16_35_59-IST.jpg' data-featherlight='image'><img class='report-img' src='https://azuga-automation.s3.amazonaws.com/main_Thu_May11_2017-16_35_59-IST.jpg' /></a></td>
																</tr>
																<tr>
																	<td class='status info' title='info' alt='info'><i class='fa fa-fa fa-info-circle'></i></td>
																	<td class='timestamp'>16:36:19</td>
																	<td class='step-details'>Navigating to Reports Page: <a href='https://azuga-automation.s3.amazonaws.com/State%20Mileage%20Report_Thu_May11_2017-16_36_16-IST.jpg' data-featherlight='image'><img class='report-img' src='https://azuga-automation.s3.amazonaws.com/State%20Mileage%20Report_Thu_May11_2017-16_36_16-IST.jpg' /></a></td>
																</tr>
																<tr>
																	<td class='status info' title='info' alt='info'><i class='fa fa-fa fa-info-circle'></i></td>
																	<td class='timestamp'>16:36:28</td>
																	<td class='step-details'>Navigating to State Mileage Report<a href='https://azuga-automation.s3.amazonaws.com/main_Thu_May11_2017-16_36_25-IST.jpg' data-featherlight='image'><img class='report-img' src='https://azuga-automation.s3.amazonaws.com/main_Thu_May11_2017-16_36_25-IST.jpg' /></a></td>
																</tr>
																<tr>
																	<td class='status pass' title='pass' alt='pass'><i class='fa fa-fa fa-check-circle-o'></i></td>
																	<td class='timestamp'>16:36:35</td>
																	<td class='step-details'>Generated State Mileage Report as expected:<a href='https://azuga-automation.s3.amazonaws.com/main_Thu_May11_2017-16_36_31-IST.jpg' data-featherlight='image'><img class='report-img' src='https://azuga-automation.s3.amazonaws.com/main_Thu_May11_2017-16_36_31-IST.jpg' /></a></td>
																</tr>
																<tr>
																	<td class='status pass' title='pass' alt='pass'><i class='fa fa-fa fa-check-circle-o'></i></td>
																	<td class='timestamp'>16:36:35</td>
																	<td class='step-details'>Test passed</td>
																</tr>
																<tr>
																	<td class='status pass' title='pass' alt='pass'><i class='fa fa-fa fa-check-circle-o'></i></td>
																	<td class='timestamp'>16:36:35</td>
																	<td class='step-details'>Test passed</td>
																</tr>
														</tbody>
													</table>
													<ul class='collapsible node-list' data-collapsible='accordion'>
													</ul>
												</div>
											</div>
										</li>
										<li class='collection-item test displayed active pass ' extentid='27b73a91-3cad-4f1d-81f7-e124eda47223'>
											<div class='test-head'>
												<span class='test-name'>StateMileage_Default </span>
												<span class='test-status label right capitalize outline pass'>pass</span>
												<span class='category-assigned hide  statemileage-report aq31-releasecandidate10-05-2017-10144'></span>
											</div>
											<div class='test-body'>
												<div class='test-info'>
													<span title='Test started time' alt='Test started time' class='test-started-time label green lighten-2 text-white'>2017-05-11 16:35:31</span>
													<span title='Test ended time' alt='Test ended time' class='test-ended-time label red lighten-2 text-white'>2017-05-11 16:35:56</span>
													<span title='Time taken to finish' alt='Time taken to finish' class='test-time-taken label blue-grey lighten-3 text-white'>0h 0m 25s+42ms</span>
												</div>
												<div class='test-desc'>Genertating State Mileage Report</div>
												<div class='test-attributes'>
														<div class='categories'>
																<span class='category text-white'>StateMileage-Report</span>
																<span class='category text-white'>AQ3.1-ReleaseCandidate.10-05-2017-10.144</span>
														</div>
												</div>
												<div class='test-steps'>
													<table class='bordered table-results'>
														<thead>
															<tr>
																<th>Status</th>
																<th>Timestamp</th>
																<th>Details</th>
															</tr>
														</thead>
														<tbody>
																<tr>
																	<td class='status info' title='info' alt='info'><i class='fa fa-fa fa-info-circle'></i></td>
																	<td class='timestamp'>16:35:31</td>
																	<td class='step-details'>Genertating StateMileage Report</td>
																</tr>
																<tr>
																	<td class='status info' title='info' alt='info'><i class='fa fa-fa fa-info-circle'></i></td>
																	<td class='timestamp'>16:35:42</td>
																	<td class='step-details'>Navigating to Reports Page: <a href='https://azuga-automation.s3.amazonaws.com/null_Thu_May11_2017-16_35_38-IST.jpg' data-featherlight='image'><img class='report-img' src='https://azuga-automation.s3.amazonaws.com/null_Thu_May11_2017-16_35_38-IST.jpg' /></a></td>
																</tr>
																<tr>
																	<td class='status info' title='info' alt='info'><i class='fa fa-fa fa-info-circle'></i></td>
																	<td class='timestamp'>16:35:51</td>
																	<td class='step-details'>Navigating to State Mileage Report<a href='https://azuga-automation.s3.amazonaws.com/main_Thu_May11_2017-16_35_47-IST.jpg' data-featherlight='image'><img class='report-img' src='https://azuga-automation.s3.amazonaws.com/main_Thu_May11_2017-16_35_47-IST.jpg' /></a></td>
																</tr>
																<tr>
																	<td class='status pass' title='pass' alt='pass'><i class='fa fa-fa fa-check-circle-o'></i></td>
																	<td class='timestamp'>16:35:56</td>
																	<td class='step-details'>Generated State Mileage Report as expected:<a href='https://azuga-automation.s3.amazonaws.com/main_Thu_May11_2017-16_35_52-IST.jpg' data-featherlight='image'><img class='report-img' src='https://azuga-automation.s3.amazonaws.com/main_Thu_May11_2017-16_35_52-IST.jpg' /></a></td>
																</tr>
																<tr>
																	<td class='status pass' title='pass' alt='pass'><i class='fa fa-fa fa-check-circle-o'></i></td>
																	<td class='timestamp'>16:35:56</td>
																	<td class='step-details'>Test passed</td>
																</tr>
																<tr>
																	<td class='status pass' title='pass' alt='pass'><i class='fa fa-fa fa-check-circle-o'></i></td>
																	<td class='timestamp'>16:35:56</td>
																	<td class='step-details'>Test passed</td>
																</tr>
														</tbody>
													</table>
													<ul class='collapsible node-list' data-collapsible='accordion'>
													</ul>
												</div>
											</div>
										</li>
								</ul>
							</div>
						</div>
					</div>
				</div>
				<div id='test-details-wrapper' class='col _addedCell2'>
					<div class='contents'>
						<div class='card-panel details-view'>
							<h5 class='details-name'></h5>
							<div class='step-filters right'>
								<span class='info' alt='info' title='info'><i class='fa fa-info-circle'></i></span>
								<span class='pass' alt='pass' title='pass'><i class='fa fa-check-circle-o'></i></span>
								<span class='fail' alt='fail' title='fail'><i class='fa fa-times-circle-o'></i></span>
								<span class='fatal' alt='fatal' title='fatal'><i class='fa fa-times-circle-o'></i></span>
								<span class='error' alt='error' title='error'><i class='fa fa-exclamation-circle'></i></span>
								<span class='warning' alt='warning' title='warning'><i class='fa fa-warning'></i></span>
								<span class='skip' alt='skip' title='skip'><i class='fa fa-chevron-circle-right'></i></span>
								<span class='clear-step-filter' alt='Clear filters' title='Clear filters'><i class='fa fa-times'></i></span>
							</div>
							<div class='details-container'>
							</div>
						</div>
					</div>
				</div>
			</div>
			<!-- /tests -->
			
			<!-- categories -->
				<div id='categories-view' class='row _addedTable hide'>
					<div class='col _addedCell1'>
						<div class='contents'>
							<div class='card-panel heading'>
								<h5>Categories</h5>
							</div>
							<div class='card-panel filters'>
								<div class='search' alt='Search tests' title='Search tests'>
									<div class='input-field left'>
										<input id='searchTests' type='text' class='validate' placeholder='Search tests...'>
									</div>
									<i class='fa fa-search icon'></i>
								</div>
							</div>
							<div class='card-panel no-padding-h no-padding-v'>
								<div class='wrapper'>
									<ul id='cat-collection' class='cat-collection'>
											<li class='category-item displayed'>
												<div class='cat-head'>
													<span class='category-name'>AQ3.1-ReleaseCandidate.10-05-2017-10.144</span>
												</div>
												<div class='category-status-counts'>
														<span class='pass label dot'>Pass: 10</span>
														<span class='fail label dot'>Fail: 8</span>
												</div>
												<div class='cat-body'>
													<div class='category-status-counts'>
														<div class='button-group'>
															<a href='#!' class='pass label filter'>Pass <span class='icon'>10</span></a>
															<a href='#!' class='fail label filter'>Fail <span class='icon'>8</span></a>
															<a href='#!' class='other label filter'>Others <span class='icon'>0</span></a>
														</div>
													</div>
													<div class='cat-tests'>
														<table class='bordered'>
															<thead>
																<tr>
																	<th>RunDate</th>
																	<th>Test Name</th>
																	<th>Status</th>
																</tr>
															</thead>
															<tbody>
																	<tr class='pass'>
																		<td>2017-05-11 16:35:31</td>
																		<td><span class='category-link linked' extentid='27b73a91-3cad-4f1d-81f7-e124eda47223'>StateMileage_Default</span></td>
																		<td><div class='status label capitalize pass'>pass</div></td>
																	</tr>
																	<tr class='pass'>
																		<td>2017-05-11 16:35:56</td>
																		<td><span class='category-link linked' extentid='687db5df-15a5-4898-b846-65c3f36e4990'>stateMileageReport_Generation_ByOneVehicle</span></td>
																		<td><div class='status label capitalize pass'>pass</div></td>
																	</tr>
																	<tr class='pass'>
																		<td>2017-05-11 16:36:35</td>
																		<td><span class='category-link linked' extentid='a8f7ffb2-1920-4ce1-95c5-24a92e4109bb'>StateMileageReport_Back_Button</span></td>
																		<td><div class='status label capitalize pass'>pass</div></td>
																	</tr>
																	<tr class='pass'>
																		<td>2017-05-11 16:37:17</td>
																		<td><span class='category-link linked' extentid='e05a8ab8-fabc-4276-b213-3f4330d8624b'>StateMileageReport_oneyear_Back</span></td>
																		<td><div class='status label capitalize pass'>pass</div></td>
																	</tr>
																	<tr class='pass'>
																		<td>2017-05-11 16:37:55</td>
																		<td><span class='category-link linked' extentid='8e90cf04-fcd2-4ba1-bf1b-b67e879ccb3c'>StateMileageReport_New_Button</span></td>
																		<td><div class='status label capitalize pass'>pass</div></td>
																	</tr>
																	<tr class='pass'>
																		<td>2017-05-11 16:38:38</td>
																		<td><span class='category-link linked' extentid='bd674dc0-1291-4854-8fea-5f8e690dfe17'>StateMileage_Generation_Only_TagName</span></td>
																		<td><div class='status label capitalize pass'>pass</div></td>
																	</tr>
																	<tr class='pass'>
																		<td>2017-05-11 16:39:01</td>
																		<td><span class='category-link linked' extentid='6986bea3-9c3d-475b-8568-158b69dc4160'>StateMileage_SelectingByTag_box</span></td>
																		<td><div class='status label capitalize pass'>pass</div></td>
																	</tr>
																	<tr class='pass'>
																		<td>2017-05-11 16:39:23</td>
																		<td><span class='category-link linked' extentid='519a8b55-f861-4ff4-a45b-ee2b1cbcf7c2'>StateMileage_Generation_TagAndTagBox</span></td>
																		<td><div class='status label capitalize pass'>pass</div></td>
																	</tr>
																	<tr class='fail'>
																		<td>2017-05-11 16:39:46</td>
																		<td><span class='category-link linked' extentid='96de749c-a1de-4ef5-bb3c-1bb1c3102e54'>DateRange_Validation_31Days</span></td>
																		<td><div class='status label capitalize fail'>fail</div></td>
																	</tr>
																	<tr class='fail'>
																		<td>2017-05-11 16:40:06</td>
																		<td><span class='category-link linked' extentid='d4bd783b-4d18-436e-83fb-fd89bf496c21'>StateMileageReport_31Days</span></td>
																		<td><div class='status label capitalize fail'>fail</div></td>
																	</tr>
																	<tr class='fail'>
																		<td>2017-05-11 16:40:24</td>
																		<td><span class='category-link linked' extentid='28b0f992-29d6-4023-b178-334316827bef'>StateMileageReport_7Days</span></td>
																		<td><div class='status label capitalize fail'>fail</div></td>
																	</tr>
																	<tr class='pass'>
																		<td>2017-05-11 16:40:43</td>
																		<td><span class='category-link linked' extentid='defacf9b-3649-4e96-a9f1-c0bab0284c2f'>StateMileage_Generation_Only_VehicleAndTagName</span></td>
																		<td><div class='status label capitalize pass'>pass</div></td>
																	</tr>
																	<tr class='pass'>
																		<td>2017-05-11 16:41:07</td>
																		<td><span class='category-link linked' extentid='a5ad9c42-ae4e-46d5-a511-ead057d975c9'>StateMileageReport_Asset_Preference_Disabled</span></td>
																		<td><div class='status label capitalize pass'>pass</div></td>
																	</tr>
																	<tr class='fail'>
																		<td>2017-05-11 16:42:08</td>
																		<td><span class='category-link linked' extentid='972400c1-c7e9-4833-8e03-759cd51da1bc'>StateMileageReport_StateMileage_Enabled</span></td>
																		<td><div class='status label capitalize fail'>fail</div></td>
																	</tr>
																	<tr class='fail'>
																		<td>2017-05-11 16:42:29</td>
																		<td><span class='category-link linked' extentid='d6dc0360-7642-490f-befb-bcc5ebbcbb58'>StateMileageReport_Asset_Preference_Enabled</span></td>
																		<td><div class='status label capitalize fail'>fail</div></td>
																	</tr>
																	<tr class='fail'>
																		<td>2017-05-11 16:44:10</td>
																		<td><span class='category-link linked' extentid='99062dd4-41d4-46ac-8875-e76c464016cc'>StateMileageReport_VehicleTagPackage_Disable</span></td>
																		<td><div class='status label capitalize fail'>fail</div></td>
																	</tr>
																	<tr class='fail'>
																		<td>2017-05-11 16:44:10</td>
																		<td><span class='category-link linked' extentid='7a7c8e69-cc88-4aa6-bcce-22fb170c00cc'>StateMileageReport_VehicleTagPackage_Enabled</span></td>
																		<td><div class='status label capitalize fail'>fail</div></td>
																	</tr>
																	<tr class='fail'>
																		<td>2017-05-11 16:45:51</td>
																		<td><span class='category-link linked' extentid='e07fb96a-43e2-48f1-920e-968745c14c05'>assetStopReport_verifyDownloadOfXls</span></td>
																		<td><div class='status label capitalize fail'>fail</div></td>
																	</tr>
															<tbody>
														</table>
													</div>
												</div> 
											</li>
											<li class='category-item displayed'>
												<div class='cat-head'>
													<span class='category-name'>Idling-Report</span>
												</div>
												<div class='category-status-counts'>
														<span class='fail label dot'>Fail: 1</span>
												</div>
												<div class='cat-body'>
													<div class='category-status-counts'>
														<div class='button-group'>
															<a href='#!' class='pass label filter'>Pass <span class='icon'>0</span></a>
															<a href='#!' class='fail label filter'>Fail <span class='icon'>1</span></a>
															<a href='#!' class='other label filter'>Others <span class='icon'>0</span></a>
														</div>
													</div>
													<div class='cat-tests'>
														<table class='bordered'>
															<thead>
																<tr>
																	<th>RunDate</th>
																	<th>Test Name</th>
																	<th>Status</th>
																</tr>
															</thead>
															<tbody>
																	<tr class='fail'>
																		<td>2017-05-11 16:45:51</td>
																		<td><span class='category-link linked' extentid='e07fb96a-43e2-48f1-920e-968745c14c05'>assetStopReport_verifyDownloadOfXls</span></td>
																		<td><div class='status label capitalize fail'>fail</div></td>
																	</tr>
															<tbody>
														</table>
													</div>
												</div> 
											</li>
											<li class='category-item displayed'>
												<div class='cat-head'>
													<span class='category-name'>StateMileage-Report</span>
												</div>
												<div class='category-status-counts'>
														<span class='pass label dot'>Pass: 10</span>
														<span class='fail label dot'>Fail: 7</span>
												</div>
												<div class='cat-body'>
													<div class='category-status-counts'>
														<div class='button-group'>
															<a href='#!' class='pass label filter'>Pass <span class='icon'>10</span></a>
															<a href='#!' class='fail label filter'>Fail <span class='icon'>7</span></a>
															<a href='#!' class='other label filter'>Others <span class='icon'>0</span></a>
														</div>
													</div>
													<div class='cat-tests'>
														<table class='bordered'>
															<thead>
																<tr>
																	<th>RunDate</th>
																	<th>Test Name</th>
																	<th>Status</th>
																</tr>
															</thead>
															<tbody>
																	<tr class='pass'>
																		<td>2017-05-11 16:35:31</td>
																		<td><span class='category-link linked' extentid='27b73a91-3cad-4f1d-81f7-e124eda47223'>StateMileage_Default</span></td>
																		<td><div class='status label capitalize pass'>pass</div></td>
																	</tr>
																	<tr class='pass'>
																		<td>2017-05-11 16:35:56</td>
																		<td><span class='category-link linked' extentid='687db5df-15a5-4898-b846-65c3f36e4990'>stateMileageReport_Generation_ByOneVehicle</span></td>
																		<td><div class='status label capitalize pass'>pass</div></td>
																	</tr>
																	<tr class='pass'>
																		<td>2017-05-11 16:36:35</td>
																		<td><span class='category-link linked' extentid='a8f7ffb2-1920-4ce1-95c5-24a92e4109bb'>StateMileageReport_Back_Button</span></td>
																		<td><div class='status label capitalize pass'>pass</div></td>
																	</tr>
																	<tr class='pass'>
																		<td>2017-05-11 16:37:17</td>
																		<td><span class='category-link linked' extentid='e05a8ab8-fabc-4276-b213-3f4330d8624b'>StateMileageReport_oneyear_Back</span></td>
																		<td><div class='status label capitalize pass'>pass</div></td>
																	</tr>
																	<tr class='pass'>
																		<td>2017-05-11 16:37:55</td>
																		<td><span class='category-link linked' extentid='8e90cf04-fcd2-4ba1-bf1b-b67e879ccb3c'>StateMileageReport_New_Button</span></td>
																		<td><div class='status label capitalize pass'>pass</div></td>
																	</tr>
																	<tr class='pass'>
																		<td>2017-05-11 16:38:38</td>
																		<td><span class='category-link linked' extentid='bd674dc0-1291-4854-8fea-5f8e690dfe17'>StateMileage_Generation_Only_TagName</span></td>
																		<td><div class='status label capitalize pass'>pass</div></td>
																	</tr>
																	<tr class='pass'>
																		<td>2017-05-11 16:39:01</td>
																		<td><span class='category-link linked' extentid='6986bea3-9c3d-475b-8568-158b69dc4160'>StateMileage_SelectingByTag_box</span></td>
																		<td><div class='status label capitalize pass'>pass</div></td>
																	</tr>
																	<tr class='pass'>
																		<td>2017-05-11 16:39:23</td>
																		<td><span class='category-link linked' extentid='519a8b55-f861-4ff4-a45b-ee2b1cbcf7c2'>StateMileage_Generation_TagAndTagBox</span></td>
																		<td><div class='status label capitalize pass'>pass</div></td>
																	</tr>
																	<tr class='fail'>
																		<td>2017-05-11 16:39:46</td>
																		<td><span class='category-link linked' extentid='96de749c-a1de-4ef5-bb3c-1bb1c3102e54'>DateRange_Validation_31Days</span></td>
																		<td><div class='status label capitalize fail'>fail</div></td>
																	</tr>
																	<tr class='fail'>
																		<td>2017-05-11 16:40:06</td>
																		<td><span class='category-link linked' extentid='d4bd783b-4d18-436e-83fb-fd89bf496c21'>StateMileageReport_31Days</span></td>
																		<td><div class='status label capitalize fail'>fail</div></td>
																	</tr>
																	<tr class='fail'>
																		<td>2017-05-11 16:40:24</td>
																		<td><span class='category-link linked' extentid='28b0f992-29d6-4023-b178-334316827bef'>StateMileageReport_7Days</span></td>
																		<td><div class='status label capitalize fail'>fail</div></td>
																	</tr>
																	<tr class='pass'>
																		<td>2017-05-11 16:40:43</td>
																		<td><span class='category-link linked' extentid='defacf9b-3649-4e96-a9f1-c0bab0284c2f'>StateMileage_Generation_Only_VehicleAndTagName</span></td>
																		<td><div class='status label capitalize pass'>pass</div></td>
																	</tr>
																	<tr class='pass'>
																		<td>2017-05-11 16:41:07</td>
																		<td><span class='category-link linked' extentid='a5ad9c42-ae4e-46d5-a511-ead057d975c9'>StateMileageReport_Asset_Preference_Disabled</span></td>
																		<td><div class='status label capitalize pass'>pass</div></td>
																	</tr>
																	<tr class='fail'>
																		<td>2017-05-11 16:42:08</td>
																		<td><span class='category-link linked' extentid='972400c1-c7e9-4833-8e03-759cd51da1bc'>StateMileageReport_StateMileage_Enabled</span></td>
																		<td><div class='status label capitalize fail'>fail</div></td>
																	</tr>
																	<tr class='fail'>
																		<td>2017-05-11 16:42:29</td>
																		<td><span class='category-link linked' extentid='d6dc0360-7642-490f-befb-bcc5ebbcbb58'>StateMileageReport_Asset_Preference_Enabled</span></td>
																		<td><div class='status label capitalize fail'>fail</div></td>
																	</tr>
																	<tr class='fail'>
																		<td>2017-05-11 16:44:10</td>
																		<td><span class='category-link linked' extentid='99062dd4-41d4-46ac-8875-e76c464016cc'>StateMileageReport_VehicleTagPackage_Disable</span></td>
																		<td><div class='status label capitalize fail'>fail</div></td>
																	</tr>
																	<tr class='fail'>
																		<td>2017-05-11 16:44:10</td>
																		<td><span class='category-link linked' extentid='7a7c8e69-cc88-4aa6-bcce-22fb170c00cc'>StateMileageReport_VehicleTagPackage_Enabled</span></td>
																		<td><div class='status label capitalize fail'>fail</div></td>
																	</tr>
															<tbody>
														</table>
													</div>
												</div> 
											</li>
									</ul>
								</div>
							</div>
						</div>
					</div>
					<div id='cat-details-wrapper' class='col _addedCell2'>
						<div class='contents'>
							<div class='card-panel details-view'>
								<h5 class='cat-name'></h5>
								<div class='cat-container'>
								</div>
							</div>
						</div>
					</div>
				</div>
			<!-- /categories -->
			
			<!-- exceptions -->
			<!-- /exceptions -->
			
			<!-- testrunner logs -->
			<!-- /testrunner logs -->
			
		</div>
		<!-- /container -->
		
		<!-- test dashboard counts setting -->
		<div id='test-count-setting' class='modal bottom-sheet'> 
			<div class='modal-content'> 
				<h5>Configure Tests Count Setting</h5> 
				<input name='test-count-setting' type='radio' id='parentWithoutNodes' class='with-gap'> 
				<label for='parentWithoutNodes'>Parent Tests Only (Does not include child nodes in counts)</label> 
				<br> 
				<input name='test-count-setting' type='radio' id='parentWithoutNodesAndNodes' class='with-gap'> 
				<label for='parentWithoutNodesAndNodes'>Parent Tests Without Child Tests + Child Tests</label> 
				<br> 
				<input name='test-count-setting' type='radio' id='childNodes' class='with-gap'> 
				<label for='childNodes'>Child Tests Only</label> 
			</div> 
			<div class='modal-footer'> 
				<a href='#!' class='modal-action modal-close waves-effect waves-green btn'>Save</a> 
			</div> 
		</div>
		<!-- /test dashboard counts setting -->
		
		<!-- filter for step status -->
		<div id='step-status-filter' class='modal bottom-sheet'> 
			<div class='modal-content'> 
				<h5>Select status</h5> 
				<input checked class='filled-in' type='checkbox' id='step-dashboard-filter-pass'> 
				<label for='step-dashboard-filter-pass'>Pass</label> 
				<br> 
				<input checked class='filled-in' type='checkbox' id='step-dashboard-filter-fail'> 
				<label for='step-dashboard-filter-fail'>Fail</label> 
				<br> 
				<input checked class='filled-in' type='checkbox' id='step-dashboard-filter-fatal'> 
				<label for='step-dashboard-filter-fatal'>Fatal</label> 
				<br> 
				<input checked class='filled-in' type='checkbox' id='step-dashboard-filter-error'> 
				<label for='step-dashboard-filter-error'>Error</label> 
				<br> 
				<input checked class='filled-in' type='checkbox' id='step-dashboard-filter-warning'> 
				<label for='step-dashboard-filter-warning'>Warning</label> 
				<br> 
				<input checked class='filled-in' type='checkbox' id='step-dashboard-filter-skip'> 
				<label for='step-dashboard-filter-skip'>Skipped</label> 
				<br> 
				<input checked class='filled-in' type='checkbox' id='step-dashboard-filter-info'> 
				<label for='step-dashboard-filter-info'>Info</label> 
				<br> 
				<input checked class='filled-in' type='checkbox' id='step-dashboard-filter-unknown'> 
				<label for='step-dashboard-filter-unknown'>Unknown</label> 
			</div>
			<div class='modal-footer'> 
				<a href='#!' class='modal-action modal-close waves-effect waves-green btn'>Save</a> 
			</div> 
		</div>
		<!-- /filter for step status -->
		
		<script type='text/javascript' src='./extentreports/js/scripts.js'></script>		
		<script>jQuery(document).ready(function() { jQuery('.logo span').html('ExtentReports'); });</script>
		<script>
				
            
                $(document).ready(function() {
                    
                });
            
        
		</script>
	</body>
</html>